[ 2017-05-22T11:23:35+08:00 ] ::1 /tushuguanli/API/verify
INFO: [ app_init ] --START--
INFO: Run Behavior\BuildLiteBehavior [ RunTime:0.000000s ]
INFO: [ app_init ] --END-- [ RunTime:0.000000s ]
INFO: [ app_begin ] --START--
INFO: Run Behavior\ReadHtmlCacheBehavior [ RunTime:0.000000s ]
INFO: [ app_begin ] --END-- [ RunTime:0.000000s ]
INFO: [ app_end ] --START--
INFO: Run Behavior\ShowPageTraceBehavior [ RunTime:0.001001s ]
INFO: [ app_end ] --END-- [ RunTime:0.001001s ]

[ 2017-05-22T11:23:41+08:00 ] ::1 /tushuguanli/API/login/login
INFO: [ app_init ] --START--
INFO: Run Behavior\BuildLiteBehavior [ RunTime:0.000000s ]
INFO: [ app_init ] --END-- [ RunTime:0.001000s ]
INFO: [ app_begin ] --START--
INFO: Run Behavior\ReadHtmlCacheBehavior [ RunTime:0.001000s ]
INFO: [ app_begin ] --END-- [ RunTime:0.001000s ]
SQL: SHOW COLUMNS FROM `book_admin` [ RunTime:0.0260s ]
SQL: SELECT * FROM `book_admin` WHERE `login` = 'admin' LIMIT 1   [ RunTime:0.0010s ]
SQL: SHOW COLUMNS FROM `book_admin_classified` [ RunTime:0.0250s ]
SQL: SELECT * FROM `book_admin_classified` WHERE `admin` = 1 LIMIT 1   [ RunTime:0.0000s ]
NOTIC: [8] Undefined index: statusLock D:\XAMPP\htdocs\tushuguanli\Application\API\Controller\LoginController.class.php 第 29 行.
SQL: UPDATE `book_admin` SET `code`='8c8a58fa97c205ff222de3685497742c' WHERE `id` = 1 [ RunTime:0.0530s ]
INFO: [ app_end ] --START--
INFO: Run Behavior\ShowPageTraceBehavior [ RunTime:0.002000s ]
INFO: [ app_end ] --END-- [ RunTime:0.003000s ]

[ 2017-05-22T13:10:57+08:00 ] ::1 /tushuguanli/API/verify
INFO: [ app_init ] --START--
INFO: Run Behavior\BuildLiteBehavior [ RunTime:0.000000s ]
INFO: [ app_init ] --END-- [ RunTime:0.000000s ]
INFO: [ app_begin ] --START--
INFO: Run Behavior\ReadHtmlCacheBehavior [ RunTime:0.001000s ]
INFO: [ app_begin ] --END-- [ RunTime:0.001000s ]
INFO: [ app_end ] --START--
INFO: Run Behavior\ShowPageTraceBehavior [ RunTime:0.000000s ]
INFO: [ app_end ] --END-- [ RunTime:0.000000s ]

[ 2017-05-22T13:11:03+08:00 ] ::1 /tushuguanli/API/login/login
INFO: [ app_init ] --START--
INFO: Run Behavior\BuildLiteBehavior [ RunTime:0.000000s ]
INFO: [ app_init ] --END-- [ RunTime:0.000000s ]
INFO: [ app_begin ] --START--
INFO: Run Behavior\ReadHtmlCacheBehavior [ RunTime:0.000000s ]
INFO: [ app_begin ] --END-- [ RunTime:0.000000s ]
SQL: SHOW COLUMNS FROM `book_admin` [ RunTime:0.0020s ]
SQL: SELECT * FROM `book_admin` WHERE `login` = 'admin' LIMIT 1   [ RunTime:0.0010s ]
SQL: SHOW COLUMNS FROM `book_admin_classified` [ RunTime:0.0020s ]
SQL: SELECT * FROM `book_admin_classified` WHERE `admin` = 1 LIMIT 1   [ RunTime:0.0000s ]
NOTIC: [8] Undefined index: statusLock D:\XAMPP\htdocs\tushuguanli\Application\API\Controller\LoginController.class.php 第 29 行.
SQL: UPDATE `book_admin` SET `code`='7da9fd85999f583e3906f99a3ee58911' WHERE `id` = 1 [ RunTime:0.0710s ]
INFO: [ app_end ] --START--
INFO: Run Behavior\ShowPageTraceBehavior [ RunTime:0.000000s ]
INFO: [ app_end ] --END-- [ RunTime:0.000000s ]

[ 2017-05-22T13:40:22+08:00 ] ::1 /tushuguanli/API/client/addClient
INFO: [ app_init ] --START--
INFO: Run Behavior\BuildLiteBehavior [ RunTime:0.000000s ]
INFO: [ app_init ] --END-- [ RunTime:0.000000s ]
INFO: [ app_begin ] --START--
INFO: Run Behavior\ReadHtmlCacheBehavior [ RunTime:0.001000s ]
INFO: [ app_begin ] --END-- [ RunTime:0.001000s ]
NOTIC: [8] Undefined index: status D:\XAMPP\htdocs\tushuguanli\Application\API\Controller\ClientController.class.php 第 11 行.
SQL: SHOW COLUMNS FROM `book_client` [ RunTime:0.0260s ]
SQL: INSERT INTO `book_client` (`serialNumber`,`name`,`sex`,`tel`,`identity`,`dateBirth`,`nation`,`origin`,`etc`) VALUES ('123456789','abc','男','13903315528','130102198902142117','1989-02-14','qsdf','sf','654') [ RunTime:0.0490s ]
INFO: [ app_end ] --START--
INFO: Run Behavior\ShowPageTraceBehavior [ RunTime:0.000000s ]
INFO: [ app_end ] --END-- [ RunTime:0.000000s ]

[ 2017-05-22T13:41:06+08:00 ] ::1 /tushuguanli/API/client/addClient
INFO: [ app_init ] --START--
INFO: Run Behavior\BuildLiteBehavior [ RunTime:0.000000s ]
INFO: [ app_init ] --END-- [ RunTime:0.001000s ]
INFO: [ app_begin ] --START--
INFO: Run Behavior\ReadHtmlCacheBehavior [ RunTime:0.001000s ]
INFO: [ app_begin ] --END-- [ RunTime:0.001000s ]
INFO: [ app_end ] --START--
INFO: Run Behavior\ShowPageTraceBehavior [ RunTime:0.001000s ]
INFO: [ app_end ] --END-- [ RunTime:0.001000s ]

[ 2017-05-22T13:41:25+08:00 ] ::1 /tushuguanli/API/client/addClient
INFO: [ app_init ] --START--
INFO: Run Behavior\BuildLiteBehavior [ RunTime:0.000000s ]
INFO: [ app_init ] --END-- [ RunTime:0.000000s ]
INFO: [ app_begin ] --START--
INFO: Run Behavior\ReadHtmlCacheBehavior [ RunTime:0.001000s ]
INFO: [ app_begin ] --END-- [ RunTime:0.001000s ]
NOTIC: [8] Undefined index: status D:\XAMPP\htdocs\tushuguanli\Application\API\Controller\ClientController.class.php 第 11 行.
SQL: SHOW COLUMNS FROM `book_client` [ RunTime:0.0020s ]
ERR: 1062:Duplicate entry '13903315528' for key 'tel'
 [ SQL语句 ] : INSERT INTO `book_client` (`serialNumber`,`name`,`sex`,`tel`,`identity`,`dateBirth`,`nation`,`origin`,`etc`) VALUES ('123456789','qsdf','男','13903315528','130102198902142117','1989-02-14','5','654','654')
ERR: 1062:Duplicate entry '13903315528' for key 'tel'
 [ SQL语句 ] : INSERT INTO `book_client` (`serialNumber`,`name`,`sex`,`tel`,`identity`,`dateBirth`,`nation`,`origin`,`etc`) VALUES ('123456789','qsdf','男','13903315528','130102198902142117','1989-02-14','5','654','654')

[ 2017-05-22T13:46:20+08:00 ] ::1 /tushuguanli/API/client/addClient
INFO: [ app_init ] --START--
INFO: Run Behavior\BuildLiteBehavior [ RunTime:0.000000s ]
INFO: [ app_init ] --END-- [ RunTime:0.000000s ]
INFO: [ app_begin ] --START--
INFO: Run Behavior\ReadHtmlCacheBehavior [ RunTime:0.001000s ]
INFO: [ app_begin ] --END-- [ RunTime:0.001000s ]
NOTIC: [8] Undefined index: status D:\XAMPP\htdocs\tushuguanli\Application\API\Controller\ClientController.class.php 第 11 行.
SQL: SHOW COLUMNS FROM `book_client` [ RunTime:0.0020s ]
ERR: 1062:Duplicate entry '13903315528' for key 'tel'
 [ SQL语句 ] : INSERT INTO `book_client` (`serialNumber`,`name`,`sex`,`identity`,`dateBirth`,`tel`,`nation`,`origin`,`etc`) VALUES ('qsdf','qsdf','男','130102198902142117','2017-12-31','13903315528','qsdf','sdqf','qsdf
')
ERR: 1062:Duplicate entry '13903315528' for key 'tel'
 [ SQL语句 ] : INSERT INTO `book_client` (`serialNumber`,`name`,`sex`,`identity`,`dateBirth`,`tel`,`nation`,`origin`,`etc`) VALUES ('qsdf','qsdf','男','130102198902142117','2017-12-31','13903315528','qsdf','sdqf','qsdf
')

[ 2017-05-22T13:51:46+08:00 ] ::1 /tushuguanli/API/client/addClient
INFO: [ app_init ] --START--
INFO: Run Behavior\BuildLiteBehavior [ RunTime:0.000000s ]
INFO: [ app_init ] --END-- [ RunTime:0.000000s ]
INFO: [ app_begin ] --START--
INFO: Run Behavior\ReadHtmlCacheBehavior [ RunTime:0.001000s ]
INFO: [ app_begin ] --END-- [ RunTime:0.001000s ]
NOTIC: [8] Undefined index: status D:\XAMPP\htdocs\tushuguanli\Application\API\Controller\ClientController.class.php 第 11 行.
SQL: SHOW COLUMNS FROM `book_client` [ RunTime:0.0020s ]
SQL: INSERT INTO `book_client` (`serialNumber`,`name`,`sex`,`identity`,`dateBirth`,`tel`,`nation`,`origin`,`etc`) VALUES ('qsdf','qsdf','男','130102198902142117','2017-12-31','13903315528','qsdf','sdqf','qsdf
') [ RunTime:0.0540s ]
INFO: [ app_end ] --START--
INFO: Run Behavior\ShowPageTraceBehavior [ RunTime:0.001000s ]
INFO: [ app_end ] --END-- [ RunTime:0.001000s ]

[ 2017-05-22T13:52:05+08:00 ] ::1 /tushuguanli/API/client/addClient
INFO: [ app_init ] --START--
INFO: Run Behavior\BuildLiteBehavior [ RunTime:0.000000s ]
INFO: [ app_init ] --END-- [ RunTime:0.001000s ]
INFO: [ app_begin ] --START--
INFO: Run Behavior\ReadHtmlCacheBehavior [ RunTime:0.001000s ]
INFO: [ app_begin ] --END-- [ RunTime:0.001000s ]
NOTIC: [8] Undefined index: status D:\XAMPP\htdocs\tushuguanli\Application\API\Controller\ClientController.class.php 第 11 行.
SQL: SHOW COLUMNS FROM `book_client` [ RunTime:0.0020s ]
ERR: 1062:Duplicate entry '13903315528' for key 'tel'
 [ SQL语句 ] : INSERT INTO `book_client` (`serialNumber`,`name`,`sex`,`identity`,`dateBirth`,`tel`,`nation`,`origin`,`etc`) VALUES ('qsdf','qsdf','男','130102198902142117','2017-12-31','13903315528','qsdf','sdqf','qsdf
')
ERR: 1062:Duplicate entry '13903315528' for key 'tel'
 [ SQL语句 ] : INSERT INTO `book_client` (`serialNumber`,`name`,`sex`,`identity`,`dateBirth`,`tel`,`nation`,`origin`,`etc`) VALUES ('qsdf','qsdf','男','130102198902142117','2017-12-31','13903315528','qsdf','sdqf','qsdf
')

[ 2017-05-22T14:08:51+08:00 ] ::1 /tushuguanli/API/client/addClient
INFO: [ app_init ] --START--
INFO: Run Behavior\BuildLiteBehavior [ RunTime:0.000000s ]
INFO: [ app_init ] --END-- [ RunTime:0.001000s ]
INFO: [ app_begin ] --START--
INFO: Run Behavior\ReadHtmlCacheBehavior [ RunTime:0.001000s ]
INFO: [ app_begin ] --END-- [ RunTime:0.001000s ]
SQL: SHOW COLUMNS FROM `book_client` [ RunTime:0.0020s ]
SQL: SELECT * FROM `book_client` WHERE `identity` = '130102198902142117' LIMIT 1   [ RunTime:0.0000s ]
SQL: SHOW COLUMNS FROM `book_client_press` [ RunTime:0.0020s ]
SQL: SELECT * FROM `book_client_press` WHERE `client` = 5  [ RunTime:0.0000s ]
SQL: SHOW COLUMNS FROM `book_client_tag` [ RunTime:0.0010s ]
SQL: SELECT * FROM `book_client_tag` WHERE `client` = 5  [ RunTime:0.0000s ]
SQL: SHOW COLUMNS FROM `book_client_class` [ RunTime:0.0020s ]
SQL: SELECT * FROM `book_client_class` WHERE `client` = 5  [ RunTime:0.0000s ]
SQL: SHOW COLUMNS FROM `book_client_type` [ RunTime:0.0020s ]
SQL: SELECT * FROM `book_client_type` WHERE `client` = 5  [ RunTime:0.0000s ]
SQL: SHOW COLUMNS FROM `book_borrow` [ RunTime:0.0020s ]
SQL: SELECT * FROM `book_borrow` WHERE `client` = 5  [ RunTime:0.0000s ]
SQL: SHOW COLUMNS FROM `book_client_libary` [ RunTime:0.0020s ]
SQL: SELECT * FROM `book_client_libary` WHERE `client` = 5  [ RunTime:0.0000s ]
NOTIC: [2] mkdir(): File exists D:\XAMPP\htdocs\tushuguanli\Application\Common\Common\function.php 第 89 行.
NOTIC: [2] mkdir(): File exists D:\XAMPP\htdocs\tushuguanli\Application\Common\Common\function.php 第 89 行.
NOTIC: [8] Undefined offset: 1 D:\XAMPP\htdocs\tushuguanli\Application\Common\Common\function.php 第 90 行.
INFO: [ app_end ] --START--
INFO: Run Behavior\ShowPageTraceBehavior [ RunTime:0.001000s ]
INFO: [ app_end ] --END-- [ RunTime:0.001000s ]

[ 2017-05-22T14:09:08+08:00 ] ::1 /tushuguanli/API/client/addClient
INFO: [ app_init ] --START--
INFO: Run Behavior\BuildLiteBehavior [ RunTime:0.000000s ]
INFO: [ app_init ] --END-- [ RunTime:0.001000s ]
INFO: [ app_begin ] --START--
INFO: Run Behavior\ReadHtmlCacheBehavior [ RunTime:0.001001s ]
INFO: [ app_begin ] --END-- [ RunTime:0.001001s ]
SQL: SHOW COLUMNS FROM `book_client` [ RunTime:0.0020s ]
INFO: [ app_end ] --START--
INFO: Run Behavior\ShowPageTraceBehavior [ RunTime:0.001000s ]
INFO: [ app_end ] --END-- [ RunTime:0.001000s ]

[ 2017-05-22T14:09:24+08:00 ] ::1 /tushuguanli/API/client/addClient
INFO: [ app_init ] --START--
INFO: Run Behavior\BuildLiteBehavior [ RunTime:0.000000s ]
INFO: [ app_init ] --END-- [ RunTime:0.000000s ]
INFO: [ app_begin ] --START--
INFO: Run Behavior\ReadHtmlCacheBehavior [ RunTime:0.001000s ]
INFO: [ app_begin ] --END-- [ RunTime:0.001000s ]
SQL: SHOW COLUMNS FROM `book_client` [ RunTime:0.0030s ]
INFO: [ app_end ] --START--
INFO: Run Behavior\ShowPageTraceBehavior [ RunTime:0.001000s ]
INFO: [ app_end ] --END-- [ RunTime:0.001000s ]

[ 2017-05-22T15:02:24+08:00 ] ::1 /tushuguanli/API/verify
INFO: [ app_init ] --START--
INFO: Run Behavior\BuildLiteBehavior [ RunTime:0.000000s ]
INFO: [ app_init ] --END-- [ RunTime:0.001000s ]
INFO: [ app_begin ] --START--
INFO: Run Behavior\ReadHtmlCacheBehavior [ RunTime:0.000000s ]
INFO: [ app_begin ] --END-- [ RunTime:0.000000s ]
INFO: [ app_end ] --START--
INFO: Run Behavior\ShowPageTraceBehavior [ RunTime:0.001000s ]
INFO: [ app_end ] --END-- [ RunTime:0.001000s ]

[ 2017-05-22T15:02:30+08:00 ] ::1 /tushuguanli/API/login/login
INFO: [ app_init ] --START--
INFO: Run Behavior\BuildLiteBehavior [ RunTime:0.000000s ]
INFO: [ app_init ] --END-- [ RunTime:0.001000s ]
INFO: [ app_begin ] --START--
INFO: Run Behavior\ReadHtmlCacheBehavior [ RunTime:0.001000s ]
INFO: [ app_begin ] --END-- [ RunTime:0.001000s ]
SQL: SHOW COLUMNS FROM `book_admin` [ RunTime:0.0020s ]
SQL: SELECT * FROM `book_admin` WHERE `login` = 'admin' LIMIT 1   [ RunTime:0.0000s ]
SQL: SHOW COLUMNS FROM `book_admin_classified` [ RunTime:0.0030s ]
SQL: SELECT * FROM `book_admin_classified` WHERE `admin` = 1 LIMIT 1   [ RunTime:0.0010s ]
NOTIC: [8] Undefined index: statusLock D:\XAMPP\htdocs\tushuguanli\Application\API\Controller\LoginController.class.php 第 29 行.
SQL: UPDATE `book_admin` SET `code`='cfdea3ada9e5646068d4288f9b9ad0de' WHERE `id` = 1 [ RunTime:0.0910s ]
INFO: [ app_end ] --START--
INFO: Run Behavior\ShowPageTraceBehavior [ RunTime:0.000000s ]
INFO: [ app_end ] --END-- [ RunTime:0.001000s ]

[ 2017-05-22T15:03:50+08:00 ] ::1 /tushuguanli/API/client/addClient
INFO: [ app_init ] --START--
INFO: Run Behavior\BuildLiteBehavior [ RunTime:0.000000s ]
INFO: [ app_init ] --END-- [ RunTime:0.000000s ]
INFO: [ app_begin ] --START--
INFO: Run Behavior\ReadHtmlCacheBehavior [ RunTime:0.001001s ]
INFO: [ app_begin ] --END-- [ RunTime:0.001001s ]
SQL: SHOW COLUMNS FROM `book_client` [ RunTime:0.0020s ]
SQL: SELECT * FROM `book_client` WHERE `identity` = '130102198902142117' LIMIT 1   [ RunTime:0.0000s ]
SQL: SHOW COLUMNS FROM `book_client_press` [ RunTime:0.0010s ]
SQL: SELECT * FROM `book_client_press` WHERE `client` = 5  [ RunTime:0.0000s ]
SQL: SHOW COLUMNS FROM `book_client_tag` [ RunTime:0.0020s ]
SQL: SELECT * FROM `book_client_tag` WHERE `client` = 5  [ RunTime:0.0010s ]
SQL: SHOW COLUMNS FROM `book_client_class` [ RunTime:0.0020s ]
SQL: SELECT * FROM `book_client_class` WHERE `client` = 5  [ RunTime:0.0000s ]
SQL: SHOW COLUMNS FROM `book_client_type` [ RunTime:0.0020s ]
SQL: SELECT * FROM `book_client_type` WHERE `client` = 5  [ RunTime:0.0000s ]
SQL: SHOW COLUMNS FROM `book_borrow` [ RunTime:0.0020s ]
SQL: SELECT * FROM `book_borrow` WHERE `client` = 5  [ RunTime:0.0000s ]
SQL: SHOW COLUMNS FROM `book_client_libary` [ RunTime:0.0020s ]
SQL: SELECT * FROM `book_client_libary` WHERE `client` = 5  [ RunTime:0.0000s ]
INFO: [ app_end ] --START--
INFO: Run Behavior\ShowPageTraceBehavior [ RunTime:0.001000s ]
INFO: [ app_end ] --END-- [ RunTime:0.001000s ]

[ 2017-05-22T15:04:27+08:00 ] ::1 /tushuguanli/API/client/addClient
INFO: [ app_init ] --START--
INFO: Run Behavior\BuildLiteBehavior [ RunTime:0.000000s ]
INFO: [ app_init ] --END-- [ RunTime:0.000000s ]
INFO: [ app_begin ] --START--
INFO: Run Behavior\ReadHtmlCacheBehavior [ RunTime:0.001000s ]
INFO: [ app_begin ] --END-- [ RunTime:0.001000s ]
SQL: SHOW COLUMNS FROM `book_client` [ RunTime:0.0020s ]
INFO: [ app_end ] --START--
INFO: Run Behavior\ShowPageTraceBehavior [ RunTime:0.001000s ]
INFO: [ app_end ] --END-- [ RunTime:0.001000s ]

[ 2017-05-22T15:04:38+08:00 ] ::1 /tushuguanli/API/client/addClient
INFO: [ app_init ] --START--
INFO: Run Behavior\BuildLiteBehavior [ RunTime:0.000000s ]
INFO: [ app_init ] --END-- [ RunTime:0.001000s ]
INFO: [ app_begin ] --START--
INFO: Run Behavior\ReadHtmlCacheBehavior [ RunTime:0.001000s ]
INFO: [ app_begin ] --END-- [ RunTime:0.001000s ]
SQL: SHOW COLUMNS FROM `book_client` [ RunTime:0.0020s ]
INFO: [ app_end ] --START--
INFO: Run Behavior\ShowPageTraceBehavior [ RunTime:0.001000s ]
INFO: [ app_end ] --END-- [ RunTime:0.001000s ]

[ 2017-05-22T15:05:25+08:00 ] ::1 /tushuguanli/API/client/addClient
INFO: [ app_init ] --START--
INFO: Run Behavior\BuildLiteBehavior [ RunTime:0.000000s ]
INFO: [ app_init ] --END-- [ RunTime:0.000000s ]
INFO: [ app_begin ] --START--
INFO: Run Behavior\ReadHtmlCacheBehavior [ RunTime:0.001001s ]
INFO: [ app_begin ] --END-- [ RunTime:0.001001s ]
SQL: SHOW COLUMNS FROM `book_client` [ RunTime:0.0020s ]
SQL: SELECT * FROM `book_client` WHERE `identity` = '130102198902142117' LIMIT 1   [ RunTime:0.0010s ]
NOTIC: [2] mkdir(): File exists D:\XAMPP\htdocs\tushuguanli\Application\Common\Common\function.php 第 89 行.
NOTIC: [8] Undefined offset: 1 D:\XAMPP\htdocs\tushuguanli\Application\Common\Common\function.php 第 90 行.
NOTIC: [8] Undefined index: status D:\XAMPP\htdocs\tushuguanli\Application\API\Controller\ClientController.class.php 第 11 行.
SQL: INSERT INTO `book_client` (`serialNumber`,`name`,`sex`,`tel`,`identity`,`dateBirth`,`nation`,`origin`,`etc`) VALUES ('123','abc','男','13903315528','130102198902142117','1989-02-14','qsdf','','') [ RunTime:0.0550s ]
INFO: [ app_end ] --START--
INFO: Run Behavior\ShowPageTraceBehavior [ RunTime:0.002000s ]
INFO: [ app_end ] --END-- [ RunTime:0.002000s ]

[ 2017-05-22T15:05:41+08:00 ] ::1 /tushuguanli/API/client/addClient
INFO: [ app_init ] --START--
INFO: Run Behavior\BuildLiteBehavior [ RunTime:0.000000s ]
INFO: [ app_init ] --END-- [ RunTime:0.000000s ]
INFO: [ app_begin ] --START--
INFO: Run Behavior\ReadHtmlCacheBehavior [ RunTime:0.000000s ]
INFO: [ app_begin ] --END-- [ RunTime:0.000000s ]
NOTIC: [8] Undefined index: status D:\XAMPP\htdocs\tushuguanli\Application\API\Controller\ClientController.class.php 第 11 行.
SQL: SHOW COLUMNS FROM `book_client` [ RunTime:0.0020s ]
ERR: 1062:Duplicate entry '13903315528' for key 'tel'
 [ SQL语句 ] : INSERT INTO `book_client` (`serialNumber`,`name`,`sex`,`tel`,`identity`,`dateBirth`,`nation`,`origin`,`etc`) VALUES ('123','abc','男','13903315528','','1989-02-14','qsdf','','')
ERR: 1062:Duplicate entry '13903315528' for key 'tel'
 [ SQL语句 ] : INSERT INTO `book_client` (`serialNumber`,`name`,`sex`,`tel`,`identity`,`dateBirth`,`nation`,`origin`,`etc`) VALUES ('123','abc','男','13903315528','','1989-02-14','qsdf','','')

[ 2017-05-22T15:05:55+08:00 ] ::1 /tushuguanli/API/client/addClient
INFO: [ app_init ] --START--
INFO: Run Behavior\BuildLiteBehavior [ RunTime:0.000000s ]
INFO: [ app_init ] --END-- [ RunTime:0.001001s ]
INFO: [ app_begin ] --START--
INFO: Run Behavior\ReadHtmlCacheBehavior [ RunTime:0.001000s ]
INFO: [ app_begin ] --END-- [ RunTime:0.001000s ]
INFO: [ app_end ] --START--
INFO: Run Behavior\ShowPageTraceBehavior [ RunTime:0.001000s ]
INFO: [ app_end ] --END-- [ RunTime:0.001000s ]

[ 2017-05-22T15:05:59+08:00 ] ::1 /tushuguanli/API/client/addClient
INFO: [ app_init ] --START--
INFO: Run Behavior\BuildLiteBehavior [ RunTime:0.000000s ]
INFO: [ app_init ] --END-- [ RunTime:0.001000s ]
INFO: [ app_begin ] --START--
INFO: Run Behavior\ReadHtmlCacheBehavior [ RunTime:0.001000s ]
INFO: [ app_begin ] --END-- [ RunTime:0.001000s ]
NOTIC: [8] Undefined index: status D:\XAMPP\htdocs\tushuguanli\Application\API\Controller\ClientController.class.php 第 11 行.
SQL: SHOW COLUMNS FROM `book_client` [ RunTime:0.0020s ]
ERR: 1062:Duplicate entry '13903315528' for key 'tel'
 [ SQL语句 ] : INSERT INTO `book_client` (`serialNumber`,`name`,`sex`,`identity`,`dateBirth`,`tel`,`nation`,`origin`,`etc`) VALUES ('qsdf','qsdf','男','','2017-12-31','13903315528','qsdf','sdqf','qsdf
')
ERR: 1062:Duplicate entry '13903315528' for key 'tel'
 [ SQL语句 ] : INSERT INTO `book_client` (`serialNumber`,`name`,`sex`,`identity`,`dateBirth`,`tel`,`nation`,`origin`,`etc`) VALUES ('qsdf','qsdf','男','','2017-12-31','13903315528','qsdf','sdqf','qsdf
')

[ 2017-05-22T15:09:19+08:00 ] ::1 /tushuguanli/API/client/addClient
INFO: [ app_init ] --START--
INFO: Run Behavior\BuildLiteBehavior [ RunTime:0.000000s ]
INFO: [ app_init ] --END-- [ RunTime:0.001000s ]
INFO: [ app_begin ] --START--
INFO: Run Behavior\ReadHtmlCacheBehavior [ RunTime:0.000000s ]
INFO: [ app_begin ] --END-- [ RunTime:0.000000s ]
SQL: SHOW COLUMNS FROM `book_client` [ RunTime:0.0020s ]
SQL: SELECT * FROM `book_client` WHERE `tel` = '13903315528' LIMIT 1   [ RunTime:0.0000s ]
SQL: SHOW COLUMNS FROM `book_client_press` [ RunTime:0.0020s ]
SQL: SELECT * FROM `book_client_press` WHERE `client` = 1  [ RunTime:0.0000s ]
SQL: SHOW COLUMNS FROM `book_client_tag` [ RunTime:0.0010s ]
SQL: SELECT * FROM `book_client_tag` WHERE `client` = 1  [ RunTime:0.0000s ]
SQL: SHOW COLUMNS FROM `book_client_class` [ RunTime:0.0010s ]
SQL: SELECT * FROM `book_client_class` WHERE `client` = 1  [ RunTime:0.0000s ]
SQL: SHOW COLUMNS FROM `book_client_type` [ RunTime:0.0020s ]
SQL: SELECT * FROM `book_client_type` WHERE `client` = 1  [ RunTime:0.0000s ]
SQL: SHOW COLUMNS FROM `book_borrow` [ RunTime:0.0010s ]
SQL: SELECT * FROM `book_borrow` WHERE `client` = 1  [ RunTime:0.0000s ]
SQL: SHOW COLUMNS FROM `book_borrow_content` [ RunTime:0.0020s ]
SQL: SELECT * FROM `book_borrow_content` WHERE `idBorrow` = 39  [ RunTime:0.0000s ]
SQL: SHOW COLUMNS FROM `book_volume` [ RunTime:0.0010s ]
NOTIC: [8] Undefined variable: volumenModel D:\XAMPP\htdocs\tushuguanli\Application\Common\Model\BorrowContentModel.class.php 第 24 行.

[ 2017-05-22T15:09:27+08:00 ] ::1 /tushuguanli/API/client/addClient
INFO: [ app_init ] --START--
INFO: Run Behavior\BuildLiteBehavior [ RunTime:0.000000s ]
INFO: [ app_init ] --END-- [ RunTime:0.001000s ]
INFO: [ app_begin ] --START--
INFO: Run Behavior\ReadHtmlCacheBehavior [ RunTime:0.001000s ]
INFO: [ app_begin ] --END-- [ RunTime:0.001000s ]
SQL: SHOW COLUMNS FROM `book_client` [ RunTime:0.0020s ]
SQL: SELECT * FROM `book_client` WHERE `tel` = '13903315528' LIMIT 1   [ RunTime:0.0000s ]
SQL: SHOW COLUMNS FROM `book_client_press` [ RunTime:0.0020s ]
SQL: SELECT * FROM `book_client_press` WHERE `client` = 1  [ RunTime:0.0000s ]
SQL: SHOW COLUMNS FROM `book_client_tag` [ RunTime:0.0020s ]
SQL: SELECT * FROM `book_client_tag` WHERE `client` = 1  [ RunTime:0.0000s ]
SQL: SHOW COLUMNS FROM `book_client_class` [ RunTime:0.0020s ]
SQL: SELECT * FROM `book_client_class` WHERE `client` = 1  [ RunTime:0.0000s ]
SQL: SHOW COLUMNS FROM `book_client_type` [ RunTime:0.0010s ]
SQL: SELECT * FROM `book_client_type` WHERE `client` = 1  [ RunTime:0.0010s ]
SQL: SHOW COLUMNS FROM `book_borrow` [ RunTime:0.0020s ]
SQL: SELECT * FROM `book_borrow` WHERE `client` = 1  [ RunTime:0.0010s ]
SQL: SHOW COLUMNS FROM `book_borrow_content` [ RunTime:0.0020s ]
SQL: SELECT * FROM `book_borrow_content` WHERE `idBorrow` = 39  [ RunTime:0.0010s ]
SQL: SHOW COLUMNS FROM `book_volume` [ RunTime:0.0020s ]
NOTIC: [8] Undefined variable: volumenModel D:\XAMPP\htdocs\tushuguanli\Application\Common\Model\BorrowContentModel.class.php 第 24 行.

[ 2017-05-22T15:11:27+08:00 ] ::1 /tushuguanli/API/client/addClient
INFO: [ app_init ] --START--
INFO: Run Behavior\BuildLiteBehavior [ RunTime:0.000000s ]
INFO: [ app_init ] --END-- [ RunTime:0.000000s ]
INFO: [ app_begin ] --START--
INFO: Run Behavior\ReadHtmlCacheBehavior [ RunTime:0.001000s ]
INFO: [ app_begin ] --END-- [ RunTime:0.001000s ]
SQL: SHOW COLUMNS FROM `book_client` [ RunTime:0.0020s ]
SQL: SELECT * FROM `book_client` WHERE `tel` = '13903315528' LIMIT 1   [ RunTime:0.0000s ]
SQL: SHOW COLUMNS FROM `book_client_press` [ RunTime:0.0020s ]
SQL: SELECT * FROM `book_client_press` WHERE `client` = 1  [ RunTime:0.0000s ]
SQL: SHOW COLUMNS FROM `book_client_tag` [ RunTime:0.0020s ]
SQL: SELECT * FROM `book_client_tag` WHERE `client` = 1  [ RunTime:0.0000s ]
SQL: SHOW COLUMNS FROM `book_client_class` [ RunTime:0.0010s ]
SQL: SELECT * FROM `book_client_class` WHERE `client` = 1  [ RunTime:0.0010s ]
SQL: SHOW COLUMNS FROM `book_client_type` [ RunTime:0.0020s ]
SQL: SELECT * FROM `book_client_type` WHERE `client` = 1  [ RunTime:0.0010s ]
SQL: SHOW COLUMNS FROM `book_borrow` [ RunTime:0.0020s ]
SQL: SELECT * FROM `book_borrow` WHERE `client` = 1  [ RunTime:0.0010s ]
SQL: SHOW COLUMNS FROM `book_borrow_content` [ RunTime:0.0020s ]
SQL: SELECT * FROM `book_borrow_content` WHERE `idBorrow` = 39  [ RunTime:0.0000s ]
SQL: SHOW COLUMNS FROM `book_volume` [ RunTime:0.0010s ]
SQL: SELECT * FROM `book_volume` WHERE `id` = 1 LIMIT 1   [ RunTime:0.0000s ]
SQL: SHOW COLUMNS FROM `book_book` [ RunTime:0.0010s ]
SQL: SELECT * FROM `book_volume` WHERE `id` = 6 LIMIT 1   [ RunTime:0.0000s ]
SQL: SHOW COLUMNS FROM `book_magazine_period` [ RunTime:0.0020s ]
SQL: SELECT * FROM `book_magazine_period` WHERE `id` = 1 LIMIT 1   [ RunTime:0.0010s ]
SQL: SHOW COLUMNS FROM `book_client_libary` [ RunTime:0.0020s ]
SQL: SELECT * FROM `book_client_libary` WHERE `client` = 1  [ RunTime:0.0000s ]
NOTIC: [2] mkdir(): File exists D:\XAMPP\htdocs\tushuguanli\Application\Common\Common\function.php 第 89 行.
NOTIC: [2] mkdir(): File exists D:\XAMPP\htdocs\tushuguanli\Application\Common\Common\function.php 第 89 行.
NOTIC: [8] Undefined offset: 1 D:\XAMPP\htdocs\tushuguanli\Application\Common\Common\function.php 第 90 行.
INFO: [ app_end ] --START--
INFO: Run Behavior\ShowPageTraceBehavior [ RunTime:0.001000s ]
INFO: [ app_end ] --END-- [ RunTime:0.001000s ]

[ 2017-05-22T15:13:11+08:00 ] ::1 /tushuguanli/API/client/addClient
INFO: [ app_init ] --START--
INFO: Run Behavior\BuildLiteBehavior [ RunTime:0.000000s ]
INFO: [ app_init ] --END-- [ RunTime:0.000000s ]
INFO: [ app_begin ] --START--
INFO: Run Behavior\ReadHtmlCacheBehavior [ RunTime:0.001000s ]
INFO: [ app_begin ] --END-- [ RunTime:0.001000s ]
SQL: SHOW COLUMNS FROM `book_client` [ RunTime:0.0020s ]
SQL: SELECT * FROM `book_client` WHERE `tel` = '13903315528' LIMIT 1   [ RunTime:0.0000s ]
SQL: SHOW COLUMNS FROM `book_client_press` [ RunTime:0.0020s ]
SQL: SELECT * FROM `book_client_press` WHERE `client` = 1  [ RunTime:0.0000s ]
SQL: SHOW COLUMNS FROM `book_client_tag` [ RunTime:0.0020s ]
SQL: SELECT * FROM `book_client_tag` WHERE `client` = 1  [ RunTime:0.0000s ]
SQL: SHOW COLUMNS FROM `book_client_class` [ RunTime:0.0020s ]
SQL: SELECT * FROM `book_client_class` WHERE `client` = 1  [ RunTime:0.0000s ]
SQL: SHOW COLUMNS FROM `book_client_type` [ RunTime:0.0020s ]
SQL: SELECT * FROM `book_client_type` WHERE `client` = 1  [ RunTime:0.0000s ]
SQL: SHOW COLUMNS FROM `book_borrow` [ RunTime:0.0020s ]
SQL: SELECT * FROM `book_borrow` WHERE `client` = 1  [ RunTime:0.0000s ]
SQL: SHOW COLUMNS FROM `book_borrow_content` [ RunTime:0.0020s ]
SQL: SELECT * FROM `book_borrow_content` WHERE `idBorrow` = 39  [ RunTime:0.0000s ]
SQL: SHOW COLUMNS FROM `book_volume` [ RunTime:0.0010s ]
SQL: SELECT * FROM `book_volume` WHERE `id` = 1 LIMIT 1   [ RunTime:0.0000s ]
SQL: SHOW COLUMNS FROM `book_book` [ RunTime:0.0020s ]
SQL: SELECT * FROM `book_volume` WHERE `id` = 6 LIMIT 1   [ RunTime:0.0000s ]
SQL: SHOW COLUMNS FROM `book_magazine_period` [ RunTime:0.0020s ]
SQL: SELECT * FROM `book_magazine_period` WHERE `id` = 1 LIMIT 1   [ RunTime:0.0000s ]
SQL: SHOW COLUMNS FROM `book_client_libary` [ RunTime:0.0010s ]
SQL: SELECT * FROM `book_client_libary` WHERE `client` = 1  [ RunTime:0.0000s ]
INFO: [ app_end ] --START--
INFO: Run Behavior\ShowPageTraceBehavior [ RunTime:0.000000s ]
INFO: [ app_end ] --END-- [ RunTime:0.000000s ]

[ 2017-05-22T15:40:29+08:00 ] ::1 /tushuguanli/API/client/getClient
INFO: [ app_init ] --START--
INFO: Run Behavior\BuildLiteBehavior [ RunTime:0.000000s ]
INFO: [ app_init ] --END-- [ RunTime:0.000000s ]
INFO: [ app_begin ] --START--
INFO: Run Behavior\ReadHtmlCacheBehavior [ RunTime:0.001000s ]
INFO: [ app_begin ] --END-- [ RunTime:0.001000s ]
INFO: [ app_end ] --START--
INFO: Run Behavior\ShowPageTraceBehavior [ RunTime:0.001000s ]
INFO: [ app_end ] --END-- [ RunTime:0.001000s ]

[ 2017-05-22T15:40:36+08:00 ] ::1 /tushuguanli/API/client/getClient
INFO: [ app_init ] --START--
INFO: Run Behavior\BuildLiteBehavior [ RunTime:0.000000s ]
INFO: [ app_init ] --END-- [ RunTime:0.001000s ]
INFO: [ app_begin ] --START--
INFO: Run Behavior\ReadHtmlCacheBehavior [ RunTime:0.000000s ]
INFO: [ app_begin ] --END-- [ RunTime:0.000000s ]
INFO: [ app_end ] --START--
INFO: Run Behavior\ShowPageTraceBehavior [ RunTime:0.000000s ]
INFO: [ app_end ] --END-- [ RunTime:0.000000s ]

[ 2017-05-22T15:40:42+08:00 ] ::1 /tushuguanli/API/client/getClient
INFO: [ app_init ] --START--
INFO: Run Behavior\BuildLiteBehavior [ RunTime:0.000000s ]
INFO: [ app_init ] --END-- [ RunTime:0.000000s ]
INFO: [ app_begin ] --START--
INFO: Run Behavior\ReadHtmlCacheBehavior [ RunTime:0.001000s ]
INFO: [ app_begin ] --END-- [ RunTime:0.001000s ]
INFO: [ app_end ] --START--
INFO: Run Behavior\ShowPageTraceBehavior [ RunTime:0.000000s ]
INFO: [ app_end ] --END-- [ RunTime:0.000000s ]

[ 2017-05-22T15:40:45+08:00 ] ::1 /tushuguanli/API/client/getClient
INFO: [ app_init ] --START--
INFO: Run Behavior\BuildLiteBehavior [ RunTime:0.000000s ]
INFO: [ app_init ] --END-- [ RunTime:0.000000s ]
INFO: [ app_begin ] --START--
INFO: Run Behavior\ReadHtmlCacheBehavior [ RunTime:0.001000s ]
INFO: [ app_begin ] --END-- [ RunTime:0.001000s ]
INFO: [ app_end ] --START--
INFO: Run Behavior\ShowPageTraceBehavior [ RunTime:0.000000s ]
INFO: [ app_end ] --END-- [ RunTime:0.000000s ]

[ 2017-05-22T15:40:57+08:00 ] ::1 /tushuguanli/API/client/getClient
INFO: [ app_init ] --START--
INFO: Run Behavior\BuildLiteBehavior [ RunTime:0.000000s ]
INFO: [ app_init ] --END-- [ RunTime:0.000000s ]
INFO: [ app_begin ] --START--
INFO: Run Behavior\ReadHtmlCacheBehavior [ RunTime:0.000000s ]
INFO: [ app_begin ] --END-- [ RunTime:0.000000s ]
INFO: [ app_end ] --START--
INFO: Run Behavior\ShowPageTraceBehavior [ RunTime:0.000000s ]
INFO: [ app_end ] --END-- [ RunTime:0.001000s ]

[ 2017-05-22T15:41:40+08:00 ] ::1 /tushuguanli/API/client/getClientById
INFO: [ app_init ] --START--
INFO: Run Behavior\BuildLiteBehavior [ RunTime:0.000000s ]
INFO: [ app_init ] --END-- [ RunTime:0.000000s ]
INFO: [ app_begin ] --START--
INFO: Run Behavior\ReadHtmlCacheBehavior [ RunTime:0.000000s ]
INFO: [ app_begin ] --END-- [ RunTime:0.000000s ]
SQL: SHOW COLUMNS FROM `book_client` [ RunTime:0.0020s ]
SQL: SELECT * FROM `book_client` WHERE `id` = 1 LIMIT 1   [ RunTime:0.0010s ]
SQL: SHOW COLUMNS FROM `book_client_press` [ RunTime:0.0020s ]
SQL: SELECT * FROM `book_client_press` WHERE `client` = 1  [ RunTime:0.0000s ]
SQL: SHOW COLUMNS FROM `book_client_tag` [ RunTime:0.0020s ]
SQL: SELECT * FROM `book_client_tag` WHERE `client` = 1  [ RunTime:0.0000s ]
SQL: SHOW COLUMNS FROM `book_client_class` [ RunTime:0.0020s ]
SQL: SELECT * FROM `book_client_class` WHERE `client` = 1  [ RunTime:0.0000s ]
SQL: SHOW COLUMNS FROM `book_client_type` [ RunTime:0.0010s ]
SQL: SELECT * FROM `book_client_type` WHERE `client` = 1  [ RunTime:0.0000s ]
SQL: SHOW COLUMNS FROM `book_borrow` [ RunTime:0.0010s ]
SQL: SELECT * FROM `book_borrow` WHERE `client` = 1  [ RunTime:0.0000s ]
SQL: SHOW COLUMNS FROM `book_borrow_content` [ RunTime:0.0020s ]
SQL: SELECT * FROM `book_borrow_content` WHERE `idBorrow` = 39  [ RunTime:0.0000s ]
SQL: SHOW COLUMNS FROM `book_volume` [ RunTime:0.0010s ]
SQL: SELECT * FROM `book_volume` WHERE `id` = 1 LIMIT 1   [ RunTime:0.0010s ]
SQL: SHOW COLUMNS FROM `book_book` [ RunTime:0.0020s ]
SQL: SELECT * FROM `book_volume` WHERE `id` = 6 LIMIT 1   [ RunTime:0.0000s ]
SQL: SHOW COLUMNS FROM `book_magazine_period` [ RunTime:0.0010s ]
SQL: SELECT * FROM `book_magazine_period` WHERE `id` = 1 LIMIT 1   [ RunTime:0.0000s ]
SQL: SHOW COLUMNS FROM `book_client_libary` [ RunTime:0.0020s ]
SQL: SELECT * FROM `book_client_libary` WHERE `client` = 1  [ RunTime:0.0000s ]
NOTIC: [2] mkdir(): File exists D:\XAMPP\htdocs\tushuguanli\Application\Common\Common\function.php 第 89 行.
NOTIC: [2] mkdir(): File exists D:\XAMPP\htdocs\tushuguanli\Application\Common\Common\function.php 第 89 行.
NOTIC: [8] Undefined offset: 1 D:\XAMPP\htdocs\tushuguanli\Application\Common\Common\function.php 第 90 行.
INFO: [ app_end ] --START--
INFO: Run Behavior\ShowPageTraceBehavior [ RunTime:0.000000s ]
INFO: [ app_end ] --END-- [ RunTime:0.000000s ]

[ 2017-05-22T15:42:25+08:00 ] ::1 /tushuguanli/API/client/getClient
INFO: [ app_init ] --START--
INFO: Run Behavior\BuildLiteBehavior [ RunTime:0.000000s ]
INFO: [ app_init ] --END-- [ RunTime:0.001000s ]
INFO: [ app_begin ] --START--
INFO: Run Behavior\ReadHtmlCacheBehavior [ RunTime:0.000000s ]
INFO: [ app_begin ] --END-- [ RunTime:0.000000s ]
INFO: [ app_end ] --START--
INFO: Run Behavior\ShowPageTraceBehavior [ RunTime:0.000000s ]
INFO: [ app_end ] --END-- [ RunTime:0.000000s ]

[ 2017-05-22T16:16:00+08:00 ] ::1 /tushuguanli/API/verify
INFO: [ app_init ] --START--
INFO: Run Behavior\BuildLiteBehavior [ RunTime:0.000000s ]
INFO: [ app_init ] --END-- [ RunTime:0.000000s ]
INFO: [ app_begin ] --START--
INFO: Run Behavior\ReadHtmlCacheBehavior [ RunTime:0.001000s ]
INFO: [ app_begin ] --END-- [ RunTime:0.001000s ]
INFO: [ app_end ] --START--
INFO: Run Behavior\ShowPageTraceBehavior [ RunTime:0.000000s ]
INFO: [ app_end ] --END-- [ RunTime:0.000000s ]

[ 2017-05-22T16:16:10+08:00 ] ::1 /tushuguanli/API/login/login
INFO: [ app_init ] --START--
INFO: Run Behavior\BuildLiteBehavior [ RunTime:0.000000s ]
INFO: [ app_init ] --END-- [ RunTime:0.000000s ]
INFO: [ app_begin ] --START--
INFO: Run Behavior\ReadHtmlCacheBehavior [ RunTime:0.000000s ]
INFO: [ app_begin ] --END-- [ RunTime:0.000000s ]
SQL: SHOW COLUMNS FROM `book_admin` [ RunTime:0.0020s ]
SQL: SELECT * FROM `book_admin` WHERE `login` = 'admin' LIMIT 1   [ RunTime:0.0000s ]
SQL: SHOW COLUMNS FROM `book_admin_classified` [ RunTime:0.0020s ]
SQL: SELECT * FROM `book_admin_classified` WHERE `admin` = 1 LIMIT 1   [ RunTime:0.0000s ]
NOTIC: [8] Undefined index: statusLock D:\XAMPP\htdocs\tushuguanli\Application\API\Controller\LoginController.class.php 第 29 行.
SQL: UPDATE `book_admin` SET `code`='3bf29f38421bc1764e6f1d1545479f93' WHERE `id` = 1 [ RunTime:0.0610s ]
INFO: [ app_end ] --START--
INFO: Run Behavior\ShowPageTraceBehavior [ RunTime:0.002000s ]
INFO: [ app_end ] --END-- [ RunTime:0.002000s ]

