[ 2017-05-12T09:39:22+08:00 ] ::1 /tushuguanli/API/verify
INFO: [ app_init ] --START--
INFO: Run Behavior\BuildLiteBehavior [ RunTime:0.000000s ]
INFO: [ app_init ] --END-- [ RunTime:0.001000s ]
INFO: [ app_begin ] --START--
INFO: Run Behavior\ReadHtmlCacheBehavior [ RunTime:0.001000s ]
INFO: [ app_begin ] --END-- [ RunTime:0.001000s ]
INFO: [ app_end ] --START--
INFO: Run Behavior\ShowPageTraceBehavior [ RunTime:0.001000s ]
INFO: [ app_end ] --END-- [ RunTime:0.001000s ]

[ 2017-05-12T09:39:29+08:00 ] ::1 /tushuguanli/API/login/login
INFO: [ app_init ] --START--
INFO: Run Behavior\BuildLiteBehavior [ RunTime:0.000000s ]
INFO: [ app_init ] --END-- [ RunTime:0.000000s ]
INFO: [ app_begin ] --START--
INFO: Run Behavior\ReadHtmlCacheBehavior [ RunTime:0.001000s ]
INFO: [ app_begin ] --END-- [ RunTime:0.001000s ]
SQL: SHOW COLUMNS FROM `book_admin` [ RunTime:0.0120s ]
SQL: SELECT * FROM `book_admin` WHERE `login` = 'admin' LIMIT 1   [ RunTime:0.0000s ]
SQL: SHOW COLUMNS FROM `book_admin_classified` [ RunTime:0.0290s ]
SQL: SELECT * FROM `book_admin_classified` WHERE `admin` = 1 LIMIT 1   [ RunTime:0.0000s ]
NOTIC: [8] Undefined index: statusLock D:\XAMPP\htdocs\tushuguanli\Application\API\Controller\LoginController.class.php 第 29 行.
SQL: UPDATE `book_admin` SET `code`='d87ca511e2a8593c8039ef732f5bffed' WHERE `id` = 1 [ RunTime:0.0530s ]
INFO: [ app_end ] --START--
INFO: Run Behavior\ShowPageTraceBehavior [ RunTime:0.004000s ]
INFO: [ app_end ] --END-- [ RunTime:0.004000s ]

[ 2017-05-12T09:39:30+08:00 ] ::1 /tushuguanli/API/book/getBookById
INFO: [ app_init ] --START--
INFO: Run Behavior\BuildLiteBehavior [ RunTime:0.000000s ]
INFO: [ app_init ] --END-- [ RunTime:0.001000s ]
INFO: [ app_begin ] --START--
INFO: Run Behavior\ReadHtmlCacheBehavior [ RunTime:0.002000s ]
INFO: [ app_begin ] --END-- [ RunTime:0.002000s ]
SQL: SHOW COLUMNS FROM `book_book` [ RunTime:0.0220s ]
SQL: SELECT * FROM `book_book` WHERE `id` = 1 LIMIT 1   [ RunTime:0.0010s ]
SQL: SHOW COLUMNS FROM `book_type` [ RunTime:0.0190s ]
SQL: SELECT * FROM `book_type` WHERE ( 1=1 AND id='1' ) LIMIT 1   [ RunTime:0.0010s ]
SQL: SHOW COLUMNS FROM `book_press` [ RunTime:0.0330s ]
SQL: SELECT * FROM `book_press` WHERE ( 1=1 AND id='1' ) LIMIT 1   [ RunTime:0.0000s ]
SQL: SHOW COLUMNS FROM `book_admin` [ RunTime:0.0040s ]
SQL: SELECT * FROM `book_admin` WHERE ( 1=1 AND id='1' ) LIMIT 1   [ RunTime:0.0010s ]
SQL: SHOW COLUMNS FROM `book_libary` [ RunTime:0.0500s ]
SQL: SELECT * FROM `book_libary` WHERE ( 1=1 AND id='1' ) LIMIT 1   [ RunTime:0.0010s ]
SQL: SHOW COLUMNS FROM `book_book_tag` [ RunTime:0.0330s ]
SQL: SELECT * FROM `book_book_tag` WHERE `book` = 1  [ RunTime:0.0000s ]
SQL: SHOW COLUMNS FROM `book_volume` [ RunTime:0.0590s ]
NOTIC: [8] Undefined offset: 0 D:\XAMPP\htdocs\tushuguanli\ThinkPHP\Library\Think\Db\Driver.class.php 第 550 行.
NOTIC: [8] Undefined offset: 0 D:\XAMPP\htdocs\tushuguanli\ThinkPHP\Library\Think\Db\Driver.class.php 第 596 行.
NOTIC: [8] Undefined offset: 0 D:\XAMPP\htdocs\tushuguanli\ThinkPHP\Library\Think\Db\Driver.class.php 第 596 行.
NOTIC: [8] Undefined offset: 0 D:\XAMPP\htdocs\tushuguanli\ThinkPHP\Library\Think\Db\Driver.class.php 第 597 行.
NOTIC: [8] Undefined offset: 0 D:\XAMPP\htdocs\tushuguanli\ThinkPHP\Library\Think\Db\Driver.class.php 第 600 行.
NOTIC: [8] Undefined offset: 1 D:\XAMPP\htdocs\tushuguanli\ThinkPHP\Library\Think\Db\Driver.class.php 第 596 行.
NOTIC: [8] Undefined offset: 1 D:\XAMPP\htdocs\tushuguanli\ThinkPHP\Library\Think\Db\Driver.class.php 第 596 行.
NOTIC: [8] Undefined offset: 1 D:\XAMPP\htdocs\tushuguanli\ThinkPHP\Library\Think\Db\Driver.class.php 第 597 行.
NOTIC: [8] Undefined offset: 1 D:\XAMPP\htdocs\tushuguanli\ThinkPHP\Library\Think\Db\Driver.class.php 第 600 行.
NOTIC: [8] Undefined offset: 2 D:\XAMPP\htdocs\tushuguanli\ThinkPHP\Library\Think\Db\Driver.class.php 第 596 行.
NOTIC: [8] Undefined offset: 2 D:\XAMPP\htdocs\tushuguanli\ThinkPHP\Library\Think\Db\Driver.class.php 第 596 行.
NOTIC: [8] Undefined offset: 2 D:\XAMPP\htdocs\tushuguanli\ThinkPHP\Library\Think\Db\Driver.class.php 第 597 行.
NOTIC: [8] Undefined offset: 2 D:\XAMPP\htdocs\tushuguanli\ThinkPHP\Library\Think\Db\Driver.class.php 第 600 行.
NOTIC: [8] Undefined offset: 3 D:\XAMPP\htdocs\tushuguanli\ThinkPHP\Library\Think\Db\Driver.class.php 第 596 行.
NOTIC: [8] Undefined offset: 3 D:\XAMPP\htdocs\tushuguanli\ThinkPHP\Library\Think\Db\Driver.class.php 第 596 行.
NOTIC: [8] Undefined offset: 3 D:\XAMPP\htdocs\tushuguanli\ThinkPHP\Library\Think\Db\Driver.class.php 第 597 行.
NOTIC: [8] Undefined offset: 3 D:\XAMPP\htdocs\tushuguanli\ThinkPHP\Library\Think\Db\Driver.class.php 第 600 行.
NOTIC: [8] Undefined offset: 4 D:\XAMPP\htdocs\tushuguanli\ThinkPHP\Library\Think\Db\Driver.class.php 第 596 行.
NOTIC: [8] Undefined offset: 4 D:\XAMPP\htdocs\tushuguanli\ThinkPHP\Library\Think\Db\Driver.class.php 第 596 行.
NOTIC: [8] Undefined offset: 4 D:\XAMPP\htdocs\tushuguanli\ThinkPHP\Library\Think\Db\Driver.class.php 第 597 行.
NOTIC: [8] Undefined offset: 4 D:\XAMPP\htdocs\tushuguanli\ThinkPHP\Library\Think\Db\Driver.class.php 第 600 行.
NOTIC: [8] Undefined offset: 5 D:\XAMPP\htdocs\tushuguanli\ThinkPHP\Library\Think\Db\Driver.class.php 第 596 行.
NOTIC: [8] Undefined offset: 5 D:\XAMPP\htdocs\tushuguanli\ThinkPHP\Library\Think\Db\Driver.class.php 第 596 行.
NOTIC: [8] Undefined offset: 5 D:\XAMPP\htdocs\tushuguanli\ThinkPHP\Library\Think\Db\Driver.class.php 第 597 行.
NOTIC: [8] Undefined offset: 5 D:\XAMPP\htdocs\tushuguanli\ThinkPHP\Library\Think\Db\Driver.class.php 第 600 行.
NOTIC: [8] Undefined offset: 6 D:\XAMPP\htdocs\tushuguanli\ThinkPHP\Library\Think\Db\Driver.class.php 第 596 行.
NOTIC: [8] Undefined offset: 6 D:\XAMPP\htdocs\tushuguanli\ThinkPHP\Library\Think\Db\Driver.class.php 第 596 行.
NOTIC: [8] Undefined offset: 6 D:\XAMPP\htdocs\tushuguanli\ThinkPHP\Library\Think\Db\Driver.class.php 第 597 行.
NOTIC: [8] Undefined offset: 6 D:\XAMPP\htdocs\tushuguanli\ThinkPHP\Library\Think\Db\Driver.class.php 第 600 行.
NOTIC: [8] Undefined offset: 7 D:\XAMPP\htdocs\tushuguanli\ThinkPHP\Library\Think\Db\Driver.class.php 第 596 行.
NOTIC: [8] Undefined offset: 7 D:\XAMPP\htdocs\tushuguanli\ThinkPHP\Library\Think\Db\Driver.class.php 第 596 行.
NOTIC: [8] Undefined offset: 7 D:\XAMPP\htdocs\tushuguanli\ThinkPHP\Library\Think\Db\Driver.class.php 第 597 行.
NOTIC: [8] Undefined offset: 7 D:\XAMPP\htdocs\tushuguanli\ThinkPHP\Library\Think\Db\Driver.class.php 第 600 行.
NOTIC: [8] Undefined offset: 8 D:\XAMPP\htdocs\tushuguanli\ThinkPHP\Library\Think\Db\Driver.class.php 第 596 行.
NOTIC: [8] Undefined offset: 8 D:\XAMPP\htdocs\tushuguanli\ThinkPHP\Library\Think\Db\Driver.class.php 第 596 行.
NOTIC: [8] Undefined offset: 8 D:\XAMPP\htdocs\tushuguanli\ThinkPHP\Library\Think\Db\Driver.class.php 第 597 行.
NOTIC: [8] Undefined offset: 8 D:\XAMPP\htdocs\tushuguanli\ThinkPHP\Library\Think\Db\Driver.class.php 第 600 行.
NOTIC: [8] Undefined offset: 9 D:\XAMPP\htdocs\tushuguanli\ThinkPHP\Library\Think\Db\Driver.class.php 第 596 行.
NOTIC: [8] Undefined offset: 9 D:\XAMPP\htdocs\tushuguanli\ThinkPHP\Library\Think\Db\Driver.class.php 第 596 行.
NOTIC: [8] Undefined offset: 9 D:\XAMPP\htdocs\tushuguanli\ThinkPHP\Library\Think\Db\Driver.class.php 第 597 行.
NOTIC: [8] Undefined offset: 9 D:\XAMPP\htdocs\tushuguanli\ThinkPHP\Library\Think\Db\Driver.class.php 第 600 行.
NOTIC: [8] Undefined offset: 10 D:\XAMPP\htdocs\tushuguanli\ThinkPHP\Library\Think\Db\Driver.class.php 第 596 行.
NOTIC: [8] Undefined offset: 10 D:\XAMPP\htdocs\tushuguanli\ThinkPHP\Library\Think\Db\Driver.class.php 第 596 行.
NOTIC: [8] Undefined offset: 10 D:\XAMPP\htdocs\tushuguanli\ThinkPHP\Library\Think\Db\Driver.class.php 第 597 行.
NOTIC: [8] Undefined offset: 10 D:\XAMPP\htdocs\tushuguanli\ThinkPHP\Library\Think\Db\Driver.class.php 第 600 行.
NOTIC: [8] Undefined offset: 11 D:\XAMPP\htdocs\tushuguanli\ThinkPHP\Library\Think\Db\Driver.class.php 第 596 行.
NOTIC: [8] Undefined offset: 11 D:\XAMPP\htdocs\tushuguanli\ThinkPHP\Library\Think\Db\Driver.class.php 第 596 行.
NOTIC: [8] Undefined offset: 11 D:\XAMPP\htdocs\tushuguanli\ThinkPHP\Library\Think\Db\Driver.class.php 第 597 行.
NOTIC: [8] Undefined offset: 11 D:\XAMPP\htdocs\tushuguanli\ThinkPHP\Library\Think\Db\Driver.class.php 第 600 行.
NOTIC: [8] Undefined offset: 12 D:\XAMPP\htdocs\tushuguanli\ThinkPHP\Library\Think\Db\Driver.class.php 第 596 行.
NOTIC: [8] Undefined offset: 12 D:\XAMPP\htdocs\tushuguanli\ThinkPHP\Library\Think\Db\Driver.class.php 第 596 行.
NOTIC: [8] Undefined offset: 12 D:\XAMPP\htdocs\tushuguanli\ThinkPHP\Library\Think\Db\Driver.class.php 第 597 行.
NOTIC: [8] Undefined offset: 12 D:\XAMPP\htdocs\tushuguanli\ThinkPHP\Library\Think\Db\Driver.class.php 第 600 行.
NOTIC: [8] Undefined offset: 13 D:\XAMPP\htdocs\tushuguanli\ThinkPHP\Library\Think\Db\Driver.class.php 第 596 行.
NOTIC: [8] Undefined offset: 13 D:\XAMPP\htdocs\tushuguanli\ThinkPHP\Library\Think\Db\Driver.class.php 第 596 行.
NOTIC: [8] Undefined offset: 13 D:\XAMPP\htdocs\tushuguanli\ThinkPHP\Library\Think\Db\Driver.class.php 第 597 行.
NOTIC: [8] Undefined offset: 13 D:\XAMPP\htdocs\tushuguanli\ThinkPHP\Library\Think\Db\Driver.class.php 第 600 行.
NOTIC: [8] Undefined offset: 14 D:\XAMPP\htdocs\tushuguanli\ThinkPHP\Library\Think\Db\Driver.class.php 第 596 行.
NOTIC: [8] Undefined offset: 14 D:\XAMPP\htdocs\tushuguanli\ThinkPHP\Library\Think\Db\Driver.class.php 第 596 行.
NOTIC: [8] Undefined offset: 14 D:\XAMPP\htdocs\tushuguanli\ThinkPHP\Library\Think\Db\Driver.class.php 第 597 行.
NOTIC: [8] Undefined offset: 14 D:\XAMPP\htdocs\tushuguanli\ThinkPHP\Library\Think\Db\Driver.class.php 第 600 行.
NOTIC: [8] Undefined offset: 15 D:\XAMPP\htdocs\tushuguanli\ThinkPHP\Library\Think\Db\Driver.class.php 第 596 行.
NOTIC: [8] Undefined offset: 15 D:\XAMPP\htdocs\tushuguanli\ThinkPHP\Library\Think\Db\Driver.class.php 第 596 行.
NOTIC: [8] Undefined offset: 15 D:\XAMPP\htdocs\tushuguanli\ThinkPHP\Library\Think\Db\Driver.class.php 第 597 行.
NOTIC: [8] Undefined offset: 15 D:\XAMPP\htdocs\tushuguanli\ThinkPHP\Library\Think\Db\Driver.class.php 第 600 行.
NOTIC: [8] Undefined offset: 16 D:\XAMPP\htdocs\tushuguanli\ThinkPHP\Library\Think\Db\Driver.class.php 第 596 行.
NOTIC: [8] Undefined offset: 16 D:\XAMPP\htdocs\tushuguanli\ThinkPHP\Library\Think\Db\Driver.class.php 第 596 行.
NOTIC: [8] Undefined offset: 16 D:\XAMPP\htdocs\tushuguanli\ThinkPHP\Library\Think\Db\Driver.class.php 第 597 行.
NOTIC: [8] Undefined offset: 16 D:\XAMPP\htdocs\tushuguanli\ThinkPHP\Library\Think\Db\Driver.class.php 第 600 行.
NOTIC: [8] Undefined offset: 17 D:\XAMPP\htdocs\tushuguanli\ThinkPHP\Library\Think\Db\Driver.class.php 第 596 行.
NOTIC: [8] Undefined offset: 17 D:\XAMPP\htdocs\tushuguanli\ThinkPHP\Library\Think\Db\Driver.class.php 第 596 行.
NOTIC: [8] Undefined offset: 17 D:\XAMPP\htdocs\tushuguanli\ThinkPHP\Library\Think\Db\Driver.class.php 第 597 行.
NOTIC: [8] Undefined offset: 17 D:\XAMPP\htdocs\tushuguanli\ThinkPHP\Library\Think\Db\Driver.class.php 第 600 行.
NOTIC: [8] Undefined offset: 18 D:\XAMPP\htdocs\tushuguanli\ThinkPHP\Library\Think\Db\Driver.class.php 第 596 行.
NOTIC: [8] Undefined offset: 18 D:\XAMPP\htdocs\tushuguanli\ThinkPHP\Library\Think\Db\Driver.class.php 第 596 行.
NOTIC: [8] Undefined offset: 18 D:\XAMPP\htdocs\tushuguanli\ThinkPHP\Library\Think\Db\Driver.class.php 第 597 行.
NOTIC: [8] Undefined offset: 18 D:\XAMPP\htdocs\tushuguanli\ThinkPHP\Library\Think\Db\Driver.class.php 第 600 行.
NOTIC: [8] Undefined offset: 19 D:\XAMPP\htdocs\tushuguanli\ThinkPHP\Library\Think\Db\Driver.class.php 第 596 行.
NOTIC: [8] Undefined offset: 19 D:\XAMPP\htdocs\tushuguanli\ThinkPHP\Library\Think\Db\Driver.class.php 第 596 行.
NOTIC: [8] Undefined offset: 19 D:\XAMPP\htdocs\tushuguanli\ThinkPHP\Library\Think\Db\Driver.class.php 第 597 行.
NOTIC: [8] Undefined offset: 19 D:\XAMPP\htdocs\tushuguanli\ThinkPHP\Library\Think\Db\Driver.class.php 第 600 行.
NOTIC: [8] Undefined offset: 20 D:\XAMPP\htdocs\tushuguanli\ThinkPHP\Library\Think\Db\Driver.class.php 第 596 行.
NOTIC: [8] Undefined offset: 20 D:\XAMPP\htdocs\tushuguanli\ThinkPHP\Library\Think\Db\Driver.class.php 第 596 行.
NOTIC: [8] Undefined offset: 20 D:\XAMPP\htdocs\tushuguanli\ThinkPHP\Library\Think\Db\Driver.class.php 第 597 行.
NOTIC: [8] Undefined offset: 20 D:\XAMPP\htdocs\tushuguanli\ThinkPHP\Library\Think\Db\Driver.class.php 第 600 行.
SQL: SELECT * FROM `book_volume` WHERE ( `parent` = null AND `parent` = null AND `parent` = null AND `parent` = null AND `parent` = null AND `parent` = null AND `parent` = null AND `parent` = null AND `parent` = null AND `parent` = null AND `parent` = null AND `parent` = null AND `parent` = null AND `parent` = null AND `parent` = null AND `parent` = null AND `parent` = null AND `parent` = null AND `parent` = null AND `parent` = null AND `parent` = null  ) LIMIT 1   [ RunTime:0.0010s ]
INFO: [ app_end ] --START--
INFO: Run Behavior\ShowPageTraceBehavior [ RunTime:0.004000s ]
INFO: [ app_end ] --END-- [ RunTime:0.004000s ]

[ 2017-05-12T10:21:10+08:00 ] ::1 /tushuguanli/API/verify
INFO: [ app_init ] --START--
INFO: Run Behavior\BuildLiteBehavior [ RunTime:0.000000s ]
INFO: [ app_init ] --END-- [ RunTime:0.000000s ]
INFO: [ app_begin ] --START--
INFO: Run Behavior\ReadHtmlCacheBehavior [ RunTime:0.000000s ]
INFO: [ app_begin ] --END-- [ RunTime:0.001000s ]
INFO: [ app_end ] --START--
INFO: Run Behavior\ShowPageTraceBehavior [ RunTime:0.000000s ]
INFO: [ app_end ] --END-- [ RunTime:0.000000s ]

[ 2017-05-12T10:21:15+08:00 ] ::1 /tushuguanli/API/login/login
INFO: [ app_init ] --START--
INFO: Run Behavior\BuildLiteBehavior [ RunTime:0.000000s ]
INFO: [ app_init ] --END-- [ RunTime:0.000000s ]
INFO: [ app_begin ] --START--
INFO: Run Behavior\ReadHtmlCacheBehavior [ RunTime:0.000000s ]
INFO: [ app_begin ] --END-- [ RunTime:0.000000s ]
SQL: SHOW COLUMNS FROM `book_admin` [ RunTime:0.0156s ]
SQL: SELECT * FROM `book_admin` WHERE `login` = 'admin' LIMIT 1   [ RunTime:0.0000s ]
SQL: SHOW COLUMNS FROM `book_admin_classified` [ RunTime:0.0000s ]
SQL: SELECT * FROM `book_admin_classified` WHERE `admin` = 1 LIMIT 1   [ RunTime:0.0000s ]
NOTIC: [8] Undefined index: statusLock D:\XAMPP\htdocs\tushuguanli\Application\API\Controller\LoginController.class.php 第 29 行.
SQL: UPDATE `book_admin` SET `code`='68dd09b9ff11f0df5624a690fe0f6729' WHERE `id` = 1 [ RunTime:0.0624s ]
INFO: [ app_end ] --START--
INFO: Run Behavior\ShowPageTraceBehavior [ RunTime:0.000000s ]
INFO: [ app_end ] --END-- [ RunTime:0.000000s ]

[ 2017-05-12T10:21:16+08:00 ] ::1 /tushuguanli/API/book/getBookById
INFO: [ app_init ] --START--
INFO: Run Behavior\BuildLiteBehavior [ RunTime:0.000000s ]
INFO: [ app_init ] --END-- [ RunTime:0.000000s ]
INFO: [ app_begin ] --START--
INFO: Run Behavior\ReadHtmlCacheBehavior [ RunTime:0.001000s ]
INFO: [ app_begin ] --END-- [ RunTime:0.001000s ]
SQL: SHOW COLUMNS FROM `book_book` [ RunTime:0.0020s ]
SQL: SELECT * FROM `book_book` WHERE `id` = 1 LIMIT 1   [ RunTime:0.0000s ]
SQL: SHOW COLUMNS FROM `book_type` [ RunTime:0.0010s ]
SQL: SELECT * FROM `book_type` WHERE ( 1=1 AND id='1' ) LIMIT 1   [ RunTime:0.0000s ]
SQL: SHOW COLUMNS FROM `book_press` [ RunTime:0.0010s ]
SQL: SELECT * FROM `book_press` WHERE ( 1=1 AND id='1' ) LIMIT 1   [ RunTime:0.0000s ]
SQL: SHOW COLUMNS FROM `book_admin` [ RunTime:0.0010s ]
SQL: SELECT * FROM `book_admin` WHERE ( 1=1 AND id='1' ) LIMIT 1   [ RunTime:0.0000s ]
SQL: SHOW COLUMNS FROM `book_libary` [ RunTime:0.0020s ]
SQL: SELECT * FROM `book_libary` WHERE ( 1=1 AND id='1' ) LIMIT 1   [ RunTime:0.0000s ]
SQL: SHOW COLUMNS FROM `book_book_tag` [ RunTime:0.0010s ]
SQL: SELECT * FROM `book_book_tag` WHERE `book` = 1  [ RunTime:0.0000s ]
SQL: SHOW COLUMNS FROM `book_volume` [ RunTime:0.0010s ]
NOTIC: [8] Undefined offset: 0 D:\XAMPP\htdocs\tushuguanli\ThinkPHP\Library\Think\Db\Driver.class.php 第 550 行.
NOTIC: [8] Undefined offset: 0 D:\XAMPP\htdocs\tushuguanli\ThinkPHP\Library\Think\Db\Driver.class.php 第 596 行.
NOTIC: [8] Undefined offset: 0 D:\XAMPP\htdocs\tushuguanli\ThinkPHP\Library\Think\Db\Driver.class.php 第 596 行.
NOTIC: [8] Undefined offset: 0 D:\XAMPP\htdocs\tushuguanli\ThinkPHP\Library\Think\Db\Driver.class.php 第 597 行.
NOTIC: [8] Undefined offset: 0 D:\XAMPP\htdocs\tushuguanli\ThinkPHP\Library\Think\Db\Driver.class.php 第 600 行.
NOTIC: [8] Undefined offset: 1 D:\XAMPP\htdocs\tushuguanli\ThinkPHP\Library\Think\Db\Driver.class.php 第 596 行.
NOTIC: [8] Undefined offset: 1 D:\XAMPP\htdocs\tushuguanli\ThinkPHP\Library\Think\Db\Driver.class.php 第 596 行.
NOTIC: [8] Undefined offset: 1 D:\XAMPP\htdocs\tushuguanli\ThinkPHP\Library\Think\Db\Driver.class.php 第 597 行.
NOTIC: [8] Undefined offset: 1 D:\XAMPP\htdocs\tushuguanli\ThinkPHP\Library\Think\Db\Driver.class.php 第 600 行.
NOTIC: [8] Undefined offset: 2 D:\XAMPP\htdocs\tushuguanli\ThinkPHP\Library\Think\Db\Driver.class.php 第 596 行.
NOTIC: [8] Undefined offset: 2 D:\XAMPP\htdocs\tushuguanli\ThinkPHP\Library\Think\Db\Driver.class.php 第 596 行.
NOTIC: [8] Undefined offset: 2 D:\XAMPP\htdocs\tushuguanli\ThinkPHP\Library\Think\Db\Driver.class.php 第 597 行.
NOTIC: [8] Undefined offset: 2 D:\XAMPP\htdocs\tushuguanli\ThinkPHP\Library\Think\Db\Driver.class.php 第 600 行.
NOTIC: [8] Undefined offset: 3 D:\XAMPP\htdocs\tushuguanli\ThinkPHP\Library\Think\Db\Driver.class.php 第 596 行.
NOTIC: [8] Undefined offset: 3 D:\XAMPP\htdocs\tushuguanli\ThinkPHP\Library\Think\Db\Driver.class.php 第 596 行.
NOTIC: [8] Undefined offset: 3 D:\XAMPP\htdocs\tushuguanli\ThinkPHP\Library\Think\Db\Driver.class.php 第 597 行.
NOTIC: [8] Undefined offset: 3 D:\XAMPP\htdocs\tushuguanli\ThinkPHP\Library\Think\Db\Driver.class.php 第 600 行.
NOTIC: [8] Undefined offset: 4 D:\XAMPP\htdocs\tushuguanli\ThinkPHP\Library\Think\Db\Driver.class.php 第 596 行.
NOTIC: [8] Undefined offset: 4 D:\XAMPP\htdocs\tushuguanli\ThinkPHP\Library\Think\Db\Driver.class.php 第 596 行.
NOTIC: [8] Undefined offset: 4 D:\XAMPP\htdocs\tushuguanli\ThinkPHP\Library\Think\Db\Driver.class.php 第 597 行.
NOTIC: [8] Undefined offset: 4 D:\XAMPP\htdocs\tushuguanli\ThinkPHP\Library\Think\Db\Driver.class.php 第 600 行.
NOTIC: [8] Undefined offset: 5 D:\XAMPP\htdocs\tushuguanli\ThinkPHP\Library\Think\Db\Driver.class.php 第 596 行.
NOTIC: [8] Undefined offset: 5 D:\XAMPP\htdocs\tushuguanli\ThinkPHP\Library\Think\Db\Driver.class.php 第 596 行.
NOTIC: [8] Undefined offset: 5 D:\XAMPP\htdocs\tushuguanli\ThinkPHP\Library\Think\Db\Driver.class.php 第 597 行.
NOTIC: [8] Undefined offset: 5 D:\XAMPP\htdocs\tushuguanli\ThinkPHP\Library\Think\Db\Driver.class.php 第 600 行.
NOTIC: [8] Undefined offset: 6 D:\XAMPP\htdocs\tushuguanli\ThinkPHP\Library\Think\Db\Driver.class.php 第 596 行.
NOTIC: [8] Undefined offset: 6 D:\XAMPP\htdocs\tushuguanli\ThinkPHP\Library\Think\Db\Driver.class.php 第 596 行.
NOTIC: [8] Undefined offset: 6 D:\XAMPP\htdocs\tushuguanli\ThinkPHP\Library\Think\Db\Driver.class.php 第 597 行.
NOTIC: [8] Undefined offset: 6 D:\XAMPP\htdocs\tushuguanli\ThinkPHP\Library\Think\Db\Driver.class.php 第 600 行.
NOTIC: [8] Undefined offset: 7 D:\XAMPP\htdocs\tushuguanli\ThinkPHP\Library\Think\Db\Driver.class.php 第 596 行.
NOTIC: [8] Undefined offset: 7 D:\XAMPP\htdocs\tushuguanli\ThinkPHP\Library\Think\Db\Driver.class.php 第 596 行.
NOTIC: [8] Undefined offset: 7 D:\XAMPP\htdocs\tushuguanli\ThinkPHP\Library\Think\Db\Driver.class.php 第 597 行.
NOTIC: [8] Undefined offset: 7 D:\XAMPP\htdocs\tushuguanli\ThinkPHP\Library\Think\Db\Driver.class.php 第 600 行.
NOTIC: [8] Undefined offset: 8 D:\XAMPP\htdocs\tushuguanli\ThinkPHP\Library\Think\Db\Driver.class.php 第 596 行.
NOTIC: [8] Undefined offset: 8 D:\XAMPP\htdocs\tushuguanli\ThinkPHP\Library\Think\Db\Driver.class.php 第 596 行.
NOTIC: [8] Undefined offset: 8 D:\XAMPP\htdocs\tushuguanli\ThinkPHP\Library\Think\Db\Driver.class.php 第 597 行.
NOTIC: [8] Undefined offset: 8 D:\XAMPP\htdocs\tushuguanli\ThinkPHP\Library\Think\Db\Driver.class.php 第 600 行.
NOTIC: [8] Undefined offset: 9 D:\XAMPP\htdocs\tushuguanli\ThinkPHP\Library\Think\Db\Driver.class.php 第 596 行.
NOTIC: [8] Undefined offset: 9 D:\XAMPP\htdocs\tushuguanli\ThinkPHP\Library\Think\Db\Driver.class.php 第 596 行.
NOTIC: [8] Undefined offset: 9 D:\XAMPP\htdocs\tushuguanli\ThinkPHP\Library\Think\Db\Driver.class.php 第 597 行.
NOTIC: [8] Undefined offset: 9 D:\XAMPP\htdocs\tushuguanli\ThinkPHP\Library\Think\Db\Driver.class.php 第 600 行.
NOTIC: [8] Undefined offset: 10 D:\XAMPP\htdocs\tushuguanli\ThinkPHP\Library\Think\Db\Driver.class.php 第 596 行.
NOTIC: [8] Undefined offset: 10 D:\XAMPP\htdocs\tushuguanli\ThinkPHP\Library\Think\Db\Driver.class.php 第 596 行.
NOTIC: [8] Undefined offset: 10 D:\XAMPP\htdocs\tushuguanli\ThinkPHP\Library\Think\Db\Driver.class.php 第 597 行.
NOTIC: [8] Undefined offset: 10 D:\XAMPP\htdocs\tushuguanli\ThinkPHP\Library\Think\Db\Driver.class.php 第 600 行.
NOTIC: [8] Undefined offset: 11 D:\XAMPP\htdocs\tushuguanli\ThinkPHP\Library\Think\Db\Driver.class.php 第 596 行.
NOTIC: [8] Undefined offset: 11 D:\XAMPP\htdocs\tushuguanli\ThinkPHP\Library\Think\Db\Driver.class.php 第 596 行.
NOTIC: [8] Undefined offset: 11 D:\XAMPP\htdocs\tushuguanli\ThinkPHP\Library\Think\Db\Driver.class.php 第 597 行.
NOTIC: [8] Undefined offset: 11 D:\XAMPP\htdocs\tushuguanli\ThinkPHP\Library\Think\Db\Driver.class.php 第 600 行.
NOTIC: [8] Undefined offset: 12 D:\XAMPP\htdocs\tushuguanli\ThinkPHP\Library\Think\Db\Driver.class.php 第 596 行.
NOTIC: [8] Undefined offset: 12 D:\XAMPP\htdocs\tushuguanli\ThinkPHP\Library\Think\Db\Driver.class.php 第 596 行.
NOTIC: [8] Undefined offset: 12 D:\XAMPP\htdocs\tushuguanli\ThinkPHP\Library\Think\Db\Driver.class.php 第 597 行.
NOTIC: [8] Undefined offset: 12 D:\XAMPP\htdocs\tushuguanli\ThinkPHP\Library\Think\Db\Driver.class.php 第 600 行.
NOTIC: [8] Undefined offset: 13 D:\XAMPP\htdocs\tushuguanli\ThinkPHP\Library\Think\Db\Driver.class.php 第 596 行.
NOTIC: [8] Undefined offset: 13 D:\XAMPP\htdocs\tushuguanli\ThinkPHP\Library\Think\Db\Driver.class.php 第 596 行.
NOTIC: [8] Undefined offset: 13 D:\XAMPP\htdocs\tushuguanli\ThinkPHP\Library\Think\Db\Driver.class.php 第 597 行.
NOTIC: [8] Undefined offset: 13 D:\XAMPP\htdocs\tushuguanli\ThinkPHP\Library\Think\Db\Driver.class.php 第 600 行.
NOTIC: [8] Undefined offset: 14 D:\XAMPP\htdocs\tushuguanli\ThinkPHP\Library\Think\Db\Driver.class.php 第 596 行.
NOTIC: [8] Undefined offset: 14 D:\XAMPP\htdocs\tushuguanli\ThinkPHP\Library\Think\Db\Driver.class.php 第 596 行.
NOTIC: [8] Undefined offset: 14 D:\XAMPP\htdocs\tushuguanli\ThinkPHP\Library\Think\Db\Driver.class.php 第 597 行.
NOTIC: [8] Undefined offset: 14 D:\XAMPP\htdocs\tushuguanli\ThinkPHP\Library\Think\Db\Driver.class.php 第 600 行.
NOTIC: [8] Undefined offset: 15 D:\XAMPP\htdocs\tushuguanli\ThinkPHP\Library\Think\Db\Driver.class.php 第 596 行.
NOTIC: [8] Undefined offset: 15 D:\XAMPP\htdocs\tushuguanli\ThinkPHP\Library\Think\Db\Driver.class.php 第 596 行.
NOTIC: [8] Undefined offset: 15 D:\XAMPP\htdocs\tushuguanli\ThinkPHP\Library\Think\Db\Driver.class.php 第 597 行.
NOTIC: [8] Undefined offset: 15 D:\XAMPP\htdocs\tushuguanli\ThinkPHP\Library\Think\Db\Driver.class.php 第 600 行.
NOTIC: [8] Undefined offset: 16 D:\XAMPP\htdocs\tushuguanli\ThinkPHP\Library\Think\Db\Driver.class.php 第 596 行.
NOTIC: [8] Undefined offset: 16 D:\XAMPP\htdocs\tushuguanli\ThinkPHP\Library\Think\Db\Driver.class.php 第 596 行.
NOTIC: [8] Undefined offset: 16 D:\XAMPP\htdocs\tushuguanli\ThinkPHP\Library\Think\Db\Driver.class.php 第 597 行.
NOTIC: [8] Undefined offset: 16 D:\XAMPP\htdocs\tushuguanli\ThinkPHP\Library\Think\Db\Driver.class.php 第 600 行.
NOTIC: [8] Undefined offset: 17 D:\XAMPP\htdocs\tushuguanli\ThinkPHP\Library\Think\Db\Driver.class.php 第 596 行.
NOTIC: [8] Undefined offset: 17 D:\XAMPP\htdocs\tushuguanli\ThinkPHP\Library\Think\Db\Driver.class.php 第 596 行.
NOTIC: [8] Undefined offset: 17 D:\XAMPP\htdocs\tushuguanli\ThinkPHP\Library\Think\Db\Driver.class.php 第 597 行.
NOTIC: [8] Undefined offset: 17 D:\XAMPP\htdocs\tushuguanli\ThinkPHP\Library\Think\Db\Driver.class.php 第 600 行.
NOTIC: [8] Undefined offset: 18 D:\XAMPP\htdocs\tushuguanli\ThinkPHP\Library\Think\Db\Driver.class.php 第 596 行.
NOTIC: [8] Undefined offset: 18 D:\XAMPP\htdocs\tushuguanli\ThinkPHP\Library\Think\Db\Driver.class.php 第 596 行.
NOTIC: [8] Undefined offset: 18 D:\XAMPP\htdocs\tushuguanli\ThinkPHP\Library\Think\Db\Driver.class.php 第 597 行.
NOTIC: [8] Undefined offset: 18 D:\XAMPP\htdocs\tushuguanli\ThinkPHP\Library\Think\Db\Driver.class.php 第 600 行.
NOTIC: [8] Undefined offset: 19 D:\XAMPP\htdocs\tushuguanli\ThinkPHP\Library\Think\Db\Driver.class.php 第 596 行.
NOTIC: [8] Undefined offset: 19 D:\XAMPP\htdocs\tushuguanli\ThinkPHP\Library\Think\Db\Driver.class.php 第 596 行.
NOTIC: [8] Undefined offset: 19 D:\XAMPP\htdocs\tushuguanli\ThinkPHP\Library\Think\Db\Driver.class.php 第 597 行.
NOTIC: [8] Undefined offset: 19 D:\XAMPP\htdocs\tushuguanli\ThinkPHP\Library\Think\Db\Driver.class.php 第 600 行.
NOTIC: [8] Undefined offset: 20 D:\XAMPP\htdocs\tushuguanli\ThinkPHP\Library\Think\Db\Driver.class.php 第 596 行.
NOTIC: [8] Undefined offset: 20 D:\XAMPP\htdocs\tushuguanli\ThinkPHP\Library\Think\Db\Driver.class.php 第 596 行.
NOTIC: [8] Undefined offset: 20 D:\XAMPP\htdocs\tushuguanli\ThinkPHP\Library\Think\Db\Driver.class.php 第 597 行.
NOTIC: [8] Undefined offset: 20 D:\XAMPP\htdocs\tushuguanli\ThinkPHP\Library\Think\Db\Driver.class.php 第 600 行.
SQL: SELECT * FROM `book_volume` WHERE ( `parent` = null AND `parent` = null AND `parent` = null AND `parent` = null AND `parent` = null AND `parent` = null AND `parent` = null AND `parent` = null AND `parent` = null AND `parent` = null AND `parent` = null AND `parent` = null AND `parent` = null AND `parent` = null AND `parent` = null AND `parent` = null AND `parent` = null AND `parent` = null AND `parent` = null AND `parent` = null AND `parent` = null  ) LIMIT 1   [ RunTime:0.0000s ]
INFO: [ app_end ] --START--
INFO: Run Behavior\ShowPageTraceBehavior [ RunTime:0.001000s ]
INFO: [ app_end ] --END-- [ RunTime:0.001000s ]

[ 2017-05-12T10:21:24+08:00 ] ::1 /tushuguanli/API/book/listVolume
INFO: [ app_init ] --START--
INFO: Run Behavior\BuildLiteBehavior [ RunTime:0.000000s ]
INFO: [ app_init ] --END-- [ RunTime:0.000000s ]
INFO: [ app_begin ] --START--
INFO: Run Behavior\ReadHtmlCacheBehavior [ RunTime:0.000000s ]
INFO: [ app_begin ] --END-- [ RunTime:0.000000s ]
SQL: SHOW COLUMNS FROM `book_volume` [ RunTime:0.0020s ]
SQL: SELECT * FROM `book_volume` WHERE `class` = 'book'  [ RunTime:0.0000s ]
SQL: SHOW COLUMNS FROM `book_book` [ RunTime:0.0020s ]
NOTIC: [8] Undefined variable: result D:\XAMPP\htdocs\tushuguanli\Application\API\Controller\BookController.class.php 第 939 行.
NOTIC: [8] Undefined variable: result D:\XAMPP\htdocs\tushuguanli\Application\API\Controller\BookController.class.php 第 939 行.
NOTIC: [8] Undefined variable: result D:\XAMPP\htdocs\tushuguanli\Application\API\Controller\BookController.class.php 第 939 行.
NOTIC: [8] Undefined variable: result D:\XAMPP\htdocs\tushuguanli\Application\API\Controller\BookController.class.php 第 939 行.
NOTIC: [8] Undefined variable: result D:\XAMPP\htdocs\tushuguanli\Application\API\Controller\BookController.class.php 第 939 行.
NOTIC: [8] Undefined variable: result D:\XAMPP\htdocs\tushuguanli\Application\API\Controller\BookController.class.php 第 939 行.
INFO: [ app_end ] --START--
INFO: Run Behavior\ShowPageTraceBehavior [ RunTime:0.000000s ]
INFO: [ app_end ] --END-- [ RunTime:0.000000s ]

[ 2017-05-12T10:21:44+08:00 ] ::1 /tushuguanli/API/book/listVolume
INFO: [ app_init ] --START--
INFO: Run Behavior\BuildLiteBehavior [ RunTime:0.000000s ]
INFO: [ app_init ] --END-- [ RunTime:0.000000s ]
INFO: [ app_begin ] --START--
INFO: Run Behavior\ReadHtmlCacheBehavior [ RunTime:0.001000s ]
INFO: [ app_begin ] --END-- [ RunTime:0.001000s ]
SQL: SHOW COLUMNS FROM `book_volume` [ RunTime:0.0020s ]
SQL: SELECT * FROM `book_volume` WHERE `class` = 'book'  [ RunTime:0.0000s ]
SQL: SHOW COLUMNS FROM `book_book` [ RunTime:0.0010s ]
NOTIC: [8] Undefined variable: result D:\XAMPP\htdocs\tushuguanli\Application\API\Controller\BookController.class.php 第 939 行.
NOTIC: [8] Undefined variable: result D:\XAMPP\htdocs\tushuguanli\Application\API\Controller\BookController.class.php 第 939 行.
NOTIC: [8] Undefined variable: result D:\XAMPP\htdocs\tushuguanli\Application\API\Controller\BookController.class.php 第 939 行.
NOTIC: [8] Undefined variable: result D:\XAMPP\htdocs\tushuguanli\Application\API\Controller\BookController.class.php 第 939 行.
NOTIC: [8] Undefined variable: result D:\XAMPP\htdocs\tushuguanli\Application\API\Controller\BookController.class.php 第 939 行.
NOTIC: [8] Undefined variable: result D:\XAMPP\htdocs\tushuguanli\Application\API\Controller\BookController.class.php 第 939 行.
INFO: [ app_end ] --START--
INFO: Run Behavior\ShowPageTraceBehavior [ RunTime:0.000000s ]
INFO: [ app_end ] --END-- [ RunTime:0.000000s ]

[ 2017-05-12T10:22:12+08:00 ] ::1 /tushuguanli/API/book/listVolume
INFO: [ app_init ] --START--
INFO: Run Behavior\BuildLiteBehavior [ RunTime:0.000000s ]
INFO: [ app_init ] --END-- [ RunTime:0.001001s ]
INFO: [ app_begin ] --START--
INFO: Run Behavior\ReadHtmlCacheBehavior [ RunTime:0.000000s ]
INFO: [ app_begin ] --END-- [ RunTime:0.001000s ]
SQL: SHOW COLUMNS FROM `book_volume` [ RunTime:0.0020s ]
SQL: SELECT * FROM `book_volume` WHERE `class` = 'book'  [ RunTime:0.0000s ]
SQL: SHOW COLUMNS FROM `book_book` [ RunTime:0.0020s ]
NOTIC: [8] Undefined variable: result D:\XAMPP\htdocs\tushuguanli\Application\API\Controller\BookController.class.php 第 939 行.
NOTIC: [8] Undefined variable: result D:\XAMPP\htdocs\tushuguanli\Application\API\Controller\BookController.class.php 第 939 行.
NOTIC: [8] Undefined variable: result D:\XAMPP\htdocs\tushuguanli\Application\API\Controller\BookController.class.php 第 939 行.
NOTIC: [8] Undefined variable: result D:\XAMPP\htdocs\tushuguanli\Application\API\Controller\BookController.class.php 第 939 行.
NOTIC: [8] Undefined variable: result D:\XAMPP\htdocs\tushuguanli\Application\API\Controller\BookController.class.php 第 939 行.
INFO: [ app_end ] --START--
INFO: Run Behavior\ShowPageTraceBehavior [ RunTime:0.001000s ]
INFO: [ app_end ] --END-- [ RunTime:0.001000s ]

[ 2017-05-12T10:22:56+08:00 ] ::1 /tushuguanli/API/book/listVolume
INFO: [ app_init ] --START--
INFO: Run Behavior\BuildLiteBehavior [ RunTime:0.000000s ]
INFO: [ app_init ] --END-- [ RunTime:0.000000s ]
INFO: [ app_begin ] --START--
INFO: Run Behavior\ReadHtmlCacheBehavior [ RunTime:0.000000s ]
INFO: [ app_begin ] --END-- [ RunTime:0.000000s ]
SQL: SHOW COLUMNS FROM `book_volume` [ RunTime:0.0020s ]
SQL: SELECT * FROM `book_volume` WHERE `class` = 'book'  [ RunTime:0.0010s ]
SQL: SHOW COLUMNS FROM `book_book` [ RunTime:0.0020s ]
SQL: SELECT * FROM `book_book` WHERE `id` = 1 LIMIT 1   [ RunTime:0.0000s ]
SQL: SHOW COLUMNS FROM `book_type` [ RunTime:0.0010s ]
SQL: SELECT * FROM `book_type` WHERE ( 1=1 AND id='1' ) LIMIT 1   [ RunTime:0.0000s ]
SQL: SHOW COLUMNS FROM `book_press` [ RunTime:0.0010s ]
SQL: SELECT * FROM `book_press` WHERE ( 1=1 AND id='1' ) LIMIT 1   [ RunTime:0.0000s ]
SQL: SHOW COLUMNS FROM `book_admin` [ RunTime:0.0020s ]
SQL: SELECT * FROM `book_admin` WHERE ( 1=1 AND id='1' ) LIMIT 1   [ RunTime:0.0000s ]
SQL: SHOW COLUMNS FROM `book_libary` [ RunTime:0.0020s ]
SQL: SELECT * FROM `book_libary` WHERE ( 1=1 AND id='1' ) LIMIT 1   [ RunTime:0.0000s ]
SQL: SHOW COLUMNS FROM `book_book_tag` [ RunTime:0.0010s ]
SQL: SELECT * FROM `book_book_tag` WHERE `book` = 1  [ RunTime:0.0010s ]
NOTIC: [8] Undefined offset: 0 D:\XAMPP\htdocs\tushuguanli\ThinkPHP\Library\Think\Db\Driver.class.php 第 550 行.
NOTIC: [8] Undefined offset: 0 D:\XAMPP\htdocs\tushuguanli\ThinkPHP\Library\Think\Db\Driver.class.php 第 596 行.
NOTIC: [8] Undefined offset: 0 D:\XAMPP\htdocs\tushuguanli\ThinkPHP\Library\Think\Db\Driver.class.php 第 596 行.
NOTIC: [8] Undefined offset: 0 D:\XAMPP\htdocs\tushuguanli\ThinkPHP\Library\Think\Db\Driver.class.php 第 597 行.
NOTIC: [8] Undefined offset: 0 D:\XAMPP\htdocs\tushuguanli\ThinkPHP\Library\Think\Db\Driver.class.php 第 600 行.
NOTIC: [8] Undefined offset: 1 D:\XAMPP\htdocs\tushuguanli\ThinkPHP\Library\Think\Db\Driver.class.php 第 596 行.
NOTIC: [8] Undefined offset: 1 D:\XAMPP\htdocs\tushuguanli\ThinkPHP\Library\Think\Db\Driver.class.php 第 596 行.
NOTIC: [8] Undefined offset: 1 D:\XAMPP\htdocs\tushuguanli\ThinkPHP\Library\Think\Db\Driver.class.php 第 597 行.
NOTIC: [8] Undefined offset: 1 D:\XAMPP\htdocs\tushuguanli\ThinkPHP\Library\Think\Db\Driver.class.php 第 600 行.
NOTIC: [8] Undefined offset: 2 D:\XAMPP\htdocs\tushuguanli\ThinkPHP\Library\Think\Db\Driver.class.php 第 596 行.
NOTIC: [8] Undefined offset: 2 D:\XAMPP\htdocs\tushuguanli\ThinkPHP\Library\Think\Db\Driver.class.php 第 596 行.
NOTIC: [8] Undefined offset: 2 D:\XAMPP\htdocs\tushuguanli\ThinkPHP\Library\Think\Db\Driver.class.php 第 597 行.
NOTIC: [8] Undefined offset: 2 D:\XAMPP\htdocs\tushuguanli\ThinkPHP\Library\Think\Db\Driver.class.php 第 600 行.
NOTIC: [8] Undefined offset: 3 D:\XAMPP\htdocs\tushuguanli\ThinkPHP\Library\Think\Db\Driver.class.php 第 596 行.
NOTIC: [8] Undefined offset: 3 D:\XAMPP\htdocs\tushuguanli\ThinkPHP\Library\Think\Db\Driver.class.php 第 596 行.
NOTIC: [8] Undefined offset: 3 D:\XAMPP\htdocs\tushuguanli\ThinkPHP\Library\Think\Db\Driver.class.php 第 597 行.
NOTIC: [8] Undefined offset: 3 D:\XAMPP\htdocs\tushuguanli\ThinkPHP\Library\Think\Db\Driver.class.php 第 600 行.
NOTIC: [8] Undefined offset: 4 D:\XAMPP\htdocs\tushuguanli\ThinkPHP\Library\Think\Db\Driver.class.php 第 596 行.
NOTIC: [8] Undefined offset: 4 D:\XAMPP\htdocs\tushuguanli\ThinkPHP\Library\Think\Db\Driver.class.php 第 596 行.
NOTIC: [8] Undefined offset: 4 D:\XAMPP\htdocs\tushuguanli\ThinkPHP\Library\Think\Db\Driver.class.php 第 597 行.
NOTIC: [8] Undefined offset: 4 D:\XAMPP\htdocs\tushuguanli\ThinkPHP\Library\Think\Db\Driver.class.php 第 600 行.
NOTIC: [8] Undefined offset: 5 D:\XAMPP\htdocs\tushuguanli\ThinkPHP\Library\Think\Db\Driver.class.php 第 596 行.
NOTIC: [8] Undefined offset: 5 D:\XAMPP\htdocs\tushuguanli\ThinkPHP\Library\Think\Db\Driver.class.php 第 596 行.
NOTIC: [8] Undefined offset: 5 D:\XAMPP\htdocs\tushuguanli\ThinkPHP\Library\Think\Db\Driver.class.php 第 597 行.
NOTIC: [8] Undefined offset: 5 D:\XAMPP\htdocs\tushuguanli\ThinkPHP\Library\Think\Db\Driver.class.php 第 600 行.
NOTIC: [8] Undefined offset: 6 D:\XAMPP\htdocs\tushuguanli\ThinkPHP\Library\Think\Db\Driver.class.php 第 596 行.
NOTIC: [8] Undefined offset: 6 D:\XAMPP\htdocs\tushuguanli\ThinkPHP\Library\Think\Db\Driver.class.php 第 596 行.
NOTIC: [8] Undefined offset: 6 D:\XAMPP\htdocs\tushuguanli\ThinkPHP\Library\Think\Db\Driver.class.php 第 597 行.
NOTIC: [8] Undefined offset: 6 D:\XAMPP\htdocs\tushuguanli\ThinkPHP\Library\Think\Db\Driver.class.php 第 600 行.
NOTIC: [8] Undefined offset: 7 D:\XAMPP\htdocs\tushuguanli\ThinkPHP\Library\Think\Db\Driver.class.php 第 596 行.
NOTIC: [8] Undefined offset: 7 D:\XAMPP\htdocs\tushuguanli\ThinkPHP\Library\Think\Db\Driver.class.php 第 596 行.
NOTIC: [8] Undefined offset: 7 D:\XAMPP\htdocs\tushuguanli\ThinkPHP\Library\Think\Db\Driver.class.php 第 597 行.
NOTIC: [8] Undefined offset: 7 D:\XAMPP\htdocs\tushuguanli\ThinkPHP\Library\Think\Db\Driver.class.php 第 600 行.
NOTIC: [8] Undefined offset: 8 D:\XAMPP\htdocs\tushuguanli\ThinkPHP\Library\Think\Db\Driver.class.php 第 596 行.
NOTIC: [8] Undefined offset: 8 D:\XAMPP\htdocs\tushuguanli\ThinkPHP\Library\Think\Db\Driver.class.php 第 596 行.
NOTIC: [8] Undefined offset: 8 D:\XAMPP\htdocs\tushuguanli\ThinkPHP\Library\Think\Db\Driver.class.php 第 597 行.
NOTIC: [8] Undefined offset: 8 D:\XAMPP\htdocs\tushuguanli\ThinkPHP\Library\Think\Db\Driver.class.php 第 600 行.
NOTIC: [8] Undefined offset: 9 D:\XAMPP\htdocs\tushuguanli\ThinkPHP\Library\Think\Db\Driver.class.php 第 596 行.
NOTIC: [8] Undefined offset: 9 D:\XAMPP\htdocs\tushuguanli\ThinkPHP\Library\Think\Db\Driver.class.php 第 596 行.
NOTIC: [8] Undefined offset: 9 D:\XAMPP\htdocs\tushuguanli\ThinkPHP\Library\Think\Db\Driver.class.php 第 597 行.
NOTIC: [8] Undefined offset: 9 D:\XAMPP\htdocs\tushuguanli\ThinkPHP\Library\Think\Db\Driver.class.php 第 600 行.
NOTIC: [8] Undefined offset: 10 D:\XAMPP\htdocs\tushuguanli\ThinkPHP\Library\Think\Db\Driver.class.php 第 596 行.
NOTIC: [8] Undefined offset: 10 D:\XAMPP\htdocs\tushuguanli\ThinkPHP\Library\Think\Db\Driver.class.php 第 596 行.
NOTIC: [8] Undefined offset: 10 D:\XAMPP\htdocs\tushuguanli\ThinkPHP\Library\Think\Db\Driver.class.php 第 597 行.
NOTIC: [8] Undefined offset: 10 D:\XAMPP\htdocs\tushuguanli\ThinkPHP\Library\Think\Db\Driver.class.php 第 600 行.
NOTIC: [8] Undefined offset: 11 D:\XAMPP\htdocs\tushuguanli\ThinkPHP\Library\Think\Db\Driver.class.php 第 596 行.
NOTIC: [8] Undefined offset: 11 D:\XAMPP\htdocs\tushuguanli\ThinkPHP\Library\Think\Db\Driver.class.php 第 596 行.
NOTIC: [8] Undefined offset: 11 D:\XAMPP\htdocs\tushuguanli\ThinkPHP\Library\Think\Db\Driver.class.php 第 597 行.
NOTIC: [8] Undefined offset: 11 D:\XAMPP\htdocs\tushuguanli\ThinkPHP\Library\Think\Db\Driver.class.php 第 600 行.
NOTIC: [8] Undefined offset: 12 D:\XAMPP\htdocs\tushuguanli\ThinkPHP\Library\Think\Db\Driver.class.php 第 596 行.
NOTIC: [8] Undefined offset: 12 D:\XAMPP\htdocs\tushuguanli\ThinkPHP\Library\Think\Db\Driver.class.php 第 596 行.
NOTIC: [8] Undefined offset: 12 D:\XAMPP\htdocs\tushuguanli\ThinkPHP\Library\Think\Db\Driver.class.php 第 597 行.
NOTIC: [8] Undefined offset: 12 D:\XAMPP\htdocs\tushuguanli\ThinkPHP\Library\Think\Db\Driver.class.php 第 600 行.
NOTIC: [8] Undefined offset: 13 D:\XAMPP\htdocs\tushuguanli\ThinkPHP\Library\Think\Db\Driver.class.php 第 596 行.
NOTIC: [8] Undefined offset: 13 D:\XAMPP\htdocs\tushuguanli\ThinkPHP\Library\Think\Db\Driver.class.php 第 596 行.
NOTIC: [8] Undefined offset: 13 D:\XAMPP\htdocs\tushuguanli\ThinkPHP\Library\Think\Db\Driver.class.php 第 597 行.
NOTIC: [8] Undefined offset: 13 D:\XAMPP\htdocs\tushuguanli\ThinkPHP\Library\Think\Db\Driver.class.php 第 600 行.
NOTIC: [8] Undefined offset: 14 D:\XAMPP\htdocs\tushuguanli\ThinkPHP\Library\Think\Db\Driver.class.php 第 596 行.
NOTIC: [8] Undefined offset: 14 D:\XAMPP\htdocs\tushuguanli\ThinkPHP\Library\Think\Db\Driver.class.php 第 596 行.
NOTIC: [8] Undefined offset: 14 D:\XAMPP\htdocs\tushuguanli\ThinkPHP\Library\Think\Db\Driver.class.php 第 597 行.
NOTIC: [8] Undefined offset: 14 D:\XAMPP\htdocs\tushuguanli\ThinkPHP\Library\Think\Db\Driver.class.php 第 600 行.
NOTIC: [8] Undefined offset: 15 D:\XAMPP\htdocs\tushuguanli\ThinkPHP\Library\Think\Db\Driver.class.php 第 596 行.
NOTIC: [8] Undefined offset: 15 D:\XAMPP\htdocs\tushuguanli\ThinkPHP\Library\Think\Db\Driver.class.php 第 596 行.
NOTIC: [8] Undefined offset: 15 D:\XAMPP\htdocs\tushuguanli\ThinkPHP\Library\Think\Db\Driver.class.php 第 597 行.
NOTIC: [8] Undefined offset: 15 D:\XAMPP\htdocs\tushuguanli\ThinkPHP\Library\Think\Db\Driver.class.php 第 600 行.
NOTIC: [8] Undefined offset: 16 D:\XAMPP\htdocs\tushuguanli\ThinkPHP\Library\Think\Db\Driver.class.php 第 596 行.
NOTIC: [8] Undefined offset: 16 D:\XAMPP\htdocs\tushuguanli\ThinkPHP\Library\Think\Db\Driver.class.php 第 596 行.
NOTIC: [8] Undefined offset: 16 D:\XAMPP\htdocs\tushuguanli\ThinkPHP\Library\Think\Db\Driver.class.php 第 597 行.
NOTIC: [8] Undefined offset: 16 D:\XAMPP\htdocs\tushuguanli\ThinkPHP\Library\Think\Db\Driver.class.php 第 600 行.
NOTIC: [8] Undefined offset: 17 D:\XAMPP\htdocs\tushuguanli\ThinkPHP\Library\Think\Db\Driver.class.php 第 596 行.
NOTIC: [8] Undefined offset: 17 D:\XAMPP\htdocs\tushuguanli\ThinkPHP\Library\Think\Db\Driver.class.php 第 596 行.
NOTIC: [8] Undefined offset: 17 D:\XAMPP\htdocs\tushuguanli\ThinkPHP\Library\Think\Db\Driver.class.php 第 597 行.
NOTIC: [8] Undefined offset: 17 D:\XAMPP\htdocs\tushuguanli\ThinkPHP\Library\Think\Db\Driver.class.php 第 600 行.
NOTIC: [8] Undefined offset: 18 D:\XAMPP\htdocs\tushuguanli\ThinkPHP\Library\Think\Db\Driver.class.php 第 596 行.
NOTIC: [8] Undefined offset: 18 D:\XAMPP\htdocs\tushuguanli\ThinkPHP\Library\Think\Db\Driver.class.php 第 596 行.
NOTIC: [8] Undefined offset: 18 D:\XAMPP\htdocs\tushuguanli\ThinkPHP\Library\Think\Db\Driver.class.php 第 597 行.
NOTIC: [8] Undefined offset: 18 D:\XAMPP\htdocs\tushuguanli\ThinkPHP\Library\Think\Db\Driver.class.php 第 600 行.
NOTIC: [8] Undefined offset: 19 D:\XAMPP\htdocs\tushuguanli\ThinkPHP\Library\Think\Db\Driver.class.php 第 596 行.
NOTIC: [8] Undefined offset: 19 D:\XAMPP\htdocs\tushuguanli\ThinkPHP\Library\Think\Db\Driver.class.php 第 596 行.
NOTIC: [8] Undefined offset: 19 D:\XAMPP\htdocs\tushuguanli\ThinkPHP\Library\Think\Db\Driver.class.php 第 597 行.
NOTIC: [8] Undefined offset: 19 D:\XAMPP\htdocs\tushuguanli\ThinkPHP\Library\Think\Db\Driver.class.php 第 600 行.
NOTIC: [8] Undefined offset: 20 D:\XAMPP\htdocs\tushuguanli\ThinkPHP\Library\Think\Db\Driver.class.php 第 596 行.
NOTIC: [8] Undefined offset: 20 D:\XAMPP\htdocs\tushuguanli\ThinkPHP\Library\Think\Db\Driver.class.php 第 596 行.
NOTIC: [8] Undefined offset: 20 D:\XAMPP\htdocs\tushuguanli\ThinkPHP\Library\Think\Db\Driver.class.php 第 597 行.
NOTIC: [8] Undefined offset: 20 D:\XAMPP\htdocs\tushuguanli\ThinkPHP\Library\Think\Db\Driver.class.php 第 600 行.
SQL: SELECT * FROM `book_volume` WHERE ( `parent` = null AND `parent` = null AND `parent` = null AND `parent` = null AND `parent` = null AND `parent` = null AND `parent` = null AND `parent` = null AND `parent` = null AND `parent` = null AND `parent` = null AND `parent` = null AND `parent` = null AND `parent` = null AND `parent` = null AND `parent` = null AND `parent` = null AND `parent` = null AND `parent` = null AND `parent` = null AND `parent` = null  ) LIMIT 1   [ RunTime:0.0000s ]
SQL: SELECT * FROM `book_book` WHERE `id` = 1 LIMIT 1   [ RunTime:0.0000s ]
SQL: SELECT * FROM `book_type` WHERE ( 1=1 AND id='1' ) LIMIT 1   [ RunTime:0.0000s ]
SQL: SELECT * FROM `book_press` WHERE ( 1=1 AND id='1' ) LIMIT 1   [ RunTime:0.0000s ]
SQL: SELECT * FROM `book_admin` WHERE ( 1=1 AND id='1' ) LIMIT 1   [ RunTime:0.0000s ]
SQL: SELECT * FROM `book_libary` WHERE ( 1=1 AND id='1' ) LIMIT 1   [ RunTime:0.0010s ]
SQL: SELECT * FROM `book_book_tag` WHERE `book` = 1  [ RunTime:0.0000s ]
NOTIC: [8] Undefined offset: 0 D:\XAMPP\htdocs\tushuguanli\ThinkPHP\Library\Think\Db\Driver.class.php 第 550 行.
NOTIC: [8] Undefined offset: 0 D:\XAMPP\htdocs\tushuguanli\ThinkPHP\Library\Think\Db\Driver.class.php 第 596 行.
NOTIC: [8] Undefined offset: 0 D:\XAMPP\htdocs\tushuguanli\ThinkPHP\Library\Think\Db\Driver.class.php 第 596 行.
NOTIC: [8] Undefined offset: 0 D:\XAMPP\htdocs\tushuguanli\ThinkPHP\Library\Think\Db\Driver.class.php 第 597 行.
NOTIC: [8] Undefined offset: 0 D:\XAMPP\htdocs\tushuguanli\ThinkPHP\Library\Think\Db\Driver.class.php 第 600 行.
NOTIC: [8] Undefined offset: 1 D:\XAMPP\htdocs\tushuguanli\ThinkPHP\Library\Think\Db\Driver.class.php 第 596 行.
NOTIC: [8] Undefined offset: 1 D:\XAMPP\htdocs\tushuguanli\ThinkPHP\Library\Think\Db\Driver.class.php 第 596 行.
NOTIC: [8] Undefined offset: 1 D:\XAMPP\htdocs\tushuguanli\ThinkPHP\Library\Think\Db\Driver.class.php 第 597 行.
NOTIC: [8] Undefined offset: 1 D:\XAMPP\htdocs\tushuguanli\ThinkPHP\Library\Think\Db\Driver.class.php 第 600 行.
NOTIC: [8] Undefined offset: 2 D:\XAMPP\htdocs\tushuguanli\ThinkPHP\Library\Think\Db\Driver.class.php 第 596 行.
NOTIC: [8] Undefined offset: 2 D:\XAMPP\htdocs\tushuguanli\ThinkPHP\Library\Think\Db\Driver.class.php 第 596 行.
NOTIC: [8] Undefined offset: 2 D:\XAMPP\htdocs\tushuguanli\ThinkPHP\Library\Think\Db\Driver.class.php 第 597 行.
NOTIC: [8] Undefined offset: 2 D:\XAMPP\htdocs\tushuguanli\ThinkPHP\Library\Think\Db\Driver.class.php 第 600 行.
NOTIC: [8] Undefined offset: 3 D:\XAMPP\htdocs\tushuguanli\ThinkPHP\Library\Think\Db\Driver.class.php 第 596 行.
NOTIC: [8] Undefined offset: 3 D:\XAMPP\htdocs\tushuguanli\ThinkPHP\Library\Think\Db\Driver.class.php 第 596 行.
NOTIC: [8] Undefined offset: 3 D:\XAMPP\htdocs\tushuguanli\ThinkPHP\Library\Think\Db\Driver.class.php 第 597 行.
NOTIC: [8] Undefined offset: 3 D:\XAMPP\htdocs\tushuguanli\ThinkPHP\Library\Think\Db\Driver.class.php 第 600 行.
NOTIC: [8] Undefined offset: 4 D:\XAMPP\htdocs\tushuguanli\ThinkPHP\Library\Think\Db\Driver.class.php 第 596 行.
NOTIC: [8] Undefined offset: 4 D:\XAMPP\htdocs\tushuguanli\ThinkPHP\Library\Think\Db\Driver.class.php 第 596 行.
NOTIC: [8] Undefined offset: 4 D:\XAMPP\htdocs\tushuguanli\ThinkPHP\Library\Think\Db\Driver.class.php 第 597 行.
NOTIC: [8] Undefined offset: 4 D:\XAMPP\htdocs\tushuguanli\ThinkPHP\Library\Think\Db\Driver.class.php 第 600 行.
NOTIC: [8] Undefined offset: 5 D:\XAMPP\htdocs\tushuguanli\ThinkPHP\Library\Think\Db\Driver.class.php 第 596 行.
NOTIC: [8] Undefined offset: 5 D:\XAMPP\htdocs\tushuguanli\ThinkPHP\Library\Think\Db\Driver.class.php 第 596 行.
NOTIC: [8] Undefined offset: 5 D:\XAMPP\htdocs\tushuguanli\ThinkPHP\Library\Think\Db\Driver.class.php 第 597 行.
NOTIC: [8] Undefined offset: 5 D:\XAMPP\htdocs\tushuguanli\ThinkPHP\Library\Think\Db\Driver.class.php 第 600 行.
NOTIC: [8] Undefined offset: 6 D:\XAMPP\htdocs\tushuguanli\ThinkPHP\Library\Think\Db\Driver.class.php 第 596 行.
NOTIC: [8] Undefined offset: 6 D:\XAMPP\htdocs\tushuguanli\ThinkPHP\Library\Think\Db\Driver.class.php 第 596 行.
NOTIC: [8] Undefined offset: 6 D:\XAMPP\htdocs\tushuguanli\ThinkPHP\Library\Think\Db\Driver.class.php 第 597 行.
NOTIC: [8] Undefined offset: 6 D:\XAMPP\htdocs\tushuguanli\ThinkPHP\Library\Think\Db\Driver.class.php 第 600 行.
NOTIC: [8] Undefined offset: 7 D:\XAMPP\htdocs\tushuguanli\ThinkPHP\Library\Think\Db\Driver.class.php 第 596 行.
NOTIC: [8] Undefined offset: 7 D:\XAMPP\htdocs\tushuguanli\ThinkPHP\Library\Think\Db\Driver.class.php 第 596 行.
NOTIC: [8] Undefined offset: 7 D:\XAMPP\htdocs\tushuguanli\ThinkPHP\Library\Think\Db\Driver.class.php 第 597 行.
NOTIC: [8] Undefined offset: 7 D:\XAMPP\htdocs\tushuguanli\ThinkPHP\Library\Think\Db\Driver.class.php 第 600 行.
NOTIC: [8] Undefined offset: 8 D:\XAMPP\htdocs\tushuguanli\ThinkPHP\Library\Think\Db\Driver.class.php 第 596 行.
NOTIC: [8] Undefined offset: 8 D:\XAMPP\htdocs\tushuguanli\ThinkPHP\Library\Think\Db\Driver.class.php 第 596 行.
NOTIC: [8] Undefined offset: 8 D:\XAMPP\htdocs\tushuguanli\ThinkPHP\Library\Think\Db\Driver.class.php 第 597 行.
NOTIC: [8] Undefined offset: 8 D:\XAMPP\htdocs\tushuguanli\ThinkPHP\Library\Think\Db\Driver.class.php 第 600 行.
NOTIC: [8] Undefined offset: 9 D:\XAMPP\htdocs\tushuguanli\ThinkPHP\Library\Think\Db\Driver.class.php 第 596 行.
NOTIC: [8] Undefined offset: 9 D:\XAMPP\htdocs\tushuguanli\ThinkPHP\Library\Think\Db\Driver.class.php 第 596 行.
NOTIC: [8] Undefined offset: 9 D:\XAMPP\htdocs\tushuguanli\ThinkPHP\Library\Think\Db\Driver.class.php 第 597 行.
NOTIC: [8] Undefined offset: 9 D:\XAMPP\htdocs\tushuguanli\ThinkPHP\Library\Think\Db\Driver.class.php 第 600 行.
NOTIC: [8] Undefined offset: 10 D:\XAMPP\htdocs\tushuguanli\ThinkPHP\Library\Think\Db\Driver.class.php 第 596 行.
NOTIC: [8] Undefined offset: 10 D:\XAMPP\htdocs\tushuguanli\ThinkPHP\Library\Think\Db\Driver.class.php 第 596 行.
NOTIC: [8] Undefined offset: 10 D:\XAMPP\htdocs\tushuguanli\ThinkPHP\Library\Think\Db\Driver.class.php 第 597 行.
NOTIC: [8] Undefined offset: 10 D:\XAMPP\htdocs\tushuguanli\ThinkPHP\Library\Think\Db\Driver.class.php 第 600 行.
NOTIC: [8] Undefined offset: 11 D:\XAMPP\htdocs\tushuguanli\ThinkPHP\Library\Think\Db\Driver.class.php 第 596 行.
NOTIC: [8] Undefined offset: 11 D:\XAMPP\htdocs\tushuguanli\ThinkPHP\Library\Think\Db\Driver.class.php 第 596 行.
NOTIC: [8] Undefined offset: 11 D:\XAMPP\htdocs\tushuguanli\ThinkPHP\Library\Think\Db\Driver.class.php 第 597 行.
NOTIC: [8] Undefined offset: 11 D:\XAMPP\htdocs\tushuguanli\ThinkPHP\Library\Think\Db\Driver.class.php 第 600 行.
NOTIC: [8] Undefined offset: 12 D:\XAMPP\htdocs\tushuguanli\ThinkPHP\Library\Think\Db\Driver.class.php 第 596 行.
NOTIC: [8] Undefined offset: 12 D:\XAMPP\htdocs\tushuguanli\ThinkPHP\Library\Think\Db\Driver.class.php 第 596 行.
NOTIC: [8] Undefined offset: 12 D:\XAMPP\htdocs\tushuguanli\ThinkPHP\Library\Think\Db\Driver.class.php 第 597 行.
NOTIC: [8] Undefined offset: 12 D:\XAMPP\htdocs\tushuguanli\ThinkPHP\Library\Think\Db\Driver.class.php 第 600 行.
NOTIC: [8] Undefined offset: 13 D:\XAMPP\htdocs\tushuguanli\ThinkPHP\Library\Think\Db\Driver.class.php 第 596 行.
NOTIC: [8] Undefined offset: 13 D:\XAMPP\htdocs\tushuguanli\ThinkPHP\Library\Think\Db\Driver.class.php 第 596 行.
NOTIC: [8] Undefined offset: 13 D:\XAMPP\htdocs\tushuguanli\ThinkPHP\Library\Think\Db\Driver.class.php 第 597 行.
NOTIC: [8] Undefined offset: 13 D:\XAMPP\htdocs\tushuguanli\ThinkPHP\Library\Think\Db\Driver.class.php 第 600 行.
NOTIC: [8] Undefined offset: 14 D:\XAMPP\htdocs\tushuguanli\ThinkPHP\Library\Think\Db\Driver.class.php 第 596 行.
NOTIC: [8] Undefined offset: 14 D:\XAMPP\htdocs\tushuguanli\ThinkPHP\Library\Think\Db\Driver.class.php 第 596 行.
NOTIC: [8] Undefined offset: 14 D:\XAMPP\htdocs\tushuguanli\ThinkPHP\Library\Think\Db\Driver.class.php 第 597 行.
NOTIC: [8] Undefined offset: 14 D:\XAMPP\htdocs\tushuguanli\ThinkPHP\Library\Think\Db\Driver.class.php 第 600 行.
NOTIC: [8] Undefined offset: 15 D:\XAMPP\htdocs\tushuguanli\ThinkPHP\Library\Think\Db\Driver.class.php 第 596 行.
NOTIC: [8] Undefined offset: 15 D:\XAMPP\htdocs\tushuguanli\ThinkPHP\Library\Think\Db\Driver.class.php 第 596 行.
NOTIC: [8] Undefined offset: 15 D:\XAMPP\htdocs\tushuguanli\ThinkPHP\Library\Think\Db\Driver.class.php 第 597 行.
NOTIC: [8] Undefined offset: 15 D:\XAMPP\htdocs\tushuguanli\ThinkPHP\Library\Think\Db\Driver.class.php 第 600 行.
NOTIC: [8] Undefined offset: 16 D:\XAMPP\htdocs\tushuguanli\ThinkPHP\Library\Think\Db\Driver.class.php 第 596 行.
NOTIC: [8] Undefined offset: 16 D:\XAMPP\htdocs\tushuguanli\ThinkPHP\Library\Think\Db\Driver.class.php 第 596 行.
NOTIC: [8] Undefined offset: 16 D:\XAMPP\htdocs\tushuguanli\ThinkPHP\Library\Think\Db\Driver.class.php 第 597 行.
NOTIC: [8] Undefined offset: 16 D:\XAMPP\htdocs\tushuguanli\ThinkPHP\Library\Think\Db\Driver.class.php 第 600 行.
NOTIC: [8] Undefined offset: 17 D:\XAMPP\htdocs\tushuguanli\ThinkPHP\Library\Think\Db\Driver.class.php 第 596 行.
NOTIC: [8] Undefined offset: 17 D:\XAMPP\htdocs\tushuguanli\ThinkPHP\Library\Think\Db\Driver.class.php 第 596 行.
NOTIC: [8] Undefined offset: 17 D:\XAMPP\htdocs\tushuguanli\ThinkPHP\Library\Think\Db\Driver.class.php 第 597 行.
NOTIC: [8] Undefined offset: 17 D:\XAMPP\htdocs\tushuguanli\ThinkPHP\Library\Think\Db\Driver.class.php 第 600 行.
NOTIC: [8] Undefined offset: 18 D:\XAMPP\htdocs\tushuguanli\ThinkPHP\Library\Think\Db\Driver.class.php 第 596 行.
NOTIC: [8] Undefined offset: 18 D:\XAMPP\htdocs\tushuguanli\ThinkPHP\Library\Think\Db\Driver.class.php 第 596 行.
NOTIC: [8] Undefined offset: 18 D:\XAMPP\htdocs\tushuguanli\ThinkPHP\Library\Think\Db\Driver.class.php 第 597 行.
NOTIC: [8] Undefined offset: 18 D:\XAMPP\htdocs\tushuguanli\ThinkPHP\Library\Think\Db\Driver.class.php 第 600 行.
NOTIC: [8] Undefined offset: 19 D:\XAMPP\htdocs\tushuguanli\ThinkPHP\Library\Think\Db\Driver.class.php 第 596 行.
NOTIC: [8] Undefined offset: 19 D:\XAMPP\htdocs\tushuguanli\ThinkPHP\Library\Think\Db\Driver.class.php 第 596 行.
NOTIC: [8] Undefined offset: 19 D:\XAMPP\htdocs\tushuguanli\ThinkPHP\Library\Think\Db\Driver.class.php 第 597 行.
NOTIC: [8] Undefined offset: 19 D:\XAMPP\htdocs\tushuguanli\ThinkPHP\Library\Think\Db\Driver.class.php 第 600 行.
NOTIC: [8] Undefined offset: 20 D:\XAMPP\htdocs\tushuguanli\ThinkPHP\Library\Think\Db\Driver.class.php 第 596 行.
NOTIC: [8] Undefined offset: 20 D:\XAMPP\htdocs\tushuguanli\ThinkPHP\Library\Think\Db\Driver.class.php 第 596 行.
NOTIC: [8] Undefined offset: 20 D:\XAMPP\htdocs\tushuguanli\ThinkPHP\Library\Think\Db\Driver.class.php 第 597 行.
NOTIC: [8] Undefined offset: 20 D:\XAMPP\htdocs\tushuguanli\ThinkPHP\Library\Think\Db\Driver.class.php 第 600 行.
SQL: SELECT * FROM `book_volume` WHERE ( `parent` = null AND `parent` = null AND `parent` = null AND `parent` = null AND `parent` = null AND `parent` = null AND `parent` = null AND `parent` = null AND `parent` = null AND `parent` = null AND `parent` = null AND `parent` = null AND `parent` = null AND `parent` = null AND `parent` = null AND `parent` = null AND `parent` = null AND `parent` = null AND `parent` = null AND `parent` = null AND `parent` = null  ) LIMIT 1   [ RunTime:0.0010s ]
SQL: SELECT * FROM `book_book` WHERE `id` = 1 LIMIT 1   [ RunTime:0.0000s ]
SQL: SELECT * FROM `book_type` WHERE ( 1=1 AND id='1' ) LIMIT 1   [ RunTime:0.0000s ]
SQL: SELECT * FROM `book_press` WHERE ( 1=1 AND id='1' ) LIMIT 1   [ RunTime:0.0000s ]
SQL: SELECT * FROM `book_admin` WHERE ( 1=1 AND id='1' ) LIMIT 1   [ RunTime:0.0000s ]
SQL: SELECT * FROM `book_libary` WHERE ( 1=1 AND id='1' ) LIMIT 1   [ RunTime:0.0000s ]
SQL: SELECT * FROM `book_book_tag` WHERE `book` = 1  [ RunTime:0.0000s ]
NOTIC: [8] Undefined offset: 0 D:\XAMPP\htdocs\tushuguanli\ThinkPHP\Library\Think\Db\Driver.class.php 第 550 行.
NOTIC: [8] Undefined offset: 0 D:\XAMPP\htdocs\tushuguanli\ThinkPHP\Library\Think\Db\Driver.class.php 第 596 行.
NOTIC: [8] Undefined offset: 0 D:\XAMPP\htdocs\tushuguanli\ThinkPHP\Library\Think\Db\Driver.class.php 第 596 行.
NOTIC: [8] Undefined offset: 0 D:\XAMPP\htdocs\tushuguanli\ThinkPHP\Library\Think\Db\Driver.class.php 第 597 行.
NOTIC: [8] Undefined offset: 0 D:\XAMPP\htdocs\tushuguanli\ThinkPHP\Library\Think\Db\Driver.class.php 第 600 行.
NOTIC: [8] Undefined offset: 1 D:\XAMPP\htdocs\tushuguanli\ThinkPHP\Library\Think\Db\Driver.class.php 第 596 行.
NOTIC: [8] Undefined offset: 1 D:\XAMPP\htdocs\tushuguanli\ThinkPHP\Library\Think\Db\Driver.class.php 第 596 行.
NOTIC: [8] Undefined offset: 1 D:\XAMPP\htdocs\tushuguanli\ThinkPHP\Library\Think\Db\Driver.class.php 第 597 行.
NOTIC: [8] Undefined offset: 1 D:\XAMPP\htdocs\tushuguanli\ThinkPHP\Library\Think\Db\Driver.class.php 第 600 行.
NOTIC: [8] Undefined offset: 2 D:\XAMPP\htdocs\tushuguanli\ThinkPHP\Library\Think\Db\Driver.class.php 第 596 行.
NOTIC: [8] Undefined offset: 2 D:\XAMPP\htdocs\tushuguanli\ThinkPHP\Library\Think\Db\Driver.class.php 第 596 行.
NOTIC: [8] Undefined offset: 2 D:\XAMPP\htdocs\tushuguanli\ThinkPHP\Library\Think\Db\Driver.class.php 第 597 行.
NOTIC: [8] Undefined offset: 2 D:\XAMPP\htdocs\tushuguanli\ThinkPHP\Library\Think\Db\Driver.class.php 第 600 行.
NOTIC: [8] Undefined offset: 3 D:\XAMPP\htdocs\tushuguanli\ThinkPHP\Library\Think\Db\Driver.class.php 第 596 行.
NOTIC: [8] Undefined offset: 3 D:\XAMPP\htdocs\tushuguanli\ThinkPHP\Library\Think\Db\Driver.class.php 第 596 行.
NOTIC: [8] Undefined offset: 3 D:\XAMPP\htdocs\tushuguanli\ThinkPHP\Library\Think\Db\Driver.class.php 第 597 行.
NOTIC: [8] Undefined offset: 3 D:\XAMPP\htdocs\tushuguanli\ThinkPHP\Library\Think\Db\Driver.class.php 第 600 行.
NOTIC: [8] Undefined offset: 4 D:\XAMPP\htdocs\tushuguanli\ThinkPHP\Library\Think\Db\Driver.class.php 第 596 行.
NOTIC: [8] Undefined offset: 4 D:\XAMPP\htdocs\tushuguanli\ThinkPHP\Library\Think\Db\Driver.class.php 第 596 行.
NOTIC: [8] Undefined offset: 4 D:\XAMPP\htdocs\tushuguanli\ThinkPHP\Library\Think\Db\Driver.class.php 第 597 行.
NOTIC: [8] Undefined offset: 4 D:\XAMPP\htdocs\tushuguanli\ThinkPHP\Library\Think\Db\Driver.class.php 第 600 行.
NOTIC: [8] Undefined offset: 5 D:\XAMPP\htdocs\tushuguanli\ThinkPHP\Library\Think\Db\Driver.class.php 第 596 行.
NOTIC: [8] Undefined offset: 5 D:\XAMPP\htdocs\tushuguanli\ThinkPHP\Library\Think\Db\Driver.class.php 第 596 行.
NOTIC: [8] Undefined offset: 5 D:\XAMPP\htdocs\tushuguanli\ThinkPHP\Library\Think\Db\Driver.class.php 第 597 行.
NOTIC: [8] Undefined offset: 5 D:\XAMPP\htdocs\tushuguanli\ThinkPHP\Library\Think\Db\Driver.class.php 第 600 行.
NOTIC: [8] Undefined offset: 6 D:\XAMPP\htdocs\tushuguanli\ThinkPHP\Library\Think\Db\Driver.class.php 第 596 行.
NOTIC: [8] Undefined offset: 6 D:\XAMPP\htdocs\tushuguanli\ThinkPHP\Library\Think\Db\Driver.class.php 第 596 行.
NOTIC: [8] Undefined offset: 6 D:\XAMPP\htdocs\tushuguanli\ThinkPHP\Library\Think\Db\Driver.class.php 第 597 行.
NOTIC: [8] Undefined offset: 6 D:\XAMPP\htdocs\tushuguanli\ThinkPHP\Library\Think\Db\Driver.class.php 第 600 行.
NOTIC: [8] Undefined offset: 7 D:\XAMPP\htdocs\tushuguanli\ThinkPHP\Library\Think\Db\Driver.class.php 第 596 行.
NOTIC: [8] Undefined offset: 7 D:\XAMPP\htdocs\tushuguanli\ThinkPHP\Library\Think\Db\Driver.class.php 第 596 行.
NOTIC: [8] Undefined offset: 7 D:\XAMPP\htdocs\tushuguanli\ThinkPHP\Library\Think\Db\Driver.class.php 第 597 行.
NOTIC: [8] Undefined offset: 7 D:\XAMPP\htdocs\tushuguanli\ThinkPHP\Library\Think\Db\Driver.class.php 第 600 行.
NOTIC: [8] Undefined offset: 8 D:\XAMPP\htdocs\tushuguanli\ThinkPHP\Library\Think\Db\Driver.class.php 第 596 行.
NOTIC: [8] Undefined offset: 8 D:\XAMPP\htdocs\tushuguanli\ThinkPHP\Library\Think\Db\Driver.class.php 第 596 行.
NOTIC: [8] Undefined offset: 8 D:\XAMPP\htdocs\tushuguanli\ThinkPHP\Library\Think\Db\Driver.class.php 第 597 行.
NOTIC: [8] Undefined offset: 8 D:\XAMPP\htdocs\tushuguanli\ThinkPHP\Library\Think\Db\Driver.class.php 第 600 行.
NOTIC: [8] Undefined offset: 9 D:\XAMPP\htdocs\tushuguanli\ThinkPHP\Library\Think\Db\Driver.class.php 第 596 行.
NOTIC: [8] Undefined offset: 9 D:\XAMPP\htdocs\tushuguanli\ThinkPHP\Library\Think\Db\Driver.class.php 第 596 行.
NOTIC: [8] Undefined offset: 9 D:\XAMPP\htdocs\tushuguanli\ThinkPHP\Library\Think\Db\Driver.class.php 第 597 行.
NOTIC: [8] Undefined offset: 9 D:\XAMPP\htdocs\tushuguanli\ThinkPHP\Library\Think\Db\Driver.class.php 第 600 行.
NOTIC: [8] Undefined offset: 10 D:\XAMPP\htdocs\tushuguanli\ThinkPHP\Library\Think\Db\Driver.class.php 第 596 行.
NOTIC: [8] Undefined offset: 10 D:\XAMPP\htdocs\tushuguanli\ThinkPHP\Library\Think\Db\Driver.class.php 第 596 行.
NOTIC: [8] Undefined offset: 10 D:\XAMPP\htdocs\tushuguanli\ThinkPHP\Library\Think\Db\Driver.class.php 第 597 行.
NOTIC: [8] Undefined offset: 10 D:\XAMPP\htdocs\tushuguanli\ThinkPHP\Library\Think\Db\Driver.class.php 第 600 行.
NOTIC: [8] Undefined offset: 11 D:\XAMPP\htdocs\tushuguanli\ThinkPHP\Library\Think\Db\Driver.class.php 第 596 行.
NOTIC: [8] Undefined offset: 11 D:\XAMPP\htdocs\tushuguanli\ThinkPHP\Library\Think\Db\Driver.class.php 第 596 行.
NOTIC: [8] Undefined offset: 11 D:\XAMPP\htdocs\tushuguanli\ThinkPHP\Library\Think\Db\Driver.class.php 第 597 行.
NOTIC: [8] Undefined offset: 11 D:\XAMPP\htdocs\tushuguanli\ThinkPHP\Library\Think\Db\Driver.class.php 第 600 行.
NOTIC: [8] Undefined offset: 12 D:\XAMPP\htdocs\tushuguanli\ThinkPHP\Library\Think\Db\Driver.class.php 第 596 行.
NOTIC: [8] Undefined offset: 12 D:\XAMPP\htdocs\tushuguanli\ThinkPHP\Library\Think\Db\Driver.class.php 第 596 行.
NOTIC: [8] Undefined offset: 12 D:\XAMPP\htdocs\tushuguanli\ThinkPHP\Library\Think\Db\Driver.class.php 第 597 行.
NOTIC: [8] Undefined offset: 12 D:\XAMPP\htdocs\tushuguanli\ThinkPHP\Library\Think\Db\Driver.class.php 第 600 行.
NOTIC: [8] Undefined offset: 13 D:\XAMPP\htdocs\tushuguanli\ThinkPHP\Library\Think\Db\Driver.class.php 第 596 行.
NOTIC: [8] Undefined offset: 13 D:\XAMPP\htdocs\tushuguanli\ThinkPHP\Library\Think\Db\Driver.class.php 第 596 行.
NOTIC: [8] Undefined offset: 13 D:\XAMPP\htdocs\tushuguanli\ThinkPHP\Library\Think\Db\Driver.class.php 第 597 行.
NOTIC: [8] Undefined offset: 13 D:\XAMPP\htdocs\tushuguanli\ThinkPHP\Library\Think\Db\Driver.class.php 第 600 行.
NOTIC: [8] Undefined offset: 14 D:\XAMPP\htdocs\tushuguanli\ThinkPHP\Library\Think\Db\Driver.class.php 第 596 行.
NOTIC: [8] Undefined offset: 14 D:\XAMPP\htdocs\tushuguanli\ThinkPHP\Library\Think\Db\Driver.class.php 第 596 行.
NOTIC: [8] Undefined offset: 14 D:\XAMPP\htdocs\tushuguanli\ThinkPHP\Library\Think\Db\Driver.class.php 第 597 行.
NOTIC: [8] Undefined offset: 14 D:\XAMPP\htdocs\tushuguanli\ThinkPHP\Library\Think\Db\Driver.class.php 第 600 行.
NOTIC: [8] Undefined offset: 15 D:\XAMPP\htdocs\tushuguanli\ThinkPHP\Library\Think\Db\Driver.class.php 第 596 行.
NOTIC: [8] Undefined offset: 15 D:\XAMPP\htdocs\tushuguanli\ThinkPHP\Library\Think\Db\Driver.class.php 第 596 行.
NOTIC: [8] Undefined offset: 15 D:\XAMPP\htdocs\tushuguanli\ThinkPHP\Library\Think\Db\Driver.class.php 第 597 行.
NOTIC: [8] Undefined offset: 15 D:\XAMPP\htdocs\tushuguanli\ThinkPHP\Library\Think\Db\Driver.class.php 第 600 行.
NOTIC: [8] Undefined offset: 16 D:\XAMPP\htdocs\tushuguanli\ThinkPHP\Library\Think\Db\Driver.class.php 第 596 行.
NOTIC: [8] Undefined offset: 16 D:\XAMPP\htdocs\tushuguanli\ThinkPHP\Library\Think\Db\Driver.class.php 第 596 行.
NOTIC: [8] Undefined offset: 16 D:\XAMPP\htdocs\tushuguanli\ThinkPHP\Library\Think\Db\Driver.class.php 第 597 行.
NOTIC: [8] Undefined offset: 16 D:\XAMPP\htdocs\tushuguanli\ThinkPHP\Library\Think\Db\Driver.class.php 第 600 行.
NOTIC: [8] Undefined offset: 17 D:\XAMPP\htdocs\tushuguanli\ThinkPHP\Library\Think\Db\Driver.class.php 第 596 行.
NOTIC: [8] Undefined offset: 17 D:\XAMPP\htdocs\tushuguanli\ThinkPHP\Library\Think\Db\Driver.class.php 第 596 行.
NOTIC: [8] Undefined offset: 17 D:\XAMPP\htdocs\tushuguanli\ThinkPHP\Library\Think\Db\Driver.class.php 第 597 行.
NOTIC: [8] Undefined offset: 17 D:\XAMPP\htdocs\tushuguanli\ThinkPHP\Library\Think\Db\Driver.class.php 第 600 行.
NOTIC: [8] Undefined offset: 18 D:\XAMPP\htdocs\tushuguanli\ThinkPHP\Library\Think\Db\Driver.class.php 第 596 行.
NOTIC: [8] Undefined offset: 18 D:\XAMPP\htdocs\tushuguanli\ThinkPHP\Library\Think\Db\Driver.class.php 第 596 行.
NOTIC: [8] Undefined offset: 18 D:\XAMPP\htdocs\tushuguanli\ThinkPHP\Library\Think\Db\Driver.class.php 第 597 行.
NOTIC: [8] Undefined offset: 18 D:\XAMPP\htdocs\tushuguanli\ThinkPHP\Library\Think\Db\Driver.class.php 第 600 行.
NOTIC: [8] Undefined offset: 19 D:\XAMPP\htdocs\tushuguanli\ThinkPHP\Library\Think\Db\Driver.class.php 第 596 行.
NOTIC: [8] Undefined offset: 19 D:\XAMPP\htdocs\tushuguanli\ThinkPHP\Library\Think\Db\Driver.class.php 第 596 行.
NOTIC: [8] Undefined offset: 19 D:\XAMPP\htdocs\tushuguanli\ThinkPHP\Library\Think\Db\Driver.class.php 第 597 行.
NOTIC: [8] Undefined offset: 19 D:\XAMPP\htdocs\tushuguanli\ThinkPHP\Library\Think\Db\Driver.class.php 第 600 行.
NOTIC: [8] Undefined offset: 20 D:\XAMPP\htdocs\tushuguanli\ThinkPHP\Library\Think\Db\Driver.class.php 第 596 行.
NOTIC: [8] Undefined offset: 20 D:\XAMPP\htdocs\tushuguanli\ThinkPHP\Library\Think\Db\Driver.class.php 第 596 行.
NOTIC: [8] Undefined offset: 20 D:\XAMPP\htdocs\tushuguanli\ThinkPHP\Library\Think\Db\Driver.class.php 第 597 行.
NOTIC: [8] Undefined offset: 20 D:\XAMPP\htdocs\tushuguanli\ThinkPHP\Library\Think\Db\Driver.class.php 第 600 行.
SQL: SELECT * FROM `book_volume` WHERE ( `parent` = null AND `parent` = null AND `parent` = null AND `parent` = null AND `parent` = null AND `parent` = null AND `parent` = null AND `parent` = null AND `parent` = null AND `parent` = null AND `parent` = null AND `parent` = null AND `parent` = null AND `parent` = null AND `parent` = null AND `parent` = null AND `parent` = null AND `parent` = null AND `parent` = null AND `parent` = null AND `parent` = null  ) LIMIT 1   [ RunTime:0.0000s ]
SQL: SELECT * FROM `book_book` WHERE `id` = 1 LIMIT 1   [ RunTime:0.0000s ]
SQL: SELECT * FROM `book_type` WHERE ( 1=1 AND id='1' ) LIMIT 1   [ RunTime:0.0000s ]
SQL: SELECT * FROM `book_press` WHERE ( 1=1 AND id='1' ) LIMIT 1   [ RunTime:0.0000s ]
SQL: SELECT * FROM `book_admin` WHERE ( 1=1 AND id='1' ) LIMIT 1   [ RunTime:0.0000s ]
SQL: SELECT * FROM `book_libary` WHERE ( 1=1 AND id='1' ) LIMIT 1   [ RunTime:0.0000s ]
SQL: SELECT * FROM `book_book_tag` WHERE `book` = 1  [ RunTime:0.0000s ]
NOTIC: [8] Undefined offset: 0 D:\XAMPP\htdocs\tushuguanli\ThinkPHP\Library\Think\Db\Driver.class.php 第 550 行.
NOTIC: [8] Undefined offset: 0 D:\XAMPP\htdocs\tushuguanli\ThinkPHP\Library\Think\Db\Driver.class.php 第 596 行.
NOTIC: [8] Undefined offset: 0 D:\XAMPP\htdocs\tushuguanli\ThinkPHP\Library\Think\Db\Driver.class.php 第 596 行.
NOTIC: [8] Undefined offset: 0 D:\XAMPP\htdocs\tushuguanli\ThinkPHP\Library\Think\Db\Driver.class.php 第 597 行.
NOTIC: [8] Undefined offset: 0 D:\XAMPP\htdocs\tushuguanli\ThinkPHP\Library\Think\Db\Driver.class.php 第 600 行.
NOTIC: [8] Undefined offset: 1 D:\XAMPP\htdocs\tushuguanli\ThinkPHP\Library\Think\Db\Driver.class.php 第 596 行.
NOTIC: [8] Undefined offset: 1 D:\XAMPP\htdocs\tushuguanli\ThinkPHP\Library\Think\Db\Driver.class.php 第 596 行.
NOTIC: [8] Undefined offset: 1 D:\XAMPP\htdocs\tushuguanli\ThinkPHP\Library\Think\Db\Driver.class.php 第 597 行.
NOTIC: [8] Undefined offset: 1 D:\XAMPP\htdocs\tushuguanli\ThinkPHP\Library\Think\Db\Driver.class.php 第 600 行.
NOTIC: [8] Undefined offset: 2 D:\XAMPP\htdocs\tushuguanli\ThinkPHP\Library\Think\Db\Driver.class.php 第 596 行.
NOTIC: [8] Undefined offset: 2 D:\XAMPP\htdocs\tushuguanli\ThinkPHP\Library\Think\Db\Driver.class.php 第 596 行.
NOTIC: [8] Undefined offset: 2 D:\XAMPP\htdocs\tushuguanli\ThinkPHP\Library\Think\Db\Driver.class.php 第 597 行.
NOTIC: [8] Undefined offset: 2 D:\XAMPP\htdocs\tushuguanli\ThinkPHP\Library\Think\Db\Driver.class.php 第 600 行.
NOTIC: [8] Undefined offset: 3 D:\XAMPP\htdocs\tushuguanli\ThinkPHP\Library\Think\Db\Driver.class.php 第 596 行.
NOTIC: [8] Undefined offset: 3 D:\XAMPP\htdocs\tushuguanli\ThinkPHP\Library\Think\Db\Driver.class.php 第 596 行.
NOTIC: [8] Undefined offset: 3 D:\XAMPP\htdocs\tushuguanli\ThinkPHP\Library\Think\Db\Driver.class.php 第 597 行.
NOTIC: [8] Undefined offset: 3 D:\XAMPP\htdocs\tushuguanli\ThinkPHP\Library\Think\Db\Driver.class.php 第 600 行.
NOTIC: [8] Undefined offset: 4 D:\XAMPP\htdocs\tushuguanli\ThinkPHP\Library\Think\Db\Driver.class.php 第 596 行.
NOTIC: [8] Undefined offset: 4 D:\XAMPP\htdocs\tushuguanli\ThinkPHP\Library\Think\Db\Driver.class.php 第 596 行.
NOTIC: [8] Undefined offset: 4 D:\XAMPP\htdocs\tushuguanli\ThinkPHP\Library\Think\Db\Driver.class.php 第 597 行.
NOTIC: [8] Undefined offset: 4 D:\XAMPP\htdocs\tushuguanli\ThinkPHP\Library\Think\Db\Driver.class.php 第 600 行.
NOTIC: [8] Undefined offset: 5 D:\XAMPP\htdocs\tushuguanli\ThinkPHP\Library\Think\Db\Driver.class.php 第 596 行.
NOTIC: [8] Undefined offset: 5 D:\XAMPP\htdocs\tushuguanli\ThinkPHP\Library\Think\Db\Driver.class.php 第 596 行.
NOTIC: [8] Undefined offset: 5 D:\XAMPP\htdocs\tushuguanli\ThinkPHP\Library\Think\Db\Driver.class.php 第 597 行.
NOTIC: [8] Undefined offset: 5 D:\XAMPP\htdocs\tushuguanli\ThinkPHP\Library\Think\Db\Driver.class.php 第 600 行.
NOTIC: [8] Undefined offset: 6 D:\XAMPP\htdocs\tushuguanli\ThinkPHP\Library\Think\Db\Driver.class.php 第 596 行.
NOTIC: [8] Undefined offset: 6 D:\XAMPP\htdocs\tushuguanli\ThinkPHP\Library\Think\Db\Driver.class.php 第 596 行.
NOTIC: [8] Undefined offset: 6 D:\XAMPP\htdocs\tushuguanli\ThinkPHP\Library\Think\Db\Driver.class.php 第 597 行.
NOTIC: [8] Undefined offset: 6 D:\XAMPP\htdocs\tushuguanli\ThinkPHP\Library\Think\Db\Driver.class.php 第 600 行.
NOTIC: [8] Undefined offset: 7 D:\XAMPP\htdocs\tushuguanli\ThinkPHP\Library\Think\Db\Driver.class.php 第 596 行.
NOTIC: [8] Undefined offset: 7 D:\XAMPP\htdocs\tushuguanli\ThinkPHP\Library\Think\Db\Driver.class.php 第 596 行.
NOTIC: [8] Undefined offset: 7 D:\XAMPP\htdocs\tushuguanli\ThinkPHP\Library\Think\Db\Driver.class.php 第 597 行.
NOTIC: [8] Undefined offset: 7 D:\XAMPP\htdocs\tushuguanli\ThinkPHP\Library\Think\Db\Driver.class.php 第 600 行.
NOTIC: [8] Undefined offset: 8 D:\XAMPP\htdocs\tushuguanli\ThinkPHP\Library\Think\Db\Driver.class.php 第 596 行.
NOTIC: [8] Undefined offset: 8 D:\XAMPP\htdocs\tushuguanli\ThinkPHP\Library\Think\Db\Driver.class.php 第 596 行.
NOTIC: [8] Undefined offset: 8 D:\XAMPP\htdocs\tushuguanli\ThinkPHP\Library\Think\Db\Driver.class.php 第 597 行.
NOTIC: [8] Undefined offset: 8 D:\XAMPP\htdocs\tushuguanli\ThinkPHP\Library\Think\Db\Driver.class.php 第 600 行.
NOTIC: [8] Undefined offset: 9 D:\XAMPP\htdocs\tushuguanli\ThinkPHP\Library\Think\Db\Driver.class.php 第 596 行.
NOTIC: [8] Undefined offset: 9 D:\XAMPP\htdocs\tushuguanli\ThinkPHP\Library\Think\Db\Driver.class.php 第 596 行.
NOTIC: [8] Undefined offset: 9 D:\XAMPP\htdocs\tushuguanli\ThinkPHP\Library\Think\Db\Driver.class.php 第 597 行.
NOTIC: [8] Undefined offset: 9 D:\XAMPP\htdocs\tushuguanli\ThinkPHP\Library\Think\Db\Driver.class.php 第 600 行.
NOTIC: [8] Undefined offset: 10 D:\XAMPP\htdocs\tushuguanli\ThinkPHP\Library\Think\Db\Driver.class.php 第 596 行.
NOTIC: [8] Undefined offset: 10 D:\XAMPP\htdocs\tushuguanli\ThinkPHP\Library\Think\Db\Driver.class.php 第 596 行.
NOTIC: [8] Undefined offset: 10 D:\XAMPP\htdocs\tushuguanli\ThinkPHP\Library\Think\Db\Driver.class.php 第 597 行.
NOTIC: [8] Undefined offset: 10 D:\XAMPP\htdocs\tushuguanli\ThinkPHP\Library\Think\Db\Driver.class.php 第 600 行.
NOTIC: [8] Undefined offset: 11 D:\XAMPP\htdocs\tushuguanli\ThinkPHP\Library\Think\Db\Driver.class.php 第 596 行.
NOTIC: [8] Undefined offset: 11 D:\XAMPP\htdocs\tushuguanli\ThinkPHP\Library\Think\Db\Driver.class.php 第 596 行.
NOTIC: [8] Undefined offset: 11 D:\XAMPP\htdocs\tushuguanli\ThinkPHP\Library\Think\Db\Driver.class.php 第 597 行.
NOTIC: [8] Undefined offset: 11 D:\XAMPP\htdocs\tushuguanli\ThinkPHP\Library\Think\Db\Driver.class.php 第 600 行.
NOTIC: [8] Undefined offset: 12 D:\XAMPP\htdocs\tushuguanli\ThinkPHP\Library\Think\Db\Driver.class.php 第 596 行.
NOTIC: [8] Undefined offset: 12 D:\XAMPP\htdocs\tushuguanli\ThinkPHP\Library\Think\Db\Driver.class.php 第 596 行.
NOTIC: [8] Undefined offset: 12 D:\XAMPP\htdocs\tushuguanli\ThinkPHP\Library\Think\Db\Driver.class.php 第 597 行.
NOTIC: [8] Undefined offset: 12 D:\XAMPP\htdocs\tushuguanli\ThinkPHP\Library\Think\Db\Driver.class.php 第 600 行.
NOTIC: [8] Undefined offset: 13 D:\XAMPP\htdocs\tushuguanli\ThinkPHP\Library\Think\Db\Driver.class.php 第 596 行.
NOTIC: [8] Undefined offset: 13 D:\XAMPP\htdocs\tushuguanli\ThinkPHP\Library\Think\Db\Driver.class.php 第 596 行.
NOTIC: [8] Undefined offset: 13 D:\XAMPP\htdocs\tushuguanli\ThinkPHP\Library\Think\Db\Driver.class.php 第 597 行.
NOTIC: [8] Undefined offset: 13 D:\XAMPP\htdocs\tushuguanli\ThinkPHP\Library\Think\Db\Driver.class.php 第 600 行.
NOTIC: [8] Undefined offset: 14 D:\XAMPP\htdocs\tushuguanli\ThinkPHP\Library\Think\Db\Driver.class.php 第 596 行.
NOTIC: [8] Undefined offset: 14 D:\XAMPP\htdocs\tushuguanli\ThinkPHP\Library\Think\Db\Driver.class.php 第 596 行.
NOTIC: [8] Undefined offset: 14 D:\XAMPP\htdocs\tushuguanli\ThinkPHP\Library\Think\Db\Driver.class.php 第 597 行.
NOTIC: [8] Undefined offset: 14 D:\XAMPP\htdocs\tushuguanli\ThinkPHP\Library\Think\Db\Driver.class.php 第 600 行.
NOTIC: [8] Undefined offset: 15 D:\XAMPP\htdocs\tushuguanli\ThinkPHP\Library\Think\Db\Driver.class.php 第 596 行.
NOTIC: [8] Undefined offset: 15 D:\XAMPP\htdocs\tushuguanli\ThinkPHP\Library\Think\Db\Driver.class.php 第 596 行.
NOTIC: [8] Undefined offset: 15 D:\XAMPP\htdocs\tushuguanli\ThinkPHP\Library\Think\Db\Driver.class.php 第 597 行.
NOTIC: [8] Undefined offset: 15 D:\XAMPP\htdocs\tushuguanli\ThinkPHP\Library\Think\Db\Driver.class.php 第 600 行.
NOTIC: [8] Undefined offset: 16 D:\XAMPP\htdocs\tushuguanli\ThinkPHP\Library\Think\Db\Driver.class.php 第 596 行.
NOTIC: [8] Undefined offset: 16 D:\XAMPP\htdocs\tushuguanli\ThinkPHP\Library\Think\Db\Driver.class.php 第 596 行.
NOTIC: [8] Undefined offset: 16 D:\XAMPP\htdocs\tushuguanli\ThinkPHP\Library\Think\Db\Driver.class.php 第 597 行.
NOTIC: [8] Undefined offset: 16 D:\XAMPP\htdocs\tushuguanli\ThinkPHP\Library\Think\Db\Driver.class.php 第 600 行.
NOTIC: [8] Undefined offset: 17 D:\XAMPP\htdocs\tushuguanli\ThinkPHP\Library\Think\Db\Driver.class.php 第 596 行.
NOTIC: [8] Undefined offset: 17 D:\XAMPP\htdocs\tushuguanli\ThinkPHP\Library\Think\Db\Driver.class.php 第 596 行.
NOTIC: [8] Undefined offset: 17 D:\XAMPP\htdocs\tushuguanli\ThinkPHP\Library\Think\Db\Driver.class.php 第 597 行.
NOTIC: [8] Undefined offset: 17 D:\XAMPP\htdocs\tushuguanli\ThinkPHP\Library\Think\Db\Driver.class.php 第 600 行.
NOTIC: [8] Undefined offset: 18 D:\XAMPP\htdocs\tushuguanli\ThinkPHP\Library\Think\Db\Driver.class.php 第 596 行.
NOTIC: [8] Undefined offset: 18 D:\XAMPP\htdocs\tushuguanli\ThinkPHP\Library\Think\Db\Driver.class.php 第 596 行.
NOTIC: [8] Undefined offset: 18 D:\XAMPP\htdocs\tushuguanli\ThinkPHP\Library\Think\Db\Driver.class.php 第 597 行.
NOTIC: [8] Undefined offset: 18 D:\XAMPP\htdocs\tushuguanli\ThinkPHP\Library\Think\Db\Driver.class.php 第 600 行.
NOTIC: [8] Undefined offset: 19 D:\XAMPP\htdocs\tushuguanli\ThinkPHP\Library\Think\Db\Driver.class.php 第 596 行.
NOTIC: [8] Undefined offset: 19 D:\XAMPP\htdocs\tushuguanli\ThinkPHP\Library\Think\Db\Driver.class.php 第 596 行.
NOTIC: [8] Undefined offset: 19 D:\XAMPP\htdocs\tushuguanli\ThinkPHP\Library\Think\Db\Driver.class.php 第 597 行.
NOTIC: [8] Undefined offset: 19 D:\XAMPP\htdocs\tushuguanli\ThinkPHP\Library\Think\Db\Driver.class.php 第 600 行.
NOTIC: [8] Undefined offset: 20 D:\XAMPP\htdocs\tushuguanli\ThinkPHP\Library\Think\Db\Driver.class.php 第 596 行.
NOTIC: [8] Undefined offset: 20 D:\XAMPP\htdocs\tushuguanli\ThinkPHP\Library\Think\Db\Driver.class.php 第 596 行.
NOTIC: [8] Undefined offset: 20 D:\XAMPP\htdocs\tushuguanli\ThinkPHP\Library\Think\Db\Driver.class.php 第 597 行.
NOTIC: [8] Undefined offset: 20 D:\XAMPP\htdocs\tushuguanli\ThinkPHP\Library\Think\Db\Driver.class.php 第 600 行.
SQL: SELECT * FROM `book_volume` WHERE ( `parent` = null AND `parent` = null AND `parent` = null AND `parent` = null AND `parent` = null AND `parent` = null AND `parent` = null AND `parent` = null AND `parent` = null AND `parent` = null AND `parent` = null AND `parent` = null AND `parent` = null AND `parent` = null AND `parent` = null AND `parent` = null AND `parent` = null AND `parent` = null AND `parent` = null AND `parent` = null AND `parent` = null  ) LIMIT 1   [ RunTime:0.0000s ]
SQL: SELECT * FROM `book_book` WHERE `id` = 1 LIMIT 1   [ RunTime:0.0000s ]
SQL: SELECT * FROM `book_type` WHERE ( 1=1 AND id='1' ) LIMIT 1   [ RunTime:0.0000s ]
SQL: SELECT * FROM `book_press` WHERE ( 1=1 AND id='1' ) LIMIT 1   [ RunTime:0.0000s ]
SQL: SELECT * FROM `book_admin` WHERE ( 1=1 AND id='1' ) LIMIT 1   [ RunTime:0.0000s ]
SQL: SELECT * FROM `book_libary` WHERE ( 1=1 AND id='1' ) LIMIT 1   [ RunTime:0.0000s ]
SQL: SELECT * FROM `book_book_tag` WHERE `book` = 1  [ RunTime:0.0000s ]
NOTIC: [8] Undefined offset: 0 D:\XAMPP\htdocs\tushuguanli\ThinkPHP\Library\Think\Db\Driver.class.php 第 550 行.
NOTIC: [8] Undefined offset: 0 D:\XAMPP\htdocs\tushuguanli\ThinkPHP\Library\Think\Db\Driver.class.php 第 596 行.
NOTIC: [8] Undefined offset: 0 D:\XAMPP\htdocs\tushuguanli\ThinkPHP\Library\Think\Db\Driver.class.php 第 596 行.
NOTIC: [8] Undefined offset: 0 D:\XAMPP\htdocs\tushuguanli\ThinkPHP\Library\Think\Db\Driver.class.php 第 597 行.
NOTIC: [8] Undefined offset: 0 D:\XAMPP\htdocs\tushuguanli\ThinkPHP\Library\Think\Db\Driver.class.php 第 600 行.
NOTIC: [8] Undefined offset: 1 D:\XAMPP\htdocs\tushuguanli\ThinkPHP\Library\Think\Db\Driver.class.php 第 596 行.
NOTIC: [8] Undefined offset: 1 D:\XAMPP\htdocs\tushuguanli\ThinkPHP\Library\Think\Db\Driver.class.php 第 596 行.
NOTIC: [8] Undefined offset: 1 D:\XAMPP\htdocs\tushuguanli\ThinkPHP\Library\Think\Db\Driver.class.php 第 597 行.
NOTIC: [8] Undefined offset: 1 D:\XAMPP\htdocs\tushuguanli\ThinkPHP\Library\Think\Db\Driver.class.php 第 600 行.
NOTIC: [8] Undefined offset: 2 D:\XAMPP\htdocs\tushuguanli\ThinkPHP\Library\Think\Db\Driver.class.php 第 596 行.
NOTIC: [8] Undefined offset: 2 D:\XAMPP\htdocs\tushuguanli\ThinkPHP\Library\Think\Db\Driver.class.php 第 596 行.
NOTIC: [8] Undefined offset: 2 D:\XAMPP\htdocs\tushuguanli\ThinkPHP\Library\Think\Db\Driver.class.php 第 597 行.
NOTIC: [8] Undefined offset: 2 D:\XAMPP\htdocs\tushuguanli\ThinkPHP\Library\Think\Db\Driver.class.php 第 600 行.
NOTIC: [8] Undefined offset: 3 D:\XAMPP\htdocs\tushuguanli\ThinkPHP\Library\Think\Db\Driver.class.php 第 596 行.
NOTIC: [8] Undefined offset: 3 D:\XAMPP\htdocs\tushuguanli\ThinkPHP\Library\Think\Db\Driver.class.php 第 596 行.
NOTIC: [8] Undefined offset: 3 D:\XAMPP\htdocs\tushuguanli\ThinkPHP\Library\Think\Db\Driver.class.php 第 597 行.
NOTIC: [8] Undefined offset: 3 D:\XAMPP\htdocs\tushuguanli\ThinkPHP\Library\Think\Db\Driver.class.php 第 600 行.
NOTIC: [8] Undefined offset: 4 D:\XAMPP\htdocs\tushuguanli\ThinkPHP\Library\Think\Db\Driver.class.php 第 596 行.
NOTIC: [8] Undefined offset: 4 D:\XAMPP\htdocs\tushuguanli\ThinkPHP\Library\Think\Db\Driver.class.php 第 596 行.
NOTIC: [8] Undefined offset: 4 D:\XAMPP\htdocs\tushuguanli\ThinkPHP\Library\Think\Db\Driver.class.php 第 597 行.
NOTIC: [8] Undefined offset: 4 D:\XAMPP\htdocs\tushuguanli\ThinkPHP\Library\Think\Db\Driver.class.php 第 600 行.
NOTIC: [8] Undefined offset: 5 D:\XAMPP\htdocs\tushuguanli\ThinkPHP\Library\Think\Db\Driver.class.php 第 596 行.
NOTIC: [8] Undefined offset: 5 D:\XAMPP\htdocs\tushuguanli\ThinkPHP\Library\Think\Db\Driver.class.php 第 596 行.
NOTIC: [8] Undefined offset: 5 D:\XAMPP\htdocs\tushuguanli\ThinkPHP\Library\Think\Db\Driver.class.php 第 597 行.
NOTIC: [8] Undefined offset: 5 D:\XAMPP\htdocs\tushuguanli\ThinkPHP\Library\Think\Db\Driver.class.php 第 600 行.
NOTIC: [8] Undefined offset: 6 D:\XAMPP\htdocs\tushuguanli\ThinkPHP\Library\Think\Db\Driver.class.php 第 596 行.
NOTIC: [8] Undefined offset: 6 D:\XAMPP\htdocs\tushuguanli\ThinkPHP\Library\Think\Db\Driver.class.php 第 596 行.
NOTIC: [8] Undefined offset: 6 D:\XAMPP\htdocs\tushuguanli\ThinkPHP\Library\Think\Db\Driver.class.php 第 597 行.
NOTIC: [8] Undefined offset: 6 D:\XAMPP\htdocs\tushuguanli\ThinkPHP\Library\Think\Db\Driver.class.php 第 600 行.
NOTIC: [8] Undefined offset: 7 D:\XAMPP\htdocs\tushuguanli\ThinkPHP\Library\Think\Db\Driver.class.php 第 596 行.
NOTIC: [8] Undefined offset: 7 D:\XAMPP\htdocs\tushuguanli\ThinkPHP\Library\Think\Db\Driver.class.php 第 596 行.
NOTIC: [8] Undefined offset: 7 D:\XAMPP\htdocs\tushuguanli\ThinkPHP\Library\Think\Db\Driver.class.php 第 597 行.
NOTIC: [8] Undefined offset: 7 D:\XAMPP\htdocs\tushuguanli\ThinkPHP\Library\Think\Db\Driver.class.php 第 600 行.
NOTIC: [8] Undefined offset: 8 D:\XAMPP\htdocs\tushuguanli\ThinkPHP\Library\Think\Db\Driver.class.php 第 596 行.
NOTIC: [8] Undefined offset: 8 D:\XAMPP\htdocs\tushuguanli\ThinkPHP\Library\Think\Db\Driver.class.php 第 596 行.
NOTIC: [8] Undefined offset: 8 D:\XAMPP\htdocs\tushuguanli\ThinkPHP\Library\Think\Db\Driver.class.php 第 597 行.
NOTIC: [8] Undefined offset: 8 D:\XAMPP\htdocs\tushuguanli\ThinkPHP\Library\Think\Db\Driver.class.php 第 600 行.
NOTIC: [8] Undefined offset: 9 D:\XAMPP\htdocs\tushuguanli\ThinkPHP\Library\Think\Db\Driver.class.php 第 596 行.
NOTIC: [8] Undefined offset: 9 D:\XAMPP\htdocs\tushuguanli\ThinkPHP\Library\Think\Db\Driver.class.php 第 596 行.
NOTIC: [8] Undefined offset: 9 D:\XAMPP\htdocs\tushuguanli\ThinkPHP\Library\Think\Db\Driver.class.php 第 597 行.
NOTIC: [8] Undefined offset: 9 D:\XAMPP\htdocs\tushuguanli\ThinkPHP\Library\Think\Db\Driver.class.php 第 600 行.
NOTIC: [8] Undefined offset: 10 D:\XAMPP\htdocs\tushuguanli\ThinkPHP\Library\Think\Db\Driver.class.php 第 596 行.
NOTIC: [8] Undefined offset: 10 D:\XAMPP\htdocs\tushuguanli\ThinkPHP\Library\Think\Db\Driver.class.php 第 596 行.
NOTIC: [8] Undefined offset: 10 D:\XAMPP\htdocs\tushuguanli\ThinkPHP\Library\Think\Db\Driver.class.php 第 597 行.
NOTIC: [8] Undefined offset: 10 D:\XAMPP\htdocs\tushuguanli\ThinkPHP\Library\Think\Db\Driver.class.php 第 600 行.
NOTIC: [8] Undefined offset: 11 D:\XAMPP\htdocs\tushuguanli\ThinkPHP\Library\Think\Db\Driver.class.php 第 596 行.
NOTIC: [8] Undefined offset: 11 D:\XAMPP\htdocs\tushuguanli\ThinkPHP\Library\Think\Db\Driver.class.php 第 596 行.
NOTIC: [8] Undefined offset: 11 D:\XAMPP\htdocs\tushuguanli\ThinkPHP\Library\Think\Db\Driver.class.php 第 597 行.
NOTIC: [8] Undefined offset: 11 D:\XAMPP\htdocs\tushuguanli\ThinkPHP\Library\Think\Db\Driver.class.php 第 600 行.
NOTIC: [8] Undefined offset: 12 D:\XAMPP\htdocs\tushuguanli\ThinkPHP\Library\Think\Db\Driver.class.php 第 596 行.
NOTIC: [8] Undefined offset: 12 D:\XAMPP\htdocs\tushuguanli\ThinkPHP\Library\Think\Db\Driver.class.php 第 596 行.
NOTIC: [8] Undefined offset: 12 D:\XAMPP\htdocs\tushuguanli\ThinkPHP\Library\Think\Db\Driver.class.php 第 597 行.
NOTIC: [8] Undefined offset: 12 D:\XAMPP\htdocs\tushuguanli\ThinkPHP\Library\Think\Db\Driver.class.php 第 600 行.
NOTIC: [8] Undefined offset: 13 D:\XAMPP\htdocs\tushuguanli\ThinkPHP\Library\Think\Db\Driver.class.php 第 596 行.
NOTIC: [8] Undefined offset: 13 D:\XAMPP\htdocs\tushuguanli\ThinkPHP\Library\Think\Db\Driver.class.php 第 596 行.
NOTIC: [8] Undefined offset: 13 D:\XAMPP\htdocs\tushuguanli\ThinkPHP\Library\Think\Db\Driver.class.php 第 597 行.
NOTIC: [8] Undefined offset: 13 D:\XAMPP\htdocs\tushuguanli\ThinkPHP\Library\Think\Db\Driver.class.php 第 600 行.
NOTIC: [8] Undefined offset: 14 D:\XAMPP\htdocs\tushuguanli\ThinkPHP\Library\Think\Db\Driver.class.php 第 596 行.
NOTIC: [8] Undefined offset: 14 D:\XAMPP\htdocs\tushuguanli\ThinkPHP\Library\Think\Db\Driver.class.php 第 596 行.
NOTIC: [8] Undefined offset: 14 D:\XAMPP\htdocs\tushuguanli\ThinkPHP\Library\Think\Db\Driver.class.php 第 597 行.
NOTIC: [8] Undefined offset: 14 D:\XAMPP\htdocs\tushuguanli\ThinkPHP\Library\Think\Db\Driver.class.php 第 600 行.
NOTIC: [8] Undefined offset: 15 D:\XAMPP\htdocs\tushuguanli\ThinkPHP\Library\Think\Db\Driver.class.php 第 596 行.
NOTIC: [8] Undefined offset: 15 D:\XAMPP\htdocs\tushuguanli\ThinkPHP\Library\Think\Db\Driver.class.php 第 596 行.
NOTIC: [8] Undefined offset: 15 D:\XAMPP\htdocs\tushuguanli\ThinkPHP\Library\Think\Db\Driver.class.php 第 597 行.
NOTIC: [8] Undefined offset: 15 D:\XAMPP\htdocs\tushuguanli\ThinkPHP\Library\Think\Db\Driver.class.php 第 600 行.
NOTIC: [8] Undefined offset: 16 D:\XAMPP\htdocs\tushuguanli\ThinkPHP\Library\Think\Db\Driver.class.php 第 596 行.
NOTIC: [8] Undefined offset: 16 D:\XAMPP\htdocs\tushuguanli\ThinkPHP\Library\Think\Db\Driver.class.php 第 596 行.
NOTIC: [8] Undefined offset: 16 D:\XAMPP\htdocs\tushuguanli\ThinkPHP\Library\Think\Db\Driver.class.php 第 597 行.
NOTIC: [8] Undefined offset: 16 D:\XAMPP\htdocs\tushuguanli\ThinkPHP\Library\Think\Db\Driver.class.php 第 600 行.
NOTIC: [8] Undefined offset: 17 D:\XAMPP\htdocs\tushuguanli\ThinkPHP\Library\Think\Db\Driver.class.php 第 596 行.
NOTIC: [8] Undefined offset: 17 D:\XAMPP\htdocs\tushuguanli\ThinkPHP\Library\Think\Db\Driver.class.php 第 596 行.
NOTIC: [8] Undefined offset: 17 D:\XAMPP\htdocs\tushuguanli\ThinkPHP\Library\Think\Db\Driver.class.php 第 597 行.
NOTIC: [8] Undefined offset: 17 D:\XAMPP\htdocs\tushuguanli\ThinkPHP\Library\Think\Db\Driver.class.php 第 600 行.
NOTIC: [8] Undefined offset: 18 D:\XAMPP\htdocs\tushuguanli\ThinkPHP\Library\Think\Db\Driver.class.php 第 596 行.
NOTIC: [8] Undefined offset: 18 D:\XAMPP\htdocs\tushuguanli\ThinkPHP\Library\Think\Db\Driver.class.php 第 596 行.
NOTIC: [8] Undefined offset: 18 D:\XAMPP\htdocs\tushuguanli\ThinkPHP\Library\Think\Db\Driver.class.php 第 597 行.
NOTIC: [8] Undefined offset: 18 D:\XAMPP\htdocs\tushuguanli\ThinkPHP\Library\Think\Db\Driver.class.php 第 600 行.
NOTIC: [8] Undefined offset: 19 D:\XAMPP\htdocs\tushuguanli\ThinkPHP\Library\Think\Db\Driver.class.php 第 596 行.
NOTIC: [8] Undefined offset: 19 D:\XAMPP\htdocs\tushuguanli\ThinkPHP\Library\Think\Db\Driver.class.php 第 596 行.
NOTIC: [8] Undefined offset: 19 D:\XAMPP\htdocs\tushuguanli\ThinkPHP\Library\Think\Db\Driver.class.php 第 597 行.
NOTIC: [8] Undefined offset: 19 D:\XAMPP\htdocs\tushuguanli\ThinkPHP\Library\Think\Db\Driver.class.php 第 600 行.
NOTIC: [8] Undefined offset: 20 D:\XAMPP\htdocs\tushuguanli\ThinkPHP\Library\Think\Db\Driver.class.php 第 596 行.
NOTIC: [8] Undefined offset: 20 D:\XAMPP\htdocs\tushuguanli\ThinkPHP\Library\Think\Db\Driver.class.php 第 596 行.
NOTIC: [8] Undefined offset: 20 D:\XAMPP\htdocs\tushuguanli\ThinkPHP\Library\Think\Db\Driver.class.php 第 597 行.
NOTIC: [8] Undefined offset: 20 D:\XAMPP\htdocs\tushuguanli\ThinkPHP\Library\Think\Db\Driver.class.php 第 600 行.
SQL: SELECT * FROM `book_volume` WHERE ( `parent` = null AND `parent` = null AND `parent` = null AND `parent` = null AND `parent` = null AND `parent` = null AND `parent` = null AND `parent` = null AND `parent` = null AND `parent` = null AND `parent` = null AND `parent` = null AND `parent` = null AND `parent` = null AND `parent` = null AND `parent` = null AND `parent` = null AND `parent` = null AND `parent` = null AND `parent` = null AND `parent` = null  ) LIMIT 1   [ RunTime:0.0000s ]
INFO: [ app_end ] --START--
INFO: Run Behavior\ShowPageTraceBehavior [ RunTime:0.001000s ]
INFO: [ app_end ] --END-- [ RunTime:0.001000s ]

[ 2017-05-12T11:00:04+08:00 ] ::1 /tushuguanli/API/verify
INFO: [ app_init ] --START--
INFO: Run Behavior\BuildLiteBehavior [ RunTime:0.000000s ]
INFO: [ app_init ] --END-- [ RunTime:0.001000s ]
INFO: [ app_begin ] --START--
INFO: Run Behavior\ReadHtmlCacheBehavior [ RunTime:0.001000s ]
INFO: [ app_begin ] --END-- [ RunTime:0.001000s ]
INFO: [ app_end ] --START--
INFO: Run Behavior\ShowPageTraceBehavior [ RunTime:0.001000s ]
INFO: [ app_end ] --END-- [ RunTime:0.001000s ]

[ 2017-05-12T11:00:09+08:00 ] ::1 /tushuguanli/API/login/login
INFO: [ app_init ] --START--
INFO: Run Behavior\BuildLiteBehavior [ RunTime:0.000000s ]
INFO: [ app_init ] --END-- [ RunTime:0.000000s ]
INFO: [ app_begin ] --START--
INFO: Run Behavior\ReadHtmlCacheBehavior [ RunTime:0.001000s ]
INFO: [ app_begin ] --END-- [ RunTime:0.001000s ]
SQL: SHOW COLUMNS FROM `book_admin` [ RunTime:0.0030s ]
SQL: SELECT * FROM `book_admin` WHERE `login` = 'admin' LIMIT 1   [ RunTime:0.0000s ]
SQL: SHOW COLUMNS FROM `book_admin_classified` [ RunTime:0.0020s ]
SQL: SELECT * FROM `book_admin_classified` WHERE `admin` = 1 LIMIT 1   [ RunTime:0.0000s ]
NOTIC: [8] Undefined index: statusLock D:\XAMPP\htdocs\tushuguanli\Application\API\Controller\LoginController.class.php 第 29 行.
SQL: UPDATE `book_admin` SET `code`='0a3df70393993583a13c0dd6686f3f32' WHERE `id` = 1 [ RunTime:0.1050s ]
INFO: [ app_end ] --START--
INFO: Run Behavior\ShowPageTraceBehavior [ RunTime:0.002000s ]
INFO: [ app_end ] --END-- [ RunTime:0.002000s ]

[ 2017-05-12T15:52:15+08:00 ] ::1 /tushuguanli/API/verify
INFO: [ app_init ] --START--
INFO: Run Behavior\BuildLiteBehavior [ RunTime:0.000000s ]
INFO: [ app_init ] --END-- [ RunTime:0.000000s ]
INFO: [ app_begin ] --START--
INFO: Run Behavior\ReadHtmlCacheBehavior [ RunTime:0.000000s ]
INFO: [ app_begin ] --END-- [ RunTime:0.000000s ]
INFO: [ app_end ] --START--
INFO: Run Behavior\ShowPageTraceBehavior [ RunTime:0.001000s ]
INFO: [ app_end ] --END-- [ RunTime:0.001000s ]

[ 2017-05-12T15:52:23+08:00 ] ::1 /tushuguanli/API/login/login
INFO: [ app_init ] --START--
INFO: Run Behavior\BuildLiteBehavior [ RunTime:0.000000s ]
INFO: [ app_init ] --END-- [ RunTime:0.000000s ]
INFO: [ app_begin ] --START--
INFO: Run Behavior\ReadHtmlCacheBehavior [ RunTime:0.000000s ]
INFO: [ app_begin ] --END-- [ RunTime:0.000000s ]
SQL: SHOW COLUMNS FROM `book_admin` [ RunTime:0.0020s ]
SQL: SELECT * FROM `book_admin` WHERE `login` = 'admin' LIMIT 1   [ RunTime:0.0000s ]
SQL: SHOW COLUMNS FROM `book_admin_classified` [ RunTime:0.0020s ]
SQL: SELECT * FROM `book_admin_classified` WHERE `admin` = 1 LIMIT 1   [ RunTime:0.0000s ]
NOTIC: [2] mkdir(): File exists D:\XAMPP\htdocs\tushuguanli\Application\Common\Common\function.php 第 89 行.
NOTIC: [8] Undefined offset: 1 D:\XAMPP\htdocs\tushuguanli\Application\Common\Common\function.php 第 90 行.
NOTIC: [8] Undefined index: statusLock D:\XAMPP\htdocs\tushuguanli\Application\API\Controller\LoginController.class.php 第 29 行.
SQL: UPDATE `book_admin` SET `code`='101951fe7ebe7bd8c77d14f75746b4bc' WHERE `id` = 1 [ RunTime:0.0510s ]
INFO: [ app_end ] --START--
INFO: Run Behavior\ShowPageTraceBehavior [ RunTime:0.000000s ]
INFO: [ app_end ] --END-- [ RunTime:0.000000s ]

[ 2017-05-12T15:52:23+08:00 ] ::1 /tushuguanli/API/verify
INFO: [ app_init ] --START--
INFO: Run Behavior\BuildLiteBehavior [ RunTime:0.000000s ]
INFO: [ app_init ] --END-- [ RunTime:0.000000s ]
INFO: [ app_begin ] --START--
INFO: Run Behavior\ReadHtmlCacheBehavior [ RunTime:0.000000s ]
INFO: [ app_begin ] --END-- [ RunTime:0.000000s ]
INFO: [ app_end ] --START--
INFO: Run Behavior\ShowPageTraceBehavior [ RunTime:0.001000s ]
INFO: [ app_end ] --END-- [ RunTime:0.001000s ]

[ 2017-05-12T15:52:29+08:00 ] ::1 /tushuguanli/API/login/login
INFO: [ app_init ] --START--
INFO: Run Behavior\BuildLiteBehavior [ RunTime:0.000000s ]
INFO: [ app_init ] --END-- [ RunTime:0.000000s ]
INFO: [ app_begin ] --START--
INFO: Run Behavior\ReadHtmlCacheBehavior [ RunTime:0.001000s ]
INFO: [ app_begin ] --END-- [ RunTime:0.001000s ]
INFO: [ app_end ] --START--
INFO: Run Behavior\ShowPageTraceBehavior [ RunTime:0.001000s ]
INFO: [ app_end ] --END-- [ RunTime:0.001000s ]

[ 2017-05-12T15:52:30+08:00 ] ::1 /tushuguanli/API/verify
INFO: [ app_init ] --START--
INFO: Run Behavior\BuildLiteBehavior [ RunTime:0.000000s ]
INFO: [ app_init ] --END-- [ RunTime:0.000000s ]
INFO: [ app_begin ] --START--
INFO: Run Behavior\ReadHtmlCacheBehavior [ RunTime:0.001000s ]
INFO: [ app_begin ] --END-- [ RunTime:0.001000s ]
INFO: [ app_end ] --START--
INFO: Run Behavior\ShowPageTraceBehavior [ RunTime:0.001000s ]
INFO: [ app_end ] --END-- [ RunTime:0.001000s ]

[ 2017-05-12T15:52:32+08:00 ] ::1 /tushuguanli/API/login/login
INFO: [ app_init ] --START--
INFO: Run Behavior\BuildLiteBehavior [ RunTime:0.000000s ]
INFO: [ app_init ] --END-- [ RunTime:0.001000s ]
INFO: [ app_begin ] --START--
INFO: Run Behavior\ReadHtmlCacheBehavior [ RunTime:0.001000s ]
INFO: [ app_begin ] --END-- [ RunTime:0.001000s ]
SQL: SHOW COLUMNS FROM `book_admin` [ RunTime:0.0020s ]
NOTIC: [8] Undefined index: statusLock D:\XAMPP\htdocs\tushuguanli\Application\API\Controller\LoginController.class.php 第 29 行.
SQL: UPDATE `book_admin` SET `code`='29d74915e1b323676bfc28f91b3c4802' WHERE `id` = 1 [ RunTime:0.0440s ]
INFO: [ app_end ] --START--
INFO: Run Behavior\ShowPageTraceBehavior [ RunTime:0.000000s ]
INFO: [ app_end ] --END-- [ RunTime:0.000000s ]

[ 2017-05-12T15:52:32+08:00 ] ::1 /tushuguanli/API/verify
INFO: [ app_init ] --START--
INFO: Run Behavior\BuildLiteBehavior [ RunTime:0.000000s ]
INFO: [ app_init ] --END-- [ RunTime:0.001000s ]
INFO: [ app_begin ] --START--
INFO: Run Behavior\ReadHtmlCacheBehavior [ RunTime:0.001000s ]
INFO: [ app_begin ] --END-- [ RunTime:0.001000s ]
INFO: [ app_end ] --START--
INFO: Run Behavior\ShowPageTraceBehavior [ RunTime:0.001000s ]
INFO: [ app_end ] --END-- [ RunTime:0.001000s ]

[ 2017-05-12T15:52:51+08:00 ] ::1 /tushuguanli/API/login/login
INFO: [ app_init ] --START--
INFO: Run Behavior\BuildLiteBehavior [ RunTime:0.000000s ]
INFO: [ app_init ] --END-- [ RunTime:0.001000s ]
INFO: [ app_begin ] --START--
INFO: Run Behavior\ReadHtmlCacheBehavior [ RunTime:0.000000s ]
INFO: [ app_begin ] --END-- [ RunTime:0.000000s ]
SQL: SHOW COLUMNS FROM `book_admin` [ RunTime:0.0020s ]
NOTIC: [8] Undefined index: statusLock D:\XAMPP\htdocs\tushuguanli\Application\API\Controller\LoginController.class.php 第 29 行.
SQL: UPDATE `book_admin` SET `code`='1f9b616faddedc02339603f3b37d196c' WHERE `id` = 1 [ RunTime:0.0710s ]
INFO: [ app_end ] --START--
INFO: Run Behavior\ShowPageTraceBehavior [ RunTime:0.001000s ]
INFO: [ app_end ] --END-- [ RunTime:0.001000s ]

[ 2017-05-12T15:52:51+08:00 ] ::1 /tushuguanli/API/verify
INFO: [ app_init ] --START--
INFO: Run Behavior\BuildLiteBehavior [ RunTime:0.000000s ]
INFO: [ app_init ] --END-- [ RunTime:0.000000s ]
INFO: [ app_begin ] --START--
INFO: Run Behavior\ReadHtmlCacheBehavior [ RunTime:0.000000s ]
INFO: [ app_begin ] --END-- [ RunTime:0.000000s ]
INFO: [ app_end ] --START--
INFO: Run Behavior\ShowPageTraceBehavior [ RunTime:0.000000s ]
INFO: [ app_end ] --END-- [ RunTime:0.000000s ]

[ 2017-05-12T15:53:01+08:00 ] ::1 /tushuguanli/API/verify
INFO: [ app_init ] --START--
INFO: Run Behavior\BuildLiteBehavior [ RunTime:0.000000s ]
INFO: [ app_init ] --END-- [ RunTime:0.000000s ]
INFO: [ app_begin ] --START--
INFO: Run Behavior\ReadHtmlCacheBehavior [ RunTime:0.001000s ]
INFO: [ app_begin ] --END-- [ RunTime:0.001000s ]
INFO: [ app_end ] --START--
INFO: Run Behavior\ShowPageTraceBehavior [ RunTime:0.001000s ]
INFO: [ app_end ] --END-- [ RunTime:0.001000s ]

[ 2017-05-12T15:53:04+08:00 ] ::1 /tushuguanli/API/verify
INFO: [ app_init ] --START--
INFO: Run Behavior\BuildLiteBehavior [ RunTime:0.000000s ]
INFO: [ app_init ] --END-- [ RunTime:0.000000s ]
INFO: [ app_begin ] --START--
INFO: Run Behavior\ReadHtmlCacheBehavior [ RunTime:0.000000s ]
INFO: [ app_begin ] --END-- [ RunTime:0.000000s ]
INFO: [ app_end ] --START--
INFO: Run Behavior\ShowPageTraceBehavior [ RunTime:0.000000s ]
INFO: [ app_end ] --END-- [ RunTime:0.000000s ]

[ 2017-05-12T15:53:30+08:00 ] ::1 /tushuguanli/API/login/login
INFO: [ app_init ] --START--
INFO: Run Behavior\BuildLiteBehavior [ RunTime:0.000000s ]
INFO: [ app_init ] --END-- [ RunTime:0.000000s ]
INFO: [ app_begin ] --START--
INFO: Run Behavior\ReadHtmlCacheBehavior [ RunTime:0.001000s ]
INFO: [ app_begin ] --END-- [ RunTime:0.001000s ]
SQL: SHOW COLUMNS FROM `book_admin` [ RunTime:0.0020s ]
SQL: SELECT * FROM `book_admin` WHERE `login` = 'admin' LIMIT 1   [ RunTime:0.0010s ]
SQL: SHOW COLUMNS FROM `book_admin_classified` [ RunTime:0.0020s ]
SQL: SELECT * FROM `book_admin_classified` WHERE `admin` = 1 LIMIT 1   [ RunTime:0.0000s ]
NOTIC: [8] Undefined index: statusLock D:\XAMPP\htdocs\tushuguanli\Application\API\Controller\LoginController.class.php 第 29 行.
SQL: UPDATE `book_admin` SET `code`='2b763288faedb7707c0748abe015ab6c' WHERE `id` = 1 [ RunTime:0.0550s ]
INFO: [ app_end ] --START--
INFO: Run Behavior\ShowPageTraceBehavior [ RunTime:0.002001s ]
INFO: [ app_end ] --END-- [ RunTime:0.002001s ]

[ 2017-05-12T15:53:30+08:00 ] ::1 /tushuguanli/API/verify
INFO: [ app_init ] --START--
INFO: Run Behavior\BuildLiteBehavior [ RunTime:0.000000s ]
INFO: [ app_init ] --END-- [ RunTime:0.000000s ]
INFO: [ app_begin ] --START--
INFO: Run Behavior\ReadHtmlCacheBehavior [ RunTime:0.000000s ]
INFO: [ app_begin ] --END-- [ RunTime:0.000000s ]
INFO: [ app_end ] --START--
INFO: Run Behavior\ShowPageTraceBehavior [ RunTime:0.000000s ]
INFO: [ app_end ] --END-- [ RunTime:0.000000s ]

[ 2017-05-12T15:56:30+08:00 ] ::1 /tushuguanli/API/verify
INFO: [ app_init ] --START--
INFO: Run Behavior\BuildLiteBehavior [ RunTime:0.000000s ]
INFO: [ app_init ] --END-- [ RunTime:0.001000s ]
INFO: [ app_begin ] --START--
INFO: Run Behavior\ReadHtmlCacheBehavior [ RunTime:0.000000s ]
INFO: [ app_begin ] --END-- [ RunTime:0.000000s ]
INFO: [ app_end ] --START--
INFO: Run Behavior\ShowPageTraceBehavior [ RunTime:0.001000s ]
INFO: [ app_end ] --END-- [ RunTime:0.001000s ]

[ 2017-05-12T15:56:43+08:00 ] ::1 /tushuguanli/API/login/login
INFO: [ app_init ] --START--
INFO: Run Behavior\BuildLiteBehavior [ RunTime:0.000000s ]
INFO: [ app_init ] --END-- [ RunTime:0.001000s ]
INFO: [ app_begin ] --START--
INFO: Run Behavior\ReadHtmlCacheBehavior [ RunTime:0.000000s ]
INFO: [ app_begin ] --END-- [ RunTime:0.000000s ]
SQL: SHOW COLUMNS FROM `book_admin` [ RunTime:0.0020s ]
SQL: SELECT * FROM `book_admin` WHERE `login` = 'admin' LIMIT 1   [ RunTime:0.0010s ]
SQL: SHOW COLUMNS FROM `book_admin_classified` [ RunTime:0.0020s ]
SQL: SELECT * FROM `book_admin_classified` WHERE `admin` = 1 LIMIT 1   [ RunTime:0.0000s ]
NOTIC: [8] Undefined index: statusLock D:\XAMPP\htdocs\tushuguanli\Application\API\Controller\LoginController.class.php 第 29 行.
SQL: UPDATE `book_admin` SET `code`='05b8caaf6ba6f4bdb68675ab8b893bda' WHERE `id` = 1 [ RunTime:0.1060s ]
INFO: [ app_end ] --START--
INFO: Run Behavior\ShowPageTraceBehavior [ RunTime:0.001000s ]
INFO: [ app_end ] --END-- [ RunTime:0.001000s ]

[ 2017-05-12T15:58:18+08:00 ] ::1 /tushuguanli/API/login/login
INFO: [ app_init ] --START--
INFO: Run Behavior\BuildLiteBehavior [ RunTime:0.000000s ]
INFO: [ app_init ] --END-- [ RunTime:0.000000s ]
INFO: [ app_begin ] --START--
INFO: Run Behavior\ReadHtmlCacheBehavior [ RunTime:0.001001s ]
INFO: [ app_begin ] --END-- [ RunTime:0.001001s ]
INFO: [ app_end ] --START--
INFO: Run Behavior\ShowPageTraceBehavior [ RunTime:0.001000s ]
INFO: [ app_end ] --END-- [ RunTime:0.001000s ]

[ 2017-05-12T15:58:20+08:00 ] ::1 /tushuguanli/API/verify
INFO: [ app_init ] --START--
INFO: Run Behavior\BuildLiteBehavior [ RunTime:0.000000s ]
INFO: [ app_init ] --END-- [ RunTime:0.000000s ]
INFO: [ app_begin ] --START--
INFO: Run Behavior\ReadHtmlCacheBehavior [ RunTime:0.001000s ]
INFO: [ app_begin ] --END-- [ RunTime:0.001000s ]
INFO: [ app_end ] --START--
INFO: Run Behavior\ShowPageTraceBehavior [ RunTime:0.001000s ]
INFO: [ app_end ] --END-- [ RunTime:0.001000s ]

[ 2017-05-12T15:58:25+08:00 ] ::1 /tushuguanli/API/login/login
INFO: [ app_init ] --START--
INFO: Run Behavior\BuildLiteBehavior [ RunTime:0.000000s ]
INFO: [ app_init ] --END-- [ RunTime:0.000000s ]
INFO: [ app_begin ] --START--
INFO: Run Behavior\ReadHtmlCacheBehavior [ RunTime:0.001000s ]
INFO: [ app_begin ] --END-- [ RunTime:0.001000s ]
SQL: SHOW COLUMNS FROM `book_admin` [ RunTime:0.0020s ]
SQL: SELECT * FROM `book_admin` WHERE `login` = 'admin' LIMIT 1   [ RunTime:0.0000s ]
SQL: SHOW COLUMNS FROM `book_admin_classified` [ RunTime:0.0010s ]
SQL: SELECT * FROM `book_admin_classified` WHERE `admin` = 1 LIMIT 1   [ RunTime:0.0000s ]
NOTIC: [8] Undefined index: statusLock D:\XAMPP\htdocs\tushuguanli\Application\API\Controller\LoginController.class.php 第 29 行.
SQL: UPDATE `book_admin` SET `code`='68a15b5278e4f7c4c056df9d5f1d3b1f' WHERE `id` = 1 [ RunTime:0.1090s ]
INFO: [ app_end ] --START--
INFO: Run Behavior\ShowPageTraceBehavior [ RunTime:0.002000s ]
INFO: [ app_end ] --END-- [ RunTime:0.002000s ]

[ 2017-05-12T15:58:25+08:00 ] ::1 /tushuguanli/API/verify
INFO: [ app_init ] --START--
INFO: Run Behavior\BuildLiteBehavior [ RunTime:0.000000s ]
INFO: [ app_init ] --END-- [ RunTime:0.001000s ]
INFO: [ app_begin ] --START--
INFO: Run Behavior\ReadHtmlCacheBehavior [ RunTime:0.001000s ]
INFO: [ app_begin ] --END-- [ RunTime:0.001000s ]
INFO: [ app_end ] --START--
INFO: Run Behavior\ShowPageTraceBehavior [ RunTime:0.001000s ]
INFO: [ app_end ] --END-- [ RunTime:0.001000s ]

[ 2017-05-12T15:59:43+08:00 ] ::1 /tushuguanli/API/login/login
INFO: [ app_init ] --START--
INFO: Run Behavior\BuildLiteBehavior [ RunTime:0.000000s ]
INFO: [ app_init ] --END-- [ RunTime:0.001000s ]
INFO: [ app_begin ] --START--
INFO: Run Behavior\ReadHtmlCacheBehavior [ RunTime:0.001001s ]
INFO: [ app_begin ] --END-- [ RunTime:0.001001s ]
INFO: [ app_end ] --START--
INFO: Run Behavior\ShowPageTraceBehavior [ RunTime:0.001000s ]
INFO: [ app_end ] --END-- [ RunTime:0.001000s ]

[ 2017-05-12T15:59:45+08:00 ] ::1 /tushuguanli/API/verify
INFO: [ app_init ] --START--
INFO: Run Behavior\BuildLiteBehavior [ RunTime:0.000000s ]
INFO: [ app_init ] --END-- [ RunTime:0.000000s ]
INFO: [ app_begin ] --START--
INFO: Run Behavior\ReadHtmlCacheBehavior [ RunTime:0.001001s ]
INFO: [ app_begin ] --END-- [ RunTime:0.001001s ]
INFO: [ app_end ] --START--
INFO: Run Behavior\ShowPageTraceBehavior [ RunTime:0.000000s ]
INFO: [ app_end ] --END-- [ RunTime:0.000000s ]

[ 2017-05-12T15:59:49+08:00 ] ::1 /tushuguanli/API/login/login
INFO: [ app_init ] --START--
INFO: Run Behavior\BuildLiteBehavior [ RunTime:0.000000s ]
INFO: [ app_init ] --END-- [ RunTime:0.000000s ]
INFO: [ app_begin ] --START--
INFO: Run Behavior\ReadHtmlCacheBehavior [ RunTime:0.001000s ]
INFO: [ app_begin ] --END-- [ RunTime:0.001000s ]
SQL: SHOW COLUMNS FROM `book_admin` [ RunTime:0.0020s ]
SQL: SELECT * FROM `book_admin` WHERE `login` = 'admin' LIMIT 1   [ RunTime:0.0000s ]
SQL: SHOW COLUMNS FROM `book_admin_classified` [ RunTime:0.0020s ]
SQL: SELECT * FROM `book_admin_classified` WHERE `admin` = 1 LIMIT 1   [ RunTime:0.0000s ]
NOTIC: [8] Undefined index: statusLock D:\XAMPP\htdocs\tushuguanli\Application\API\Controller\LoginController.class.php 第 29 行.
SQL: UPDATE `book_admin` SET `code`='00a03ec6533ca7f5c644d198d815329c' WHERE `id` = 1 [ RunTime:0.0480s ]
INFO: [ app_end ] --START--
INFO: Run Behavior\ShowPageTraceBehavior [ RunTime:0.001000s ]
INFO: [ app_end ] --END-- [ RunTime:0.001000s ]

