[ 2017-05-13T12:13:01+08:00 ] ::1 /tushuguanli/API/verify
INFO: [ app_init ] --START--
INFO: Run Behavior\BuildLiteBehavior [ RunTime:0.000000s ]
INFO: [ app_init ] --END-- [ RunTime:0.000000s ]
INFO: [ app_begin ] --START--
INFO: Run Behavior\ReadHtmlCacheBehavior [ RunTime:0.001000s ]
INFO: [ app_begin ] --END-- [ RunTime:0.001000s ]
INFO: [ app_end ] --START--
INFO: Run Behavior\ShowPageTraceBehavior [ RunTime:0.001000s ]
INFO: [ app_end ] --END-- [ RunTime:0.001000s ]

[ 2017-05-13T12:13:06+08:00 ] ::1 /tushuguanli/API/login/login
INFO: [ app_init ] --START--
INFO: Run Behavior\BuildLiteBehavior [ RunTime:0.000000s ]
INFO: [ app_init ] --END-- [ RunTime:0.000000s ]
INFO: [ app_begin ] --START--
INFO: Run Behavior\ReadHtmlCacheBehavior [ RunTime:0.000000s ]
INFO: [ app_begin ] --END-- [ RunTime:0.000000s ]
SQL: SHOW COLUMNS FROM `book_admin` [ RunTime:0.0156s ]
SQL: SELECT * FROM `book_admin` WHERE `login` = 'admin' LIMIT 1   [ RunTime:0.0000s ]
SQL: SHOW COLUMNS FROM `book_admin_classified` [ RunTime:0.0156s ]
SQL: SELECT * FROM `book_admin_classified` WHERE `admin` = 1 LIMIT 1   [ RunTime:0.0000s ]
NOTIC: [8] Undefined index: statusLock D:\XAMPP\htdocs\tushuguanli\Application\API\Controller\LoginController.class.php 第 29 行.
SQL: UPDATE `book_admin` SET `code`='58b4095fb5335282cc3fde57c643da38' WHERE `id` = 1 [ RunTime:0.0468s ]
INFO: [ app_end ] --START--
INFO: Run Behavior\ShowPageTraceBehavior [ RunTime:0.000000s ]
INFO: [ app_end ] --END-- [ RunTime:0.000000s ]

[ 2017-05-13T12:13:42+08:00 ] ::1 /tushuguanli/API/book/listVolume
INFO: [ app_init ] --START--
INFO: Run Behavior\BuildLiteBehavior [ RunTime:0.000000s ]
INFO: [ app_init ] --END-- [ RunTime:0.000000s ]
INFO: [ app_begin ] --START--
INFO: Run Behavior\ReadHtmlCacheBehavior [ RunTime:0.001000s ]
INFO: [ app_begin ] --END-- [ RunTime:0.001000s ]
SQL: SHOW COLUMNS FROM `book_volume` [ RunTime:0.0230s ]
SQL: SELECT * FROM `book_volume` WHERE `class` = 'book'  [ RunTime:0.0000s ]
SQL: SHOW COLUMNS FROM `book_book` [ RunTime:0.0230s ]
SQL: SELECT * FROM `book_book` WHERE `id` = 1 LIMIT 1   [ RunTime:0.0000s ]
SQL: SHOW COLUMNS FROM `book_type` [ RunTime:0.0230s ]
SQL: SELECT * FROM `book_type` WHERE ( 1=1 AND id='1' ) LIMIT 1   [ RunTime:0.0000s ]
SQL: SHOW COLUMNS FROM `book_press` [ RunTime:0.0220s ]
SQL: SELECT * FROM `book_press` WHERE ( 1=1 AND id='1' ) LIMIT 1   [ RunTime:0.0000s ]
SQL: SHOW COLUMNS FROM `book_admin` [ RunTime:0.0050s ]
SQL: SELECT * FROM `book_admin` WHERE ( 1=1 AND id='1' ) LIMIT 1   [ RunTime:0.0000s ]
SQL: SHOW COLUMNS FROM `book_libary` [ RunTime:0.0130s ]
SQL: SELECT * FROM `book_libary` WHERE ( 1=1 AND id='1' ) LIMIT 1   [ RunTime:0.0000s ]
SQL: SHOW COLUMNS FROM `book_book_tag` [ RunTime:0.0280s ]
SQL: SELECT * FROM `book_book_tag` WHERE `book` = 1  [ RunTime:0.0000s ]
NOTIC: [8] Undefined offset: 0 D:\XAMPP\htdocs\tushuguanli\ThinkPHP\Library\Think\Db\Driver.class.php 第 550 行.
NOTIC: [8] Undefined offset: 0 D:\XAMPP\htdocs\tushuguanli\ThinkPHP\Library\Think\Db\Driver.class.php 第 596 行.
NOTIC: [8] Undefined offset: 0 D:\XAMPP\htdocs\tushuguanli\ThinkPHP\Library\Think\Db\Driver.class.php 第 596 行.
NOTIC: [8] Undefined offset: 0 D:\XAMPP\htdocs\tushuguanli\ThinkPHP\Library\Think\Db\Driver.class.php 第 597 行.
NOTIC: [8] Undefined offset: 0 D:\XAMPP\htdocs\tushuguanli\ThinkPHP\Library\Think\Db\Driver.class.php 第 600 行.
NOTIC: [8] Undefined offset: 1 D:\XAMPP\htdocs\tushuguanli\ThinkPHP\Library\Think\Db\Driver.class.php 第 596 行.
NOTIC: [8] Undefined offset: 1 D:\XAMPP\htdocs\tushuguanli\ThinkPHP\Library\Think\Db\Driver.class.php 第 596 行.
NOTIC: [8] Undefined offset: 1 D:\XAMPP\htdocs\tushuguanli\ThinkPHP\Library\Think\Db\Driver.class.php 第 597 行.
NOTIC: [8] Undefined offset: 1 D:\XAMPP\htdocs\tushuguanli\ThinkPHP\Library\Think\Db\Driver.class.php 第 600 行.
NOTIC: [8] Undefined offset: 2 D:\XAMPP\htdocs\tushuguanli\ThinkPHP\Library\Think\Db\Driver.class.php 第 596 行.
NOTIC: [8] Undefined offset: 2 D:\XAMPP\htdocs\tushuguanli\ThinkPHP\Library\Think\Db\Driver.class.php 第 596 行.
NOTIC: [8] Undefined offset: 2 D:\XAMPP\htdocs\tushuguanli\ThinkPHP\Library\Think\Db\Driver.class.php 第 597 行.
NOTIC: [8] Undefined offset: 2 D:\XAMPP\htdocs\tushuguanli\ThinkPHP\Library\Think\Db\Driver.class.php 第 600 行.
NOTIC: [8] Undefined offset: 3 D:\XAMPP\htdocs\tushuguanli\ThinkPHP\Library\Think\Db\Driver.class.php 第 596 行.
NOTIC: [8] Undefined offset: 3 D:\XAMPP\htdocs\tushuguanli\ThinkPHP\Library\Think\Db\Driver.class.php 第 596 行.
NOTIC: [8] Undefined offset: 3 D:\XAMPP\htdocs\tushuguanli\ThinkPHP\Library\Think\Db\Driver.class.php 第 597 行.
NOTIC: [8] Undefined offset: 3 D:\XAMPP\htdocs\tushuguanli\ThinkPHP\Library\Think\Db\Driver.class.php 第 600 行.
NOTIC: [8] Undefined offset: 4 D:\XAMPP\htdocs\tushuguanli\ThinkPHP\Library\Think\Db\Driver.class.php 第 596 行.
NOTIC: [8] Undefined offset: 4 D:\XAMPP\htdocs\tushuguanli\ThinkPHP\Library\Think\Db\Driver.class.php 第 596 行.
NOTIC: [8] Undefined offset: 4 D:\XAMPP\htdocs\tushuguanli\ThinkPHP\Library\Think\Db\Driver.class.php 第 597 行.
NOTIC: [8] Undefined offset: 4 D:\XAMPP\htdocs\tushuguanli\ThinkPHP\Library\Think\Db\Driver.class.php 第 600 行.
NOTIC: [8] Undefined offset: 5 D:\XAMPP\htdocs\tushuguanli\ThinkPHP\Library\Think\Db\Driver.class.php 第 596 行.
NOTIC: [8] Undefined offset: 5 D:\XAMPP\htdocs\tushuguanli\ThinkPHP\Library\Think\Db\Driver.class.php 第 596 行.
NOTIC: [8] Undefined offset: 5 D:\XAMPP\htdocs\tushuguanli\ThinkPHP\Library\Think\Db\Driver.class.php 第 597 行.
NOTIC: [8] Undefined offset: 5 D:\XAMPP\htdocs\tushuguanli\ThinkPHP\Library\Think\Db\Driver.class.php 第 600 行.
NOTIC: [8] Undefined offset: 6 D:\XAMPP\htdocs\tushuguanli\ThinkPHP\Library\Think\Db\Driver.class.php 第 596 行.
NOTIC: [8] Undefined offset: 6 D:\XAMPP\htdocs\tushuguanli\ThinkPHP\Library\Think\Db\Driver.class.php 第 596 行.
NOTIC: [8] Undefined offset: 6 D:\XAMPP\htdocs\tushuguanli\ThinkPHP\Library\Think\Db\Driver.class.php 第 597 行.
NOTIC: [8] Undefined offset: 6 D:\XAMPP\htdocs\tushuguanli\ThinkPHP\Library\Think\Db\Driver.class.php 第 600 行.
NOTIC: [8] Undefined offset: 7 D:\XAMPP\htdocs\tushuguanli\ThinkPHP\Library\Think\Db\Driver.class.php 第 596 行.
NOTIC: [8] Undefined offset: 7 D:\XAMPP\htdocs\tushuguanli\ThinkPHP\Library\Think\Db\Driver.class.php 第 596 行.
NOTIC: [8] Undefined offset: 7 D:\XAMPP\htdocs\tushuguanli\ThinkPHP\Library\Think\Db\Driver.class.php 第 597 行.
NOTIC: [8] Undefined offset: 7 D:\XAMPP\htdocs\tushuguanli\ThinkPHP\Library\Think\Db\Driver.class.php 第 600 行.
NOTIC: [8] Undefined offset: 8 D:\XAMPP\htdocs\tushuguanli\ThinkPHP\Library\Think\Db\Driver.class.php 第 596 行.
NOTIC: [8] Undefined offset: 8 D:\XAMPP\htdocs\tushuguanli\ThinkPHP\Library\Think\Db\Driver.class.php 第 596 行.
NOTIC: [8] Undefined offset: 8 D:\XAMPP\htdocs\tushuguanli\ThinkPHP\Library\Think\Db\Driver.class.php 第 597 行.
NOTIC: [8] Undefined offset: 8 D:\XAMPP\htdocs\tushuguanli\ThinkPHP\Library\Think\Db\Driver.class.php 第 600 行.
NOTIC: [8] Undefined offset: 9 D:\XAMPP\htdocs\tushuguanli\ThinkPHP\Library\Think\Db\Driver.class.php 第 596 行.
NOTIC: [8] Undefined offset: 9 D:\XAMPP\htdocs\tushuguanli\ThinkPHP\Library\Think\Db\Driver.class.php 第 596 行.
NOTIC: [8] Undefined offset: 9 D:\XAMPP\htdocs\tushuguanli\ThinkPHP\Library\Think\Db\Driver.class.php 第 597 行.
NOTIC: [8] Undefined offset: 9 D:\XAMPP\htdocs\tushuguanli\ThinkPHP\Library\Think\Db\Driver.class.php 第 600 行.
NOTIC: [8] Undefined offset: 10 D:\XAMPP\htdocs\tushuguanli\ThinkPHP\Library\Think\Db\Driver.class.php 第 596 行.
NOTIC: [8] Undefined offset: 10 D:\XAMPP\htdocs\tushuguanli\ThinkPHP\Library\Think\Db\Driver.class.php 第 596 行.
NOTIC: [8] Undefined offset: 10 D:\XAMPP\htdocs\tushuguanli\ThinkPHP\Library\Think\Db\Driver.class.php 第 597 行.
NOTIC: [8] Undefined offset: 10 D:\XAMPP\htdocs\tushuguanli\ThinkPHP\Library\Think\Db\Driver.class.php 第 600 行.
NOTIC: [8] Undefined offset: 11 D:\XAMPP\htdocs\tushuguanli\ThinkPHP\Library\Think\Db\Driver.class.php 第 596 行.
NOTIC: [8] Undefined offset: 11 D:\XAMPP\htdocs\tushuguanli\ThinkPHP\Library\Think\Db\Driver.class.php 第 596 行.
NOTIC: [8] Undefined offset: 11 D:\XAMPP\htdocs\tushuguanli\ThinkPHP\Library\Think\Db\Driver.class.php 第 597 行.
NOTIC: [8] Undefined offset: 11 D:\XAMPP\htdocs\tushuguanli\ThinkPHP\Library\Think\Db\Driver.class.php 第 600 行.
NOTIC: [8] Undefined offset: 12 D:\XAMPP\htdocs\tushuguanli\ThinkPHP\Library\Think\Db\Driver.class.php 第 596 行.
NOTIC: [8] Undefined offset: 12 D:\XAMPP\htdocs\tushuguanli\ThinkPHP\Library\Think\Db\Driver.class.php 第 596 行.
NOTIC: [8] Undefined offset: 12 D:\XAMPP\htdocs\tushuguanli\ThinkPHP\Library\Think\Db\Driver.class.php 第 597 行.
NOTIC: [8] Undefined offset: 12 D:\XAMPP\htdocs\tushuguanli\ThinkPHP\Library\Think\Db\Driver.class.php 第 600 行.
NOTIC: [8] Undefined offset: 13 D:\XAMPP\htdocs\tushuguanli\ThinkPHP\Library\Think\Db\Driver.class.php 第 596 行.
NOTIC: [8] Undefined offset: 13 D:\XAMPP\htdocs\tushuguanli\ThinkPHP\Library\Think\Db\Driver.class.php 第 596 行.
NOTIC: [8] Undefined offset: 13 D:\XAMPP\htdocs\tushuguanli\ThinkPHP\Library\Think\Db\Driver.class.php 第 597 行.
NOTIC: [8] Undefined offset: 13 D:\XAMPP\htdocs\tushuguanli\ThinkPHP\Library\Think\Db\Driver.class.php 第 600 行.
NOTIC: [8] Undefined offset: 14 D:\XAMPP\htdocs\tushuguanli\ThinkPHP\Library\Think\Db\Driver.class.php 第 596 行.
NOTIC: [8] Undefined offset: 14 D:\XAMPP\htdocs\tushuguanli\ThinkPHP\Library\Think\Db\Driver.class.php 第 596 行.
NOTIC: [8] Undefined offset: 14 D:\XAMPP\htdocs\tushuguanli\ThinkPHP\Library\Think\Db\Driver.class.php 第 597 行.
NOTIC: [8] Undefined offset: 14 D:\XAMPP\htdocs\tushuguanli\ThinkPHP\Library\Think\Db\Driver.class.php 第 600 行.
NOTIC: [8] Undefined offset: 15 D:\XAMPP\htdocs\tushuguanli\ThinkPHP\Library\Think\Db\Driver.class.php 第 596 行.
NOTIC: [8] Undefined offset: 15 D:\XAMPP\htdocs\tushuguanli\ThinkPHP\Library\Think\Db\Driver.class.php 第 596 行.
NOTIC: [8] Undefined offset: 15 D:\XAMPP\htdocs\tushuguanli\ThinkPHP\Library\Think\Db\Driver.class.php 第 597 行.
NOTIC: [8] Undefined offset: 15 D:\XAMPP\htdocs\tushuguanli\ThinkPHP\Library\Think\Db\Driver.class.php 第 600 行.
NOTIC: [8] Undefined offset: 16 D:\XAMPP\htdocs\tushuguanli\ThinkPHP\Library\Think\Db\Driver.class.php 第 596 行.
NOTIC: [8] Undefined offset: 16 D:\XAMPP\htdocs\tushuguanli\ThinkPHP\Library\Think\Db\Driver.class.php 第 596 行.
NOTIC: [8] Undefined offset: 16 D:\XAMPP\htdocs\tushuguanli\ThinkPHP\Library\Think\Db\Driver.class.php 第 597 行.
NOTIC: [8] Undefined offset: 16 D:\XAMPP\htdocs\tushuguanli\ThinkPHP\Library\Think\Db\Driver.class.php 第 600 行.
NOTIC: [8] Undefined offset: 17 D:\XAMPP\htdocs\tushuguanli\ThinkPHP\Library\Think\Db\Driver.class.php 第 596 行.
NOTIC: [8] Undefined offset: 17 D:\XAMPP\htdocs\tushuguanli\ThinkPHP\Library\Think\Db\Driver.class.php 第 596 行.
NOTIC: [8] Undefined offset: 17 D:\XAMPP\htdocs\tushuguanli\ThinkPHP\Library\Think\Db\Driver.class.php 第 597 行.
NOTIC: [8] Undefined offset: 17 D:\XAMPP\htdocs\tushuguanli\ThinkPHP\Library\Think\Db\Driver.class.php 第 600 行.
NOTIC: [8] Undefined offset: 18 D:\XAMPP\htdocs\tushuguanli\ThinkPHP\Library\Think\Db\Driver.class.php 第 596 行.
NOTIC: [8] Undefined offset: 18 D:\XAMPP\htdocs\tushuguanli\ThinkPHP\Library\Think\Db\Driver.class.php 第 596 行.
NOTIC: [8] Undefined offset: 18 D:\XAMPP\htdocs\tushuguanli\ThinkPHP\Library\Think\Db\Driver.class.php 第 597 行.
NOTIC: [8] Undefined offset: 18 D:\XAMPP\htdocs\tushuguanli\ThinkPHP\Library\Think\Db\Driver.class.php 第 600 行.
NOTIC: [8] Undefined offset: 19 D:\XAMPP\htdocs\tushuguanli\ThinkPHP\Library\Think\Db\Driver.class.php 第 596 行.
NOTIC: [8] Undefined offset: 19 D:\XAMPP\htdocs\tushuguanli\ThinkPHP\Library\Think\Db\Driver.class.php 第 596 行.
NOTIC: [8] Undefined offset: 19 D:\XAMPP\htdocs\tushuguanli\ThinkPHP\Library\Think\Db\Driver.class.php 第 597 行.
NOTIC: [8] Undefined offset: 19 D:\XAMPP\htdocs\tushuguanli\ThinkPHP\Library\Think\Db\Driver.class.php 第 600 行.
NOTIC: [8] Undefined offset: 20 D:\XAMPP\htdocs\tushuguanli\ThinkPHP\Library\Think\Db\Driver.class.php 第 596 行.
NOTIC: [8] Undefined offset: 20 D:\XAMPP\htdocs\tushuguanli\ThinkPHP\Library\Think\Db\Driver.class.php 第 596 行.
NOTIC: [8] Undefined offset: 20 D:\XAMPP\htdocs\tushuguanli\ThinkPHP\Library\Think\Db\Driver.class.php 第 597 行.
NOTIC: [8] Undefined offset: 20 D:\XAMPP\htdocs\tushuguanli\ThinkPHP\Library\Think\Db\Driver.class.php 第 600 行.
SQL: SELECT * FROM `book_volume` WHERE ( `parent` = null AND `parent` = null AND `parent` = null AND `parent` = null AND `parent` = null AND `parent` = null AND `parent` = null AND `parent` = null AND `parent` = null AND `parent` = null AND `parent` = null AND `parent` = null AND `parent` = null AND `parent` = null AND `parent` = null AND `parent` = null AND `parent` = null AND `parent` = null AND `parent` = null AND `parent` = null AND `parent` = null  ) LIMIT 1   [ RunTime:0.0000s ]
NOTIC: [2] mkdir(): File exists D:\XAMPP\htdocs\tushuguanli\Application\Common\Common\function.php 第 89 行.
NOTIC: [8] Undefined offset: 1 D:\XAMPP\htdocs\tushuguanli\Application\Common\Common\function.php 第 90 行.
INFO: [ app_end ] --START--
INFO: Run Behavior\ShowPageTraceBehavior [ RunTime:0.002000s ]
INFO: [ app_end ] --END-- [ RunTime:0.002000s ]

[ 2017-05-13T12:15:56+08:00 ] ::1 /tushuguanli/API/book/listVolume
INFO: [ app_init ] --START--
INFO: Run Behavior\BuildLiteBehavior [ RunTime:0.000000s ]
INFO: [ app_init ] --END-- [ RunTime:0.001000s ]
INFO: [ app_begin ] --START--
INFO: Run Behavior\ReadHtmlCacheBehavior [ RunTime:0.000000s ]
INFO: [ app_begin ] --END-- [ RunTime:0.000000s ]
SQL: SHOW COLUMNS FROM `book_volume` [ RunTime:0.0020s ]
SQL: SELECT * FROM `book_volume` WHERE `class` = 'magazine'  [ RunTime:0.0010s ]
SQL: SHOW COLUMNS FROM `book_magazine_period` [ RunTime:0.0250s ]
SQL: SELECT * FROM `book_magazine_period` WHERE `id` = 1 LIMIT 1   [ RunTime:0.0000s ]
INFO: [ app_end ] --START--
INFO: Run Behavior\ShowPageTraceBehavior [ RunTime:0.001000s ]
INFO: [ app_end ] --END-- [ RunTime:0.001000s ]

[ 2017-05-13T12:16:43+08:00 ] ::1 /tushuguanli/API/book/listVolume
INFO: [ app_init ] --START--
INFO: Run Behavior\BuildLiteBehavior [ RunTime:0.000000s ]
INFO: [ app_init ] --END-- [ RunTime:0.001000s ]
INFO: [ app_begin ] --START--
INFO: Run Behavior\ReadHtmlCacheBehavior [ RunTime:0.000000s ]
INFO: [ app_begin ] --END-- [ RunTime:0.000000s ]
SQL: SHOW COLUMNS FROM `book_volume` [ RunTime:0.0020s ]
SQL: SELECT * FROM `book_volume` WHERE `class` = 'magazine'  [ RunTime:0.0000s ]
SQL: SHOW COLUMNS FROM `book_magazine_period` [ RunTime:0.0020s ]
SQL: SELECT * FROM `book_magazine_period` WHERE `id` = 1 LIMIT 1   [ RunTime:0.0000s ]
INFO: [ app_end ] --START--
INFO: Run Behavior\ShowPageTraceBehavior [ RunTime:0.001000s ]
INFO: [ app_end ] --END-- [ RunTime:0.001000s ]

[ 2017-05-13T12:17:42+08:00 ] ::1 /tushuguanli/API/book/listVolume
INFO: [ app_init ] --START--
INFO: Run Behavior\BuildLiteBehavior [ RunTime:0.000000s ]
INFO: [ app_init ] --END-- [ RunTime:0.000000s ]
INFO: [ app_begin ] --START--
INFO: Run Behavior\ReadHtmlCacheBehavior [ RunTime:0.001000s ]
INFO: [ app_begin ] --END-- [ RunTime:0.001000s ]
SQL: SHOW COLUMNS FROM `book_volume` [ RunTime:0.0020s ]
SQL: SELECT * FROM `book_volume` WHERE `class` = 'magazine'  [ RunTime:0.0000s ]
SQL: SHOW COLUMNS FROM `book_magazine_period` [ RunTime:0.0020s ]
SQL: SELECT * FROM `book_magazine_period` WHERE `id` = 1 LIMIT 1   [ RunTime:0.0010s ]
INFO: [ app_end ] --START--
INFO: Run Behavior\ShowPageTraceBehavior [ RunTime:0.000000s ]
INFO: [ app_end ] --END-- [ RunTime:0.000000s ]

[ 2017-05-13T12:18:25+08:00 ] ::1 /tushuguanli/API/book/listVolume
INFO: [ app_init ] --START--
INFO: Run Behavior\BuildLiteBehavior [ RunTime:0.000000s ]
INFO: [ app_init ] --END-- [ RunTime:0.000000s ]
INFO: [ app_begin ] --START--
INFO: Run Behavior\ReadHtmlCacheBehavior [ RunTime:0.001000s ]
INFO: [ app_begin ] --END-- [ RunTime:0.001000s ]
SQL: SHOW COLUMNS FROM `book_volume` [ RunTime:0.0020s ]
SQL: SELECT * FROM `book_volume` WHERE `class` = 'magazine'  [ RunTime:0.0000s ]
SQL: SHOW COLUMNS FROM `book_magazine_period` [ RunTime:0.0010s ]
SQL: SELECT * FROM `book_magazine_period` WHERE `id` = 1 LIMIT 1   [ RunTime:0.0000s ]
INFO: [ app_end ] --START--
INFO: Run Behavior\ShowPageTraceBehavior [ RunTime:0.001000s ]
INFO: [ app_end ] --END-- [ RunTime:0.001000s ]

[ 2017-05-13T12:19:47+08:00 ] ::1 /tushuguanli/API/Book/listVolume
INFO: [ app_init ] --START--
INFO: Run Behavior\BuildLiteBehavior [ RunTime:0.000000s ]
INFO: [ app_init ] --END-- [ RunTime:0.000000s ]
INFO: [ app_begin ] --START--
INFO: Run Behavior\ReadHtmlCacheBehavior [ RunTime:0.015600s ]
INFO: [ app_begin ] --END-- [ RunTime:0.015600s ]
SQL: SHOW COLUMNS FROM `book_volume` [ RunTime:0.0030s ]
SQL: SELECT * FROM `book_volume` WHERE `class` = 'book'  [ RunTime:0.0010s ]
SQL: SHOW COLUMNS FROM `book_book` [ RunTime:0.0030s ]
INFO: [ app_end ] --START--
INFO: Run Behavior\ShowPageTraceBehavior [ RunTime:0.001001s ]
INFO: [ app_end ] --END-- [ RunTime:0.001001s ]

[ 2017-05-13T12:19:53+08:00 ] ::1 /tushuguanli/API/Book/listVolume
INFO: [ app_init ] --START--
INFO: Run Behavior\BuildLiteBehavior [ RunTime:0.000000s ]
INFO: [ app_init ] --END-- [ RunTime:0.000000s ]
INFO: [ app_begin ] --START--
INFO: Run Behavior\ReadHtmlCacheBehavior [ RunTime:0.001000s ]
INFO: [ app_begin ] --END-- [ RunTime:0.001000s ]
SQL: SHOW COLUMNS FROM `book_volume` [ RunTime:0.0020s ]
SQL: SELECT * FROM `book_volume` WHERE `class` = 'magazine'  [ RunTime:0.0000s ]
SQL: SHOW COLUMNS FROM `book_magazine_period` [ RunTime:0.0020s ]
SQL: SELECT * FROM `book_magazine_period` WHERE `id` = 1 LIMIT 1   [ RunTime:0.0000s ]
INFO: [ app_end ] --START--
INFO: Run Behavior\ShowPageTraceBehavior [ RunTime:0.001000s ]
INFO: [ app_end ] --END-- [ RunTime:0.001000s ]

[ 2017-05-13T12:20:18+08:00 ] ::1 /tushuguanli/API/Book/listVolume
INFO: [ app_init ] --START--
INFO: Run Behavior\BuildLiteBehavior [ RunTime:0.000000s ]
INFO: [ app_init ] --END-- [ RunTime:0.001001s ]
INFO: [ app_begin ] --START--
INFO: Run Behavior\ReadHtmlCacheBehavior [ RunTime:0.001000s ]
INFO: [ app_begin ] --END-- [ RunTime:0.001000s ]
SQL: SHOW COLUMNS FROM `book_volume` [ RunTime:0.0020s ]
SQL: SELECT * FROM `book_volume` WHERE `class` = 'magazine'  [ RunTime:0.0000s ]
SQL: SHOW COLUMNS FROM `book_magazine_period` [ RunTime:0.0020s ]
SQL: SELECT * FROM `book_magazine_period` WHERE `id` = 1 LIMIT 1   [ RunTime:0.0000s ]
INFO: [ app_end ] --START--
INFO: Run Behavior\ShowPageTraceBehavior [ RunTime:0.001000s ]
INFO: [ app_end ] --END-- [ RunTime:0.001000s ]

[ 2017-05-13T12:20:24+08:00 ] ::1 /tushuguanli/API/Book/listVolume
INFO: [ app_init ] --START--
INFO: Run Behavior\BuildLiteBehavior [ RunTime:0.000000s ]
INFO: [ app_init ] --END-- [ RunTime:0.001000s ]
INFO: [ app_begin ] --START--
INFO: Run Behavior\ReadHtmlCacheBehavior [ RunTime:0.001001s ]
INFO: [ app_begin ] --END-- [ RunTime:0.001001s ]
SQL: SHOW COLUMNS FROM `book_volume` [ RunTime:0.0020s ]
SQL: SELECT * FROM `book_volume` WHERE `class` = 'magazine'  [ RunTime:0.0000s ]
SQL: SHOW COLUMNS FROM `book_magazine_period` [ RunTime:0.0020s ]
SQL: SELECT * FROM `book_magazine_period` WHERE `id` = 1 LIMIT 1   [ RunTime:0.0000s ]
INFO: [ app_end ] --START--
INFO: Run Behavior\ShowPageTraceBehavior [ RunTime:0.001000s ]
INFO: [ app_end ] --END-- [ RunTime:0.001000s ]

[ 2017-05-13T12:20:37+08:00 ] ::1 /tushuguanli/API/Book/listVolume
INFO: [ app_init ] --START--
INFO: Run Behavior\BuildLiteBehavior [ RunTime:0.000000s ]
INFO: [ app_init ] --END-- [ RunTime:0.001000s ]
INFO: [ app_begin ] --START--
INFO: Run Behavior\ReadHtmlCacheBehavior [ RunTime:0.001000s ]
INFO: [ app_begin ] --END-- [ RunTime:0.001000s ]
SQL: SHOW COLUMNS FROM `book_volume` [ RunTime:0.0020s ]
SQL: SELECT * FROM `book_volume` WHERE `class` = 'magazine'  [ RunTime:0.0000s ]
SQL: SHOW COLUMNS FROM `book_magazine_period` [ RunTime:0.0020s ]
SQL: SELECT * FROM `book_magazine_period` WHERE `id` = 1 LIMIT 1   [ RunTime:0.0000s ]
SQL: SHOW COLUMNS FROM `book_magazine` [ RunTime:0.0020s ]
SQL: SELECT * FROM `book_magazine` WHERE ( 1=1 AND id='2' ) LIMIT 1   [ RunTime:0.0000s ]
INFO: [ app_end ] --START--
INFO: Run Behavior\ShowPageTraceBehavior [ RunTime:0.001000s ]
INFO: [ app_end ] --END-- [ RunTime:0.001000s ]

[ 2017-05-13T12:20:53+08:00 ] ::1 /tushuguanli/API/book/listVolume
INFO: [ app_init ] --START--
INFO: Run Behavior\BuildLiteBehavior [ RunTime:0.000000s ]
INFO: [ app_init ] --END-- [ RunTime:0.000000s ]
INFO: [ app_begin ] --START--
INFO: Run Behavior\ReadHtmlCacheBehavior [ RunTime:0.000000s ]
INFO: [ app_begin ] --END-- [ RunTime:0.000000s ]
SQL: SHOW COLUMNS FROM `book_volume` [ RunTime:0.0020s ]
SQL: SELECT * FROM `book_volume` WHERE `class` = 'magazine'  [ RunTime:0.0000s ]
SQL: SHOW COLUMNS FROM `book_magazine_period` [ RunTime:0.0010s ]
SQL: SELECT * FROM `book_magazine_period` WHERE `id` = 1 LIMIT 1   [ RunTime:0.0000s ]
SQL: SHOW COLUMNS FROM `book_magazine` [ RunTime:0.0020s ]
SQL: SELECT * FROM `book_magazine` WHERE ( 1=1 AND id='2' ) LIMIT 1   [ RunTime:0.0000s ]
INFO: [ app_end ] --START--
INFO: Run Behavior\ShowPageTraceBehavior [ RunTime:0.001000s ]
INFO: [ app_end ] --END-- [ RunTime:0.001000s ]

[ 2017-05-13T12:26:33+08:00 ] ::1 /tushuguanli/API/book/listVolume
INFO: [ app_init ] --START--
INFO: Run Behavior\BuildLiteBehavior [ RunTime:0.000000s ]
INFO: [ app_init ] --END-- [ RunTime:0.000000s ]
INFO: [ app_begin ] --START--
INFO: Run Behavior\ReadHtmlCacheBehavior [ RunTime:0.001000s ]
INFO: [ app_begin ] --END-- [ RunTime:0.001000s ]
SQL: SHOW COLUMNS FROM `book_volume` [ RunTime:0.0020s ]
SQL: SELECT * FROM `book_volume` WHERE `class` = 'magazine'  [ RunTime:0.0010s ]
SQL: SHOW COLUMNS FROM `book_magazine_period` [ RunTime:0.0020s ]
SQL: SELECT * FROM `book_magazine_period` WHERE `id` = 1 LIMIT 1   [ RunTime:0.0000s ]
SQL: SHOW COLUMNS FROM `book_magazine` [ RunTime:0.0020s ]
SQL: SELECT * FROM `book_magazine` WHERE ( 1=1 AND id='2' ) LIMIT 1   [ RunTime:0.0000s ]
NOTIC: [2] mkdir(): File exists D:\XAMPP\htdocs\tushuguanli\Application\Common\Common\function.php 第 89 行.
NOTIC: [8] Undefined offset: 1 D:\XAMPP\htdocs\tushuguanli\Application\Common\Common\function.php 第 90 行.
INFO: [ app_end ] --START--
INFO: Run Behavior\ShowPageTraceBehavior [ RunTime:0.001000s ]
INFO: [ app_end ] --END-- [ RunTime:0.001000s ]

[ 2017-05-13T12:27:59+08:00 ] ::1 /tushuguanli/API/book/listVolume
INFO: [ app_init ] --START--
INFO: Run Behavior\BuildLiteBehavior [ RunTime:0.000000s ]
INFO: [ app_init ] --END-- [ RunTime:0.000000s ]
INFO: [ app_begin ] --START--
INFO: Run Behavior\ReadHtmlCacheBehavior [ RunTime:0.001001s ]
INFO: [ app_begin ] --END-- [ RunTime:0.001001s ]
SQL: SHOW COLUMNS FROM `book_volume` [ RunTime:0.0020s ]
SQL: SELECT * FROM `book_volume` WHERE `class` = 'magazine'  [ RunTime:0.0000s ]
SQL: SHOW COLUMNS FROM `book_magazine_period` [ RunTime:0.0020s ]
INFO: [ app_end ] --START--
INFO: Run Behavior\ShowPageTraceBehavior [ RunTime:0.001000s ]
INFO: [ app_end ] --END-- [ RunTime:0.001000s ]

[ 2017-05-13T12:28:05+08:00 ] ::1 /tushuguanli/API/book/listVolume
INFO: [ app_init ] --START--
INFO: Run Behavior\BuildLiteBehavior [ RunTime:0.000000s ]
INFO: [ app_init ] --END-- [ RunTime:0.001000s ]
INFO: [ app_begin ] --START--
INFO: Run Behavior\ReadHtmlCacheBehavior [ RunTime:0.000000s ]
INFO: [ app_begin ] --END-- [ RunTime:0.000000s ]
SQL: SHOW COLUMNS FROM `book_volume` [ RunTime:0.0020s ]
SQL: SELECT * FROM `book_volume` WHERE `class` = 'book'  [ RunTime:0.0000s ]
SQL: SHOW COLUMNS FROM `book_book` [ RunTime:0.0020s ]
INFO: [ app_end ] --START--
INFO: Run Behavior\ShowPageTraceBehavior [ RunTime:0.000000s ]
INFO: [ app_end ] --END-- [ RunTime:0.000000s ]

[ 2017-05-13T12:30:20+08:00 ] ::1 /tushuguanli/API/book/listVolume
INFO: [ app_init ] --START--
INFO: Run Behavior\BuildLiteBehavior [ RunTime:0.000000s ]
INFO: [ app_init ] --END-- [ RunTime:0.000000s ]
INFO: [ app_begin ] --START--
INFO: Run Behavior\ReadHtmlCacheBehavior [ RunTime:0.000000s ]
INFO: [ app_begin ] --END-- [ RunTime:0.001001s ]
SQL: SHOW COLUMNS FROM `book_volume` [ RunTime:0.0020s ]
SQL: SELECT * FROM `book_volume` WHERE `class` = 'book'  [ RunTime:0.0000s ]
SQL: SHOW COLUMNS FROM `book_book` [ RunTime:0.0010s ]
INFO: [ app_end ] --START--
INFO: Run Behavior\ShowPageTraceBehavior [ RunTime:0.001000s ]
INFO: [ app_end ] --END-- [ RunTime:0.001000s ]

[ 2017-05-13T12:30:28+08:00 ] ::1 /tushuguanli/API/book/listVolume
INFO: [ app_init ] --START--
INFO: Run Behavior\BuildLiteBehavior [ RunTime:0.000000s ]
INFO: [ app_init ] --END-- [ RunTime:0.000000s ]
INFO: [ app_begin ] --START--
INFO: Run Behavior\ReadHtmlCacheBehavior [ RunTime:0.000000s ]
INFO: [ app_begin ] --END-- [ RunTime:0.000000s ]
SQL: SHOW COLUMNS FROM `book_volume` [ RunTime:0.0020s ]
SQL: SELECT * FROM `book_volume` WHERE `class` = 'book'  [ RunTime:0.0000s ]
SQL: SHOW COLUMNS FROM `book_book` [ RunTime:0.0020s ]
INFO: [ app_end ] --START--
INFO: Run Behavior\ShowPageTraceBehavior [ RunTime:0.001000s ]
INFO: [ app_end ] --END-- [ RunTime:0.001000s ]

[ 2017-05-13T12:30:35+08:00 ] ::1 /tushuguanli/API/book/listVolume
INFO: [ app_init ] --START--
INFO: Run Behavior\BuildLiteBehavior [ RunTime:0.000000s ]
INFO: [ app_init ] --END-- [ RunTime:0.001000s ]
INFO: [ app_begin ] --START--
INFO: Run Behavior\ReadHtmlCacheBehavior [ RunTime:0.000000s ]
INFO: [ app_begin ] --END-- [ RunTime:0.000000s ]
SQL: SHOW COLUMNS FROM `book_volume` [ RunTime:0.0020s ]
SQL: SELECT * FROM `book_volume` WHERE `class` = 'book'  [ RunTime:0.0000s ]
SQL: SHOW COLUMNS FROM `book_book` [ RunTime:0.0010s ]
INFO: [ app_end ] --START--
INFO: Run Behavior\ShowPageTraceBehavior [ RunTime:0.001000s ]
INFO: [ app_end ] --END-- [ RunTime:0.001000s ]

[ 2017-05-13T12:30:37+08:00 ] ::1 /tushuguanli/API/book/listVolume
INFO: [ app_init ] --START--
INFO: Run Behavior\BuildLiteBehavior [ RunTime:0.000000s ]
INFO: [ app_init ] --END-- [ RunTime:0.000000s ]
INFO: [ app_begin ] --START--
INFO: Run Behavior\ReadHtmlCacheBehavior [ RunTime:0.001000s ]
INFO: [ app_begin ] --END-- [ RunTime:0.001000s ]
SQL: SHOW COLUMNS FROM `book_volume` [ RunTime:0.0020s ]
SQL: SELECT * FROM `book_volume` WHERE `class` = 'book'  [ RunTime:0.0000s ]
SQL: SHOW COLUMNS FROM `book_book` [ RunTime:0.0020s ]
INFO: [ app_end ] --START--
INFO: Run Behavior\ShowPageTraceBehavior [ RunTime:0.001000s ]
INFO: [ app_end ] --END-- [ RunTime:0.001000s ]

[ 2017-05-13T12:31:52+08:00 ] ::1 /tushuguanli/API/book/listVolume
INFO: [ app_init ] --START--
INFO: Run Behavior\BuildLiteBehavior [ RunTime:0.000000s ]
INFO: [ app_init ] --END-- [ RunTime:0.000000s ]
INFO: [ app_begin ] --START--
INFO: Run Behavior\ReadHtmlCacheBehavior [ RunTime:0.000000s ]
INFO: [ app_begin ] --END-- [ RunTime:0.000000s ]
SQL: SHOW COLUMNS FROM `book_volume` [ RunTime:0.0020s ]
SQL: SELECT * FROM `book_volume` WHERE `class` = 'book'  [ RunTime:0.0000s ]
SQL: SHOW COLUMNS FROM `book_book` [ RunTime:0.0020s ]
INFO: [ app_end ] --START--
INFO: Run Behavior\ShowPageTraceBehavior [ RunTime:0.001000s ]
INFO: [ app_end ] --END-- [ RunTime:0.001000s ]

[ 2017-05-13T12:31:54+08:00 ] ::1 /tushuguanli/API/book/listVolume
INFO: [ app_init ] --START--
INFO: Run Behavior\BuildLiteBehavior [ RunTime:0.000000s ]
INFO: [ app_init ] --END-- [ RunTime:0.000000s ]
INFO: [ app_begin ] --START--
INFO: Run Behavior\ReadHtmlCacheBehavior [ RunTime:0.001000s ]
INFO: [ app_begin ] --END-- [ RunTime:0.001000s ]
SQL: SHOW COLUMNS FROM `book_volume` [ RunTime:0.0020s ]
SQL: SELECT * FROM `book_volume` WHERE `class` = 'book'  [ RunTime:0.0000s ]
SQL: SHOW COLUMNS FROM `book_book` [ RunTime:0.0020s ]
INFO: [ app_end ] --START--
INFO: Run Behavior\ShowPageTraceBehavior [ RunTime:0.000000s ]
INFO: [ app_end ] --END-- [ RunTime:0.001000s ]

[ 2017-05-13T12:33:47+08:00 ] ::1 /tushuguanli/API/book/listVolume
INFO: [ app_init ] --START--
INFO: Run Behavior\BuildLiteBehavior [ RunTime:0.000000s ]
INFO: [ app_init ] --END-- [ RunTime:0.000000s ]
INFO: [ app_begin ] --START--
INFO: Run Behavior\ReadHtmlCacheBehavior [ RunTime:0.001000s ]
INFO: [ app_begin ] --END-- [ RunTime:0.001000s ]
SQL: SHOW COLUMNS FROM `book_volume` [ RunTime:0.0020s ]
SQL: SELECT * FROM `book_volume` WHERE `class` = 'magazine'  [ RunTime:0.0000s ]
SQL: SHOW COLUMNS FROM `book_magazine_period` [ RunTime:0.0020s ]
INFO: [ app_end ] --START--
INFO: Run Behavior\ShowPageTraceBehavior [ RunTime:0.001000s ]
INFO: [ app_end ] --END-- [ RunTime:0.001000s ]

[ 2017-05-13T12:33:50+08:00 ] ::1 /tushuguanli/API/book/listVolume
INFO: [ app_init ] --START--
INFO: Run Behavior\BuildLiteBehavior [ RunTime:0.000000s ]
INFO: [ app_init ] --END-- [ RunTime:0.000000s ]
INFO: [ app_begin ] --START--
INFO: Run Behavior\ReadHtmlCacheBehavior [ RunTime:0.001000s ]
INFO: [ app_begin ] --END-- [ RunTime:0.001000s ]
SQL: SHOW COLUMNS FROM `book_volume` [ RunTime:0.0020s ]
SQL: SELECT * FROM `book_volume` WHERE `class` = 'magazine'  [ RunTime:0.0000s ]
SQL: SHOW COLUMNS FROM `book_magazine_period` [ RunTime:0.0020s ]
INFO: [ app_end ] --START--
INFO: Run Behavior\ShowPageTraceBehavior [ RunTime:0.000000s ]
INFO: [ app_end ] --END-- [ RunTime:0.000000s ]

[ 2017-05-13T12:35:56+08:00 ] ::1 /tushuguanli/API/book/listVolume
INFO: [ app_init ] --START--
INFO: Run Behavior\BuildLiteBehavior [ RunTime:0.000000s ]
INFO: [ app_init ] --END-- [ RunTime:0.000000s ]
INFO: [ app_begin ] --START--
INFO: Run Behavior\ReadHtmlCacheBehavior [ RunTime:0.001000s ]
INFO: [ app_begin ] --END-- [ RunTime:0.001000s ]
SQL: SHOW COLUMNS FROM `book_volume` [ RunTime:0.0020s ]
SQL: SELECT * FROM `book_volume` WHERE `class` = 'magazine'  [ RunTime:0.0000s ]
SQL: SHOW COLUMNS FROM `book_magazine_period` [ RunTime:0.0020s ]
INFO: [ app_end ] --START--
INFO: Run Behavior\ShowPageTraceBehavior [ RunTime:0.001000s ]
INFO: [ app_end ] --END-- [ RunTime:0.001000s ]

[ 2017-05-13T12:35:58+08:00 ] ::1 /tushuguanli/API/book/listVolume
INFO: [ app_init ] --START--
INFO: Run Behavior\BuildLiteBehavior [ RunTime:0.000000s ]
INFO: [ app_init ] --END-- [ RunTime:0.000000s ]
INFO: [ app_begin ] --START--
INFO: Run Behavior\ReadHtmlCacheBehavior [ RunTime:0.001000s ]
INFO: [ app_begin ] --END-- [ RunTime:0.001000s ]
SQL: SHOW COLUMNS FROM `book_volume` [ RunTime:0.0020s ]
SQL: SELECT * FROM `book_volume` WHERE `class` = 'book'  [ RunTime:0.0010s ]
SQL: SHOW COLUMNS FROM `book_book` [ RunTime:0.0020s ]
INFO: [ app_end ] --START--
INFO: Run Behavior\ShowPageTraceBehavior [ RunTime:0.001000s ]
INFO: [ app_end ] --END-- [ RunTime:0.001000s ]

[ 2017-05-13T12:36:00+08:00 ] ::1 /tushuguanli/API/book/listVolume
INFO: [ app_init ] --START--
INFO: Run Behavior\BuildLiteBehavior [ RunTime:0.000000s ]
INFO: [ app_init ] --END-- [ RunTime:0.001000s ]
INFO: [ app_begin ] --START--
INFO: Run Behavior\ReadHtmlCacheBehavior [ RunTime:0.000000s ]
INFO: [ app_begin ] --END-- [ RunTime:0.001000s ]
SQL: SHOW COLUMNS FROM `book_volume` [ RunTime:0.0020s ]
SQL: SELECT * FROM `book_volume` WHERE `class` = 'book'  [ RunTime:0.0000s ]
SQL: SHOW COLUMNS FROM `book_book` [ RunTime:0.0020s ]
INFO: [ app_end ] --START--
INFO: Run Behavior\ShowPageTraceBehavior [ RunTime:0.000000s ]
INFO: [ app_end ] --END-- [ RunTime:0.000000s ]

