[ 2017-05-03T10:30:56+08:00 ] ::1 /tushuguanli/API/Book/getListPress
INFO: [ app_init ] --START--
INFO: Run Behavior\BuildLiteBehavior [ RunTime:0.000000s ]
INFO: [ app_init ] --END-- [ RunTime:0.000000s ]
INFO: [ app_begin ] --START--
INFO: Run Behavior\ReadHtmlCacheBehavior [ RunTime:0.001001s ]
INFO: [ app_begin ] --END-- [ RunTime:0.001001s ]

[ 2017-05-03T10:30:56+08:00 ] ::1 /tushuguanli/API/Book/getListType
INFO: [ app_init ] --START--
INFO: Run Behavior\BuildLiteBehavior [ RunTime:0.000000s ]
INFO: [ app_init ] --END-- [ RunTime:0.000000s ]
INFO: [ app_begin ] --START--
INFO: Run Behavior\ReadHtmlCacheBehavior [ RunTime:0.001000s ]
INFO: [ app_begin ] --END-- [ RunTime:0.001000s ]

[ 2017-05-03T10:31:00+08:00 ] ::1 /tushuguanli/API/Book/getListPress
INFO: [ app_init ] --START--
INFO: Run Behavior\BuildLiteBehavior [ RunTime:0.001000s ]
INFO: [ app_init ] --END-- [ RunTime:0.001000s ]
INFO: [ app_begin ] --START--
INFO: Run Behavior\ReadHtmlCacheBehavior [ RunTime:0.001000s ]
INFO: [ app_begin ] --END-- [ RunTime:0.001000s ]

[ 2017-05-03T10:31:00+08:00 ] ::1 /tushuguanli/API/Book/getListType
INFO: [ app_init ] --START--
INFO: Run Behavior\BuildLiteBehavior [ RunTime:0.000000s ]
INFO: [ app_init ] --END-- [ RunTime:0.001000s ]
INFO: [ app_begin ] --START--
INFO: Run Behavior\ReadHtmlCacheBehavior [ RunTime:0.001000s ]
INFO: [ app_begin ] --END-- [ RunTime:0.001000s ]

[ 2017-05-03T10:31:12+08:00 ] ::1 /tushuguanli/API/Book/getListPress
INFO: [ app_init ] --START--
INFO: Run Behavior\BuildLiteBehavior [ RunTime:0.000000s ]
INFO: [ app_init ] --END-- [ RunTime:0.000000s ]
INFO: [ app_begin ] --START--
INFO: Run Behavior\ReadHtmlCacheBehavior [ RunTime:0.000000s ]
INFO: [ app_begin ] --END-- [ RunTime:0.001000s ]

[ 2017-05-03T10:31:12+08:00 ] ::1 /tushuguanli/API/Book/getListType
INFO: [ app_init ] --START--
INFO: Run Behavior\BuildLiteBehavior [ RunTime:0.000000s ]
INFO: [ app_init ] --END-- [ RunTime:0.001000s ]
INFO: [ app_begin ] --START--
INFO: Run Behavior\ReadHtmlCacheBehavior [ RunTime:0.001000s ]
INFO: [ app_begin ] --END-- [ RunTime:0.001000s ]

[ 2017-05-03T10:32:07+08:00 ] ::1 /tushuguanli/API/Book/getListPress
INFO: [ app_init ] --START--
INFO: Run Behavior\BuildLiteBehavior [ RunTime:0.000000s ]
INFO: [ app_init ] --END-- [ RunTime:0.000000s ]
INFO: [ app_begin ] --START--
INFO: Run Behavior\ReadHtmlCacheBehavior [ RunTime:0.001000s ]
INFO: [ app_begin ] --END-- [ RunTime:0.001000s ]

[ 2017-05-03T10:32:07+08:00 ] ::1 /tushuguanli/API/Book/getListType
INFO: [ app_init ] --START--
INFO: Run Behavior\BuildLiteBehavior [ RunTime:0.000000s ]
INFO: [ app_init ] --END-- [ RunTime:0.000000s ]
INFO: [ app_begin ] --START--
INFO: Run Behavior\ReadHtmlCacheBehavior [ RunTime:0.000000s ]
INFO: [ app_begin ] --END-- [ RunTime:0.001000s ]

[ 2017-05-03T10:32:30+08:00 ] ::1 /tushuguanli/API/Book/getListPress
INFO: [ app_init ] --START--
INFO: Run Behavior\BuildLiteBehavior [ RunTime:0.000000s ]
INFO: [ app_init ] --END-- [ RunTime:0.000000s ]
INFO: [ app_begin ] --START--
INFO: Run Behavior\ReadHtmlCacheBehavior [ RunTime:0.000000s ]
INFO: [ app_begin ] --END-- [ RunTime:0.000000s ]

[ 2017-05-03T10:32:30+08:00 ] ::1 /tushuguanli/API/Book/getListType
INFO: [ app_init ] --START--
INFO: Run Behavior\BuildLiteBehavior [ RunTime:0.001000s ]
INFO: [ app_init ] --END-- [ RunTime:0.001000s ]
INFO: [ app_begin ] --START--
INFO: Run Behavior\ReadHtmlCacheBehavior [ RunTime:0.001001s ]
INFO: [ app_begin ] --END-- [ RunTime:0.001001s ]

[ 2017-05-03T10:34:12+08:00 ] ::1 /tushuguanli/API/Book/getListPress
INFO: [ app_init ] --START--
INFO: Run Behavior\BuildLiteBehavior [ RunTime:0.000000s ]
INFO: [ app_init ] --END-- [ RunTime:0.001000s ]
INFO: [ app_begin ] --START--
INFO: Run Behavior\ReadHtmlCacheBehavior [ RunTime:0.001000s ]
INFO: [ app_begin ] --END-- [ RunTime:0.001000s ]

[ 2017-05-03T10:34:37+08:00 ] ::1 /tushuguanli/API/Book/getListPress
INFO: [ app_init ] --START--
INFO: Run Behavior\BuildLiteBehavior [ RunTime:0.000000s ]
INFO: [ app_init ] --END-- [ RunTime:0.001000s ]
INFO: [ app_begin ] --START--
INFO: Run Behavior\ReadHtmlCacheBehavior [ RunTime:0.000000s ]
INFO: [ app_begin ] --END-- [ RunTime:0.000000s ]
SQL: SHOW COLUMNS FROM `book_press` [ RunTime:0.0220s ]
SQL: SELECT * FROM `book_press`  [ RunTime:0.0000s ]

[ 2017-05-03T10:35:55+08:00 ] ::1 /tushuguanli/API/Book/getListPress
INFO: [ app_init ] --START--
INFO: Run Behavior\BuildLiteBehavior [ RunTime:0.000000s ]
INFO: [ app_init ] --END-- [ RunTime:0.000000s ]
INFO: [ app_begin ] --START--
INFO: Run Behavior\ReadHtmlCacheBehavior [ RunTime:0.001000s ]
INFO: [ app_begin ] --END-- [ RunTime:0.001000s ]
SQL: SHOW COLUMNS FROM `book_press` [ RunTime:0.0020s ]
SQL: SELECT * FROM `book_press`  [ RunTime:0.0000s ]

[ 2017-05-03T10:35:55+08:00 ] ::1 /tushuguanli/API/Book/getListType
INFO: [ app_init ] --START--
INFO: Run Behavior\BuildLiteBehavior [ RunTime:0.000000s ]
INFO: [ app_init ] --END-- [ RunTime:0.000000s ]
INFO: [ app_begin ] --START--
INFO: Run Behavior\ReadHtmlCacheBehavior [ RunTime:0.000000s ]
INFO: [ app_begin ] --END-- [ RunTime:0.000000s ]
SQL: SHOW COLUMNS FROM `book_type` [ RunTime:0.0220s ]
SQL: SELECT * FROM `book_type`  [ RunTime:0.0000s ]

[ 2017-05-03T10:36:35+08:00 ] ::1 /tushuguanli/API/Book/getListType
INFO: [ app_init ] --START--
INFO: Run Behavior\BuildLiteBehavior [ RunTime:0.000000s ]
INFO: [ app_init ] --END-- [ RunTime:0.001000s ]
INFO: [ app_begin ] --START--
INFO: Run Behavior\ReadHtmlCacheBehavior [ RunTime:0.000000s ]
INFO: [ app_begin ] --END-- [ RunTime:0.000000s ]
SQL: SHOW COLUMNS FROM `book_type` [ RunTime:0.0020s ]
SQL: SELECT * FROM `book_type`  [ RunTime:0.0000s ]

[ 2017-05-03T10:36:35+08:00 ] ::1 /tushuguanli/API/Book/getListPress
INFO: [ app_init ] --START--
INFO: Run Behavior\BuildLiteBehavior [ RunTime:0.000000s ]
INFO: [ app_init ] --END-- [ RunTime:0.000000s ]
INFO: [ app_begin ] --START--
INFO: Run Behavior\ReadHtmlCacheBehavior [ RunTime:0.000000s ]
INFO: [ app_begin ] --END-- [ RunTime:0.000000s ]
SQL: SHOW COLUMNS FROM `book_press` [ RunTime:0.0020s ]
SQL: SELECT * FROM `book_press`  [ RunTime:0.0000s ]

[ 2017-05-03T10:36:37+08:00 ] ::1 /tushuguanli/API/Book/getListType
INFO: [ app_init ] --START--
INFO: Run Behavior\BuildLiteBehavior [ RunTime:0.000000s ]
INFO: [ app_init ] --END-- [ RunTime:0.001000s ]
INFO: [ app_begin ] --START--
INFO: Run Behavior\ReadHtmlCacheBehavior [ RunTime:0.000000s ]
INFO: [ app_begin ] --END-- [ RunTime:0.000000s ]
SQL: SHOW COLUMNS FROM `book_type` [ RunTime:0.0020s ]
SQL: SELECT * FROM `book_type`  [ RunTime:0.0000s ]

[ 2017-05-03T10:36:37+08:00 ] ::1 /tushuguanli/API/Book/getListPress
INFO: [ app_init ] --START--
INFO: Run Behavior\BuildLiteBehavior [ RunTime:0.000000s ]
INFO: [ app_init ] --END-- [ RunTime:0.000000s ]
INFO: [ app_begin ] --START--
INFO: Run Behavior\ReadHtmlCacheBehavior [ RunTime:0.000000s ]
INFO: [ app_begin ] --END-- [ RunTime:0.000000s ]
SQL: SHOW COLUMNS FROM `book_press` [ RunTime:0.0020s ]
SQL: SELECT * FROM `book_press`  [ RunTime:0.0000s ]

[ 2017-05-03T10:39:53+08:00 ] ::1 /tushuguanli/API/Book/getListType
INFO: [ app_init ] --START--
INFO: Run Behavior\BuildLiteBehavior [ RunTime:0.000000s ]
INFO: [ app_init ] --END-- [ RunTime:0.000000s ]
INFO: [ app_begin ] --START--
INFO: Run Behavior\ReadHtmlCacheBehavior [ RunTime:0.000000s ]
INFO: [ app_begin ] --END-- [ RunTime:0.000000s ]
SQL: SHOW COLUMNS FROM `book_type` [ RunTime:0.0020s ]
SQL: SELECT * FROM `book_type`  [ RunTime:0.0000s ]

[ 2017-05-03T10:39:53+08:00 ] ::1 /tushuguanli/API/Book/getListPress
INFO: [ app_init ] --START--
INFO: Run Behavior\BuildLiteBehavior [ RunTime:0.000000s ]
INFO: [ app_init ] --END-- [ RunTime:0.000000s ]
INFO: [ app_begin ] --START--
INFO: Run Behavior\ReadHtmlCacheBehavior [ RunTime:0.000000s ]
INFO: [ app_begin ] --END-- [ RunTime:0.000000s ]
SQL: SHOW COLUMNS FROM `book_press` [ RunTime:0.0020s ]
SQL: SELECT * FROM `book_press`  [ RunTime:0.0000s ]

[ 2017-05-03T10:40:19+08:00 ] ::1 /tushuguanli/API/Book/getListPress
INFO: [ app_init ] --START--
INFO: Run Behavior\BuildLiteBehavior [ RunTime:0.000000s ]
INFO: [ app_init ] --END-- [ RunTime:0.000000s ]
INFO: [ app_begin ] --START--
INFO: Run Behavior\ReadHtmlCacheBehavior [ RunTime:0.001000s ]
INFO: [ app_begin ] --END-- [ RunTime:0.001000s ]
SQL: SHOW COLUMNS FROM `book_press` [ RunTime:0.0020s ]
SQL: SELECT * FROM `book_press`  [ RunTime:0.0000s ]

[ 2017-05-03T10:40:19+08:00 ] ::1 /tushuguanli/API/Book/getListType
INFO: [ app_init ] --START--
INFO: Run Behavior\BuildLiteBehavior [ RunTime:0.000000s ]
INFO: [ app_init ] --END-- [ RunTime:0.001000s ]
INFO: [ app_begin ] --START--
INFO: Run Behavior\ReadHtmlCacheBehavior [ RunTime:0.001001s ]
INFO: [ app_begin ] --END-- [ RunTime:0.001001s ]
SQL: SHOW COLUMNS FROM `book_type` [ RunTime:0.0010s ]
SQL: SELECT * FROM `book_type`  [ RunTime:0.0000s ]

[ 2017-05-03T10:40:22+08:00 ] ::1 /tushuguanli/API/Book/getListType
INFO: [ app_init ] --START--
INFO: Run Behavior\BuildLiteBehavior [ RunTime:0.000000s ]
INFO: [ app_init ] --END-- [ RunTime:0.001000s ]
INFO: [ app_begin ] --START--
INFO: Run Behavior\ReadHtmlCacheBehavior [ RunTime:0.001000s ]
INFO: [ app_begin ] --END-- [ RunTime:0.001000s ]
SQL: SHOW COLUMNS FROM `book_type` [ RunTime:0.0020s ]
SQL: SELECT * FROM `book_type`  [ RunTime:0.0000s ]

[ 2017-05-03T10:40:22+08:00 ] ::1 /tushuguanli/API/Book/getListPress
INFO: [ app_init ] --START--
INFO: Run Behavior\BuildLiteBehavior [ RunTime:0.000000s ]
INFO: [ app_init ] --END-- [ RunTime:0.001000s ]
INFO: [ app_begin ] --START--
INFO: Run Behavior\ReadHtmlCacheBehavior [ RunTime:0.001000s ]
INFO: [ app_begin ] --END-- [ RunTime:0.001000s ]
SQL: SHOW COLUMNS FROM `book_press` [ RunTime:0.0020s ]
SQL: SELECT * FROM `book_press`  [ RunTime:0.0000s ]

[ 2017-05-03T10:40:26+08:00 ] ::1 /tushuguanli/API/Book/getListPress
INFO: [ app_init ] --START--
INFO: Run Behavior\BuildLiteBehavior [ RunTime:0.000000s ]
INFO: [ app_init ] --END-- [ RunTime:0.000000s ]
INFO: [ app_begin ] --START--
INFO: Run Behavior\ReadHtmlCacheBehavior [ RunTime:0.001000s ]
INFO: [ app_begin ] --END-- [ RunTime:0.001000s ]
SQL: SHOW COLUMNS FROM `book_press` [ RunTime:0.0020s ]
SQL: SELECT * FROM `book_press`  [ RunTime:0.0000s ]

[ 2017-05-03T10:40:26+08:00 ] ::1 /tushuguanli/API/Book/getListType
INFO: [ app_init ] --START--
INFO: Run Behavior\BuildLiteBehavior [ RunTime:0.000000s ]
INFO: [ app_init ] --END-- [ RunTime:0.000000s ]
INFO: [ app_begin ] --START--
INFO: Run Behavior\ReadHtmlCacheBehavior [ RunTime:0.001000s ]
INFO: [ app_begin ] --END-- [ RunTime:0.001000s ]
SQL: SHOW COLUMNS FROM `book_type` [ RunTime:0.0020s ]
SQL: SELECT * FROM `book_type`  [ RunTime:0.0000s ]

[ 2017-05-03T10:41:15+08:00 ] ::1 /tushuguanli/API/Book/getListPress
INFO: [ app_init ] --START--
INFO: Run Behavior\BuildLiteBehavior [ RunTime:0.000000s ]
INFO: [ app_init ] --END-- [ RunTime:0.001000s ]
INFO: [ app_begin ] --START--
INFO: Run Behavior\ReadHtmlCacheBehavior [ RunTime:0.001000s ]
INFO: [ app_begin ] --END-- [ RunTime:0.001000s ]
SQL: SHOW COLUMNS FROM `book_press` [ RunTime:0.0020s ]
SQL: SELECT * FROM `book_press`  [ RunTime:0.0000s ]

[ 2017-05-03T10:41:15+08:00 ] ::1 /tushuguanli/API/Book/getListType
INFO: [ app_init ] --START--
INFO: Run Behavior\BuildLiteBehavior [ RunTime:0.000000s ]
INFO: [ app_init ] --END-- [ RunTime:0.000000s ]
INFO: [ app_begin ] --START--
INFO: Run Behavior\ReadHtmlCacheBehavior [ RunTime:0.000000s ]
INFO: [ app_begin ] --END-- [ RunTime:0.000000s ]
SQL: SHOW COLUMNS FROM `book_type` [ RunTime:0.0020s ]
SQL: SELECT * FROM `book_type`  [ RunTime:0.0000s ]

[ 2017-05-03T10:41:19+08:00 ] ::1 /tushuguanli/API/Book/getListPress
INFO: [ app_init ] --START--
INFO: Run Behavior\BuildLiteBehavior [ RunTime:0.000000s ]
INFO: [ app_init ] --END-- [ RunTime:0.001000s ]
INFO: [ app_begin ] --START--
INFO: Run Behavior\ReadHtmlCacheBehavior [ RunTime:0.001000s ]
INFO: [ app_begin ] --END-- [ RunTime:0.001000s ]
SQL: SHOW COLUMNS FROM `book_press` [ RunTime:0.0020s ]
SQL: SELECT * FROM `book_press`  [ RunTime:0.0000s ]

[ 2017-05-03T10:41:19+08:00 ] ::1 /tushuguanli/API/Book/getListType
INFO: [ app_init ] --START--
INFO: Run Behavior\BuildLiteBehavior [ RunTime:0.000000s ]
INFO: [ app_init ] --END-- [ RunTime:0.001000s ]
INFO: [ app_begin ] --START--
INFO: Run Behavior\ReadHtmlCacheBehavior [ RunTime:0.001000s ]
INFO: [ app_begin ] --END-- [ RunTime:0.001000s ]
SQL: SHOW COLUMNS FROM `book_type` [ RunTime:0.0020s ]
SQL: SELECT * FROM `book_type`  [ RunTime:0.0000s ]

[ 2017-05-03T10:41:33+08:00 ] ::1 /tushuguanli/API/Book/getListPress
INFO: [ app_init ] --START--
INFO: Run Behavior\BuildLiteBehavior [ RunTime:0.000000s ]
INFO: [ app_init ] --END-- [ RunTime:0.001000s ]
INFO: [ app_begin ] --START--
INFO: Run Behavior\ReadHtmlCacheBehavior [ RunTime:0.001001s ]
INFO: [ app_begin ] --END-- [ RunTime:0.001001s ]
SQL: SHOW COLUMNS FROM `book_press` [ RunTime:0.0020s ]
SQL: SELECT * FROM `book_press`  [ RunTime:0.0000s ]

[ 2017-05-03T10:41:33+08:00 ] ::1 /tushuguanli/API/Book/getListType
INFO: [ app_init ] --START--
INFO: Run Behavior\BuildLiteBehavior [ RunTime:0.000000s ]
INFO: [ app_init ] --END-- [ RunTime:0.001000s ]
INFO: [ app_begin ] --START--
INFO: Run Behavior\ReadHtmlCacheBehavior [ RunTime:0.001000s ]
INFO: [ app_begin ] --END-- [ RunTime:0.001000s ]
SQL: SHOW COLUMNS FROM `book_type` [ RunTime:0.0010s ]
SQL: SELECT * FROM `book_type`  [ RunTime:0.0000s ]

[ 2017-05-03T10:42:18+08:00 ] ::1 /tushuguanli/API/Book/getListPress
INFO: [ app_init ] --START--
INFO: Run Behavior\BuildLiteBehavior [ RunTime:0.000000s ]
INFO: [ app_init ] --END-- [ RunTime:0.001000s ]
INFO: [ app_begin ] --START--
INFO: Run Behavior\ReadHtmlCacheBehavior [ RunTime:0.001000s ]
INFO: [ app_begin ] --END-- [ RunTime:0.001000s ]
SQL: SHOW COLUMNS FROM `book_press` [ RunTime:0.0020s ]
SQL: SELECT * FROM `book_press`  [ RunTime:0.0000s ]

[ 2017-05-03T10:42:18+08:00 ] ::1 /tushuguanli/API/Book/getListType
INFO: [ app_init ] --START--
INFO: Run Behavior\BuildLiteBehavior [ RunTime:0.000000s ]
INFO: [ app_init ] --END-- [ RunTime:0.000000s ]
INFO: [ app_begin ] --START--
INFO: Run Behavior\ReadHtmlCacheBehavior [ RunTime:0.000000s ]
INFO: [ app_begin ] --END-- [ RunTime:0.000000s ]
SQL: SHOW COLUMNS FROM `book_type` [ RunTime:0.0020s ]
SQL: SELECT * FROM `book_type`  [ RunTime:0.0000s ]

[ 2017-05-03T10:42:29+08:00 ] ::1 /tushuguanli/API/Book/getListPress
INFO: [ app_init ] --START--
INFO: Run Behavior\BuildLiteBehavior [ RunTime:0.000000s ]
INFO: [ app_init ] --END-- [ RunTime:0.000000s ]
INFO: [ app_begin ] --START--
INFO: Run Behavior\ReadHtmlCacheBehavior [ RunTime:0.001000s ]
INFO: [ app_begin ] --END-- [ RunTime:0.001000s ]
SQL: SHOW COLUMNS FROM `book_press` [ RunTime:0.0020s ]
SQL: SELECT * FROM `book_press`  [ RunTime:0.0000s ]

[ 2017-05-03T10:42:29+08:00 ] ::1 /tushuguanli/API/Book/getListType
INFO: [ app_init ] --START--
INFO: Run Behavior\BuildLiteBehavior [ RunTime:0.000000s ]
INFO: [ app_init ] --END-- [ RunTime:0.000000s ]
INFO: [ app_begin ] --START--
INFO: Run Behavior\ReadHtmlCacheBehavior [ RunTime:0.001000s ]
INFO: [ app_begin ] --END-- [ RunTime:0.001000s ]
SQL: SHOW COLUMNS FROM `book_type` [ RunTime:0.0020s ]
SQL: SELECT * FROM `book_type`  [ RunTime:0.0120s ]

[ 2017-05-03T10:45:14+08:00 ] ::1 /tushuguanli/API/Book/getListTypeAndPress
INFO: [ app_init ] --START--
INFO: Run Behavior\BuildLiteBehavior [ RunTime:0.000000s ]
INFO: [ app_init ] --END-- [ RunTime:0.000000s ]
INFO: [ app_begin ] --START--
INFO: Run Behavior\ReadHtmlCacheBehavior [ RunTime:0.000000s ]
INFO: [ app_begin ] --END-- [ RunTime:0.000000s ]
SQL: SHOW COLUMNS FROM `book_press` [ RunTime:0.0020s ]
SQL: SELECT * FROM `book_press`  [ RunTime:0.0000s ]
SQL: SHOW COLUMNS FROM `book_type` [ RunTime:0.0020s ]
SQL: SELECT * FROM `book_type`  [ RunTime:0.0000s ]

[ 2017-05-03T10:45:16+08:00 ] ::1 /tushuguanli/API/Book/getListTypeAndPress
INFO: [ app_init ] --START--
INFO: Run Behavior\BuildLiteBehavior [ RunTime:0.000000s ]
INFO: [ app_init ] --END-- [ RunTime:0.000000s ]
INFO: [ app_begin ] --START--
INFO: Run Behavior\ReadHtmlCacheBehavior [ RunTime:0.001000s ]
INFO: [ app_begin ] --END-- [ RunTime:0.001000s ]
SQL: SHOW COLUMNS FROM `book_press` [ RunTime:0.0020s ]
SQL: SELECT * FROM `book_press`  [ RunTime:0.0000s ]
SQL: SHOW COLUMNS FROM `book_type` [ RunTime:0.0010s ]
SQL: SELECT * FROM `book_type`  [ RunTime:0.0000s ]

[ 2017-05-03T10:46:41+08:00 ] ::1 /tushuguanli/API/Book/getListTypeAndPress
INFO: [ app_init ] --START--
INFO: Run Behavior\BuildLiteBehavior [ RunTime:0.000000s ]
INFO: [ app_init ] --END-- [ RunTime:0.000000s ]
INFO: [ app_begin ] --START--
INFO: Run Behavior\ReadHtmlCacheBehavior [ RunTime:0.001000s ]
INFO: [ app_begin ] --END-- [ RunTime:0.001000s ]
SQL: SHOW COLUMNS FROM `book_press` [ RunTime:0.0020s ]
SQL: SELECT * FROM `book_press`  [ RunTime:0.0000s ]
SQL: SHOW COLUMNS FROM `book_type` [ RunTime:0.0020s ]
SQL: SELECT * FROM `book_type`  [ RunTime:0.0000s ]

[ 2017-05-03T16:35:04+08:00 ] ::1 /tushuguanli/API/verify
INFO: [ app_init ] --START--
INFO: Run Behavior\BuildLiteBehavior [ RunTime:0.000000s ]
INFO: [ app_init ] --END-- [ RunTime:0.001000s ]
INFO: [ app_begin ] --START--
INFO: Run Behavior\ReadHtmlCacheBehavior [ RunTime:0.000000s ]
INFO: [ app_begin ] --END-- [ RunTime:0.000000s ]
INFO: [ app_end ] --START--
INFO: Run Behavior\ShowPageTraceBehavior [ RunTime:0.001000s ]
INFO: [ app_end ] --END-- [ RunTime:0.001000s ]

[ 2017-05-03T16:35:10+08:00 ] ::1 /tushuguanli/API/login/login
INFO: [ app_init ] --START--
INFO: Run Behavior\BuildLiteBehavior [ RunTime:0.000000s ]
INFO: [ app_init ] --END-- [ RunTime:0.000000s ]
INFO: [ app_begin ] --START--
INFO: Run Behavior\ReadHtmlCacheBehavior [ RunTime:0.000000s ]
INFO: [ app_begin ] --END-- [ RunTime:0.000000s ]
SQL: SHOW COLUMNS FROM `book_admin` [ RunTime:0.0000s ]
SQL: SELECT * FROM `book_admin` WHERE `login` = 'admin' LIMIT 1   [ RunTime:0.0156s ]
SQL: SHOW COLUMNS FROM `book_admin_classified` [ RunTime:0.0000s ]
SQL: SELECT * FROM `book_admin_classified` WHERE `admin` = 1 LIMIT 1   [ RunTime:0.0000s ]
NOTIC: [8] Undefined index: statusLock D:\XAMPP\htdocs\tushuguanli\Application\API\Controller\LoginController.class.php 第 29 行.
SQL: UPDATE `book_admin` SET `code`='46cd618b83bec844b0dc2c7258f4de11' WHERE `id` = 1 [ RunTime:0.1092s ]
INFO: [ app_end ] --START--
INFO: Run Behavior\ShowPageTraceBehavior [ RunTime:0.000000s ]
INFO: [ app_end ] --END-- [ RunTime:0.000000s ]

[ 2017-05-03T16:35:27+08:00 ] ::1 /tushuguanli/API/Book/getListTypeAndPressAndlibary
INFO: [ app_init ] --START--
INFO: Run Behavior\BuildLiteBehavior [ RunTime:0.000000s ]
INFO: [ app_init ] --END-- [ RunTime:0.000000s ]
INFO: [ app_begin ] --START--
INFO: Run Behavior\ReadHtmlCacheBehavior [ RunTime:0.000000s ]
INFO: [ app_begin ] --END-- [ RunTime:0.000000s ]
SQL: SHOW COLUMNS FROM `book_press` [ RunTime:0.0010s ]
SQL: SELECT * FROM `book_press`  [ RunTime:0.0000s ]
SQL: SHOW COLUMNS FROM `book_type` [ RunTime:0.0020s ]
SQL: SELECT * FROM `book_type`  [ RunTime:0.0000s ]
SQL: SHOW COLUMNS FROM `book_libary` [ RunTime:0.0020s ]
SQL: SELECT * FROM `book_libary`  [ RunTime:0.0000s ]

[ 2017-05-03T16:35:39+08:00 ] ::1 /tushuguanli/API/Book/getListTypeAndPressAndlibary
INFO: [ app_init ] --START--
INFO: Run Behavior\BuildLiteBehavior [ RunTime:0.000000s ]
INFO: [ app_init ] --END-- [ RunTime:0.001000s ]
INFO: [ app_begin ] --START--
INFO: Run Behavior\ReadHtmlCacheBehavior [ RunTime:0.000000s ]
INFO: [ app_begin ] --END-- [ RunTime:0.000000s ]
SQL: SHOW COLUMNS FROM `book_press` [ RunTime:0.0010s ]
SQL: SELECT * FROM `book_press`  [ RunTime:0.0000s ]
SQL: SHOW COLUMNS FROM `book_type` [ RunTime:0.0010s ]
SQL: SELECT * FROM `book_type`  [ RunTime:0.0000s ]
SQL: SHOW COLUMNS FROM `book_libary` [ RunTime:0.0010s ]
SQL: SELECT * FROM `book_libary`  [ RunTime:0.0000s ]

