[ 2017-05-15T09:58:23+08:00 ] ::1 /tushuguanli/API/verify
INFO: [ app_init ] --START--
INFO: Run Behavior\BuildLiteBehavior [ RunTime:0.000000s ]
INFO: [ app_init ] --END-- [ RunTime:0.000000s ]
INFO: [ app_begin ] --START--
INFO: Run Behavior\ReadHtmlCacheBehavior [ RunTime:0.000000s ]
INFO: [ app_begin ] --END-- [ RunTime:0.001000s ]
INFO: [ app_end ] --START--
INFO: Run Behavior\ShowPageTraceBehavior [ RunTime:0.001000s ]
INFO: [ app_end ] --END-- [ RunTime:0.001000s ]

[ 2017-05-15T09:58:28+08:00 ] ::1 /tushuguanli/API/login/login
INFO: [ app_init ] --START--
INFO: Run Behavior\BuildLiteBehavior [ RunTime:0.000000s ]
INFO: [ app_init ] --END-- [ RunTime:0.001000s ]
INFO: [ app_begin ] --START--
INFO: Run Behavior\ReadHtmlCacheBehavior [ RunTime:0.002000s ]
INFO: [ app_begin ] --END-- [ RunTime:0.002000s ]
SQL: SHOW COLUMNS FROM `book_admin` [ RunTime:0.0220s ]
SQL: SELECT * FROM `book_admin` WHERE `login` = 'admin' LIMIT 1   [ RunTime:0.0000s ]
SQL: SHOW COLUMNS FROM `book_admin_classified` [ RunTime:0.0160s ]
SQL: SELECT * FROM `book_admin_classified` WHERE `admin` = 1 LIMIT 1   [ RunTime:0.0010s ]
NOTIC: [8] Undefined index: statusLock D:\XAMPP\htdocs\tushuguanli\Application\API\Controller\LoginController.class.php 第 29 行.
SQL: UPDATE `book_admin` SET `code`='fced4f35799409dd854ebeaea7db546d' WHERE `id` = 1 [ RunTime:0.0470s ]
INFO: [ app_end ] --START--
INFO: Run Behavior\ShowPageTraceBehavior [ RunTime:0.001000s ]
INFO: [ app_end ] --END-- [ RunTime:0.001000s ]

[ 2017-05-15T09:58:44+08:00 ] ::1 /tushuguanli/API/book/getVolume
INFO: [ app_init ] --START--
INFO: Run Behavior\BuildLiteBehavior [ RunTime:0.000000s ]
INFO: [ app_init ] --END-- [ RunTime:0.001001s ]
INFO: [ app_begin ] --START--
INFO: Run Behavior\ReadHtmlCacheBehavior [ RunTime:0.001000s ]
INFO: [ app_begin ] --END-- [ RunTime:0.001000s ]
ERR: 非法操作:getVolume

[ 2017-05-15T10:06:15+08:00 ] ::1 /tushuguanli/API/book/getVolume
INFO: [ app_init ] --START--
INFO: Run Behavior\BuildLiteBehavior [ RunTime:0.000000s ]
INFO: [ app_init ] --END-- [ RunTime:0.000000s ]
INFO: [ app_begin ] --START--
INFO: Run Behavior\ReadHtmlCacheBehavior [ RunTime:0.001000s ]
INFO: [ app_begin ] --END-- [ RunTime:0.001000s ]
INFO: [ app_end ] --START--
INFO: Run Behavior\ShowPageTraceBehavior [ RunTime:0.001000s ]
INFO: [ app_end ] --END-- [ RunTime:0.001000s ]

[ 2017-05-15T10:06:27+08:00 ] ::1 /tushuguanli/API/book/getVolume
INFO: [ app_init ] --START--
INFO: Run Behavior\BuildLiteBehavior [ RunTime:0.000000s ]
INFO: [ app_init ] --END-- [ RunTime:0.000000s ]
INFO: [ app_begin ] --START--
INFO: Run Behavior\ReadHtmlCacheBehavior [ RunTime:0.001000s ]
INFO: [ app_begin ] --END-- [ RunTime:0.001000s ]
INFO: [ app_end ] --START--
INFO: Run Behavior\ShowPageTraceBehavior [ RunTime:0.001000s ]
INFO: [ app_end ] --END-- [ RunTime:0.001000s ]

[ 2017-05-15T10:06:30+08:00 ] ::1 /tushuguanli/API/book/getVolume
INFO: [ app_init ] --START--
INFO: Run Behavior\BuildLiteBehavior [ RunTime:0.000000s ]
INFO: [ app_init ] --END-- [ RunTime:0.000000s ]
INFO: [ app_begin ] --START--
INFO: Run Behavior\ReadHtmlCacheBehavior [ RunTime:0.000000s ]
INFO: [ app_begin ] --END-- [ RunTime:0.000000s ]
INFO: [ app_end ] --START--
INFO: Run Behavior\ShowPageTraceBehavior [ RunTime:0.000000s ]
INFO: [ app_end ] --END-- [ RunTime:0.000000s ]

[ 2017-05-15T10:06:33+08:00 ] ::1 /tushuguanli/API/book/getVolume
INFO: [ app_init ] --START--
INFO: Run Behavior\BuildLiteBehavior [ RunTime:0.000000s ]
INFO: [ app_init ] --END-- [ RunTime:0.001000s ]
INFO: [ app_begin ] --START--
INFO: Run Behavior\ReadHtmlCacheBehavior [ RunTime:0.001000s ]
INFO: [ app_begin ] --END-- [ RunTime:0.001000s ]
INFO: [ app_end ] --START--
INFO: Run Behavior\ShowPageTraceBehavior [ RunTime:0.001000s ]
INFO: [ app_end ] --END-- [ RunTime:0.001000s ]

[ 2017-05-15T10:06:44+08:00 ] ::1 /tushuguanli/API/book/getVolume
INFO: [ app_init ] --START--
INFO: Run Behavior\BuildLiteBehavior [ RunTime:0.000000s ]
INFO: [ app_init ] --END-- [ RunTime:0.000000s ]
INFO: [ app_begin ] --START--
INFO: Run Behavior\ReadHtmlCacheBehavior [ RunTime:0.001000s ]
INFO: [ app_begin ] --END-- [ RunTime:0.001000s ]
INFO: [ app_end ] --START--
INFO: Run Behavior\ShowPageTraceBehavior [ RunTime:0.001000s ]
INFO: [ app_end ] --END-- [ RunTime:0.001000s ]

[ 2017-05-15T10:06:46+08:00 ] ::1 /tushuguanli/API/book/getVolume
INFO: [ app_init ] --START--
INFO: Run Behavior\BuildLiteBehavior [ RunTime:0.000000s ]
INFO: [ app_init ] --END-- [ RunTime:0.000000s ]
INFO: [ app_begin ] --START--
INFO: Run Behavior\ReadHtmlCacheBehavior [ RunTime:0.001000s ]
INFO: [ app_begin ] --END-- [ RunTime:0.001000s ]
INFO: [ app_end ] --START--
INFO: Run Behavior\ShowPageTraceBehavior [ RunTime:0.001000s ]
INFO: [ app_end ] --END-- [ RunTime:0.001000s ]

[ 2017-05-15T10:07:04+08:00 ] ::1 /tushuguanli/API/book/getVolume
INFO: [ app_init ] --START--
INFO: Run Behavior\BuildLiteBehavior [ RunTime:0.000000s ]
INFO: [ app_init ] --END-- [ RunTime:0.000000s ]
INFO: [ app_begin ] --START--
INFO: Run Behavior\ReadHtmlCacheBehavior [ RunTime:0.001000s ]
INFO: [ app_begin ] --END-- [ RunTime:0.001000s ]
INFO: [ app_end ] --START--
INFO: Run Behavior\ShowPageTraceBehavior [ RunTime:0.001000s ]
INFO: [ app_end ] --END-- [ RunTime:0.001000s ]

[ 2017-05-15T10:07:06+08:00 ] ::1 /tushuguanli/API/book/getVolume
INFO: [ app_init ] --START--
INFO: Run Behavior\BuildLiteBehavior [ RunTime:0.000000s ]
INFO: [ app_init ] --END-- [ RunTime:0.000000s ]
INFO: [ app_begin ] --START--
INFO: Run Behavior\ReadHtmlCacheBehavior [ RunTime:0.000000s ]
INFO: [ app_begin ] --END-- [ RunTime:0.000000s ]
INFO: [ app_end ] --START--
INFO: Run Behavior\ShowPageTraceBehavior [ RunTime:0.001000s ]
INFO: [ app_end ] --END-- [ RunTime:0.001000s ]

[ 2017-05-15T10:07:09+08:00 ] ::1 /tushuguanli/API/book/getVolume
INFO: [ app_init ] --START--
INFO: Run Behavior\BuildLiteBehavior [ RunTime:0.000000s ]
INFO: [ app_init ] --END-- [ RunTime:0.000000s ]
INFO: [ app_begin ] --START--
INFO: Run Behavior\ReadHtmlCacheBehavior [ RunTime:0.001000s ]
INFO: [ app_begin ] --END-- [ RunTime:0.001000s ]
INFO: [ app_end ] --START--
INFO: Run Behavior\ShowPageTraceBehavior [ RunTime:0.001000s ]
INFO: [ app_end ] --END-- [ RunTime:0.001000s ]

[ 2017-05-15T10:10:15+08:00 ] ::1 /tushuguanli/API/book/getVolume
INFO: [ app_init ] --START--
INFO: Run Behavior\BuildLiteBehavior [ RunTime:0.000000s ]
INFO: [ app_init ] --END-- [ RunTime:0.000000s ]
INFO: [ app_begin ] --START--
INFO: Run Behavior\ReadHtmlCacheBehavior [ RunTime:0.000000s ]
INFO: [ app_begin ] --END-- [ RunTime:0.000000s ]
SQL: SHOW COLUMNS FROM `book_volume` [ RunTime:0.0020s ]
SQL: SELECT * FROM `book_volume` WHERE `id` = 1 LIMIT 1   [ RunTime:0.0010s ]
SQL: SHOW COLUMNS FROM `book_book` [ RunTime:0.0020s ]
INFO: [ app_end ] --START--
INFO: Run Behavior\ShowPageTraceBehavior [ RunTime:0.001000s ]
INFO: [ app_end ] --END-- [ RunTime:0.001000s ]

[ 2017-05-15T10:11:47+08:00 ] ::1 /tushuguanli/API/book/getVolume
INFO: [ app_init ] --START--
INFO: Run Behavior\BuildLiteBehavior [ RunTime:0.000000s ]
INFO: [ app_init ] --END-- [ RunTime:0.000000s ]
INFO: [ app_begin ] --START--
INFO: Run Behavior\ReadHtmlCacheBehavior [ RunTime:0.001000s ]
INFO: [ app_begin ] --END-- [ RunTime:0.001000s ]
SQL: SHOW COLUMNS FROM `book_volume` [ RunTime:0.0020s ]
SQL: SELECT * FROM `book_volume` WHERE `id` = 1 LIMIT 1   [ RunTime:0.0000s ]
SQL: SHOW COLUMNS FROM `book_book` [ RunTime:0.0020s ]
INFO: [ app_end ] --START--
INFO: Run Behavior\ShowPageTraceBehavior [ RunTime:0.000000s ]
INFO: [ app_end ] --END-- [ RunTime:0.000000s ]

[ 2017-05-15T10:12:28+08:00 ] ::1 /tushuguanli/API/book/getVolume
INFO: [ app_init ] --START--
INFO: Run Behavior\BuildLiteBehavior [ RunTime:0.000000s ]
INFO: [ app_init ] --END-- [ RunTime:0.000000s ]
INFO: [ app_begin ] --START--
INFO: Run Behavior\ReadHtmlCacheBehavior [ RunTime:0.000000s ]
INFO: [ app_begin ] --END-- [ RunTime:0.000000s ]
SQL: SHOW COLUMNS FROM `book_volume` [ RunTime:0.0020s ]
SQL: SELECT * FROM `book_volume` WHERE `id` = 1 LIMIT 1   [ RunTime:0.0000s ]
SQL: SHOW COLUMNS FROM `book_book` [ RunTime:0.0010s ]
INFO: [ app_end ] --START--
INFO: Run Behavior\ShowPageTraceBehavior [ RunTime:0.000000s ]
INFO: [ app_end ] --END-- [ RunTime:0.000000s ]

[ 2017-05-15T10:23:11+08:00 ] ::1 /tushuguanli/API/book/getVolume
INFO: [ app_init ] --START--
INFO: Run Behavior\BuildLiteBehavior [ RunTime:0.000000s ]
INFO: [ app_init ] --END-- [ RunTime:0.000000s ]
INFO: [ app_begin ] --START--
INFO: Run Behavior\ReadHtmlCacheBehavior [ RunTime:0.000000s ]
INFO: [ app_begin ] --END-- [ RunTime:0.000000s ]
SQL: SHOW COLUMNS FROM `book_volume` [ RunTime:0.0020s ]
SQL: SELECT * FROM `book_volume` WHERE `id` = 1 LIMIT 1   [ RunTime:0.0010s ]
SQL: SHOW COLUMNS FROM `book_book` [ RunTime:0.0020s ]
INFO: [ app_end ] --START--
INFO: Run Behavior\ShowPageTraceBehavior [ RunTime:0.001000s ]
INFO: [ app_end ] --END-- [ RunTime:0.001000s ]

[ 2017-05-15T10:59:37+08:00 ] ::1 /tushuguanli/API/verify
INFO: [ app_init ] --START--
INFO: Run Behavior\BuildLiteBehavior [ RunTime:0.000000s ]
INFO: [ app_init ] --END-- [ RunTime:0.001000s ]
INFO: [ app_begin ] --START--
INFO: Run Behavior\ReadHtmlCacheBehavior [ RunTime:0.001000s ]
INFO: [ app_begin ] --END-- [ RunTime:0.001000s ]
INFO: [ app_end ] --START--
INFO: Run Behavior\ShowPageTraceBehavior [ RunTime:0.001000s ]
INFO: [ app_end ] --END-- [ RunTime:0.001000s ]

[ 2017-05-15T10:59:46+08:00 ] ::1 /tushuguanli/API/login/login
INFO: [ app_init ] --START--
INFO: Run Behavior\BuildLiteBehavior [ RunTime:0.000000s ]
INFO: [ app_init ] --END-- [ RunTime:0.001000s ]
INFO: [ app_begin ] --START--
INFO: Run Behavior\ReadHtmlCacheBehavior [ RunTime:0.002000s ]
INFO: [ app_begin ] --END-- [ RunTime:0.002000s ]
SQL: SHOW COLUMNS FROM `book_admin` [ RunTime:0.0020s ]
SQL: SELECT * FROM `book_admin` WHERE `login` = 'admin' LIMIT 1   [ RunTime:0.0000s ]
SQL: SHOW COLUMNS FROM `book_admin_classified` [ RunTime:0.0020s ]
SQL: SELECT * FROM `book_admin_classified` WHERE `admin` = 1 LIMIT 1   [ RunTime:0.0000s ]
NOTIC: [8] Undefined index: statusLock D:\XAMPP\htdocs\tushuguanli\Application\API\Controller\LoginController.class.php 第 29 行.
SQL: UPDATE `book_admin` SET `code`='96f2b50b5d3613adf9c27049b2a888c7' WHERE `id` = 1 [ RunTime:0.0820s ]
INFO: [ app_end ] --START--
INFO: Run Behavior\ShowPageTraceBehavior [ RunTime:0.001000s ]
INFO: [ app_end ] --END-- [ RunTime:0.002000s ]

[ 2017-05-15T11:27:26+08:00 ] ::1 /tushuguanli/API/verify
INFO: [ app_init ] --START--
INFO: Run Behavior\BuildLiteBehavior [ RunTime:0.000000s ]
INFO: [ app_init ] --END-- [ RunTime:0.000000s ]
INFO: [ app_begin ] --START--
INFO: Run Behavior\ReadHtmlCacheBehavior [ RunTime:0.001000s ]
INFO: [ app_begin ] --END-- [ RunTime:0.001000s ]
INFO: [ app_end ] --START--
INFO: Run Behavior\ShowPageTraceBehavior [ RunTime:0.001000s ]
INFO: [ app_end ] --END-- [ RunTime:0.001000s ]

[ 2017-05-15T11:27:38+08:00 ] ::1 /tushuguanli/API/login/login
INFO: [ app_init ] --START--
INFO: Run Behavior\BuildLiteBehavior [ RunTime:0.000000s ]
INFO: [ app_init ] --END-- [ RunTime:0.000000s ]
INFO: [ app_begin ] --START--
INFO: Run Behavior\ReadHtmlCacheBehavior [ RunTime:0.001000s ]
INFO: [ app_begin ] --END-- [ RunTime:0.001000s ]
SQL: SHOW COLUMNS FROM `book_admin` [ RunTime:0.0020s ]
SQL: SELECT * FROM `book_admin` WHERE `login` = 'admin' LIMIT 1   [ RunTime:0.0000s ]
SQL: SHOW COLUMNS FROM `book_admin_classified` [ RunTime:0.0010s ]
SQL: SELECT * FROM `book_admin_classified` WHERE `admin` = 1 LIMIT 1   [ RunTime:0.0000s ]
NOTIC: [8] Undefined index: statusLock D:\XAMPP\htdocs\tushuguanli\Application\API\Controller\LoginController.class.php 第 29 行.
SQL: UPDATE `book_admin` SET `code`='e92d74ccacdc984afa0c517ad0d557a6' WHERE `id` = 1 [ RunTime:0.0794s ]
INFO: [ app_end ] --START--
INFO: Run Behavior\ShowPageTraceBehavior [ RunTime:0.000000s ]
INFO: [ app_end ] --END-- [ RunTime:0.000000s ]

[ 2017-05-15T11:39:14+08:00 ] ::1 /tushuguanli/API/client/getClient
INFO: [ app_init ] --START--
INFO: Run Behavior\BuildLiteBehavior [ RunTime:0.000000s ]
INFO: [ app_init ] --END-- [ RunTime:0.000000s ]
INFO: [ app_begin ] --START--
INFO: Run Behavior\ReadHtmlCacheBehavior [ RunTime:0.001000s ]
INFO: [ app_begin ] --END-- [ RunTime:0.001000s ]
SQL: SHOW COLUMNS FROM `book_client` [ RunTime:0.0020s ]
SQL: SELECT * FROM `book_client` WHERE `tel` = '[object Object]' LIMIT 1   [ RunTime:0.0000s ]
NOTIC: [2] mkdir(): File exists D:\XAMPP\htdocs\tushuguanli\Application\Common\Common\function.php 第 89 行.
NOTIC: [8] Undefined offset: 1 D:\XAMPP\htdocs\tushuguanli\Application\Common\Common\function.php 第 90 行.
SQL: SELECT * FROM `book_client` WHERE `login` = '[object Object]' LIMIT 1   [ RunTime:0.0000s ]
NOTIC: [2] mkdir(): File exists D:\XAMPP\htdocs\tushuguanli\Application\Common\Common\function.php 第 89 行.
NOTIC: [2] mkdir(): File exists D:\XAMPP\htdocs\tushuguanli\Application\Common\Common\function.php 第 89 行.
NOTIC: [8] Undefined offset: 1 D:\XAMPP\htdocs\tushuguanli\Application\Common\Common\function.php 第 90 行.
INFO: [ app_end ] --START--
INFO: Run Behavior\ShowPageTraceBehavior [ RunTime:0.001000s ]
INFO: [ app_end ] --END-- [ RunTime:0.001000s ]

[ 2017-05-15T11:39:40+08:00 ] ::1 /tushuguanli/API/client/getClient
INFO: [ app_init ] --START--
INFO: Run Behavior\BuildLiteBehavior [ RunTime:0.000000s ]
INFO: [ app_init ] --END-- [ RunTime:0.001000s ]
INFO: [ app_begin ] --START--
INFO: Run Behavior\ReadHtmlCacheBehavior [ RunTime:0.001000s ]
INFO: [ app_begin ] --END-- [ RunTime:0.001000s ]
SQL: SHOW COLUMNS FROM `book_client` [ RunTime:0.0020s ]
INFO: [ app_end ] --START--
INFO: Run Behavior\ShowPageTraceBehavior [ RunTime:0.001000s ]
INFO: [ app_end ] --END-- [ RunTime:0.001000s ]

[ 2017-05-15T11:39:58+08:00 ] ::1 /tushuguanli/API/client/getClient
INFO: [ app_init ] --START--
INFO: Run Behavior\BuildLiteBehavior [ RunTime:0.000000s ]
INFO: [ app_init ] --END-- [ RunTime:0.000000s ]
INFO: [ app_begin ] --START--
INFO: Run Behavior\ReadHtmlCacheBehavior [ RunTime:0.000000s ]
INFO: [ app_begin ] --END-- [ RunTime:0.000000s ]
SQL: SHOW COLUMNS FROM `book_client` [ RunTime:0.0000s ]
INFO: [ app_end ] --START--
INFO: Run Behavior\ShowPageTraceBehavior [ RunTime:0.000000s ]
INFO: [ app_end ] --END-- [ RunTime:0.000000s ]

[ 2017-05-15T11:40:22+08:00 ] ::1 /tushuguanli/API/client/getClient
INFO: [ app_init ] --START--
INFO: Run Behavior\BuildLiteBehavior [ RunTime:0.000000s ]
INFO: [ app_init ] --END-- [ RunTime:0.000000s ]
INFO: [ app_begin ] --START--
INFO: Run Behavior\ReadHtmlCacheBehavior [ RunTime:0.001000s ]
INFO: [ app_begin ] --END-- [ RunTime:0.001000s ]
SQL: SHOW COLUMNS FROM `book_client` [ RunTime:0.0030s ]
SQL: SELECT * FROM `book_client` WHERE `tel` = '[object Object]' LIMIT 1   [ RunTime:0.0000s ]
SQL: SELECT * FROM `book_client` WHERE `login` = '[object Object]' LIMIT 1   [ RunTime:0.0000s ]
INFO: [ app_end ] --START--
INFO: Run Behavior\ShowPageTraceBehavior [ RunTime:0.000000s ]
INFO: [ app_end ] --END-- [ RunTime:0.001000s ]

[ 2017-05-15T11:40:43+08:00 ] ::1 /tushuguanli/API/client/getClient
INFO: [ app_init ] --START--
INFO: Run Behavior\BuildLiteBehavior [ RunTime:0.000000s ]
INFO: [ app_init ] --END-- [ RunTime:0.001000s ]
INFO: [ app_begin ] --START--
INFO: Run Behavior\ReadHtmlCacheBehavior [ RunTime:0.000000s ]
INFO: [ app_begin ] --END-- [ RunTime:0.001000s ]
SQL: SHOW COLUMNS FROM `book_client` [ RunTime:0.0020s ]
SQL: SELECT * FROM `book_client` WHERE `id` = 123456789 LIMIT 1   [ RunTime:0.0010s ]
NOTIC: [2] mkdir(): File exists D:\XAMPP\htdocs\tushuguanli\Application\Common\Common\function.php 第 89 行.
NOTIC: [2] mkdir(): File exists D:\XAMPP\htdocs\tushuguanli\Application\Common\Common\function.php 第 89 行.
NOTIC: [8] Undefined offset: 1 D:\XAMPP\htdocs\tushuguanli\Application\Common\Common\function.php 第 90 行.
SQL: SELECT * FROM `book_client` WHERE `serialNumber` = '123456789' LIMIT 1   [ RunTime:0.0000s ]
SQL: SHOW COLUMNS FROM `book_client_press` [ RunTime:0.0020s ]
SQL: SELECT * FROM `book_client_press` WHERE `client` = 1  [ RunTime:0.0000s ]
SQL: SHOW COLUMNS FROM `book_client_tag` [ RunTime:0.0020s ]
SQL: SELECT * FROM `book_client_tag` WHERE `client` = 1  [ RunTime:0.0000s ]
SQL: SHOW COLUMNS FROM `book_client_class` [ RunTime:0.0020s ]
SQL: SELECT * FROM `book_client_class` WHERE `client` = 1  [ RunTime:0.0000s ]
SQL: SHOW COLUMNS FROM `book_client_type` [ RunTime:0.0020s ]
SQL: SELECT * FROM `book_client_type` WHERE `client` = 1  [ RunTime:0.0000s ]
SQL: SHOW COLUMNS FROM `book_borrow` [ RunTime:0.0020s ]
ERR: Think\Model:serchByClient方法不存在！

[ 2017-05-15T11:43:39+08:00 ] ::1 /tushuguanli/API/client/getClient
INFO: [ app_init ] --START--
INFO: Run Behavior\BuildLiteBehavior [ RunTime:0.000000s ]
INFO: [ app_init ] --END-- [ RunTime:0.001000s ]
INFO: [ app_begin ] --START--
INFO: Run Behavior\ReadHtmlCacheBehavior [ RunTime:0.001000s ]
INFO: [ app_begin ] --END-- [ RunTime:0.001000s ]
SQL: SHOW COLUMNS FROM `book_client` [ RunTime:0.0020s ]
SQL: SELECT * FROM `book_client` WHERE `id` = 123456789 LIMIT 1   [ RunTime:0.0000s ]
SQL: SELECT * FROM `book_client` WHERE `serialNumber` = '123456789' LIMIT 1   [ RunTime:0.0000s ]
SQL: SHOW COLUMNS FROM `book_client_press` [ RunTime:0.0010s ]
SQL: SELECT * FROM `book_client_press` WHERE `client` = 1  [ RunTime:0.0000s ]
SQL: SHOW COLUMNS FROM `book_client_tag` [ RunTime:0.0020s ]
SQL: SELECT * FROM `book_client_tag` WHERE `client` = 1  [ RunTime:0.0010s ]
SQL: SHOW COLUMNS FROM `book_client_class` [ RunTime:0.0020s ]
SQL: SELECT * FROM `book_client_class` WHERE `client` = 1  [ RunTime:0.0000s ]
SQL: SHOW COLUMNS FROM `book_client_type` [ RunTime:0.0010s ]
SQL: SELECT * FROM `book_client_type` WHERE `client` = 1  [ RunTime:0.0010s ]
SQL: SHOW COLUMNS FROM `book_borrow` [ RunTime:0.0020s ]
ERR: Think\Model:serchByClient方法不存在！

[ 2017-05-15T11:44:42+08:00 ] ::1 /tushuguanli/API/client/getClient
INFO: [ app_init ] --START--
INFO: Run Behavior\BuildLiteBehavior [ RunTime:0.000000s ]
INFO: [ app_init ] --END-- [ RunTime:0.000000s ]
INFO: [ app_begin ] --START--
INFO: Run Behavior\ReadHtmlCacheBehavior [ RunTime:0.000000s ]
INFO: [ app_begin ] --END-- [ RunTime:0.000000s ]
SQL: SHOW COLUMNS FROM `book_client` [ RunTime:0.0020s ]
SQL: SELECT * FROM `book_client` WHERE `id` = 123456789 LIMIT 1   [ RunTime:0.0000s ]
SQL: SELECT * FROM `book_client` WHERE `serialNumber` = '123456789' LIMIT 1   [ RunTime:0.0000s ]
SQL: SHOW COLUMNS FROM `book_client_press` [ RunTime:0.0020s ]
SQL: SELECT * FROM `book_client_press` WHERE `client` = 1  [ RunTime:0.0000s ]
SQL: SHOW COLUMNS FROM `book_client_tag` [ RunTime:0.0010s ]
SQL: SELECT * FROM `book_client_tag` WHERE `client` = 1  [ RunTime:0.0000s ]
SQL: SHOW COLUMNS FROM `book_client_class` [ RunTime:0.0010s ]
SQL: SELECT * FROM `book_client_class` WHERE `client` = 1  [ RunTime:0.0000s ]
SQL: SHOW COLUMNS FROM `book_client_type` [ RunTime:0.0020s ]
SQL: SELECT * FROM `book_client_type` WHERE `client` = 1  [ RunTime:0.0000s ]
SQL: SHOW COLUMNS FROM `book_borrow` [ RunTime:0.0010s ]
SQL: SELECT * FROM `book_borrow` WHERE `client` = 1  [ RunTime:0.0000s ]
SQL: SHOW COLUMNS FROM `book_client_libary` [ RunTime:0.0020s ]
SQL: SELECT * FROM `book_client_libary` WHERE `client` = 1  [ RunTime:0.0000s ]
NOTIC: [2] mkdir(): File exists D:\XAMPP\htdocs\tushuguanli\Application\Common\Common\function.php 第 89 行.
NOTIC: [2] mkdir(): File exists D:\XAMPP\htdocs\tushuguanli\Application\Common\Common\function.php 第 89 行.
NOTIC: [8] Undefined offset: 1 D:\XAMPP\htdocs\tushuguanli\Application\Common\Common\function.php 第 90 行.
INFO: [ app_end ] --START--
INFO: Run Behavior\ShowPageTraceBehavior [ RunTime:0.001000s ]
INFO: [ app_end ] --END-- [ RunTime:0.001000s ]

[ 2017-05-15T11:44:55+08:00 ] ::1 /tushuguanli/API/client/getClient
INFO: [ app_init ] --START--
INFO: Run Behavior\BuildLiteBehavior [ RunTime:0.000000s ]
INFO: [ app_init ] --END-- [ RunTime:0.000000s ]
INFO: [ app_begin ] --START--
INFO: Run Behavior\ReadHtmlCacheBehavior [ RunTime:0.000000s ]
INFO: [ app_begin ] --END-- [ RunTime:0.000000s ]
SQL: SHOW COLUMNS FROM `book_client` [ RunTime:0.0030s ]
INFO: [ app_end ] --START--
INFO: Run Behavior\ShowPageTraceBehavior [ RunTime:0.000000s ]
INFO: [ app_end ] --END-- [ RunTime:0.000000s ]

[ 2017-05-15T11:57:45+08:00 ] ::1 /tushuguanli/API/client/getClient
INFO: [ app_init ] --START--
INFO: Run Behavior\BuildLiteBehavior [ RunTime:0.000000s ]
INFO: [ app_init ] --END-- [ RunTime:0.001000s ]
INFO: [ app_begin ] --START--
INFO: Run Behavior\ReadHtmlCacheBehavior [ RunTime:0.001000s ]
INFO: [ app_begin ] --END-- [ RunTime:0.001000s ]
SQL: SHOW COLUMNS FROM `book_client` [ RunTime:0.0040s ]
SQL: SELECT * FROM `book_client` WHERE `id` = 123456789 LIMIT 1   [ RunTime:0.0000s ]
SQL: SELECT * FROM `book_client` WHERE `serialNumber` = '123456789' LIMIT 1   [ RunTime:0.0010s ]
SQL: SHOW COLUMNS FROM `book_client_press` [ RunTime:0.0030s ]
SQL: SELECT * FROM `book_client_press` WHERE `client` = 1  [ RunTime:0.0010s ]
SQL: SHOW COLUMNS FROM `book_client_tag` [ RunTime:0.0030s ]
SQL: SELECT * FROM `book_client_tag` WHERE `client` = 1  [ RunTime:0.0010s ]
SQL: SHOW COLUMNS FROM `book_client_class` [ RunTime:0.0030s ]
SQL: SELECT * FROM `book_client_class` WHERE `client` = 1  [ RunTime:0.0000s ]
SQL: SHOW COLUMNS FROM `book_client_type` [ RunTime:0.0030s ]
SQL: SELECT * FROM `book_client_type` WHERE `client` = 1  [ RunTime:0.0000s ]
SQL: SHOW COLUMNS FROM `book_borrow` [ RunTime:0.0040s ]
SQL: SELECT * FROM `book_borrow` WHERE `client` = 1  [ RunTime:0.0000s ]
SQL: SHOW COLUMNS FROM `book_client_libary` [ RunTime:0.0040s ]
SQL: SELECT * FROM `book_client_libary` WHERE `client` = 1  [ RunTime:0.0000s ]
INFO: [ app_end ] --START--
INFO: Run Behavior\ShowPageTraceBehavior [ RunTime:0.001000s ]
INFO: [ app_end ] --END-- [ RunTime:0.002000s ]

[ 2017-05-15T11:57:47+08:00 ] ::1 /tushuguanli/API/client/getClient
INFO: [ app_init ] --START--
INFO: Run Behavior\BuildLiteBehavior [ RunTime:0.000000s ]
INFO: [ app_init ] --END-- [ RunTime:0.001000s ]
INFO: [ app_begin ] --START--
INFO: Run Behavior\ReadHtmlCacheBehavior [ RunTime:0.001000s ]
INFO: [ app_begin ] --END-- [ RunTime:0.001000s ]
SQL: SHOW COLUMNS FROM `book_client` [ RunTime:0.0040s ]
INFO: [ app_end ] --START--
INFO: Run Behavior\ShowPageTraceBehavior [ RunTime:0.001000s ]
INFO: [ app_end ] --END-- [ RunTime:0.001000s ]

[ 2017-05-15T11:58:57+08:00 ] ::1 /tushuguanli/API/client/getClient
INFO: [ app_init ] --START--
INFO: Run Behavior\BuildLiteBehavior [ RunTime:0.000000s ]
INFO: [ app_init ] --END-- [ RunTime:0.000000s ]
INFO: [ app_begin ] --START--
INFO: Run Behavior\ReadHtmlCacheBehavior [ RunTime:0.001000s ]
INFO: [ app_begin ] --END-- [ RunTime:0.001000s ]
SQL: SHOW COLUMNS FROM `book_client` [ RunTime:0.0030s ]
SQL: SELECT * FROM `book_client` WHERE `id` = 123456789 LIMIT 1   [ RunTime:0.0010s ]
SQL: SELECT * FROM `book_client` WHERE `serialNumber` = '123456789' LIMIT 1   [ RunTime:0.0000s ]
SQL: SHOW COLUMNS FROM `book_client_press` [ RunTime:0.0020s ]
SQL: SELECT * FROM `book_client_press` WHERE `client` = 1  [ RunTime:0.0000s ]
SQL: SHOW COLUMNS FROM `book_client_tag` [ RunTime:0.0030s ]
SQL: SELECT * FROM `book_client_tag` WHERE `client` = 1  [ RunTime:0.0000s ]
SQL: SHOW COLUMNS FROM `book_client_class` [ RunTime:0.0020s ]
SQL: SELECT * FROM `book_client_class` WHERE `client` = 1  [ RunTime:0.0000s ]
SQL: SHOW COLUMNS FROM `book_client_type` [ RunTime:0.0020s ]
SQL: SELECT * FROM `book_client_type` WHERE `client` = 1  [ RunTime:0.0000s ]
SQL: SHOW COLUMNS FROM `book_borrow` [ RunTime:0.0030s ]
SQL: SELECT * FROM `book_borrow` WHERE `client` = 1  [ RunTime:0.0000s ]
SQL: SHOW COLUMNS FROM `book_client_libary` [ RunTime:0.0020s ]
SQL: SELECT * FROM `book_client_libary` WHERE `client` = 1  [ RunTime:0.0010s ]
INFO: [ app_end ] --START--
INFO: Run Behavior\ShowPageTraceBehavior [ RunTime:0.001000s ]
INFO: [ app_end ] --END-- [ RunTime:0.001000s ]

[ 2017-05-15T11:59:07+08:00 ] ::1 /tushuguanli/API/client/getClient
INFO: [ app_init ] --START--
INFO: Run Behavior\BuildLiteBehavior [ RunTime:0.000000s ]
INFO: [ app_init ] --END-- [ RunTime:0.000000s ]
INFO: [ app_begin ] --START--
INFO: Run Behavior\ReadHtmlCacheBehavior [ RunTime:0.001000s ]
INFO: [ app_begin ] --END-- [ RunTime:0.001000s ]
SQL: SHOW COLUMNS FROM `book_client` [ RunTime:0.0020s ]
INFO: [ app_end ] --START--
INFO: Run Behavior\ShowPageTraceBehavior [ RunTime:0.000000s ]
INFO: [ app_end ] --END-- [ RunTime:0.000000s ]

[ 2017-05-15T11:59:21+08:00 ] ::1 /tushuguanli/API/client/getClient
INFO: [ app_init ] --START--
INFO: Run Behavior\BuildLiteBehavior [ RunTime:0.000000s ]
INFO: [ app_init ] --END-- [ RunTime:0.001000s ]
INFO: [ app_begin ] --START--
INFO: Run Behavior\ReadHtmlCacheBehavior [ RunTime:0.000000s ]
INFO: [ app_begin ] --END-- [ RunTime:0.002000s ]
SQL: SHOW COLUMNS FROM `book_client` [ RunTime:0.0030s ]
INFO: [ app_end ] --START--
INFO: Run Behavior\ShowPageTraceBehavior [ RunTime:0.000000s ]
INFO: [ app_end ] --END-- [ RunTime:0.000000s ]

[ 2017-05-15T12:00:00+08:00 ] ::1 /tushuguanli/API/client/getClient
INFO: [ app_init ] --START--
INFO: Run Behavior\BuildLiteBehavior [ RunTime:0.000000s ]
INFO: [ app_init ] --END-- [ RunTime:0.001000s ]
INFO: [ app_begin ] --START--
INFO: Run Behavior\ReadHtmlCacheBehavior [ RunTime:0.001000s ]
INFO: [ app_begin ] --END-- [ RunTime:0.001000s ]
SQL: SHOW COLUMNS FROM `book_client` [ RunTime:0.0020s ]
SQL: SELECT * FROM `book_client` WHERE `id` = 123456789 LIMIT 1   [ RunTime:0.0000s ]
SQL: SELECT * FROM `book_client` WHERE `serialNumber` = '123456789' LIMIT 1   [ RunTime:0.0150s ]
SQL: SHOW COLUMNS FROM `book_client_press` [ RunTime:0.0010s ]
SQL: SELECT * FROM `book_client_press` WHERE `client` = 1  [ RunTime:0.0000s ]
SQL: SHOW COLUMNS FROM `book_client_tag` [ RunTime:0.0020s ]
SQL: SELECT * FROM `book_client_tag` WHERE `client` = 1  [ RunTime:0.0000s ]
SQL: SHOW COLUMNS FROM `book_client_class` [ RunTime:0.0010s ]
SQL: SELECT * FROM `book_client_class` WHERE `client` = 1  [ RunTime:0.0010s ]
SQL: SHOW COLUMNS FROM `book_client_type` [ RunTime:0.0020s ]
SQL: SELECT * FROM `book_client_type` WHERE `client` = 1  [ RunTime:0.0000s ]
SQL: SHOW COLUMNS FROM `book_borrow` [ RunTime:0.0010s ]
SQL: SELECT * FROM `book_borrow` WHERE `client` = 1  [ RunTime:0.0000s ]
SQL: SHOW COLUMNS FROM `book_client_libary` [ RunTime:0.0010s ]
SQL: SELECT * FROM `book_client_libary` WHERE `client` = 1  [ RunTime:0.0000s ]
INFO: [ app_end ] --START--
INFO: Run Behavior\ShowPageTraceBehavior [ RunTime:0.001000s ]
INFO: [ app_end ] --END-- [ RunTime:0.001000s ]

[ 2017-05-15T12:00:24+08:00 ] ::1 /tushuguanli/API/client/getClient
INFO: [ app_init ] --START--
INFO: Run Behavior\BuildLiteBehavior [ RunTime:0.000000s ]
INFO: [ app_init ] --END-- [ RunTime:0.001000s ]
INFO: [ app_begin ] --START--
INFO: Run Behavior\ReadHtmlCacheBehavior [ RunTime:0.001000s ]
INFO: [ app_begin ] --END-- [ RunTime:0.001000s ]
SQL: SHOW COLUMNS FROM `book_client` [ RunTime:0.0020s ]
INFO: [ app_end ] --START--
INFO: Run Behavior\ShowPageTraceBehavior [ RunTime:0.000000s ]
INFO: [ app_end ] --END-- [ RunTime:0.000000s ]

