[ 2017-05-09T09:56:12+08:00 ] ::1 /tushuguanli/API/verify
INFO: [ app_init ] --START--
INFO: Run Behavior\BuildLiteBehavior [ RunTime:0.000000s ]
INFO: [ app_init ] --END-- [ RunTime:0.000000s ]
INFO: [ app_begin ] --START--
INFO: Run Behavior\ReadHtmlCacheBehavior [ RunTime:0.000000s ]
INFO: [ app_begin ] --END-- [ RunTime:0.000000s ]
INFO: [ app_end ] --START--
INFO: Run Behavior\ShowPageTraceBehavior [ RunTime:0.001000s ]
INFO: [ app_end ] --END-- [ RunTime:0.001000s ]

[ 2017-05-09T09:56:19+08:00 ] ::1 /tushuguanli/API/login/login
INFO: [ app_init ] --START--
INFO: Run Behavior\BuildLiteBehavior [ RunTime:0.000000s ]
INFO: [ app_init ] --END-- [ RunTime:0.001000s ]
INFO: [ app_begin ] --START--
INFO: Run Behavior\ReadHtmlCacheBehavior [ RunTime:0.001000s ]
INFO: [ app_begin ] --END-- [ RunTime:0.001000s ]
SQL: SHOW COLUMNS FROM `book_admin` [ RunTime:0.0470s ]
SQL: SELECT * FROM `book_admin` WHERE `login` = 'admin' LIMIT 1   [ RunTime:0.0000s ]
SQL: SHOW COLUMNS FROM `book_admin_classified` [ RunTime:0.0190s ]
SQL: SELECT * FROM `book_admin_classified` WHERE `admin` = 1 LIMIT 1   [ RunTime:0.0010s ]
NOTIC: [8] Undefined index: statusLock D:\XAMPP\htdocs\tushuguanli\Application\API\Controller\LoginController.class.php 第 29 行.
SQL: UPDATE `book_admin` SET `code`='e36286b94d3c219f414e0427e5f73aa5' WHERE `id` = 1 [ RunTime:0.0690s ]
INFO: [ app_end ] --START--
INFO: Run Behavior\ShowPageTraceBehavior [ RunTime:0.001000s ]
INFO: [ app_end ] --END-- [ RunTime:0.001000s ]

[ 2017-05-09T09:56:19+08:00 ] ::1 /tushuguanli/API/book/getBookById
INFO: [ app_init ] --START--
INFO: Run Behavior\BuildLiteBehavior [ RunTime:0.000000s ]
INFO: [ app_init ] --END-- [ RunTime:0.001000s ]
INFO: [ app_begin ] --START--
INFO: Run Behavior\ReadHtmlCacheBehavior [ RunTime:0.001000s ]
INFO: [ app_begin ] --END-- [ RunTime:0.001000s ]
SQL: SHOW COLUMNS FROM `book_book` [ RunTime:0.0300s ]
SQL: SELECT * FROM `book_book` WHERE `id` = 1 LIMIT 1   [ RunTime:0.0000s ]
INFO: [ app_end ] --START--
INFO: Run Behavior\ShowPageTraceBehavior [ RunTime:0.001000s ]
INFO: [ app_end ] --END-- [ RunTime:0.001000s ]

[ 2017-05-09T09:57:04+08:00 ] ::1 /tushuguanli/API/book/getBookById
INFO: [ app_init ] --START--
INFO: Run Behavior\BuildLiteBehavior [ RunTime:0.000000s ]
INFO: [ app_init ] --END-- [ RunTime:0.000000s ]
INFO: [ app_begin ] --START--
INFO: Run Behavior\ReadHtmlCacheBehavior [ RunTime:0.000000s ]
INFO: [ app_begin ] --END-- [ RunTime:0.000000s ]
SQL: SHOW COLUMNS FROM `book_book` [ RunTime:0.0020s ]
SQL: SELECT * FROM `book_book` WHERE `id` = 1 LIMIT 1   [ RunTime:0.0000s ]
INFO: [ app_end ] --START--
INFO: Run Behavior\ShowPageTraceBehavior [ RunTime:0.000000s ]
INFO: [ app_end ] --END-- [ RunTime:0.001000s ]

[ 2017-05-09T09:58:15+08:00 ] ::1 /tushuguanli/API/Book/getListTypeAndPressAndlibary
INFO: [ app_init ] --START--
INFO: Run Behavior\BuildLiteBehavior [ RunTime:0.000000s ]
INFO: [ app_init ] --END-- [ RunTime:0.001000s ]
INFO: [ app_begin ] --START--
INFO: Run Behavior\ReadHtmlCacheBehavior [ RunTime:0.001000s ]
INFO: [ app_begin ] --END-- [ RunTime:0.001000s ]
SQL: SHOW COLUMNS FROM `book_press` [ RunTime:0.0020s ]
SQL: SELECT * FROM `book_press`  [ RunTime:0.0000s ]
SQL: SHOW COLUMNS FROM `book_type` [ RunTime:0.0020s ]
SQL: SELECT * FROM `book_type`  [ RunTime:0.0000s ]
SQL: SHOW COLUMNS FROM `book_libary` [ RunTime:0.0010s ]
SQL: SELECT * FROM `book_libary`  [ RunTime:0.0000s ]

[ 2017-05-09T09:58:36+08:00 ] ::1 /tushuguanli/API/book/addBook
INFO: [ app_init ] --START--
INFO: Run Behavior\BuildLiteBehavior [ RunTime:0.000000s ]
INFO: [ app_init ] --END-- [ RunTime:0.001000s ]
INFO: [ app_begin ] --START--
INFO: Run Behavior\ReadHtmlCacheBehavior [ RunTime:0.001000s ]
INFO: [ app_begin ] --END-- [ RunTime:0.001000s ]
SQL: SHOW COLUMNS FROM `book_type` [ RunTime:0.0020s ]
SQL: SELECT * FROM `book_type` WHERE `id` = 1 LIMIT 1   [ RunTime:0.0000s ]
SQL: SHOW COLUMNS FROM `book_book` [ RunTime:0.0010s ]
SQL: SELECT * FROM `book_book` WHERE `type` = 1  [ RunTime:0.0000s ]
SQL: SHOW COLUMNS FROM `book_press` [ RunTime:0.0010s ]
SQL: SELECT * FROM `book_press` WHERE `id` = 1 LIMIT 1   [ RunTime:0.0000s ]
SQL: SELECT * FROM `book_book` WHERE `id` = 1  [ RunTime:0.0000s ]
SQL: SHOW COLUMNS FROM `book_libary` [ RunTime:0.0020s ]
SQL: SELECT * FROM `book_libary` WHERE `id` = 1 LIMIT 1   [ RunTime:0.0000s ]
SQL: SELECT * FROM `book_book` WHERE `id` = 1  [ RunTime:0.0000s ]
NOTIC: [8] Undefined index: status D:\XAMPP\htdocs\tushuguanli\Application\API\Controller\BookController.class.php 第 11 行.
SQL: SELECT * FROM `book_type` WHERE `id` = 1 LIMIT 1   [ RunTime:0.0000s ]
SQL: SELECT * FROM `book_book` WHERE `type` = 1  [ RunTime:0.0000s ]
SQL: SELECT * FROM `book_press` WHERE `id` = 1 LIMIT 1   [ RunTime:0.0000s ]
SQL: SELECT * FROM `book_book` WHERE `id` = 1  [ RunTime:0.0000s ]
SQL: SELECT * FROM `book_libary` WHERE `id` = 1 LIMIT 1   [ RunTime:0.0000s ]
SQL: SELECT * FROM `book_book` WHERE `id` = 1  [ RunTime:0.0000s ]
SQL: INSERT INTO `book_book` (`ISBN`,`codeBar`,`title`,`subtitle`,`page`,`author`,`translator`,`edition`,`bian`,`juan`,`ce`,`type`,`press`,`libary`,`language`,`datePublish`,`position`,`timeRecord`,`recorder`) VALUES ('qsdf','1234567890123','qsdf','qsdf','qsdf','qsdf','qsdf','sqdf','qsdf','sdf','qsdf','1','1','1','英文','2017-05-10','zfqsdfs','2017-05-09 09:58:36','1') [ RunTime:0.0500s ]

[ 2017-05-09T09:58:45+08:00 ] ::1 /tushuguanli/API/book/getBookById
INFO: [ app_init ] --START--
INFO: Run Behavior\BuildLiteBehavior [ RunTime:0.000000s ]
INFO: [ app_init ] --END-- [ RunTime:0.000000s ]
INFO: [ app_begin ] --START--
INFO: Run Behavior\ReadHtmlCacheBehavior [ RunTime:0.001000s ]
INFO: [ app_begin ] --END-- [ RunTime:0.001000s ]
SQL: SHOW COLUMNS FROM `book_book` [ RunTime:0.0020s ]
SQL: SELECT * FROM `book_book` WHERE `id` = 1 LIMIT 1   [ RunTime:0.0000s ]
SQL: SHOW COLUMNS FROM `book_type` [ RunTime:0.0020s ]
SQL: SELECT * FROM `book_type` WHERE ( 1=1 AND id='1' ) LIMIT 1   [ RunTime:0.0010s ]
SQL: SHOW COLUMNS FROM `book_press` [ RunTime:0.0020s ]
SQL: SELECT * FROM `book_press` WHERE ( 1=1 AND id='1' ) LIMIT 1   [ RunTime:0.0000s ]
SQL: SHOW COLUMNS FROM `book_admin` [ RunTime:0.0020s ]
SQL: SELECT * FROM `book_admin` WHERE ( 1=1 AND id='1' ) LIMIT 1   [ RunTime:0.0000s ]
SQL: SHOW COLUMNS FROM `book_volume` [ RunTime:0.0010s ]
SQL: SELECT * FROM `book_volume` WHERE ( 1=1 AND book='1' )  [ RunTime:0.0000s ]
SQL: SHOW COLUMNS FROM `book_libary` [ RunTime:0.0020s ]
SQL: SELECT * FROM `book_libary` WHERE ( 1=1 AND id='1' ) LIMIT 1   [ RunTime:0.0000s ]
SQL: SHOW COLUMNS FROM `book_book_tag` [ RunTime:0.0010s ]
SQL: SELECT * FROM `book_book_tag` WHERE `book` = 1  [ RunTime:0.0010s ]
INFO: [ app_end ] --START--
INFO: Run Behavior\ShowPageTraceBehavior [ RunTime:0.000000s ]
INFO: [ app_end ] --END-- [ RunTime:0.000000s ]

