[ 2017-05-05T09:51:57+08:00 ] ::1 /tushuguanli/API/verify
INFO: [ app_init ] --START--
INFO: Run Behavior\BuildLiteBehavior [ RunTime:0.000000s ]
INFO: [ app_init ] --END-- [ RunTime:0.000000s ]
INFO: [ app_begin ] --START--
INFO: Run Behavior\ReadHtmlCacheBehavior [ RunTime:0.000000s ]
INFO: [ app_begin ] --END-- [ RunTime:0.000000s ]
INFO: [ app_end ] --START--
INFO: Run Behavior\ShowPageTraceBehavior [ RunTime:0.000000s ]
INFO: [ app_end ] --END-- [ RunTime:0.000000s ]

[ 2017-05-05T09:52:04+08:00 ] ::1 /tushuguanli/API/login/login
INFO: [ app_init ] --START--
INFO: Run Behavior\BuildLiteBehavior [ RunTime:0.000000s ]
INFO: [ app_init ] --END-- [ RunTime:0.000000s ]
INFO: [ app_begin ] --START--
INFO: Run Behavior\ReadHtmlCacheBehavior [ RunTime:0.000000s ]
INFO: [ app_begin ] --END-- [ RunTime:0.000000s ]
SQL: SHOW COLUMNS FROM `book_admin` [ RunTime:0.0166s ]
SQL: SELECT * FROM `book_admin` WHERE `login` = 'admin' LIMIT 1   [ RunTime:0.0010s ]
SQL: SHOW COLUMNS FROM `book_admin_classified` [ RunTime:0.0312s ]
SQL: SELECT * FROM `book_admin_classified` WHERE `admin` = 1 LIMIT 1   [ RunTime:0.0000s ]
NOTIC: [8] Undefined index: statusLock D:\XAMPP\htdocs\tushuguanli\Application\API\Controller\LoginController.class.php 第 29 行.
SQL: UPDATE `book_admin` SET `code`='0224cd598e48c5041c7947fd5cb20d53' WHERE `id` = 1 [ RunTime:0.0624s ]
INFO: [ app_end ] --START--
INFO: Run Behavior\ShowPageTraceBehavior [ RunTime:0.000000s ]
INFO: [ app_end ] --END-- [ RunTime:0.000000s ]

[ 2017-05-05T09:52:04+08:00 ] ::1 /tushuguanli/API/Book/getListTypeAndPressAndlibary
INFO: [ app_init ] --START--
INFO: Run Behavior\BuildLiteBehavior [ RunTime:0.000000s ]
INFO: [ app_init ] --END-- [ RunTime:0.000000s ]
INFO: [ app_begin ] --START--
INFO: Run Behavior\ReadHtmlCacheBehavior [ RunTime:0.000000s ]
INFO: [ app_begin ] --END-- [ RunTime:0.000000s ]
SQL: SHOW COLUMNS FROM `book_press` [ RunTime:0.0300s ]
SQL: SELECT * FROM `book_press`  [ RunTime:0.0000s ]
SQL: SHOW COLUMNS FROM `book_type` [ RunTime:0.0160s ]
SQL: SELECT * FROM `book_type`  [ RunTime:0.0000s ]
SQL: SHOW COLUMNS FROM `book_libary` [ RunTime:0.0270s ]
SQL: SELECT * FROM `book_libary`  [ RunTime:0.0000s ]

[ 2017-05-05T09:52:05+08:00 ] ::1 /tushuguanli/API/Book/getListTypeAndPressAndlibary
INFO: [ app_init ] --START--
INFO: Run Behavior\BuildLiteBehavior [ RunTime:0.000000s ]
INFO: [ app_init ] --END-- [ RunTime:0.000000s ]
INFO: [ app_begin ] --START--
INFO: Run Behavior\ReadHtmlCacheBehavior [ RunTime:0.000000s ]
INFO: [ app_begin ] --END-- [ RunTime:0.000000s ]
SQL: SHOW COLUMNS FROM `book_press` [ RunTime:0.0010s ]
SQL: SELECT * FROM `book_press`  [ RunTime:0.0000s ]
SQL: SHOW COLUMNS FROM `book_type` [ RunTime:0.0020s ]
SQL: SELECT * FROM `book_type`  [ RunTime:0.0000s ]
SQL: SHOW COLUMNS FROM `book_libary` [ RunTime:0.0010s ]
SQL: SELECT * FROM `book_libary`  [ RunTime:0.0000s ]

[ 2017-05-05T09:53:06+08:00 ] ::1 /tushuguanli/API/book/addBook
INFO: [ app_init ] --START--
INFO: Run Behavior\BuildLiteBehavior [ RunTime:0.000000s ]
INFO: [ app_init ] --END-- [ RunTime:0.001000s ]
INFO: [ app_begin ] --START--
INFO: Run Behavior\ReadHtmlCacheBehavior [ RunTime:0.000000s ]
INFO: [ app_begin ] --END-- [ RunTime:0.000000s ]
SQL: SHOW COLUMNS FROM `book_type` [ RunTime:0.0020s ]
SQL: SELECT * FROM `book_type` WHERE `id` = 1 LIMIT 1   [ RunTime:0.0000s ]
SQL: SHOW COLUMNS FROM `book_book` [ RunTime:0.0170s ]
SQL: SELECT * FROM `book_book` WHERE `type` = 1  [ RunTime:0.0000s ]
SQL: SHOW COLUMNS FROM `book_press` [ RunTime:0.0040s ]
NOTIC: [8] Undefined variable: name D:\XAMPP\htdocs\tushuguanli\Application\Common\Model\PressModel.class.php 第 32 行.
SQL: SHOW COLUMNS FROM `book_libary` [ RunTime:0.0040s ]
SQL: SELECT * FROM `book_libary` WHERE `id` = 1 LIMIT 1   [ RunTime:0.0010s ]
SQL: SELECT * FROM `book_book` WHERE `id` = 1  [ RunTime:0.0000s ]
NOTIC: [8] Undefined index: datePublish D:\XAMPP\htdocs\tushuguanli\Application\API\Controller\BookController.class.php 第 107 行.
NOTIC: [8] Undefined index: datePublish D:\XAMPP\htdocs\tushuguanli\Application\API\Controller\BookController.class.php 第 110 行.

[ 2017-05-05T09:53:08+08:00 ] ::1 /tushuguanli/API/Book/getListTypeAndPressAndlibary
INFO: [ app_init ] --START--
INFO: Run Behavior\BuildLiteBehavior [ RunTime:0.000000s ]
INFO: [ app_init ] --END-- [ RunTime:0.000000s ]
INFO: [ app_begin ] --START--
INFO: Run Behavior\ReadHtmlCacheBehavior [ RunTime:0.000000s ]
INFO: [ app_begin ] --END-- [ RunTime:0.000000s ]
SQL: SHOW COLUMNS FROM `book_press` [ RunTime:0.0020s ]
SQL: SELECT * FROM `book_press`  [ RunTime:0.0000s ]
SQL: SHOW COLUMNS FROM `book_type` [ RunTime:0.0020s ]
SQL: SELECT * FROM `book_type`  [ RunTime:0.0000s ]
SQL: SHOW COLUMNS FROM `book_libary` [ RunTime:0.0010s ]
SQL: SELECT * FROM `book_libary`  [ RunTime:0.0000s ]

[ 2017-05-05T09:53:32+08:00 ] ::1 /tushuguanli/API/Book/getListTypeAndPressAndlibary
INFO: [ app_init ] --START--
INFO: Run Behavior\BuildLiteBehavior [ RunTime:0.000000s ]
INFO: [ app_init ] --END-- [ RunTime:0.000000s ]
INFO: [ app_begin ] --START--
INFO: Run Behavior\ReadHtmlCacheBehavior [ RunTime:0.000000s ]
INFO: [ app_begin ] --END-- [ RunTime:0.000000s ]
SQL: SHOW COLUMNS FROM `book_press` [ RunTime:0.0010s ]
SQL: SELECT * FROM `book_press`  [ RunTime:0.0000s ]
SQL: SHOW COLUMNS FROM `book_type` [ RunTime:0.0020s ]
SQL: SELECT * FROM `book_type`  [ RunTime:0.0000s ]
SQL: SHOW COLUMNS FROM `book_libary` [ RunTime:0.0020s ]
SQL: SELECT * FROM `book_libary`  [ RunTime:0.0000s ]

[ 2017-05-05T09:53:50+08:00 ] ::1 /tushuguanli/API/book/addBook
INFO: [ app_init ] --START--
INFO: Run Behavior\BuildLiteBehavior [ RunTime:0.000000s ]
INFO: [ app_init ] --END-- [ RunTime:0.000000s ]
INFO: [ app_begin ] --START--
INFO: Run Behavior\ReadHtmlCacheBehavior [ RunTime:0.001000s ]
INFO: [ app_begin ] --END-- [ RunTime:0.001000s ]
SQL: SHOW COLUMNS FROM `book_type` [ RunTime:0.0020s ]
SQL: SELECT * FROM `book_type` WHERE `id` = 1 LIMIT 1   [ RunTime:0.0000s ]
SQL: SHOW COLUMNS FROM `book_book` [ RunTime:0.0010s ]
SQL: SELECT * FROM `book_book` WHERE `type` = 1  [ RunTime:0.0000s ]
SQL: SHOW COLUMNS FROM `book_press` [ RunTime:0.0020s ]
NOTIC: [8] Undefined variable: name D:\XAMPP\htdocs\tushuguanli\Application\Common\Model\PressModel.class.php 第 32 行.
SQL: SHOW COLUMNS FROM `book_libary` [ RunTime:0.0010s ]
SQL: SELECT * FROM `book_libary` WHERE `id` = 1 LIMIT 1   [ RunTime:0.0000s ]
SQL: SELECT * FROM `book_book` WHERE `id` = 1  [ RunTime:0.0000s ]
NOTIC: [8] Undefined index: datePublish D:\XAMPP\htdocs\tushuguanli\Application\API\Controller\BookController.class.php 第 107 行.
NOTIC: [8] Undefined index: datePublish D:\XAMPP\htdocs\tushuguanli\Application\API\Controller\BookController.class.php 第 110 行.

[ 2017-05-05T09:53:52+08:00 ] ::1 /tushuguanli/API/Book/getListTypeAndPressAndlibary
INFO: [ app_init ] --START--
INFO: Run Behavior\BuildLiteBehavior [ RunTime:0.000000s ]
INFO: [ app_init ] --END-- [ RunTime:0.000000s ]
INFO: [ app_begin ] --START--
INFO: Run Behavior\ReadHtmlCacheBehavior [ RunTime:0.000000s ]
INFO: [ app_begin ] --END-- [ RunTime:0.000000s ]
SQL: SHOW COLUMNS FROM `book_press` [ RunTime:0.0020s ]
SQL: SELECT * FROM `book_press`  [ RunTime:0.0000s ]
SQL: SHOW COLUMNS FROM `book_type` [ RunTime:0.0020s ]
SQL: SELECT * FROM `book_type`  [ RunTime:0.0000s ]
SQL: SHOW COLUMNS FROM `book_libary` [ RunTime:0.0010s ]
SQL: SELECT * FROM `book_libary`  [ RunTime:0.0000s ]

[ 2017-05-05T09:54:03+08:00 ] ::1 /tushuguanli/API/verify
INFO: [ app_init ] --START--
INFO: Run Behavior\BuildLiteBehavior [ RunTime:0.000000s ]
INFO: [ app_init ] --END-- [ RunTime:0.000000s ]
INFO: [ app_begin ] --START--
INFO: Run Behavior\ReadHtmlCacheBehavior [ RunTime:0.000000s ]
INFO: [ app_begin ] --END-- [ RunTime:0.000000s ]
INFO: [ app_end ] --START--
INFO: Run Behavior\ShowPageTraceBehavior [ RunTime:0.000000s ]
INFO: [ app_end ] --END-- [ RunTime:0.000000s ]

[ 2017-05-05T09:54:10+08:00 ] ::1 /tushuguanli/API/login/login
INFO: [ app_init ] --START--
INFO: Run Behavior\BuildLiteBehavior [ RunTime:0.000000s ]
INFO: [ app_init ] --END-- [ RunTime:0.000000s ]
INFO: [ app_begin ] --START--
INFO: Run Behavior\ReadHtmlCacheBehavior [ RunTime:0.000000s ]
INFO: [ app_begin ] --END-- [ RunTime:0.000000s ]
SQL: SHOW COLUMNS FROM `book_admin` [ RunTime:0.0000s ]
SQL: SELECT * FROM `book_admin` WHERE `login` = 'admin' LIMIT 1   [ RunTime:0.0000s ]
SQL: SHOW COLUMNS FROM `book_admin_classified` [ RunTime:0.0000s ]
SQL: SELECT * FROM `book_admin_classified` WHERE `admin` = 1 LIMIT 1   [ RunTime:0.0000s ]
NOTIC: [8] Undefined index: statusLock D:\XAMPP\htdocs\tushuguanli\Application\API\Controller\LoginController.class.php 第 29 行.
SQL: UPDATE `book_admin` SET `code`='a577dad7e00eaad256c112c836f55b11' WHERE `id` = 1 [ RunTime:0.0624s ]
INFO: [ app_end ] --START--
INFO: Run Behavior\ShowPageTraceBehavior [ RunTime:0.000000s ]
INFO: [ app_end ] --END-- [ RunTime:0.000000s ]

[ 2017-05-05T09:54:11+08:00 ] ::1 /tushuguanli/API/Book/getListTypeAndPressAndlibary
INFO: [ app_init ] --START--
INFO: Run Behavior\BuildLiteBehavior [ RunTime:0.000000s ]
INFO: [ app_init ] --END-- [ RunTime:0.000000s ]
INFO: [ app_begin ] --START--
INFO: Run Behavior\ReadHtmlCacheBehavior [ RunTime:0.000000s ]
INFO: [ app_begin ] --END-- [ RunTime:0.000000s ]
SQL: SHOW COLUMNS FROM `book_press` [ RunTime:0.0020s ]
SQL: SELECT * FROM `book_press`  [ RunTime:0.0000s ]
SQL: SHOW COLUMNS FROM `book_type` [ RunTime:0.0010s ]
SQL: SELECT * FROM `book_type`  [ RunTime:0.0000s ]
SQL: SHOW COLUMNS FROM `book_libary` [ RunTime:0.0010s ]
SQL: SELECT * FROM `book_libary`  [ RunTime:0.0010s ]

[ 2017-05-05T09:54:27+08:00 ] ::1 /tushuguanli/API/book/addBook
INFO: [ app_init ] --START--
INFO: Run Behavior\BuildLiteBehavior [ RunTime:0.000000s ]
INFO: [ app_init ] --END-- [ RunTime:0.000000s ]
INFO: [ app_begin ] --START--
INFO: Run Behavior\ReadHtmlCacheBehavior [ RunTime:0.001000s ]
INFO: [ app_begin ] --END-- [ RunTime:0.001000s ]
SQL: SHOW COLUMNS FROM `book_type` [ RunTime:0.0020s ]
SQL: SELECT * FROM `book_type` WHERE `id` = 1 LIMIT 1   [ RunTime:0.0000s ]
SQL: SHOW COLUMNS FROM `book_book` [ RunTime:0.0010s ]
SQL: SELECT * FROM `book_book` WHERE `type` = 1  [ RunTime:0.0000s ]
SQL: SHOW COLUMNS FROM `book_press` [ RunTime:0.0010s ]
NOTIC: [8] Undefined variable: name D:\XAMPP\htdocs\tushuguanli\Application\Common\Model\PressModel.class.php 第 32 行.
SQL: SHOW COLUMNS FROM `book_libary` [ RunTime:0.0010s ]
SQL: SELECT * FROM `book_libary` WHERE `id` = 1 LIMIT 1   [ RunTime:0.0000s ]
SQL: SELECT * FROM `book_book` WHERE `id` = 1  [ RunTime:0.0000s ]
NOTIC: [8] Undefined index: datePublish D:\XAMPP\htdocs\tushuguanli\Application\API\Controller\BookController.class.php 第 107 行.
NOTIC: [8] Undefined index: datePublish D:\XAMPP\htdocs\tushuguanli\Application\API\Controller\BookController.class.php 第 110 行.

[ 2017-05-05T09:54:34+08:00 ] ::1 /tushuguanli/API/Book/getListTypeAndPressAndlibary
INFO: [ app_init ] --START--
INFO: Run Behavior\BuildLiteBehavior [ RunTime:0.000000s ]
INFO: [ app_init ] --END-- [ RunTime:0.000000s ]
INFO: [ app_begin ] --START--
INFO: Run Behavior\ReadHtmlCacheBehavior [ RunTime:0.000000s ]
INFO: [ app_begin ] --END-- [ RunTime:0.000000s ]
SQL: SHOW COLUMNS FROM `book_press` [ RunTime:0.0020s ]
SQL: SELECT * FROM `book_press`  [ RunTime:0.0000s ]
SQL: SHOW COLUMNS FROM `book_type` [ RunTime:0.0010s ]
SQL: SELECT * FROM `book_type`  [ RunTime:0.0000s ]
SQL: SHOW COLUMNS FROM `book_libary` [ RunTime:0.0010s ]
SQL: SELECT * FROM `book_libary`  [ RunTime:0.0000s ]

[ 2017-05-05T09:55:03+08:00 ] ::1 /tushuguanli/API/book/addBook
INFO: [ app_init ] --START--
INFO: Run Behavior\BuildLiteBehavior [ RunTime:0.000000s ]
INFO: [ app_init ] --END-- [ RunTime:0.001001s ]
INFO: [ app_begin ] --START--
INFO: Run Behavior\ReadHtmlCacheBehavior [ RunTime:0.001000s ]
INFO: [ app_begin ] --END-- [ RunTime:0.001000s ]
SQL: SHOW COLUMNS FROM `book_press` [ RunTime:0.0020s ]
NOTIC: [8] Undefined variable: name D:\XAMPP\htdocs\tushuguanli\Application\Common\Model\PressModel.class.php 第 32 行.
NOTIC: [8] Undefined index: datePublish D:\XAMPP\htdocs\tushuguanli\Application\API\Controller\BookController.class.php 第 107 行.
NOTIC: [8] Undefined index: datePublish D:\XAMPP\htdocs\tushuguanli\Application\API\Controller\BookController.class.php 第 110 行.

[ 2017-05-05T09:55:05+08:00 ] ::1 /tushuguanli/API/Book/getListTypeAndPressAndlibary
INFO: [ app_init ] --START--
INFO: Run Behavior\BuildLiteBehavior [ RunTime:0.000000s ]
INFO: [ app_init ] --END-- [ RunTime:0.000000s ]
INFO: [ app_begin ] --START--
INFO: Run Behavior\ReadHtmlCacheBehavior [ RunTime:0.000000s ]
INFO: [ app_begin ] --END-- [ RunTime:0.000000s ]
SQL: SHOW COLUMNS FROM `book_press` [ RunTime:0.0010s ]
SQL: SELECT * FROM `book_press`  [ RunTime:0.0010s ]
SQL: SHOW COLUMNS FROM `book_type` [ RunTime:0.0020s ]
SQL: SELECT * FROM `book_type`  [ RunTime:0.0000s ]
SQL: SHOW COLUMNS FROM `book_libary` [ RunTime:0.0020s ]
SQL: SELECT * FROM `book_libary`  [ RunTime:0.0000s ]

[ 2017-05-05T09:55:07+08:00 ] ::1 /tushuguanli/API/book/addBook
INFO: [ app_init ] --START--
INFO: Run Behavior\BuildLiteBehavior [ RunTime:0.000000s ]
INFO: [ app_init ] --END-- [ RunTime:0.001000s ]
INFO: [ app_begin ] --START--
INFO: Run Behavior\ReadHtmlCacheBehavior [ RunTime:0.000000s ]
INFO: [ app_begin ] --END-- [ RunTime:0.000000s ]
SQL: SHOW COLUMNS FROM `book_press` [ RunTime:0.0020s ]
NOTIC: [8] Undefined variable: name D:\XAMPP\htdocs\tushuguanli\Application\Common\Model\PressModel.class.php 第 32 行.
NOTIC: [8] Undefined index: datePublish D:\XAMPP\htdocs\tushuguanli\Application\API\Controller\BookController.class.php 第 107 行.
NOTIC: [8] Undefined index: datePublish D:\XAMPP\htdocs\tushuguanli\Application\API\Controller\BookController.class.php 第 110 行.

[ 2017-05-05T09:55:08+08:00 ] ::1 /tushuguanli/API/Book/getListTypeAndPressAndlibary
INFO: [ app_init ] --START--
INFO: Run Behavior\BuildLiteBehavior [ RunTime:0.000000s ]
INFO: [ app_init ] --END-- [ RunTime:0.000000s ]
INFO: [ app_begin ] --START--
INFO: Run Behavior\ReadHtmlCacheBehavior [ RunTime:0.000000s ]
INFO: [ app_begin ] --END-- [ RunTime:0.000000s ]
SQL: SHOW COLUMNS FROM `book_press` [ RunTime:0.0020s ]
SQL: SELECT * FROM `book_press`  [ RunTime:0.0000s ]
SQL: SHOW COLUMNS FROM `book_type` [ RunTime:0.0020s ]
SQL: SELECT * FROM `book_type`  [ RunTime:0.0000s ]
SQL: SHOW COLUMNS FROM `book_libary` [ RunTime:0.0020s ]
SQL: SELECT * FROM `book_libary`  [ RunTime:0.0000s ]

[ 2017-05-05T09:55:09+08:00 ] ::1 /tushuguanli/API/Book/getListTypeAndPressAndlibary
INFO: [ app_init ] --START--
INFO: Run Behavior\BuildLiteBehavior [ RunTime:0.000000s ]
INFO: [ app_init ] --END-- [ RunTime:0.000000s ]
INFO: [ app_begin ] --START--
INFO: Run Behavior\ReadHtmlCacheBehavior [ RunTime:0.000000s ]
INFO: [ app_begin ] --END-- [ RunTime:0.000000s ]
SQL: SHOW COLUMNS FROM `book_press` [ RunTime:0.0010s ]
SQL: SELECT * FROM `book_press`  [ RunTime:0.0000s ]
SQL: SHOW COLUMNS FROM `book_type` [ RunTime:0.0020s ]
SQL: SELECT * FROM `book_type`  [ RunTime:0.0000s ]
SQL: SHOW COLUMNS FROM `book_libary` [ RunTime:0.0020s ]
SQL: SELECT * FROM `book_libary`  [ RunTime:0.0000s ]

[ 2017-05-05T09:55:10+08:00 ] ::1 /tushuguanli/API/Book/getListTypeAndPressAndlibary
INFO: [ app_init ] --START--
INFO: Run Behavior\BuildLiteBehavior [ RunTime:0.000000s ]
INFO: [ app_init ] --END-- [ RunTime:0.001000s ]
INFO: [ app_begin ] --START--
INFO: Run Behavior\ReadHtmlCacheBehavior [ RunTime:0.001000s ]
INFO: [ app_begin ] --END-- [ RunTime:0.001000s ]
SQL: SHOW COLUMNS FROM `book_press` [ RunTime:0.0010s ]
SQL: SELECT * FROM `book_press`  [ RunTime:0.0000s ]
SQL: SHOW COLUMNS FROM `book_type` [ RunTime:0.0020s ]
SQL: SELECT * FROM `book_type`  [ RunTime:0.0000s ]
SQL: SHOW COLUMNS FROM `book_libary` [ RunTime:0.0020s ]
SQL: SELECT * FROM `book_libary`  [ RunTime:0.0000s ]

[ 2017-05-05T09:55:11+08:00 ] ::1 /tushuguanli/API/Book/getListTypeAndPressAndlibary
INFO: [ app_init ] --START--
INFO: Run Behavior\BuildLiteBehavior [ RunTime:0.000000s ]
INFO: [ app_init ] --END-- [ RunTime:0.000000s ]
INFO: [ app_begin ] --START--
INFO: Run Behavior\ReadHtmlCacheBehavior [ RunTime:0.000000s ]
INFO: [ app_begin ] --END-- [ RunTime:0.000000s ]
SQL: SHOW COLUMNS FROM `book_press` [ RunTime:0.0020s ]
SQL: SELECT * FROM `book_press`  [ RunTime:0.0010s ]
SQL: SHOW COLUMNS FROM `book_type` [ RunTime:0.0020s ]
SQL: SELECT * FROM `book_type`  [ RunTime:0.0000s ]
SQL: SHOW COLUMNS FROM `book_libary` [ RunTime:0.0020s ]
SQL: SELECT * FROM `book_libary`  [ RunTime:0.0000s ]

[ 2017-05-05T09:55:11+08:00 ] ::1 /tushuguanli/API/Book/getListTypeAndPressAndlibary
INFO: [ app_init ] --START--
INFO: Run Behavior\BuildLiteBehavior [ RunTime:0.000000s ]
INFO: [ app_init ] --END-- [ RunTime:0.000000s ]
INFO: [ app_begin ] --START--
INFO: Run Behavior\ReadHtmlCacheBehavior [ RunTime:0.000000s ]
INFO: [ app_begin ] --END-- [ RunTime:0.000000s ]
SQL: SHOW COLUMNS FROM `book_press` [ RunTime:0.0010s ]
SQL: SELECT * FROM `book_press`  [ RunTime:0.0010s ]
SQL: SHOW COLUMNS FROM `book_type` [ RunTime:0.0020s ]
SQL: SELECT * FROM `book_type`  [ RunTime:0.0000s ]
SQL: SHOW COLUMNS FROM `book_libary` [ RunTime:0.0010s ]
SQL: SELECT * FROM `book_libary`  [ RunTime:0.0010s ]

[ 2017-05-05T09:57:20+08:00 ] ::1 /tushuguanli/API/Book/getListTypeAndPressAndlibary
INFO: [ app_init ] --START--
INFO: Run Behavior\BuildLiteBehavior [ RunTime:0.000000s ]
INFO: [ app_init ] --END-- [ RunTime:0.000000s ]
INFO: [ app_begin ] --START--
INFO: Run Behavior\ReadHtmlCacheBehavior [ RunTime:0.001000s ]
INFO: [ app_begin ] --END-- [ RunTime:0.001000s ]
SQL: SHOW COLUMNS FROM `book_press` [ RunTime:0.0020s ]
SQL: SELECT * FROM `book_press`  [ RunTime:0.0010s ]
SQL: SHOW COLUMNS FROM `book_type` [ RunTime:0.0020s ]
SQL: SELECT * FROM `book_type`  [ RunTime:0.0000s ]
SQL: SHOW COLUMNS FROM `book_libary` [ RunTime:0.0020s ]
SQL: SELECT * FROM `book_libary`  [ RunTime:0.0000s ]

[ 2017-05-05T09:57:33+08:00 ] ::1 /tushuguanli/API/book/addBook
INFO: [ app_init ] --START--
INFO: Run Behavior\BuildLiteBehavior [ RunTime:0.000000s ]
INFO: [ app_init ] --END-- [ RunTime:0.001000s ]
INFO: [ app_begin ] --START--
INFO: Run Behavior\ReadHtmlCacheBehavior [ RunTime:0.001000s ]
INFO: [ app_begin ] --END-- [ RunTime:0.001000s ]
SQL: SHOW COLUMNS FROM `book_type` [ RunTime:0.0020s ]
SQL: SELECT * FROM `book_type` WHERE `id` = 1 LIMIT 1   [ RunTime:0.0000s ]
SQL: SHOW COLUMNS FROM `book_book` [ RunTime:0.0020s ]
SQL: SELECT * FROM `book_book` WHERE `type` = 1  [ RunTime:0.0000s ]
SQL: SHOW COLUMNS FROM `book_press` [ RunTime:0.0010s ]
NOTIC: [8] Undefined variable: name D:\XAMPP\htdocs\tushuguanli\Application\Common\Model\PressModel.class.php 第 32 行.
SQL: SHOW COLUMNS FROM `book_libary` [ RunTime:0.0010s ]
SQL: SELECT * FROM `book_libary` WHERE `id` = 1 LIMIT 1   [ RunTime:0.0010s ]
SQL: SELECT * FROM `book_book` WHERE `id` = 1  [ RunTime:0.0000s ]
NOTIC: [8] Undefined index: datePublish D:\XAMPP\htdocs\tushuguanli\Application\API\Controller\BookController.class.php 第 107 行.
NOTIC: [8] Undefined index: datePublish D:\XAMPP\htdocs\tushuguanli\Application\API\Controller\BookController.class.php 第 110 行.

[ 2017-05-05T09:58:32+08:00 ] ::1 /tushuguanli/API/Book/getListTypeAndPressAndlibary
INFO: [ app_init ] --START--
INFO: Run Behavior\BuildLiteBehavior [ RunTime:0.000000s ]
INFO: [ app_init ] --END-- [ RunTime:0.000000s ]
INFO: [ app_begin ] --START--
INFO: Run Behavior\ReadHtmlCacheBehavior [ RunTime:0.000000s ]
INFO: [ app_begin ] --END-- [ RunTime:0.000000s ]
SQL: SHOW COLUMNS FROM `book_press` [ RunTime:0.0020s ]
SQL: SELECT * FROM `book_press`  [ RunTime:0.0000s ]
SQL: SHOW COLUMNS FROM `book_type` [ RunTime:0.0010s ]
SQL: SELECT * FROM `book_type`  [ RunTime:0.0000s ]
SQL: SHOW COLUMNS FROM `book_libary` [ RunTime:0.0010s ]
SQL: SELECT * FROM `book_libary`  [ RunTime:0.0010s ]

[ 2017-05-05T09:58:50+08:00 ] ::1 /tushuguanli/API/book/addBook
INFO: [ app_init ] --START--
INFO: Run Behavior\BuildLiteBehavior [ RunTime:0.000000s ]
INFO: [ app_init ] --END-- [ RunTime:0.001000s ]
INFO: [ app_begin ] --START--
INFO: Run Behavior\ReadHtmlCacheBehavior [ RunTime:0.001000s ]
INFO: [ app_begin ] --END-- [ RunTime:0.001000s ]
SQL: SHOW COLUMNS FROM `book_type` [ RunTime:0.0020s ]
SQL: SELECT * FROM `book_type` WHERE `id` = 1 LIMIT 1   [ RunTime:0.0010s ]
SQL: SHOW COLUMNS FROM `book_book` [ RunTime:0.0020s ]
SQL: SELECT * FROM `book_book` WHERE `type` = 1  [ RunTime:0.0000s ]
SQL: SHOW COLUMNS FROM `book_press` [ RunTime:0.0020s ]
NOTIC: [8] Undefined variable: name D:\XAMPP\htdocs\tushuguanli\Application\Common\Model\PressModel.class.php 第 32 行.
SQL: SHOW COLUMNS FROM `book_libary` [ RunTime:0.0020s ]
SQL: SELECT * FROM `book_libary` WHERE `id` = 1 LIMIT 1   [ RunTime:0.0000s ]
SQL: SELECT * FROM `book_book` WHERE `id` = 1  [ RunTime:0.0000s ]
NOTIC: [8] Undefined index: datePublish D:\XAMPP\htdocs\tushuguanli\Application\API\Controller\BookController.class.php 第 107 行.
NOTIC: [8] Undefined index: datePublish D:\XAMPP\htdocs\tushuguanli\Application\API\Controller\BookController.class.php 第 110 行.

[ 2017-05-05T09:59:33+08:00 ] ::1 /tushuguanli/API/Book/getListTypeAndPressAndlibary
INFO: [ app_init ] --START--
INFO: Run Behavior\BuildLiteBehavior [ RunTime:0.000000s ]
INFO: [ app_init ] --END-- [ RunTime:0.000000s ]
INFO: [ app_begin ] --START--
INFO: Run Behavior\ReadHtmlCacheBehavior [ RunTime:0.000000s ]
INFO: [ app_begin ] --END-- [ RunTime:0.001000s ]
SQL: SHOW COLUMNS FROM `book_press` [ RunTime:0.0020s ]
SQL: SELECT * FROM `book_press`  [ RunTime:0.0000s ]
SQL: SHOW COLUMNS FROM `book_type` [ RunTime:0.0020s ]
SQL: SELECT * FROM `book_type`  [ RunTime:0.0000s ]
SQL: SHOW COLUMNS FROM `book_libary` [ RunTime:0.0010s ]
SQL: SELECT * FROM `book_libary`  [ RunTime:0.0000s ]

[ 2017-05-05T09:59:53+08:00 ] ::1 /tushuguanli/API/book/addBook
INFO: [ app_init ] --START--
INFO: Run Behavior\BuildLiteBehavior [ RunTime:0.001000s ]
INFO: [ app_init ] --END-- [ RunTime:0.001000s ]
INFO: [ app_begin ] --START--
INFO: Run Behavior\ReadHtmlCacheBehavior [ RunTime:0.001000s ]
INFO: [ app_begin ] --END-- [ RunTime:0.001000s ]
SQL: SHOW COLUMNS FROM `book_type` [ RunTime:0.0040s ]
SQL: SELECT * FROM `book_type` WHERE `id` = 1 LIMIT 1   [ RunTime:0.0000s ]
SQL: SHOW COLUMNS FROM `book_book` [ RunTime:0.0040s ]
SQL: SELECT * FROM `book_book` WHERE `type` = 1  [ RunTime:0.0010s ]
SQL: SHOW COLUMNS FROM `book_press` [ RunTime:0.0040s ]
NOTIC: [8] Undefined variable: name D:\XAMPP\htdocs\tushuguanli\Application\Common\Model\PressModel.class.php 第 32 行.
SQL: SHOW COLUMNS FROM `book_libary` [ RunTime:0.0040s ]
SQL: SELECT * FROM `book_libary` WHERE `id` = 1 LIMIT 1   [ RunTime:0.0000s ]
SQL: SELECT * FROM `book_book` WHERE `id` = 1  [ RunTime:0.0000s ]
NOTIC: [8] Undefined index: datePublish D:\XAMPP\htdocs\tushuguanli\Application\API\Controller\BookController.class.php 第 107 行.
NOTIC: [8] Undefined index: datePublish D:\XAMPP\htdocs\tushuguanli\Application\API\Controller\BookController.class.php 第 110 行.

[ 2017-05-05T10:00:05+08:00 ] ::1 /tushuguanli/API/book/addBook
INFO: [ app_init ] --START--
INFO: Run Behavior\BuildLiteBehavior [ RunTime:0.000000s ]
INFO: [ app_init ] --END-- [ RunTime:0.001000s ]
INFO: [ app_begin ] --START--
INFO: Run Behavior\ReadHtmlCacheBehavior [ RunTime:0.000000s ]
INFO: [ app_begin ] --END-- [ RunTime:0.000000s ]
SQL: SHOW COLUMNS FROM `book_type` [ RunTime:0.0020s ]
SQL: SELECT * FROM `book_type` WHERE `id` = 1 LIMIT 1   [ RunTime:0.0000s ]
SQL: SHOW COLUMNS FROM `book_book` [ RunTime:0.0020s ]
SQL: SELECT * FROM `book_book` WHERE `type` = 1  [ RunTime:0.0010s ]
SQL: SHOW COLUMNS FROM `book_press` [ RunTime:0.0020s ]
NOTIC: [8] Undefined variable: name D:\XAMPP\htdocs\tushuguanli\Application\Common\Model\PressModel.class.php 第 32 行.
SQL: SHOW COLUMNS FROM `book_libary` [ RunTime:0.0020s ]
SQL: SELECT * FROM `book_libary` WHERE `id` = 1 LIMIT 1   [ RunTime:0.0000s ]
SQL: SELECT * FROM `book_book` WHERE `id` = 1  [ RunTime:0.0000s ]
NOTIC: [8] Undefined index: datePublish D:\XAMPP\htdocs\tushuguanli\Application\API\Controller\BookController.class.php 第 107 行.
NOTIC: [8] Undefined index: datePublish D:\XAMPP\htdocs\tushuguanli\Application\API\Controller\BookController.class.php 第 110 行.

[ 2017-05-05T10:00:12+08:00 ] ::1 /tushuguanli/API/book/addBook
INFO: [ app_init ] --START--
INFO: Run Behavior\BuildLiteBehavior [ RunTime:0.000000s ]
INFO: [ app_init ] --END-- [ RunTime:0.001000s ]
INFO: [ app_begin ] --START--
INFO: Run Behavior\ReadHtmlCacheBehavior [ RunTime:0.001000s ]
INFO: [ app_begin ] --END-- [ RunTime:0.001000s ]
SQL: SHOW COLUMNS FROM `book_type` [ RunTime:0.0020s ]
SQL: SELECT * FROM `book_type` WHERE `id` = 1 LIMIT 1   [ RunTime:0.0000s ]
SQL: SHOW COLUMNS FROM `book_book` [ RunTime:0.0020s ]
SQL: SELECT * FROM `book_book` WHERE `type` = 1  [ RunTime:0.0000s ]
SQL: SHOW COLUMNS FROM `book_press` [ RunTime:0.0020s ]
NOTIC: [8] Undefined variable: name D:\XAMPP\htdocs\tushuguanli\Application\Common\Model\PressModel.class.php 第 32 行.
SQL: SHOW COLUMNS FROM `book_libary` [ RunTime:0.0020s ]
SQL: SELECT * FROM `book_libary` WHERE `id` = 1 LIMIT 1   [ RunTime:0.0010s ]
SQL: SELECT * FROM `book_book` WHERE `id` = 1  [ RunTime:0.0000s ]
NOTIC: [8] Undefined index: datePublish D:\XAMPP\htdocs\tushuguanli\Application\API\Controller\BookController.class.php 第 107 行.
NOTIC: [8] Undefined index: datePublish D:\XAMPP\htdocs\tushuguanli\Application\API\Controller\BookController.class.php 第 110 行.

[ 2017-05-05T10:02:04+08:00 ] ::1 /tushuguanli/API/book/addBook
INFO: [ app_init ] --START--
INFO: Run Behavior\BuildLiteBehavior [ RunTime:0.000000s ]
INFO: [ app_init ] --END-- [ RunTime:0.001000s ]
INFO: [ app_begin ] --START--
INFO: Run Behavior\ReadHtmlCacheBehavior [ RunTime:0.000000s ]
INFO: [ app_begin ] --END-- [ RunTime:0.000000s ]
SQL: SHOW COLUMNS FROM `book_type` [ RunTime:0.0020s ]
SQL: SELECT * FROM `book_type` WHERE `id` = 1 LIMIT 1   [ RunTime:0.0000s ]
SQL: SHOW COLUMNS FROM `book_book` [ RunTime:0.0020s ]
SQL: SELECT * FROM `book_book` WHERE `type` = 1  [ RunTime:0.0000s ]
SQL: SHOW COLUMNS FROM `book_press` [ RunTime:0.0020s ]
SQL: SELECT * FROM `book_press` WHERE `id` = 1 LIMIT 1   [ RunTime:0.0000s ]
SQL: SELECT * FROM `book_book` WHERE `id` = 1  [ RunTime:0.0000s ]
SQL: SHOW COLUMNS FROM `book_libary` [ RunTime:0.0020s ]
SQL: SELECT * FROM `book_libary` WHERE `id` = 1 LIMIT 1   [ RunTime:0.0000s ]
SQL: SELECT * FROM `book_book` WHERE `id` = 1  [ RunTime:0.0010s ]
NOTIC: [8] Undefined index: datePublish D:\XAMPP\htdocs\tushuguanli\Application\API\Controller\BookController.class.php 第 107 行.
NOTIC: [8] Undefined index: datePublish D:\XAMPP\htdocs\tushuguanli\Application\API\Controller\BookController.class.php 第 110 行.

[ 2017-05-05T10:02:52+08:00 ] ::1 /tushuguanli/API/book/addBook
INFO: [ app_init ] --START--
INFO: Run Behavior\BuildLiteBehavior [ RunTime:0.000000s ]
INFO: [ app_init ] --END-- [ RunTime:0.001000s ]
INFO: [ app_begin ] --START--
INFO: Run Behavior\ReadHtmlCacheBehavior [ RunTime:0.001000s ]
INFO: [ app_begin ] --END-- [ RunTime:0.001000s ]
SQL: SHOW COLUMNS FROM `book_type` [ RunTime:0.0030s ]
SQL: SELECT * FROM `book_type` WHERE `id` = 1 LIMIT 1   [ RunTime:0.0000s ]
SQL: SHOW COLUMNS FROM `book_book` [ RunTime:0.0030s ]
SQL: SELECT * FROM `book_book` WHERE `type` = 1  [ RunTime:0.0010s ]
SQL: SHOW COLUMNS FROM `book_press` [ RunTime:0.0030s ]
SQL: SELECT * FROM `book_press` WHERE `id` = 1 LIMIT 1   [ RunTime:0.0000s ]
SQL: SELECT * FROM `book_book` WHERE `id` = 1  [ RunTime:0.0000s ]
SQL: SHOW COLUMNS FROM `book_libary` [ RunTime:0.0020s ]
SQL: SELECT * FROM `book_libary` WHERE `id` = 1 LIMIT 1   [ RunTime:0.0010s ]
SQL: SELECT * FROM `book_book` WHERE `id` = 1  [ RunTime:0.0000s ]
NOTIC: [8] Undefined index: datePublish D:\XAMPP\htdocs\tushuguanli\Application\API\Controller\BookController.class.php 第 107 行.
NOTIC: [8] Undefined index: datePublish D:\XAMPP\htdocs\tushuguanli\Application\API\Controller\BookController.class.php 第 110 行.
NOTIC: [8] Undefined index: datePublish D:\XAMPP\htdocs\tushuguanli\Application\API\Controller\BookController.class.php 第 112 行.

[ 2017-05-05T10:03:00+08:00 ] ::1 /tushuguanli/API/book/addBook
INFO: [ app_init ] --START--
INFO: Run Behavior\BuildLiteBehavior [ RunTime:0.000000s ]
INFO: [ app_init ] --END-- [ RunTime:0.000000s ]
INFO: [ app_begin ] --START--
INFO: Run Behavior\ReadHtmlCacheBehavior [ RunTime:0.001000s ]
INFO: [ app_begin ] --END-- [ RunTime:0.001000s ]
SQL: SHOW COLUMNS FROM `book_type` [ RunTime:0.0020s ]
SQL: SELECT * FROM `book_type` WHERE `id` = 1 LIMIT 1   [ RunTime:0.0000s ]
SQL: SHOW COLUMNS FROM `book_book` [ RunTime:0.0030s ]
SQL: SELECT * FROM `book_book` WHERE `type` = 1  [ RunTime:0.0010s ]
SQL: SHOW COLUMNS FROM `book_press` [ RunTime:0.0020s ]
SQL: SELECT * FROM `book_press` WHERE `id` = 1 LIMIT 1   [ RunTime:0.0000s ]
SQL: SELECT * FROM `book_book` WHERE `id` = 1  [ RunTime:0.0000s ]
SQL: SHOW COLUMNS FROM `book_libary` [ RunTime:0.0020s ]
SQL: SELECT * FROM `book_libary` WHERE `id` = 1 LIMIT 1   [ RunTime:0.0010s ]
SQL: SELECT * FROM `book_book` WHERE `id` = 1  [ RunTime:0.0000s ]
NOTIC: [8] Undefined index: datePublish D:\XAMPP\htdocs\tushuguanli\Application\API\Controller\BookController.class.php 第 107 行.
NOTIC: [8] Undefined index: datePublish D:\XAMPP\htdocs\tushuguanli\Application\API\Controller\BookController.class.php 第 110 行.
NOTIC: [8] Undefined index: datePublish D:\XAMPP\htdocs\tushuguanli\Application\API\Controller\BookController.class.php 第 112 行.

[ 2017-05-05T10:06:00+08:00 ] ::1 /tushuguanli/API/book/addBook
INFO: [ app_init ] --START--
INFO: Run Behavior\BuildLiteBehavior [ RunTime:0.000000s ]
INFO: [ app_init ] --END-- [ RunTime:0.000000s ]
INFO: [ app_begin ] --START--
INFO: Run Behavior\ReadHtmlCacheBehavior [ RunTime:0.001000s ]
INFO: [ app_begin ] --END-- [ RunTime:0.001000s ]
SQL: SHOW COLUMNS FROM `book_type` [ RunTime:0.0020s ]
SQL: SELECT * FROM `book_type` WHERE `id` = 1 LIMIT 1   [ RunTime:0.0000s ]
SQL: SHOW COLUMNS FROM `book_book` [ RunTime:0.0010s ]
SQL: SELECT * FROM `book_book` WHERE `type` = 1  [ RunTime:0.0000s ]
SQL: SHOW COLUMNS FROM `book_press` [ RunTime:0.0020s ]
SQL: SELECT * FROM `book_press` WHERE `id` = 1 LIMIT 1   [ RunTime:0.0000s ]
SQL: SELECT * FROM `book_book` WHERE `id` = 1  [ RunTime:0.0000s ]
SQL: SHOW COLUMNS FROM `book_libary` [ RunTime:0.0010s ]
SQL: SELECT * FROM `book_libary` WHERE `id` = 1 LIMIT 1   [ RunTime:0.0000s ]
SQL: SELECT * FROM `book_book` WHERE `id` = 1  [ RunTime:0.0000s ]
NOTIC: [8] Undefined index: datePublish D:\XAMPP\htdocs\tushuguanli\Application\API\Controller\BookController.class.php 第 107 行.
NOTIC: [8] Undefined index: datePublish D:\XAMPP\htdocs\tushuguanli\Application\API\Controller\BookController.class.php 第 110 行.
NOTIC: [8] Undefined index: datePublish D:\XAMPP\htdocs\tushuguanli\Application\API\Controller\BookController.class.php 第 112 行.

[ 2017-05-05T10:06:26+08:00 ] ::1 /tushuguanli/API/book/addBook
INFO: [ app_init ] --START--
INFO: Run Behavior\BuildLiteBehavior [ RunTime:0.000000s ]
INFO: [ app_init ] --END-- [ RunTime:0.000000s ]
INFO: [ app_begin ] --START--
INFO: Run Behavior\ReadHtmlCacheBehavior [ RunTime:0.000000s ]
INFO: [ app_begin ] --END-- [ RunTime:0.000000s ]
SQL: SHOW COLUMNS FROM `book_type` [ RunTime:0.0020s ]
SQL: SELECT * FROM `book_type` WHERE `id` = 1 LIMIT 1   [ RunTime:0.0000s ]
SQL: SHOW COLUMNS FROM `book_book` [ RunTime:0.0010s ]
SQL: SELECT * FROM `book_book` WHERE `type` = 1  [ RunTime:0.0000s ]
SQL: SHOW COLUMNS FROM `book_press` [ RunTime:0.0020s ]
SQL: SELECT * FROM `book_press` WHERE `id` = 1 LIMIT 1   [ RunTime:0.0000s ]
SQL: SELECT * FROM `book_book` WHERE `id` = 1  [ RunTime:0.0000s ]
SQL: SHOW COLUMNS FROM `book_libary` [ RunTime:0.0010s ]
SQL: SELECT * FROM `book_libary` WHERE `id` = 1 LIMIT 1   [ RunTime:0.0010s ]
SQL: SELECT * FROM `book_book` WHERE `id` = 1  [ RunTime:0.0000s ]
NOTIC: [8] Undefined index: datePublish D:\XAMPP\htdocs\tushuguanli\Application\API\Controller\BookController.class.php 第 107 行.
NOTIC: [8] Undefined index: datePublish D:\XAMPP\htdocs\tushuguanli\Application\API\Controller\BookController.class.php 第 110 行.
NOTIC: [8] Undefined index: datePublish D:\XAMPP\htdocs\tushuguanli\Application\API\Controller\BookController.class.php 第 112 行.

[ 2017-05-05T10:06:49+08:00 ] ::1 /tushuguanli/API/Book/getListTypeAndPressAndlibary
INFO: [ app_init ] --START--
INFO: Run Behavior\BuildLiteBehavior [ RunTime:0.000000s ]
INFO: [ app_init ] --END-- [ RunTime:0.000000s ]
INFO: [ app_begin ] --START--
INFO: Run Behavior\ReadHtmlCacheBehavior [ RunTime:0.001001s ]
INFO: [ app_begin ] --END-- [ RunTime:0.001001s ]
SQL: SHOW COLUMNS FROM `book_press` [ RunTime:0.0020s ]
SQL: SELECT * FROM `book_press`  [ RunTime:0.0000s ]
SQL: SHOW COLUMNS FROM `book_type` [ RunTime:0.0010s ]
SQL: SELECT * FROM `book_type`  [ RunTime:0.0000s ]
SQL: SHOW COLUMNS FROM `book_libary` [ RunTime:0.0010s ]
SQL: SELECT * FROM `book_libary`  [ RunTime:0.0000s ]

[ 2017-05-05T10:06:50+08:00 ] ::1 /tushuguanli/API/book/addBook
INFO: [ app_init ] --START--
INFO: Run Behavior\BuildLiteBehavior [ RunTime:0.000000s ]
INFO: [ app_init ] --END-- [ RunTime:0.001000s ]
INFO: [ app_begin ] --START--
INFO: Run Behavior\ReadHtmlCacheBehavior [ RunTime:0.000000s ]
INFO: [ app_begin ] --END-- [ RunTime:0.000000s ]
SQL: SHOW COLUMNS FROM `book_press` [ RunTime:0.0020s ]
NOTIC: [8] Undefined index: datePublish D:\XAMPP\htdocs\tushuguanli\Application\API\Controller\BookController.class.php 第 107 行.

[ 2017-05-05T10:06:53+08:00 ] ::1 /tushuguanli/API/Book/getListTypeAndPressAndlibary
INFO: [ app_init ] --START--
INFO: Run Behavior\BuildLiteBehavior [ RunTime:0.000000s ]
INFO: [ app_init ] --END-- [ RunTime:0.000000s ]
INFO: [ app_begin ] --START--
INFO: Run Behavior\ReadHtmlCacheBehavior [ RunTime:0.001000s ]
INFO: [ app_begin ] --END-- [ RunTime:0.001000s ]
SQL: SHOW COLUMNS FROM `book_press` [ RunTime:0.0020s ]
SQL: SELECT * FROM `book_press`  [ RunTime:0.0000s ]
SQL: SHOW COLUMNS FROM `book_type` [ RunTime:0.0020s ]
SQL: SELECT * FROM `book_type`  [ RunTime:0.0000s ]
SQL: SHOW COLUMNS FROM `book_libary` [ RunTime:0.0010s ]
SQL: SELECT * FROM `book_libary`  [ RunTime:0.0000s ]

[ 2017-05-05T10:07:21+08:00 ] ::1 /tushuguanli/API/book/addBook
INFO: [ app_init ] --START--
INFO: Run Behavior\BuildLiteBehavior [ RunTime:0.000000s ]
INFO: [ app_init ] --END-- [ RunTime:0.000000s ]
INFO: [ app_begin ] --START--
INFO: Run Behavior\ReadHtmlCacheBehavior [ RunTime:0.000000s ]
INFO: [ app_begin ] --END-- [ RunTime:0.000000s ]
SQL: SHOW COLUMNS FROM `book_type` [ RunTime:0.0020s ]
SQL: SELECT * FROM `book_type` WHERE `id` = 2 LIMIT 1   [ RunTime:0.0000s ]
SQL: SHOW COLUMNS FROM `book_book` [ RunTime:0.0020s ]
SQL: SELECT * FROM `book_book` WHERE `type` = 2  [ RunTime:0.0000s ]
SQL: SHOW COLUMNS FROM `book_press` [ RunTime:0.0010s ]
SQL: SELECT * FROM `book_press` WHERE `id` = 1 LIMIT 1   [ RunTime:0.0000s ]
SQL: SELECT * FROM `book_book` WHERE `id` = 1  [ RunTime:0.0000s ]
SQL: SHOW COLUMNS FROM `book_libary` [ RunTime:0.0010s ]
SQL: SELECT * FROM `book_libary` WHERE `id` = 1 LIMIT 1   [ RunTime:0.0000s ]
SQL: SELECT * FROM `book_book` WHERE `id` = 1  [ RunTime:0.0000s ]
NOTIC: [8] Undefined index: datePublish D:\XAMPP\htdocs\tushuguanli\Application\API\Controller\BookController.class.php 第 107 行.

[ 2017-05-05T10:07:54+08:00 ] ::1 /tushuguanli/API/book/addBook
INFO: [ app_init ] --START--
INFO: Run Behavior\BuildLiteBehavior [ RunTime:0.000000s ]
INFO: [ app_init ] --END-- [ RunTime:0.001000s ]
INFO: [ app_begin ] --START--
INFO: Run Behavior\ReadHtmlCacheBehavior [ RunTime:0.001000s ]
INFO: [ app_begin ] --END-- [ RunTime:0.001000s ]
NOTIC: [8] Undefined index: status D:\XAMPP\htdocs\tushuguanli\Application\API\Controller\BookController.class.php 第 11 行.

[ 2017-05-05T10:10:08+08:00 ] ::1 /tushuguanli/API/Book/getListTypeAndPressAndlibary
INFO: [ app_init ] --START--
INFO: Run Behavior\BuildLiteBehavior [ RunTime:0.000000s ]
INFO: [ app_init ] --END-- [ RunTime:0.000000s ]
INFO: [ app_begin ] --START--
INFO: Run Behavior\ReadHtmlCacheBehavior [ RunTime:0.000000s ]
INFO: [ app_begin ] --END-- [ RunTime:0.000000s ]
SQL: SHOW COLUMNS FROM `book_press` [ RunTime:0.0020s ]
SQL: SELECT * FROM `book_press`  [ RunTime:0.0000s ]
SQL: SHOW COLUMNS FROM `book_type` [ RunTime:0.0010s ]
SQL: SELECT * FROM `book_type`  [ RunTime:0.0000s ]
SQL: SHOW COLUMNS FROM `book_libary` [ RunTime:0.0020s ]
SQL: SELECT * FROM `book_libary`  [ RunTime:0.0000s ]

[ 2017-05-05T10:10:11+08:00 ] ::1 /tushuguanli/API/book/addBook
INFO: [ app_init ] --START--
INFO: Run Behavior\BuildLiteBehavior [ RunTime:0.000000s ]
INFO: [ app_init ] --END-- [ RunTime:0.000000s ]
INFO: [ app_begin ] --START--
INFO: Run Behavior\ReadHtmlCacheBehavior [ RunTime:0.000000s ]
INFO: [ app_begin ] --END-- [ RunTime:0.000000s ]
NOTIC: [8] Undefined index: status D:\XAMPP\htdocs\tushuguanli\Application\API\Controller\BookController.class.php 第 11 行.

[ 2017-05-05T10:10:33+08:00 ] ::1 /tushuguanli/API/verify
INFO: [ app_init ] --START--
INFO: Run Behavior\BuildLiteBehavior [ RunTime:0.000000s ]
INFO: [ app_init ] --END-- [ RunTime:0.000000s ]
INFO: [ app_begin ] --START--
INFO: Run Behavior\ReadHtmlCacheBehavior [ RunTime:0.001000s ]
INFO: [ app_begin ] --END-- [ RunTime:0.001000s ]
INFO: [ app_end ] --START--
INFO: Run Behavior\ShowPageTraceBehavior [ RunTime:0.000000s ]
INFO: [ app_end ] --END-- [ RunTime:0.000000s ]

[ 2017-05-05T10:10:40+08:00 ] ::1 /tushuguanli/API/login/login
INFO: [ app_init ] --START--
INFO: Run Behavior\BuildLiteBehavior [ RunTime:0.000000s ]
INFO: [ app_init ] --END-- [ RunTime:0.000000s ]
INFO: [ app_begin ] --START--
INFO: Run Behavior\ReadHtmlCacheBehavior [ RunTime:0.001000s ]
INFO: [ app_begin ] --END-- [ RunTime:0.001000s ]
SQL: SHOW COLUMNS FROM `book_admin` [ RunTime:0.0330s ]
SQL: SELECT * FROM `book_admin` WHERE `login` = 'admin' LIMIT 1   [ RunTime:0.0000s ]
SQL: SHOW COLUMNS FROM `book_admin_classified` [ RunTime:0.0010s ]
SQL: SELECT * FROM `book_admin_classified` WHERE `admin` = 1 LIMIT 1   [ RunTime:0.0000s ]
NOTIC: [8] Undefined index: statusLock D:\XAMPP\htdocs\tushuguanli\Application\API\Controller\LoginController.class.php 第 29 行.
SQL: UPDATE `book_admin` SET `code`='2f3bbb9730639e9ea48f309d9a79ff01' WHERE `id` = 1 [ RunTime:0.1560s ]
INFO: [ app_end ] --START--
INFO: Run Behavior\ShowPageTraceBehavior [ RunTime:0.001000s ]
INFO: [ app_end ] --END-- [ RunTime:0.001000s ]

[ 2017-05-05T10:10:40+08:00 ] ::1 /tushuguanli/API/Book/getListTypeAndPressAndlibary
INFO: [ app_init ] --START--
INFO: Run Behavior\BuildLiteBehavior [ RunTime:0.000000s ]
INFO: [ app_init ] --END-- [ RunTime:0.000000s ]
INFO: [ app_begin ] --START--
INFO: Run Behavior\ReadHtmlCacheBehavior [ RunTime:0.000000s ]
INFO: [ app_begin ] --END-- [ RunTime:0.000000s ]
SQL: SHOW COLUMNS FROM `book_press` [ RunTime:0.0020s ]
SQL: SELECT * FROM `book_press`  [ RunTime:0.0000s ]
SQL: SHOW COLUMNS FROM `book_type` [ RunTime:0.0020s ]
SQL: SELECT * FROM `book_type`  [ RunTime:0.0000s ]
SQL: SHOW COLUMNS FROM `book_libary` [ RunTime:0.0020s ]
SQL: SELECT * FROM `book_libary`  [ RunTime:0.0000s ]

[ 2017-05-05T10:10:52+08:00 ] ::1 /tushuguanli/API/book/addBook
INFO: [ app_init ] --START--
INFO: Run Behavior\BuildLiteBehavior [ RunTime:0.000000s ]
INFO: [ app_init ] --END-- [ RunTime:0.001000s ]
INFO: [ app_begin ] --START--
INFO: Run Behavior\ReadHtmlCacheBehavior [ RunTime:0.000000s ]
INFO: [ app_begin ] --END-- [ RunTime:0.000000s ]
NOTIC: [8] Undefined index: status D:\XAMPP\htdocs\tushuguanli\Application\API\Controller\BookController.class.php 第 11 行.

[ 2017-05-05T10:15:45+08:00 ] ::1 /tushuguanli/API/book/addBook
INFO: [ app_init ] --START--
INFO: Run Behavior\BuildLiteBehavior [ RunTime:0.000000s ]
INFO: [ app_init ] --END-- [ RunTime:0.000000s ]
INFO: [ app_begin ] --START--
INFO: Run Behavior\ReadHtmlCacheBehavior [ RunTime:0.001000s ]
INFO: [ app_begin ] --END-- [ RunTime:0.001000s ]

[ 2017-05-05T10:15:47+08:00 ] ::1 /tushuguanli/API/verify
INFO: [ app_init ] --START--
INFO: Run Behavior\BuildLiteBehavior [ RunTime:0.000000s ]
INFO: [ app_init ] --END-- [ RunTime:0.001000s ]
INFO: [ app_begin ] --START--
INFO: Run Behavior\ReadHtmlCacheBehavior [ RunTime:0.001001s ]
INFO: [ app_begin ] --END-- [ RunTime:0.001001s ]
INFO: [ app_end ] --START--
INFO: Run Behavior\ShowPageTraceBehavior [ RunTime:0.000000s ]
INFO: [ app_end ] --END-- [ RunTime:0.000000s ]

[ 2017-05-05T10:15:56+08:00 ] ::1 /tushuguanli/API/login/login
INFO: [ app_init ] --START--
INFO: Run Behavior\BuildLiteBehavior [ RunTime:0.000000s ]
INFO: [ app_init ] --END-- [ RunTime:0.000000s ]
INFO: [ app_begin ] --START--
INFO: Run Behavior\ReadHtmlCacheBehavior [ RunTime:0.000000s ]
INFO: [ app_begin ] --END-- [ RunTime:0.000000s ]
SQL: SHOW COLUMNS FROM `book_admin` [ RunTime:0.0020s ]
SQL: SELECT * FROM `book_admin` WHERE `login` = 'admin' LIMIT 1   [ RunTime:0.0010s ]
SQL: SHOW COLUMNS FROM `book_admin_classified` [ RunTime:0.0020s ]
SQL: SELECT * FROM `book_admin_classified` WHERE `admin` = 1 LIMIT 1   [ RunTime:0.0000s ]
NOTIC: [8] Undefined index: statusLock D:\XAMPP\htdocs\tushuguanli\Application\API\Controller\LoginController.class.php 第 29 行.
SQL: UPDATE `book_admin` SET `code`='e2e14235335d2c0aa5f6855e339233d9' WHERE `id` = 1 [ RunTime:0.0730s ]
INFO: [ app_end ] --START--
INFO: Run Behavior\ShowPageTraceBehavior [ RunTime:0.002001s ]
INFO: [ app_end ] --END-- [ RunTime:0.002001s ]

[ 2017-05-05T10:15:57+08:00 ] ::1 /tushuguanli/API/Book/getListTypeAndPressAndlibary
INFO: [ app_init ] --START--
INFO: Run Behavior\BuildLiteBehavior [ RunTime:0.000000s ]
INFO: [ app_init ] --END-- [ RunTime:0.001000s ]
INFO: [ app_begin ] --START--
INFO: Run Behavior\ReadHtmlCacheBehavior [ RunTime:0.000000s ]
INFO: [ app_begin ] --END-- [ RunTime:0.000000s ]
SQL: SHOW COLUMNS FROM `book_press` [ RunTime:0.0020s ]
SQL: SELECT * FROM `book_press`  [ RunTime:0.0000s ]
SQL: SHOW COLUMNS FROM `book_type` [ RunTime:0.0020s ]
SQL: SELECT * FROM `book_type`  [ RunTime:0.0000s ]
SQL: SHOW COLUMNS FROM `book_libary` [ RunTime:0.0020s ]
SQL: SELECT * FROM `book_libary`  [ RunTime:0.0000s ]

[ 2017-05-05T10:16:02+08:00 ] ::1 /tushuguanli/API/book/addBook
INFO: [ app_init ] --START--
INFO: Run Behavior\BuildLiteBehavior [ RunTime:0.000000s ]
INFO: [ app_init ] --END-- [ RunTime:0.000000s ]
INFO: [ app_begin ] --START--
INFO: Run Behavior\ReadHtmlCacheBehavior [ RunTime:0.000000s ]
INFO: [ app_begin ] --END-- [ RunTime:0.001000s ]
NOTIC: [8] Undefined index: status D:\XAMPP\htdocs\tushuguanli\Application\API\Controller\BookController.class.php 第 11 行.

[ 2017-05-05T10:18:02+08:00 ] ::1 /tushuguanli/API/Book/getListTypeAndPressAndlibary
INFO: [ app_init ] --START--
INFO: Run Behavior\BuildLiteBehavior [ RunTime:0.000000s ]
INFO: [ app_init ] --END-- [ RunTime:0.000000s ]
INFO: [ app_begin ] --START--
INFO: Run Behavior\ReadHtmlCacheBehavior [ RunTime:0.001000s ]
INFO: [ app_begin ] --END-- [ RunTime:0.001000s ]
SQL: SHOW COLUMNS FROM `book_press` [ RunTime:0.0020s ]
SQL: SELECT * FROM `book_press`  [ RunTime:0.0000s ]
SQL: SHOW COLUMNS FROM `book_type` [ RunTime:0.0010s ]
SQL: SELECT * FROM `book_type`  [ RunTime:0.0000s ]
SQL: SHOW COLUMNS FROM `book_libary` [ RunTime:0.0020s ]
SQL: SELECT * FROM `book_libary`  [ RunTime:0.0000s ]

[ 2017-05-05T10:22:25+08:00 ] ::1 /tushuguanli/API/Book/getListTypeAndPressAndlibary
INFO: [ app_init ] --START--
INFO: Run Behavior\BuildLiteBehavior [ RunTime:0.000000s ]
INFO: [ app_init ] --END-- [ RunTime:0.000000s ]
INFO: [ app_begin ] --START--
INFO: Run Behavior\ReadHtmlCacheBehavior [ RunTime:0.001000s ]
INFO: [ app_begin ] --END-- [ RunTime:0.001000s ]
SQL: SHOW COLUMNS FROM `book_press` [ RunTime:0.0020s ]
SQL: SELECT * FROM `book_press`  [ RunTime:0.0000s ]
SQL: SHOW COLUMNS FROM `book_type` [ RunTime:0.0010s ]
SQL: SELECT * FROM `book_type`  [ RunTime:0.0010s ]
SQL: SHOW COLUMNS FROM `book_libary` [ RunTime:0.0020s ]
SQL: SELECT * FROM `book_libary`  [ RunTime:0.0000s ]

[ 2017-05-05T10:22:30+08:00 ] ::1 /tushuguanli/API/book/addBook
INFO: [ app_init ] --START--
INFO: Run Behavior\BuildLiteBehavior [ RunTime:0.000000s ]
INFO: [ app_init ] --END-- [ RunTime:0.000000s ]
INFO: [ app_begin ] --START--
INFO: Run Behavior\ReadHtmlCacheBehavior [ RunTime:0.001000s ]
INFO: [ app_begin ] --END-- [ RunTime:0.001000s ]
NOTIC: [8] Undefined index: status D:\XAMPP\htdocs\tushuguanli\Application\API\Controller\BookController.class.php 第 11 行.

[ 2017-05-05T10:23:41+08:00 ] ::1 /tushuguanli/API/book/addBook
INFO: [ app_init ] --START--
INFO: Run Behavior\BuildLiteBehavior [ RunTime:0.000000s ]
INFO: [ app_init ] --END-- [ RunTime:0.001000s ]
INFO: [ app_begin ] --START--
INFO: Run Behavior\ReadHtmlCacheBehavior [ RunTime:0.000000s ]
INFO: [ app_begin ] --END-- [ RunTime:0.001000s ]
NOTIC: [8] Undefined index: status D:\XAMPP\htdocs\tushuguanli\Application\API\Controller\BookController.class.php 第 11 行.
SQL: SHOW COLUMNS FROM `book_book` [ RunTime:0.0030s ]
SQL: INSERT INTO `book_book` (`ISBN`,`codeBar`,`title`,`subtitle`,`page`,`author`,`translator`,`edition`,`bian`,`juan`,`ce`,`type`,`press`,`libary`,`language`,`datePublish`,`position`) VALUES ('123123','1234567890123','sadf','sadf','100','asdf','asdf','asdfasdf','asdf','asdf','asdf','1','1','1','中文','2017-05-10','asdf') [ RunTime:0.0540s ]

[ 2017-05-05T11:45:23+08:00 ] ::1 /tushuguanli/API/verify
INFO: [ app_init ] --START--
INFO: Run Behavior\BuildLiteBehavior [ RunTime:0.000000s ]
INFO: [ app_init ] --END-- [ RunTime:0.000000s ]
INFO: [ app_begin ] --START--
INFO: Run Behavior\ReadHtmlCacheBehavior [ RunTime:0.001000s ]
INFO: [ app_begin ] --END-- [ RunTime:0.001000s ]
INFO: [ app_end ] --START--
INFO: Run Behavior\ShowPageTraceBehavior [ RunTime:0.000000s ]
INFO: [ app_end ] --END-- [ RunTime:0.000000s ]

[ 2017-05-05T11:45:29+08:00 ] ::1 /tushuguanli/API/login/login
INFO: [ app_init ] --START--
INFO: Run Behavior\BuildLiteBehavior [ RunTime:0.000000s ]
INFO: [ app_init ] --END-- [ RunTime:0.000000s ]
INFO: [ app_begin ] --START--
INFO: Run Behavior\ReadHtmlCacheBehavior [ RunTime:0.001000s ]
INFO: [ app_begin ] --END-- [ RunTime:0.001000s ]
SQL: SHOW COLUMNS FROM `book_admin` [ RunTime:0.0030s ]
SQL: SELECT * FROM `book_admin` WHERE `login` = 'admin' LIMIT 1   [ RunTime:0.0010s ]
SQL: SHOW COLUMNS FROM `book_admin_classified` [ RunTime:0.0020s ]
SQL: SELECT * FROM `book_admin_classified` WHERE `admin` = 1 LIMIT 1   [ RunTime:0.0000s ]
NOTIC: [8] Undefined index: statusLock D:\XAMPP\htdocs\tushuguanli\Application\API\Controller\LoginController.class.php 第 29 行.
SQL: UPDATE `book_admin` SET `code`='dc2b690516158a874dd8aabe1365c6a0' WHERE `id` = 1 [ RunTime:0.0830s ]
INFO: [ app_end ] --START--
INFO: Run Behavior\ShowPageTraceBehavior [ RunTime:0.002000s ]
INFO: [ app_end ] --END-- [ RunTime:0.002000s ]

[ 2017-05-05T11:45:29+08:00 ] ::1 /tushuguanli/API/Book/getListTypeAndPressAndlibary
INFO: [ app_init ] --START--
INFO: Run Behavior\BuildLiteBehavior [ RunTime:0.000000s ]
INFO: [ app_init ] --END-- [ RunTime:0.001000s ]
INFO: [ app_begin ] --START--
INFO: Run Behavior\ReadHtmlCacheBehavior [ RunTime:0.000000s ]
INFO: [ app_begin ] --END-- [ RunTime:0.000000s ]
SQL: SHOW COLUMNS FROM `book_press` [ RunTime:0.0020s ]
SQL: SELECT * FROM `book_press`  [ RunTime:0.0000s ]
SQL: SHOW COLUMNS FROM `book_type` [ RunTime:0.0010s ]
SQL: SELECT * FROM `book_type`  [ RunTime:0.0010s ]
SQL: SHOW COLUMNS FROM `book_libary` [ RunTime:0.0020s ]
SQL: SELECT * FROM `book_libary`  [ RunTime:0.0000s ]

[ 2017-05-05T11:47:08+08:00 ] ::1 /tushuguanli/API/Book/getListTypeAndPressAndlibary
INFO: [ app_init ] --START--
INFO: Run Behavior\BuildLiteBehavior [ RunTime:0.000000s ]
INFO: [ app_init ] --END-- [ RunTime:0.000000s ]
INFO: [ app_begin ] --START--
INFO: Run Behavior\ReadHtmlCacheBehavior [ RunTime:0.000000s ]
INFO: [ app_begin ] --END-- [ RunTime:0.000000s ]
SQL: SHOW COLUMNS FROM `book_press` [ RunTime:0.0020s ]
SQL: SELECT * FROM `book_press`  [ RunTime:0.0000s ]
SQL: SHOW COLUMNS FROM `book_type` [ RunTime:0.0010s ]
SQL: SELECT * FROM `book_type`  [ RunTime:0.0000s ]
SQL: SHOW COLUMNS FROM `book_libary` [ RunTime:0.0010s ]
SQL: SELECT * FROM `book_libary`  [ RunTime:0.0000s ]

[ 2017-05-05T11:47:28+08:00 ] ::1 /tushuguanli/API/book/addBook
INFO: [ app_init ] --START--
INFO: Run Behavior\BuildLiteBehavior [ RunTime:0.000000s ]
INFO: [ app_init ] --END-- [ RunTime:0.000000s ]
INFO: [ app_begin ] --START--
INFO: Run Behavior\ReadHtmlCacheBehavior [ RunTime:0.001000s ]
INFO: [ app_begin ] --END-- [ RunTime:0.001000s ]
NOTIC: [8] Undefined index: status D:\XAMPP\htdocs\tushuguanli\Application\API\Controller\BookController.class.php 第 11 行.
SQL: SHOW COLUMNS FROM `book_book` [ RunTime:0.0020s ]
ERR: 1054:Unknown column 'ISSN' in 'field list'
 [ SQL语句 ] : INSERT INTO `book_book` (`ISSN`,`codeBar`,`title`,`periodPublish`,`page`,`type`,`press`,`libary`,`language`,`position`) VALUES ('qsdfsqdf','1234567890123','sqdf','半月刊','1321','1','1','1','英文','fqsfdf')
ERR: 1054:Unknown column 'ISSN' in 'field list'
 [ SQL语句 ] : INSERT INTO `book_book` (`ISSN`,`codeBar`,`title`,`periodPublish`,`page`,`type`,`press`,`libary`,`language`,`position`) VALUES ('qsdfsqdf','1234567890123','sqdf','半月刊','1321','1','1','1','英文','fqsfdf')

[ 2017-05-05T15:29:02+08:00 ] ::1 /tushuguanli/API/verify
INFO: [ app_init ] --START--
INFO: Run Behavior\BuildLiteBehavior [ RunTime:0.000000s ]
INFO: [ app_init ] --END-- [ RunTime:0.000000s ]
INFO: [ app_begin ] --START--
INFO: Run Behavior\ReadHtmlCacheBehavior [ RunTime:0.000000s ]
INFO: [ app_begin ] --END-- [ RunTime:0.000000s ]
INFO: [ app_end ] --START--
INFO: Run Behavior\ShowPageTraceBehavior [ RunTime:0.000000s ]
INFO: [ app_end ] --END-- [ RunTime:0.000000s ]

[ 2017-05-05T15:29:10+08:00 ] ::1 /tushuguanli/API/login/login
INFO: [ app_init ] --START--
INFO: Run Behavior\BuildLiteBehavior [ RunTime:0.001000s ]
INFO: [ app_init ] --END-- [ RunTime:0.001000s ]
INFO: [ app_begin ] --START--
INFO: Run Behavior\ReadHtmlCacheBehavior [ RunTime:0.001000s ]
INFO: [ app_begin ] --END-- [ RunTime:0.001000s ]
SQL: SHOW COLUMNS FROM `book_admin` [ RunTime:0.0030s ]
SQL: SELECT * FROM `book_admin` WHERE `login` = 'admin' LIMIT 1   [ RunTime:0.0010s ]
SQL: SHOW COLUMNS FROM `book_admin_classified` [ RunTime:0.0030s ]
SQL: SELECT * FROM `book_admin_classified` WHERE `admin` = 1 LIMIT 1   [ RunTime:0.0010s ]
NOTIC: [8] Undefined index: statusLock D:\XAMPP\htdocs\tushuguanli\Application\API\Controller\LoginController.class.php 第 29 行.
SQL: UPDATE `book_admin` SET `code`='5c2631d54272554b181cf21ad2171fa3' WHERE `id` = 1 [ RunTime:0.0560s ]
INFO: [ app_end ] --START--
INFO: Run Behavior\ShowPageTraceBehavior [ RunTime:0.002000s ]
INFO: [ app_end ] --END-- [ RunTime:0.002000s ]

[ 2017-05-05T15:29:10+08:00 ] ::1 /tushuguanli/API/Book/getListTypeAndPressAndlibary
INFO: [ app_init ] --START--
INFO: Run Behavior\BuildLiteBehavior [ RunTime:0.000000s ]
INFO: [ app_init ] --END-- [ RunTime:0.000000s ]
INFO: [ app_begin ] --START--
INFO: Run Behavior\ReadHtmlCacheBehavior [ RunTime:0.001000s ]
INFO: [ app_begin ] --END-- [ RunTime:0.001000s ]
SQL: SHOW COLUMNS FROM `book_press` [ RunTime:0.0020s ]
SQL: SELECT * FROM `book_press`  [ RunTime:0.0000s ]
SQL: SHOW COLUMNS FROM `book_type` [ RunTime:0.0020s ]
SQL: SELECT * FROM `book_type`  [ RunTime:0.0000s ]
SQL: SHOW COLUMNS FROM `book_libary` [ RunTime:0.0020s ]
SQL: SELECT * FROM `book_libary`  [ RunTime:0.0000s ]

[ 2017-05-05T15:37:22+08:00 ] ::1 /tushuguanli/API/Book/getListTypeAndPressAndlibary
INFO: [ app_init ] --START--
INFO: Run Behavior\BuildLiteBehavior [ RunTime:0.000000s ]
INFO: [ app_init ] --END-- [ RunTime:0.000000s ]
INFO: [ app_begin ] --START--
INFO: Run Behavior\ReadHtmlCacheBehavior [ RunTime:0.001000s ]
INFO: [ app_begin ] --END-- [ RunTime:0.001000s ]
SQL: SHOW COLUMNS FROM `book_press` [ RunTime:0.0020s ]
SQL: SELECT * FROM `book_press`  [ RunTime:0.0000s ]
SQL: SHOW COLUMNS FROM `book_type` [ RunTime:0.0010s ]
SQL: SELECT * FROM `book_type`  [ RunTime:0.0000s ]
SQL: SHOW COLUMNS FROM `book_libary` [ RunTime:0.0020s ]
SQL: SELECT * FROM `book_libary`  [ RunTime:0.0010s ]

[ 2017-05-05T15:37:40+08:00 ] ::1 /tushuguanli/API/book/addMagazine
INFO: [ app_init ] --START--
INFO: Run Behavior\BuildLiteBehavior [ RunTime:0.000000s ]
INFO: [ app_init ] --END-- [ RunTime:0.001000s ]
INFO: [ app_begin ] --START--
INFO: Run Behavior\ReadHtmlCacheBehavior [ RunTime:0.001000s ]
INFO: [ app_begin ] --END-- [ RunTime:0.002000s ]
SQL: SHOW COLUMNS FROM `book_type` [ RunTime:0.0020s ]
SQL: SELECT * FROM `book_type` WHERE `id` = 1 LIMIT 1   [ RunTime:0.0010s ]
SQL: SHOW COLUMNS FROM `book_book` [ RunTime:0.0020s ]
SQL: SELECT * FROM `book_book` WHERE `type` = 1  [ RunTime:0.0000s ]
SQL: SHOW COLUMNS FROM `book_type` [ RunTime:0.0020s ]
SQL: SELECT * FROM `book_type` WHERE ( 1=1 AND id='1' ) LIMIT 1   [ RunTime:0.0010s ]
SQL: SHOW COLUMNS FROM `book_press` [ RunTime:0.0020s ]
SQL: SELECT * FROM `book_press` WHERE ( 1=1 AND id='1' ) LIMIT 1   [ RunTime:0.0010s ]
SQL: SHOW COLUMNS FROM `book_admin` [ RunTime:0.0020s ]
SQL: SELECT * FROM `book_admin` WHERE ( 1=1 AND id='0' ) LIMIT 1   [ RunTime:0.0010s ]
SQL: SHOW COLUMNS FROM `book_volume` [ RunTime:0.0280s ]
SQL: SELECT * FROM `book_volume` WHERE ( 1=1 AND book='1' )  [ RunTime:0.0000s ]
SQL: SHOW COLUMNS FROM `book_libary` [ RunTime:0.0020s ]
SQL: SELECT * FROM `book_libary` WHERE ( 1=1 AND id='1' ) LIMIT 1   [ RunTime:0.0000s ]
SQL: SHOW COLUMNS FROM `book_press` [ RunTime:0.0020s ]
SQL: SELECT * FROM `book_press` WHERE `id` = 1 LIMIT 1   [ RunTime:0.0000s ]
SQL: SELECT * FROM `book_book` WHERE `id` = 1  [ RunTime:0.0000s ]
SQL: SELECT * FROM `book_type` WHERE ( 1=1 AND id='1' ) LIMIT 1   [ RunTime:0.0000s ]
SQL: SELECT * FROM `book_press` WHERE ( 1=1 AND id='1' ) LIMIT 1   [ RunTime:0.0010s ]
SQL: SELECT * FROM `book_admin` WHERE ( 1=1 AND id='0' ) LIMIT 1   [ RunTime:0.0000s ]
SQL: SELECT * FROM `book_volume` WHERE ( 1=1 AND book='1' )  [ RunTime:0.0000s ]
SQL: SELECT * FROM `book_libary` WHERE ( 1=1 AND id='1' ) LIMIT 1   [ RunTime:0.0000s ]
SQL: SHOW COLUMNS FROM `book_libary` [ RunTime:0.0020s ]
SQL: SELECT * FROM `book_libary` WHERE `id` = 1 LIMIT 1   [ RunTime:0.0000s ]
SQL: SELECT * FROM `book_book` WHERE `id` = 1  [ RunTime:0.0000s ]
SQL: SELECT * FROM `book_type` WHERE ( 1=1 AND id='1' ) LIMIT 1   [ RunTime:0.0010s ]
SQL: SELECT * FROM `book_press` WHERE ( 1=1 AND id='1' ) LIMIT 1   [ RunTime:0.0000s ]
SQL: SELECT * FROM `book_admin` WHERE ( 1=1 AND id='0' ) LIMIT 1   [ RunTime:0.0000s ]
SQL: SELECT * FROM `book_volume` WHERE ( 1=1 AND book='1' )  [ RunTime:0.0000s ]
SQL: SELECT * FROM `book_libary` WHERE ( 1=1 AND id='1' ) LIMIT 1   [ RunTime:0.0000s ]
NOTIC: [8] Undefined index: status D:\XAMPP\htdocs\tushuguanli\Application\API\Controller\BookController.class.php 第 36 行.
NOTIC: [8] Undefined index: id D:\XAMPP\htdocs\tushuguanli\Application\API\Controller\BookController.class.php 第 655 行.
ERR: 1146:Table 'book.book_magazine' doesn't exist
 [ SQL语句 ] : SHOW COLUMNS FROM `book_magazine`
ERR: 1146:Table 'book.book_magazine' doesn't exist
 [ SQL语句 ] : SHOW COLUMNS FROM `book_magazine`

[ 2017-05-05T15:39:18+08:00 ] ::1 /tushuguanli/API/book/addMagazine
INFO: [ app_init ] --START--
INFO: Run Behavior\BuildLiteBehavior [ RunTime:0.000000s ]
INFO: [ app_init ] --END-- [ RunTime:0.000000s ]
INFO: [ app_begin ] --START--
INFO: Run Behavior\ReadHtmlCacheBehavior [ RunTime:0.001000s ]
INFO: [ app_begin ] --END-- [ RunTime:0.001000s ]
INFO: [ app_end ] --START--
INFO: Run Behavior\ShowPageTraceBehavior [ RunTime:0.001000s ]
INFO: [ app_end ] --END-- [ RunTime:0.001000s ]

[ 2017-05-05T15:39:41+08:00 ] ::1 /tushuguanli/API/book/addMagazine
INFO: [ app_init ] --START--
INFO: Run Behavior\BuildLiteBehavior [ RunTime:0.000000s ]
INFO: [ app_init ] --END-- [ RunTime:0.001000s ]
INFO: [ app_begin ] --START--
INFO: Run Behavior\ReadHtmlCacheBehavior [ RunTime:0.000000s ]
INFO: [ app_begin ] --END-- [ RunTime:0.000000s ]
NOTIC: [8] Undefined index: title D:\XAMPP\htdocs\tushuguanli\Application\API\Controller\BookController.class.php 第 598 行.
NOTIC: [8] Undefined index: codeBar D:\XAMPP\htdocs\tushuguanli\Application\API\Controller\BookController.class.php 第 601 行.
NOTIC: [8] Undefined index: codeBar D:\XAMPP\htdocs\tushuguanli\Application\API\Controller\BookController.class.php 第 604 行.
NOTIC: [8] Undefined index: ISSN D:\XAMPP\htdocs\tushuguanli\Application\API\Controller\BookController.class.php 第 607 行.
NOTIC: [8] Undefined index: language D:\XAMPP\htdocs\tushuguanli\Application\API\Controller\BookController.class.php 第 610 行.
NOTIC: [8] Undefined index: type D:\XAMPP\htdocs\tushuguanli\Application\API\Controller\BookController.class.php 第 613 行.
NOTIC: [8] Undefined index: press D:\XAMPP\htdocs\tushuguanli\Application\API\Controller\BookController.class.php 第 621 行.
SQL: SHOW COLUMNS FROM `book_press` [ RunTime:0.0020s ]
NOTIC: [8] Undefined index: press D:\XAMPP\htdocs\tushuguanli\Application\API\Controller\BookController.class.php 第 624 行.
NOTIC: [8] Undefined index: libary D:\XAMPP\htdocs\tushuguanli\Application\API\Controller\BookController.class.php 第 628 行.
NOTIC: [8] Undefined index: page D:\XAMPP\htdocs\tushuguanli\Application\API\Controller\BookController.class.php 第 636 行.
NOTIC: [8] Undefined index: position D:\XAMPP\htdocs\tushuguanli\Application\API\Controller\BookController.class.php 第 639 行.

[ 2017-05-05T15:39:53+08:00 ] ::1 /tushuguanli/API/book/addMagazine
INFO: [ app_init ] --START--
INFO: Run Behavior\BuildLiteBehavior [ RunTime:0.000000s ]
INFO: [ app_init ] --END-- [ RunTime:0.000000s ]
INFO: [ app_begin ] --START--
INFO: Run Behavior\ReadHtmlCacheBehavior [ RunTime:0.000000s ]
INFO: [ app_begin ] --END-- [ RunTime:0.000000s ]
NOTIC: [8] Undefined index: title D:\XAMPP\htdocs\tushuguanli\Application\API\Controller\BookController.class.php 第 598 行.
NOTIC: [8] Undefined index: codeBar D:\XAMPP\htdocs\tushuguanli\Application\API\Controller\BookController.class.php 第 601 行.
NOTIC: [8] Undefined index: codeBar D:\XAMPP\htdocs\tushuguanli\Application\API\Controller\BookController.class.php 第 604 行.
NOTIC: [8] Undefined index: ISSN D:\XAMPP\htdocs\tushuguanli\Application\API\Controller\BookController.class.php 第 607 行.
NOTIC: [8] Undefined index: language D:\XAMPP\htdocs\tushuguanli\Application\API\Controller\BookController.class.php 第 610 行.
NOTIC: [8] Undefined index: type D:\XAMPP\htdocs\tushuguanli\Application\API\Controller\BookController.class.php 第 613 行.
NOTIC: [8] Undefined index: press D:\XAMPP\htdocs\tushuguanli\Application\API\Controller\BookController.class.php 第 621 行.
SQL: SHOW COLUMNS FROM `book_press` [ RunTime:0.0020s ]
NOTIC: [8] Undefined index: press D:\XAMPP\htdocs\tushuguanli\Application\API\Controller\BookController.class.php 第 624 行.
NOTIC: [8] Undefined index: libary D:\XAMPP\htdocs\tushuguanli\Application\API\Controller\BookController.class.php 第 628 行.
NOTIC: [8] Undefined index: page D:\XAMPP\htdocs\tushuguanli\Application\API\Controller\BookController.class.php 第 636 行.
NOTIC: [8] Undefined index: position D:\XAMPP\htdocs\tushuguanli\Application\API\Controller\BookController.class.php 第 639 行.

[ 2017-05-05T15:40:05+08:00 ] ::1 /tushuguanli/API/book/addMagazine
INFO: [ app_init ] --START--
INFO: Run Behavior\BuildLiteBehavior [ RunTime:0.000000s ]
INFO: [ app_init ] --END-- [ RunTime:0.000000s ]
INFO: [ app_begin ] --START--
INFO: Run Behavior\ReadHtmlCacheBehavior [ RunTime:0.000000s ]
INFO: [ app_begin ] --END-- [ RunTime:0.000000s ]
NOTIC: [8] Undefined index: title D:\XAMPP\htdocs\tushuguanli\Application\API\Controller\BookController.class.php 第 600 行.
NOTIC: [8] Undefined index: codeBar D:\XAMPP\htdocs\tushuguanli\Application\API\Controller\BookController.class.php 第 603 行.
NOTIC: [8] Undefined index: codeBar D:\XAMPP\htdocs\tushuguanli\Application\API\Controller\BookController.class.php 第 606 行.
NOTIC: [8] Undefined index: ISSN D:\XAMPP\htdocs\tushuguanli\Application\API\Controller\BookController.class.php 第 609 行.
NOTIC: [8] Undefined index: language D:\XAMPP\htdocs\tushuguanli\Application\API\Controller\BookController.class.php 第 612 行.
NOTIC: [8] Undefined index: type D:\XAMPP\htdocs\tushuguanli\Application\API\Controller\BookController.class.php 第 615 行.
NOTIC: [8] Undefined index: press D:\XAMPP\htdocs\tushuguanli\Application\API\Controller\BookController.class.php 第 623 行.
SQL: SHOW COLUMNS FROM `book_press` [ RunTime:0.0020s ]
NOTIC: [8] Undefined index: press D:\XAMPP\htdocs\tushuguanli\Application\API\Controller\BookController.class.php 第 626 行.
NOTIC: [8] Undefined index: libary D:\XAMPP\htdocs\tushuguanli\Application\API\Controller\BookController.class.php 第 630 行.
NOTIC: [8] Undefined index: page D:\XAMPP\htdocs\tushuguanli\Application\API\Controller\BookController.class.php 第 638 行.
NOTIC: [8] Undefined index: position D:\XAMPP\htdocs\tushuguanli\Application\API\Controller\BookController.class.php 第 641 行.

[ 2017-05-05T15:40:21+08:00 ] ::1 /tushuguanli/API/book/addMagazine
INFO: [ app_init ] --START--
INFO: Run Behavior\BuildLiteBehavior [ RunTime:0.000000s ]
INFO: [ app_init ] --END-- [ RunTime:0.001000s ]
INFO: [ app_begin ] --START--
INFO: Run Behavior\ReadHtmlCacheBehavior [ RunTime:0.001000s ]
INFO: [ app_begin ] --END-- [ RunTime:0.001000s ]
NOTIC: [8] Undefined index: title D:\XAMPP\htdocs\tushuguanli\Application\API\Controller\BookController.class.php 第 598 行.
NOTIC: [8] Undefined index: codeBar D:\XAMPP\htdocs\tushuguanli\Application\API\Controller\BookController.class.php 第 601 行.
NOTIC: [8] Undefined index: codeBar D:\XAMPP\htdocs\tushuguanli\Application\API\Controller\BookController.class.php 第 604 行.
NOTIC: [8] Undefined index: ISSN D:\XAMPP\htdocs\tushuguanli\Application\API\Controller\BookController.class.php 第 607 行.
NOTIC: [8] Undefined index: language D:\XAMPP\htdocs\tushuguanli\Application\API\Controller\BookController.class.php 第 610 行.
NOTIC: [8] Undefined index: type D:\XAMPP\htdocs\tushuguanli\Application\API\Controller\BookController.class.php 第 613 行.
NOTIC: [8] Undefined index: press D:\XAMPP\htdocs\tushuguanli\Application\API\Controller\BookController.class.php 第 621 行.
SQL: SHOW COLUMNS FROM `book_press` [ RunTime:0.0020s ]
NOTIC: [8] Undefined index: press D:\XAMPP\htdocs\tushuguanli\Application\API\Controller\BookController.class.php 第 624 行.
NOTIC: [8] Undefined index: libary D:\XAMPP\htdocs\tushuguanli\Application\API\Controller\BookController.class.php 第 628 行.
NOTIC: [8] Undefined index: page D:\XAMPP\htdocs\tushuguanli\Application\API\Controller\BookController.class.php 第 636 行.
NOTIC: [8] Undefined index: position D:\XAMPP\htdocs\tushuguanli\Application\API\Controller\BookController.class.php 第 639 行.

[ 2017-05-05T15:41:53+08:00 ] ::1 /tushuguanli/API/Book/addMagazine
INFO: [ app_init ] --START--
INFO: Run Behavior\BuildLiteBehavior [ RunTime:0.000000s ]
INFO: [ app_init ] --END-- [ RunTime:0.000000s ]
INFO: [ app_begin ] --START--
INFO: Run Behavior\ReadHtmlCacheBehavior [ RunTime:0.001000s ]
INFO: [ app_begin ] --END-- [ RunTime:0.001000s ]
SQL: SHOW COLUMNS FROM `book_press` [ RunTime:0.0040s ]

[ 2017-05-05T15:42:19+08:00 ] ::1 /tushuguanli/API/Book/addMagazine
INFO: [ app_init ] --START--
INFO: Run Behavior\BuildLiteBehavior [ RunTime:0.000000s ]
INFO: [ app_init ] --END-- [ RunTime:0.001000s ]
INFO: [ app_begin ] --START--
INFO: Run Behavior\ReadHtmlCacheBehavior [ RunTime:0.001001s ]
INFO: [ app_begin ] --END-- [ RunTime:0.001001s ]
SQL: SHOW COLUMNS FROM `book_press` [ RunTime:0.0030s ]
SQL: SELECT * FROM `book_press` WHERE `id` = 1 LIMIT 1   [ RunTime:0.0000s ]
SQL: SHOW COLUMNS FROM `book_book` [ RunTime:0.0030s ]
SQL: SELECT * FROM `book_book` WHERE `id` = 1  [ RunTime:0.0010s ]
SQL: SHOW COLUMNS FROM `book_type` [ RunTime:0.0030s ]
SQL: SELECT * FROM `book_type` WHERE ( 1=1 AND id='1' ) LIMIT 1   [ RunTime:0.0000s ]
SQL: SHOW COLUMNS FROM `book_press` [ RunTime:0.0020s ]
SQL: SELECT * FROM `book_press` WHERE ( 1=1 AND id='1' ) LIMIT 1   [ RunTime:0.0000s ]
SQL: SHOW COLUMNS FROM `book_admin` [ RunTime:0.0020s ]
SQL: SELECT * FROM `book_admin` WHERE ( 1=1 AND id='0' ) LIMIT 1   [ RunTime:0.0010s ]
SQL: SHOW COLUMNS FROM `book_volume` [ RunTime:0.0020s ]
SQL: SELECT * FROM `book_volume` WHERE ( 1=1 AND book='1' )  [ RunTime:0.0000s ]
SQL: SHOW COLUMNS FROM `book_libary` [ RunTime:0.0020s ]
SQL: SELECT * FROM `book_libary` WHERE ( 1=1 AND id='1' ) LIMIT 1   [ RunTime:0.0190s ]
NOTIC: [8] Undefined index: status D:\XAMPP\htdocs\tushuguanli\Application\API\Controller\BookController.class.php 第 38 行.
NOTIC: [8] Undefined index: id D:\XAMPP\htdocs\tushuguanli\Application\API\Controller\BookController.class.php 第 657 行.
ERR: 1146:Table 'book.book_magazine' doesn't exist
 [ SQL语句 ] : SHOW COLUMNS FROM `book_magazine`
ERR: 1146:Table 'book.book_magazine' doesn't exist
 [ SQL语句 ] : SHOW COLUMNS FROM `book_magazine`

[ 2017-05-05T16:23:09+08:00 ] ::1 /tushuguanli/API/verify
INFO: [ app_init ] --START--
INFO: Run Behavior\BuildLiteBehavior [ RunTime:0.000000s ]
INFO: [ app_init ] --END-- [ RunTime:0.000000s ]
INFO: [ app_begin ] --START--
INFO: Run Behavior\ReadHtmlCacheBehavior [ RunTime:0.001000s ]
INFO: [ app_begin ] --END-- [ RunTime:0.001000s ]
INFO: [ app_end ] --START--
INFO: Run Behavior\ShowPageTraceBehavior [ RunTime:0.000000s ]
INFO: [ app_end ] --END-- [ RunTime:0.000000s ]

[ 2017-05-05T16:26:15+08:00 ] ::1 /tushuguanli/API/login/login
INFO: [ app_init ] --START--
INFO: Run Behavior\BuildLiteBehavior [ RunTime:0.000000s ]
INFO: [ app_init ] --END-- [ RunTime:0.000000s ]
INFO: [ app_begin ] --START--
INFO: Run Behavior\ReadHtmlCacheBehavior [ RunTime:0.001000s ]
INFO: [ app_begin ] --END-- [ RunTime:0.001000s ]
SQL: SHOW COLUMNS FROM `book_admin` [ RunTime:0.0020s ]
SQL: SELECT * FROM `book_admin` WHERE `login` = 'admin' LIMIT 1   [ RunTime:0.0010s ]
SQL: SHOW COLUMNS FROM `book_admin_classified` [ RunTime:0.0020s ]
SQL: SELECT * FROM `book_admin_classified` WHERE `admin` = 1 LIMIT 1   [ RunTime:0.0000s ]
NOTIC: [8] Undefined index: statusLock D:\XAMPP\htdocs\tushuguanli\Application\API\Controller\LoginController.class.php 第 29 行.
SQL: UPDATE `book_admin` SET `code`='21186d7b1482412ab14f0332b8aee119' WHERE `id` = 1 [ RunTime:0.0760s ]
INFO: [ app_end ] --START--
INFO: Run Behavior\ShowPageTraceBehavior [ RunTime:0.001000s ]
INFO: [ app_end ] --END-- [ RunTime:0.001000s ]

[ 2017-05-05T16:26:15+08:00 ] ::1 /tushuguanli/API/Book/getListTypeAndPressAndlibary
INFO: [ app_init ] --START--
INFO: Run Behavior\BuildLiteBehavior [ RunTime:0.000000s ]
INFO: [ app_init ] --END-- [ RunTime:0.000000s ]
INFO: [ app_begin ] --START--
INFO: Run Behavior\ReadHtmlCacheBehavior [ RunTime:0.000000s ]
INFO: [ app_begin ] --END-- [ RunTime:0.000000s ]
SQL: SHOW COLUMNS FROM `book_press` [ RunTime:0.0020s ]
SQL: SELECT * FROM `book_press`  [ RunTime:0.0000s ]
SQL: SHOW COLUMNS FROM `book_type` [ RunTime:0.0020s ]
SQL: SELECT * FROM `book_type`  [ RunTime:0.0000s ]
SQL: SHOW COLUMNS FROM `book_libary` [ RunTime:0.0020s ]
SQL: SELECT * FROM `book_libary`  [ RunTime:0.0000s ]

[ 2017-05-05T16:26:20+08:00 ] ::1 /tushuguanli/API/Book/getListTypeAndPressAndlibary
INFO: [ app_init ] --START--
INFO: Run Behavior\BuildLiteBehavior [ RunTime:0.000000s ]
INFO: [ app_init ] --END-- [ RunTime:0.001000s ]
INFO: [ app_begin ] --START--
INFO: Run Behavior\ReadHtmlCacheBehavior [ RunTime:0.001000s ]
INFO: [ app_begin ] --END-- [ RunTime:0.001000s ]
SQL: SHOW COLUMNS FROM `book_press` [ RunTime:0.0020s ]
SQL: SELECT * FROM `book_press`  [ RunTime:0.0000s ]
SQL: SHOW COLUMNS FROM `book_type` [ RunTime:0.0010s ]
SQL: SELECT * FROM `book_type`  [ RunTime:0.0000s ]
SQL: SHOW COLUMNS FROM `book_libary` [ RunTime:0.0020s ]
SQL: SELECT * FROM `book_libary`  [ RunTime:0.0000s ]

[ 2017-05-05T16:32:15+08:00 ] ::1 /tushuguanli/API/Book/addMagazine
INFO: [ app_init ] --START--
INFO: Run Behavior\BuildLiteBehavior [ RunTime:0.000000s ]
INFO: [ app_init ] --END-- [ RunTime:0.001000s ]
INFO: [ app_begin ] --START--
INFO: Run Behavior\ReadHtmlCacheBehavior [ RunTime:0.001000s ]
INFO: [ app_begin ] --END-- [ RunTime:0.001000s ]

[ 2017-05-05T16:32:44+08:00 ] ::1 /tushuguanli/API/Book/addMagazine
INFO: [ app_init ] --START--
INFO: Run Behavior\BuildLiteBehavior [ RunTime:0.000000s ]
INFO: [ app_init ] --END-- [ RunTime:0.000000s ]
INFO: [ app_begin ] --START--
INFO: Run Behavior\ReadHtmlCacheBehavior [ RunTime:0.000000s ]
INFO: [ app_begin ] --END-- [ RunTime:0.000000s ]
SQL: SHOW COLUMNS FROM `book_press` [ RunTime:0.0020s ]
SQL: SELECT * FROM `book_press` WHERE `id` = 1 LIMIT 1   [ RunTime:0.0000s ]

[ 2017-05-05T16:34:57+08:00 ] ::1 /tushuguanli/API/Book/addMagazine
INFO: [ app_init ] --START--
INFO: Run Behavior\BuildLiteBehavior [ RunTime:0.000000s ]
INFO: [ app_init ] --END-- [ RunTime:0.001000s ]
INFO: [ app_begin ] --START--
INFO: Run Behavior\ReadHtmlCacheBehavior [ RunTime:0.001000s ]
INFO: [ app_begin ] --END-- [ RunTime:0.001000s ]
SQL: SHOW COLUMNS FROM `book_press` [ RunTime:0.0020s ]
SQL: SELECT * FROM `book_press` WHERE `id` = 1 LIMIT 1   [ RunTime:0.0000s ]
SQL: SHOW COLUMNS FROM `book_book` [ RunTime:0.0020s ]
SQL: SELECT * FROM `book_book` WHERE `id` = 1  [ RunTime:0.0000s ]

[ 2017-05-05T16:35:02+08:00 ] ::1 /tushuguanli/API/Book/addMagazine
INFO: [ app_init ] --START--
INFO: Run Behavior\BuildLiteBehavior [ RunTime:0.000000s ]
INFO: [ app_init ] --END-- [ RunTime:0.000000s ]
INFO: [ app_begin ] --START--
INFO: Run Behavior\ReadHtmlCacheBehavior [ RunTime:0.001000s ]
INFO: [ app_begin ] --END-- [ RunTime:0.001000s ]
SQL: SHOW COLUMNS FROM `book_press` [ RunTime:0.0030s ]
SQL: SELECT * FROM `book_press` WHERE `id` = 1 LIMIT 1   [ RunTime:0.0000s ]
SQL: SHOW COLUMNS FROM `book_book` [ RunTime:0.0030s ]
SQL: SELECT * FROM `book_book` WHERE `id` = 1  [ RunTime:0.0000s ]
NOTIC: [8] Undefined index: status D:\XAMPP\htdocs\tushuguanli\Application\API\Controller\BookController.class.php 第 38 行.
NOTIC: [8] Undefined index: id D:\XAMPP\htdocs\tushuguanli\Application\API\Controller\BookController.class.php 第 657 行.
SQL: SHOW COLUMNS FROM `book_magazine` [ RunTime:0.0030s ]
SQL: SELECT * FROM `book_magazine` WHERE `ISSN` = 'dsfgdf' AND `codeBar` = '1234567890123'  [ RunTime:0.0000s ]
SQL: INSERT INTO `book_magazine` (`ISSN`,`codeBar`,`title`,`page`,`periodPublish`,`press`,`libary`,`language`,`position`,`timeRecord`,`recorder`) VALUES ('dsfgdf','1234567890123','qsdfsqdf','123','','1','','中文','qsdf','2017-05-05 16:35:02','1') [ RunTime:0.0880s ]

[ 2017-05-05T16:39:06+08:00 ] ::1 /tushuguanli/API/book/addMagazine
INFO: [ app_init ] --START--
INFO: Run Behavior\BuildLiteBehavior [ RunTime:0.000000s ]
INFO: [ app_init ] --END-- [ RunTime:0.000000s ]
INFO: [ app_begin ] --START--
INFO: Run Behavior\ReadHtmlCacheBehavior [ RunTime:0.001000s ]
INFO: [ app_begin ] --END-- [ RunTime:0.001000s ]
SQL: SHOW COLUMNS FROM `book_press` [ RunTime:0.0030s ]

[ 2017-05-05T16:39:19+08:00 ] ::1 /tushuguanli/API/book/addMagazine
INFO: [ app_init ] --START--
INFO: Run Behavior\BuildLiteBehavior [ RunTime:0.000000s ]
INFO: [ app_init ] --END-- [ RunTime:0.000000s ]
INFO: [ app_begin ] --START--
INFO: Run Behavior\ReadHtmlCacheBehavior [ RunTime:0.001000s ]
INFO: [ app_begin ] --END-- [ RunTime:0.001000s ]
SQL: SHOW COLUMNS FROM `book_press` [ RunTime:0.0020s ]
SQL: SELECT * FROM `book_press` WHERE `id` = 1 LIMIT 1   [ RunTime:0.0160s ]
SQL: SHOW COLUMNS FROM `book_book` [ RunTime:0.0060s ]
SQL: SELECT * FROM `book_book` WHERE `id` = 1  [ RunTime:0.0110s ]
NOTIC: [8] Undefined index: status D:\XAMPP\htdocs\tushuguanli\Application\API\Controller\BookController.class.php 第 38 行.
NOTIC: [8] Undefined index: id D:\XAMPP\htdocs\tushuguanli\Application\API\Controller\BookController.class.php 第 657 行.
SQL: SHOW COLUMNS FROM `book_magazine` [ RunTime:0.0050s ]
SQL: SELECT * FROM `book_magazine` WHERE `ISSN` = 'qsdf' AND `codeBar` = '1234567890124'  [ RunTime:0.0010s ]
SQL: INSERT INTO `book_magazine` (`ISSN`,`codeBar`,`title`,`periodPublish`,`page`,`press`,`libary`,`language`,`position`,`timeRecord`,`recorder`) VALUES ('qsdf','1234567890124','sqdf','周刊','qsdf','1','','中文','qsdfsqdf','2017-05-05 16:39:19','1') [ RunTime:0.0430s ]

[ 2017-05-05T16:40:19+08:00 ] ::1 /tushuguanli/API/Book/getListTypeAndPressAndlibary
INFO: [ app_init ] --START--
INFO: Run Behavior\BuildLiteBehavior [ RunTime:0.000000s ]
INFO: [ app_init ] --END-- [ RunTime:0.000000s ]
INFO: [ app_begin ] --START--
INFO: Run Behavior\ReadHtmlCacheBehavior [ RunTime:0.001000s ]
INFO: [ app_begin ] --END-- [ RunTime:0.001000s ]
SQL: SHOW COLUMNS FROM `book_press` [ RunTime:0.0020s ]
SQL: SELECT * FROM `book_press`  [ RunTime:0.0000s ]
SQL: SHOW COLUMNS FROM `book_type` [ RunTime:0.0020s ]
SQL: SELECT * FROM `book_type`  [ RunTime:0.0240s ]
SQL: SHOW COLUMNS FROM `book_libary` [ RunTime:0.0020s ]
SQL: SELECT * FROM `book_libary`  [ RunTime:0.0080s ]

