[ 2017-05-16T10:12:51+08:00 ] ::1 /tushuguanli/login?url=http://localhost/tushuguanli/index/borrow/borrowBook
INFO: [ app_init ] --START--
INFO: Run Behavior\BuildLiteBehavior [ RunTime:0.000000s ]
INFO: [ app_init ] --END-- [ RunTime:0.000000s ]
INFO: [ app_begin ] --START--
INFO: Run Behavior\ReadHtmlCacheBehavior [ RunTime:0.000000s ]
INFO: [ app_begin ] --END-- [ RunTime:0.000000s ]
INFO: [ view_parse ] --START--
INFO: [ template_filter ] --START--
INFO: Run Behavior\ContentReplaceBehavior [ RunTime:0.000000s ]
INFO: [ template_filter ] --END-- [ RunTime:0.000000s ]
INFO: Run Behavior\ParseTemplateBehavior [ RunTime:0.007000s ]
INFO: [ view_parse ] --END-- [ RunTime:0.007000s ]
INFO: [ view_filter ] --START--
INFO: Run Behavior\WriteHtmlCacheBehavior [ RunTime:0.001001s ]
INFO: [ view_filter ] --END-- [ RunTime:0.001001s ]
INFO: [ app_end ] --START--
INFO: Run Behavior\ShowPageTraceBehavior [ RunTime:0.000000s ]
INFO: [ app_end ] --END-- [ RunTime:0.000000s ]

[ 2017-05-16T10:12:58+08:00 ] ::1 /tushuguanli/login?url=http://localhost/tushuguanli/index/borrow/borrowBook
INFO: [ app_init ] --START--
INFO: Run Behavior\BuildLiteBehavior [ RunTime:0.000000s ]
INFO: [ app_init ] --END-- [ RunTime:0.000000s ]
INFO: [ app_begin ] --START--
INFO: Run Behavior\ReadHtmlCacheBehavior [ RunTime:0.001000s ]
INFO: [ app_begin ] --END-- [ RunTime:0.001000s ]
SQL: SHOW COLUMNS FROM `book_admin` [ RunTime:0.0020s ]
SQL: SELECT * FROM `book_admin` WHERE `login` = 'admin' LIMIT 1   [ RunTime:0.0010s ]
SQL: SHOW COLUMNS FROM `book_admin_classified` [ RunTime:0.0010s ]
SQL: SELECT * FROM `book_admin_classified` WHERE `admin` = 1 LIMIT 1   [ RunTime:0.0010s ]
NOTIC: [8] Undefined index: statusLock D:\XAMPP\htdocs\tushuguanli\Application\Login\Controller\IndexController.class.php 第 64 行.
NOTIC: [8] Undefined index: timeThisLogin D:\XAMPP\htdocs\tushuguanli\Application\Login\Controller\IndexController.class.php 第 77 行.
SQL: UPDATE `book_admin` SET `code`=NULL,`timeLastLogin`=NULL,`timeThisLogin`='2017-05-16 10:12:58' WHERE `id` = 1 [ RunTime:0.0380s ]
INFO: [ app_end ] --START--
INFO: Run Behavior\ShowPageTraceBehavior [ RunTime:0.001000s ]
INFO: [ app_end ] --END-- [ RunTime:0.001000s ]

[ 2017-05-16T11:45:00+08:00 ] ::1 /tushuguanli/login?url=http://localhost/tushuguanli/index/borrow/borrowBook
INFO: [ app_init ] --START--
INFO: Run Behavior\BuildLiteBehavior [ RunTime:0.000000s ]
INFO: [ app_init ] --END-- [ RunTime:0.001000s ]
INFO: [ app_begin ] --START--
INFO: Run Behavior\ReadHtmlCacheBehavior [ RunTime:0.000000s ]
INFO: [ app_begin ] --END-- [ RunTime:0.000000s ]
INFO: [ view_parse ] --START--
INFO: [ template_filter ] --START--
INFO: Run Behavior\ContentReplaceBehavior [ RunTime:0.000000s ]
INFO: [ template_filter ] --END-- [ RunTime:0.000000s ]
INFO: Run Behavior\ParseTemplateBehavior [ RunTime:0.005001s ]
INFO: [ view_parse ] --END-- [ RunTime:0.005001s ]
INFO: [ view_filter ] --START--
INFO: Run Behavior\WriteHtmlCacheBehavior [ RunTime:0.001000s ]
INFO: [ view_filter ] --END-- [ RunTime:0.001000s ]
INFO: [ app_end ] --START--
INFO: Run Behavior\ShowPageTraceBehavior [ RunTime:0.000000s ]
INFO: [ app_end ] --END-- [ RunTime:0.000000s ]

[ 2017-05-16T11:45:06+08:00 ] ::1 /tushuguanli/login?url=http://localhost/tushuguanli/index/borrow/borrowBook
INFO: [ app_init ] --START--
INFO: Run Behavior\BuildLiteBehavior [ RunTime:0.000000s ]
INFO: [ app_init ] --END-- [ RunTime:0.000000s ]
INFO: [ app_begin ] --START--
INFO: Run Behavior\ReadHtmlCacheBehavior [ RunTime:0.000000s ]
INFO: [ app_begin ] --END-- [ RunTime:0.000000s ]
SQL: SHOW COLUMNS FROM `book_admin` [ RunTime:0.0020s ]
SQL: SELECT * FROM `book_admin` WHERE `login` = 'admin' LIMIT 1   [ RunTime:0.0000s ]
SQL: SHOW COLUMNS FROM `book_admin_classified` [ RunTime:0.0020s ]
SQL: SELECT * FROM `book_admin_classified` WHERE `admin` = 1 LIMIT 1   [ RunTime:0.0000s ]
NOTIC: [8] Undefined index: statusLock D:\XAMPP\htdocs\tushuguanli\Application\Login\Controller\IndexController.class.php 第 64 行.
NOTIC: [8] Undefined index: timeThisLogin D:\XAMPP\htdocs\tushuguanli\Application\Login\Controller\IndexController.class.php 第 77 行.
SQL: UPDATE `book_admin` SET `code`=NULL,`timeLastLogin`=NULL,`timeThisLogin`='2017-05-16 11:45:06' WHERE `id` = 1 [ RunTime:0.0590s ]
INFO: [ app_end ] --START--
INFO: Run Behavior\ShowPageTraceBehavior [ RunTime:0.001000s ]
INFO: [ app_end ] --END-- [ RunTime:0.001000s ]

[ 2017-05-16T13:59:11+08:00 ] ::1 /tushuguanli/login?url=http://localhost/tushuguanli/index/borrow/borrowBook
INFO: [ app_init ] --START--
INFO: Run Behavior\BuildLiteBehavior [ RunTime:0.000000s ]
INFO: [ app_init ] --END-- [ RunTime:0.000000s ]
INFO: [ app_begin ] --START--
INFO: Run Behavior\ReadHtmlCacheBehavior [ RunTime:0.000000s ]
INFO: [ app_begin ] --END-- [ RunTime:0.000000s ]
INFO: [ view_parse ] --START--
INFO: [ template_filter ] --START--
INFO: Run Behavior\ContentReplaceBehavior [ RunTime:0.000000s ]
INFO: [ template_filter ] --END-- [ RunTime:0.000000s ]
INFO: Run Behavior\ParseTemplateBehavior [ RunTime:0.005000s ]
INFO: [ view_parse ] --END-- [ RunTime:0.005000s ]
INFO: [ view_filter ] --START--
INFO: Run Behavior\WriteHtmlCacheBehavior [ RunTime:0.000000s ]
INFO: [ view_filter ] --END-- [ RunTime:0.000000s ]
INFO: [ app_end ] --START--
INFO: Run Behavior\ShowPageTraceBehavior [ RunTime:0.000000s ]
INFO: [ app_end ] --END-- [ RunTime:0.000000s ]

[ 2017-05-16T13:59:20+08:00 ] ::1 /tushuguanli/login?url=http://localhost/tushuguanli/index/borrow/borrowBook
INFO: [ app_init ] --START--
INFO: Run Behavior\BuildLiteBehavior [ RunTime:0.000000s ]
INFO: [ app_init ] --END-- [ RunTime:0.001001s ]
INFO: [ app_begin ] --START--
INFO: Run Behavior\ReadHtmlCacheBehavior [ RunTime:0.001000s ]
INFO: [ app_begin ] --END-- [ RunTime:0.001000s ]
SQL: SHOW COLUMNS FROM `book_admin` [ RunTime:0.0020s ]
SQL: SELECT * FROM `book_admin` WHERE `login` = 'admin' LIMIT 1   [ RunTime:0.0000s ]
SQL: SHOW COLUMNS FROM `book_admin_classified` [ RunTime:0.0010s ]
SQL: SELECT * FROM `book_admin_classified` WHERE `admin` = 1 LIMIT 1   [ RunTime:0.0000s ]
NOTIC: [8] Undefined index: statusLock D:\XAMPP\htdocs\tushuguanli\Application\Login\Controller\IndexController.class.php 第 64 行.
NOTIC: [8] Undefined index: timeThisLogin D:\XAMPP\htdocs\tushuguanli\Application\Login\Controller\IndexController.class.php 第 77 行.
SQL: UPDATE `book_admin` SET `code`=NULL,`timeLastLogin`=NULL,`timeThisLogin`='2017-05-16 13:59:20' WHERE `id` = 1 [ RunTime:0.0430s ]
INFO: [ app_end ] --START--
INFO: Run Behavior\ShowPageTraceBehavior [ RunTime:0.002000s ]
INFO: [ app_end ] --END-- [ RunTime:0.002000s ]

[ 2017-05-16T16:40:21+08:00 ] ::1 /tushuguanli/login?url=http://localhost/tushuguanli/index/borrow/borrowBook
INFO: [ app_init ] --START--
INFO: Run Behavior\BuildLiteBehavior [ RunTime:0.000000s ]
INFO: [ app_init ] --END-- [ RunTime:0.000000s ]
INFO: [ app_begin ] --START--
INFO: Run Behavior\ReadHtmlCacheBehavior [ RunTime:0.000000s ]
INFO: [ app_begin ] --END-- [ RunTime:0.001000s ]
INFO: [ view_parse ] --START--
INFO: [ template_filter ] --START--
INFO: Run Behavior\ContentReplaceBehavior [ RunTime:0.000000s ]
INFO: [ template_filter ] --END-- [ RunTime:0.000000s ]
INFO: Run Behavior\ParseTemplateBehavior [ RunTime:0.004000s ]
INFO: [ view_parse ] --END-- [ RunTime:0.004000s ]
INFO: [ view_filter ] --START--
INFO: Run Behavior\WriteHtmlCacheBehavior [ RunTime:0.001000s ]
INFO: [ view_filter ] --END-- [ RunTime:0.001000s ]
INFO: [ app_end ] --START--
INFO: Run Behavior\ShowPageTraceBehavior [ RunTime:0.000000s ]
INFO: [ app_end ] --END-- [ RunTime:0.000000s ]

[ 2017-05-16T16:40:29+08:00 ] ::1 /tushuguanli/login?url=http://localhost/tushuguanli/index/borrow/borrowBook
INFO: [ app_init ] --START--
INFO: Run Behavior\BuildLiteBehavior [ RunTime:0.001000s ]
INFO: [ app_init ] --END-- [ RunTime:0.001000s ]
INFO: [ app_begin ] --START--
INFO: Run Behavior\ReadHtmlCacheBehavior [ RunTime:0.000000s ]
INFO: [ app_begin ] --END-- [ RunTime:0.000000s ]
SQL: SHOW COLUMNS FROM `book_admin` [ RunTime:0.0020s ]
SQL: SELECT * FROM `book_admin` WHERE `login` = 'admin' LIMIT 1   [ RunTime:0.0000s ]
SQL: SHOW COLUMNS FROM `book_admin_classified` [ RunTime:0.0030s ]
SQL: SELECT * FROM `book_admin_classified` WHERE `admin` = 1 LIMIT 1   [ RunTime:0.0000s ]
NOTIC: [8] Undefined index: statusLock D:\XAMPP\htdocs\tushuguanli\Application\Login\Controller\IndexController.class.php 第 64 行.
NOTIC: [8] Undefined index: timeThisLogin D:\XAMPP\htdocs\tushuguanli\Application\Login\Controller\IndexController.class.php 第 77 行.
SQL: UPDATE `book_admin` SET `code`=NULL,`timeLastLogin`=NULL,`timeThisLogin`='2017-05-16 16:40:29' WHERE `id` = 1 [ RunTime:0.0440s ]
INFO: [ app_end ] --START--
INFO: Run Behavior\ShowPageTraceBehavior [ RunTime:0.001000s ]
INFO: [ app_end ] --END-- [ RunTime:0.001000s ]

