[ 2017-05-05T09:51:57+08:00 ] ::1 /tushuguanli/login?url=http://localhost/tushuguanli/index/book/addBook
INFO: [ app_init ] --START--
INFO: Run Behavior\BuildLiteBehavior [ RunTime:0.000000s ]
INFO: [ app_init ] --END-- [ RunTime:0.000000s ]
INFO: [ app_begin ] --START--
INFO: Run Behavior\ReadHtmlCacheBehavior [ RunTime:0.000000s ]
INFO: [ app_begin ] --END-- [ RunTime:0.000000s ]
INFO: [ view_parse ] --START--
INFO: [ template_filter ] --START--
INFO: Run Behavior\ContentReplaceBehavior [ RunTime:0.000000s ]
INFO: [ template_filter ] --END-- [ RunTime:0.000000s ]
INFO: Run Behavior\ParseTemplateBehavior [ RunTime:0.018600s ]
INFO: [ view_parse ] --END-- [ RunTime:0.018600s ]
INFO: [ view_filter ] --START--
INFO: Run Behavior\WriteHtmlCacheBehavior [ RunTime:0.000000s ]
INFO: [ view_filter ] --END-- [ RunTime:0.000000s ]
INFO: [ app_end ] --START--
INFO: Run Behavior\ShowPageTraceBehavior [ RunTime:0.000000s ]
INFO: [ app_end ] --END-- [ RunTime:0.000000s ]

[ 2017-05-05T09:52:04+08:00 ] ::1 /tushuguanli/login?url=http://localhost/tushuguanli/index/book/addBook
INFO: [ app_init ] --START--
INFO: Run Behavior\BuildLiteBehavior [ RunTime:0.000000s ]
INFO: [ app_init ] --END-- [ RunTime:0.001000s ]
INFO: [ app_begin ] --START--
INFO: Run Behavior\ReadHtmlCacheBehavior [ RunTime:0.000000s ]
INFO: [ app_begin ] --END-- [ RunTime:0.001000s ]
SQL: SHOW COLUMNS FROM `book_admin` [ RunTime:0.0020s ]
SQL: SELECT * FROM `book_admin` WHERE `login` = 'admin' LIMIT 1   [ RunTime:0.0000s ]
SQL: SHOW COLUMNS FROM `book_admin_classified` [ RunTime:0.0020s ]
SQL: SELECT * FROM `book_admin_classified` WHERE `admin` = 1 LIMIT 1   [ RunTime:0.0000s ]
NOTIC: [8] Undefined index: statusLock D:\XAMPP\htdocs\tushuguanli\Application\Login\Controller\IndexController.class.php 第 64 行.
NOTIC: [8] Undefined index: timeThisLogin D:\XAMPP\htdocs\tushuguanli\Application\Login\Controller\IndexController.class.php 第 77 行.
SQL: UPDATE `book_admin` SET `code`=NULL,`timeLastLogin`=NULL,`timeThisLogin`='2017-05-05 09:52:04' WHERE `id` = 1 [ RunTime:0.0620s ]
INFO: [ app_end ] --START--
INFO: Run Behavior\ShowPageTraceBehavior [ RunTime:0.001000s ]
INFO: [ app_end ] --END-- [ RunTime:0.001000s ]

[ 2017-05-05T09:54:03+08:00 ] ::1 /tushuguanli/login?url=http://localhost/tushuguanli/index/book/addBook
INFO: [ app_init ] --START--
INFO: Run Behavior\BuildLiteBehavior [ RunTime:0.000000s ]
INFO: [ app_init ] --END-- [ RunTime:0.000000s ]
INFO: [ app_begin ] --START--
INFO: Run Behavior\ReadHtmlCacheBehavior [ RunTime:0.000000s ]
INFO: [ app_begin ] --END-- [ RunTime:0.000000s ]
INFO: [ view_parse ] --START--
INFO: [ template_filter ] --START--
INFO: Run Behavior\ContentReplaceBehavior [ RunTime:0.000000s ]
INFO: [ template_filter ] --END-- [ RunTime:0.000000s ]
INFO: Run Behavior\ParseTemplateBehavior [ RunTime:0.004001s ]
INFO: [ view_parse ] --END-- [ RunTime:0.004001s ]
INFO: [ view_filter ] --START--
INFO: Run Behavior\WriteHtmlCacheBehavior [ RunTime:0.001000s ]
INFO: [ view_filter ] --END-- [ RunTime:0.001000s ]
INFO: [ app_end ] --START--
INFO: Run Behavior\ShowPageTraceBehavior [ RunTime:0.000000s ]
INFO: [ app_end ] --END-- [ RunTime:0.000000s ]

[ 2017-05-05T09:54:11+08:00 ] ::1 /tushuguanli/login?url=http://localhost/tushuguanli/index/book/addBook
INFO: [ app_init ] --START--
INFO: Run Behavior\BuildLiteBehavior [ RunTime:0.000000s ]
INFO: [ app_init ] --END-- [ RunTime:0.000000s ]
INFO: [ app_begin ] --START--
INFO: Run Behavior\ReadHtmlCacheBehavior [ RunTime:0.000000s ]
INFO: [ app_begin ] --END-- [ RunTime:0.000000s ]
SQL: SHOW COLUMNS FROM `book_admin` [ RunTime:0.0020s ]
SQL: SELECT * FROM `book_admin` WHERE `login` = 'admin' LIMIT 1   [ RunTime:0.0000s ]
SQL: SHOW COLUMNS FROM `book_admin_classified` [ RunTime:0.0020s ]
SQL: SELECT * FROM `book_admin_classified` WHERE `admin` = 1 LIMIT 1   [ RunTime:0.0000s ]
NOTIC: [8] Undefined index: statusLock D:\XAMPP\htdocs\tushuguanli\Application\Login\Controller\IndexController.class.php 第 64 行.
NOTIC: [8] Undefined index: timeThisLogin D:\XAMPP\htdocs\tushuguanli\Application\Login\Controller\IndexController.class.php 第 77 行.
SQL: UPDATE `book_admin` SET `code`=NULL,`timeLastLogin`=NULL,`timeThisLogin`='2017-05-05 09:54:11' WHERE `id` = 1 [ RunTime:0.0470s ]
INFO: [ app_end ] --START--
INFO: Run Behavior\ShowPageTraceBehavior [ RunTime:0.001001s ]
INFO: [ app_end ] --END-- [ RunTime:0.001001s ]

[ 2017-05-05T09:55:11+08:00 ] ::1 /tushuguanli/login?url=http://localhost/tushuguanli/index/book/addBook
INFO: [ app_init ] --START--
INFO: Run Behavior\BuildLiteBehavior [ RunTime:0.000000s ]
INFO: [ app_init ] --END-- [ RunTime:0.000000s ]
INFO: [ app_begin ] --START--
INFO: Run Behavior\ReadHtmlCacheBehavior [ RunTime:0.000000s ]
INFO: [ app_begin ] --END-- [ RunTime:0.000000s ]
INFO: [ view_parse ] --START--
INFO: [ template_filter ] --START--
INFO: Run Behavior\ContentReplaceBehavior [ RunTime:0.000000s ]
INFO: [ template_filter ] --END-- [ RunTime:0.000000s ]
INFO: Run Behavior\ParseTemplateBehavior [ RunTime:0.005000s ]
INFO: [ view_parse ] --END-- [ RunTime:0.005000s ]
INFO: [ view_filter ] --START--
INFO: Run Behavior\WriteHtmlCacheBehavior [ RunTime:0.001000s ]
INFO: [ view_filter ] --END-- [ RunTime:0.001000s ]
INFO: [ app_end ] --START--
INFO: Run Behavior\ShowPageTraceBehavior [ RunTime:0.001000s ]
INFO: [ app_end ] --END-- [ RunTime:0.001000s ]

[ 2017-05-05T10:10:33+08:00 ] ::1 /tushuguanli/login?url=http://localhost/tushuguanli/index/book/addBook
INFO: [ app_init ] --START--
INFO: Run Behavior\BuildLiteBehavior [ RunTime:0.000000s ]
INFO: [ app_init ] --END-- [ RunTime:0.000000s ]
INFO: [ app_begin ] --START--
INFO: Run Behavior\ReadHtmlCacheBehavior [ RunTime:0.000000s ]
INFO: [ app_begin ] --END-- [ RunTime:0.000000s ]
INFO: [ view_parse ] --START--
INFO: [ template_filter ] --START--
INFO: Run Behavior\ContentReplaceBehavior [ RunTime:0.000000s ]
INFO: [ template_filter ] --END-- [ RunTime:0.000000s ]
INFO: Run Behavior\ParseTemplateBehavior [ RunTime:0.004001s ]
INFO: [ view_parse ] --END-- [ RunTime:0.004001s ]
INFO: [ view_filter ] --START--
INFO: Run Behavior\WriteHtmlCacheBehavior [ RunTime:0.000000s ]
INFO: [ view_filter ] --END-- [ RunTime:0.000000s ]
INFO: [ app_end ] --START--
INFO: Run Behavior\ShowPageTraceBehavior [ RunTime:0.000000s ]
INFO: [ app_end ] --END-- [ RunTime:0.000000s ]

[ 2017-05-05T10:10:40+08:00 ] ::1 /tushuguanli/login?url=http://localhost/tushuguanli/index/book/addBook
INFO: [ app_init ] --START--
INFO: Run Behavior\BuildLiteBehavior [ RunTime:0.000000s ]
INFO: [ app_init ] --END-- [ RunTime:0.001000s ]
INFO: [ app_begin ] --START--
INFO: Run Behavior\ReadHtmlCacheBehavior [ RunTime:0.000000s ]
INFO: [ app_begin ] --END-- [ RunTime:0.000000s ]
SQL: SHOW COLUMNS FROM `book_admin` [ RunTime:0.0020s ]
SQL: SELECT * FROM `book_admin` WHERE `login` = 'admin' LIMIT 1   [ RunTime:0.0010s ]
SQL: SHOW COLUMNS FROM `book_admin_classified` [ RunTime:0.0020s ]
SQL: SELECT * FROM `book_admin_classified` WHERE `admin` = 1 LIMIT 1   [ RunTime:0.0000s ]
NOTIC: [8] Undefined index: statusLock D:\XAMPP\htdocs\tushuguanli\Application\Login\Controller\IndexController.class.php 第 64 行.
NOTIC: [8] Undefined index: timeThisLogin D:\XAMPP\htdocs\tushuguanli\Application\Login\Controller\IndexController.class.php 第 77 行.
SQL: UPDATE `book_admin` SET `code`=NULL,`timeLastLogin`=NULL,`timeThisLogin`='2017-05-05 10:10:40' WHERE `id` = 1 [ RunTime:0.0420s ]
INFO: [ app_end ] --START--
INFO: Run Behavior\ShowPageTraceBehavior [ RunTime:0.001000s ]
INFO: [ app_end ] --END-- [ RunTime:0.002000s ]

[ 2017-05-05T10:15:47+08:00 ] ::1 /tushuguanli/login?url=http://localhost/tushuguanli/index/book/addBook
INFO: [ app_init ] --START--
INFO: Run Behavior\BuildLiteBehavior [ RunTime:0.000000s ]
INFO: [ app_init ] --END-- [ RunTime:0.001000s ]
INFO: [ app_begin ] --START--
INFO: Run Behavior\ReadHtmlCacheBehavior [ RunTime:0.001000s ]
INFO: [ app_begin ] --END-- [ RunTime:0.001000s ]
INFO: [ view_parse ] --START--
INFO: [ template_filter ] --START--
INFO: Run Behavior\ContentReplaceBehavior [ RunTime:0.000000s ]
INFO: [ template_filter ] --END-- [ RunTime:0.000000s ]
INFO: Run Behavior\ParseTemplateBehavior [ RunTime:0.004001s ]
INFO: [ view_parse ] --END-- [ RunTime:0.004001s ]
INFO: [ view_filter ] --START--
INFO: Run Behavior\WriteHtmlCacheBehavior [ RunTime:0.000000s ]
INFO: [ view_filter ] --END-- [ RunTime:0.001000s ]
INFO: [ app_end ] --START--
INFO: Run Behavior\ShowPageTraceBehavior [ RunTime:0.000000s ]
INFO: [ app_end ] --END-- [ RunTime:0.000000s ]

[ 2017-05-05T10:15:57+08:00 ] ::1 /tushuguanli/login?url=http://localhost/tushuguanli/index/book/addBook
INFO: [ app_init ] --START--
INFO: Run Behavior\BuildLiteBehavior [ RunTime:0.000000s ]
INFO: [ app_init ] --END-- [ RunTime:0.000000s ]
INFO: [ app_begin ] --START--
INFO: Run Behavior\ReadHtmlCacheBehavior [ RunTime:0.000000s ]
INFO: [ app_begin ] --END-- [ RunTime:0.000000s ]
SQL: SHOW COLUMNS FROM `book_admin` [ RunTime:0.0020s ]
SQL: SELECT * FROM `book_admin` WHERE `login` = 'admin' LIMIT 1   [ RunTime:0.0000s ]
SQL: SHOW COLUMNS FROM `book_admin_classified` [ RunTime:0.0010s ]
SQL: SELECT * FROM `book_admin_classified` WHERE `admin` = 1 LIMIT 1   [ RunTime:0.0000s ]
NOTIC: [8] Undefined index: statusLock D:\XAMPP\htdocs\tushuguanli\Application\Login\Controller\IndexController.class.php 第 64 行.
NOTIC: [8] Undefined index: timeThisLogin D:\XAMPP\htdocs\tushuguanli\Application\Login\Controller\IndexController.class.php 第 77 行.
SQL: UPDATE `book_admin` SET `code`=NULL,`timeLastLogin`=NULL,`timeThisLogin`='2017-05-05 10:15:57' WHERE `id` = 1 [ RunTime:0.0930s ]
INFO: [ app_end ] --START--
INFO: Run Behavior\ShowPageTraceBehavior [ RunTime:0.002000s ]
INFO: [ app_end ] --END-- [ RunTime:0.002000s ]

[ 2017-05-05T11:45:23+08:00 ] ::1 /tushuguanli/login?url=http://localhost/tushuguanli/index/book/addMagazine
INFO: [ app_init ] --START--
INFO: Run Behavior\BuildLiteBehavior [ RunTime:0.000000s ]
INFO: [ app_init ] --END-- [ RunTime:0.001000s ]
INFO: [ app_begin ] --START--
INFO: Run Behavior\ReadHtmlCacheBehavior [ RunTime:0.001000s ]
INFO: [ app_begin ] --END-- [ RunTime:0.001000s ]
INFO: [ view_parse ] --START--
INFO: [ template_filter ] --START--
INFO: Run Behavior\ContentReplaceBehavior [ RunTime:0.000000s ]
INFO: [ template_filter ] --END-- [ RunTime:0.000000s ]
INFO: Run Behavior\ParseTemplateBehavior [ RunTime:0.005000s ]
INFO: [ view_parse ] --END-- [ RunTime:0.005000s ]
INFO: [ view_filter ] --START--
INFO: Run Behavior\WriteHtmlCacheBehavior [ RunTime:0.000000s ]
INFO: [ view_filter ] --END-- [ RunTime:0.000000s ]
INFO: [ app_end ] --START--
INFO: Run Behavior\ShowPageTraceBehavior [ RunTime:0.001000s ]
INFO: [ app_end ] --END-- [ RunTime:0.001000s ]

[ 2017-05-05T11:45:29+08:00 ] ::1 /tushuguanli/login?url=http://localhost/tushuguanli/index/book/addMagazine
INFO: [ app_init ] --START--
INFO: Run Behavior\BuildLiteBehavior [ RunTime:0.000000s ]
INFO: [ app_init ] --END-- [ RunTime:0.001000s ]
INFO: [ app_begin ] --START--
INFO: Run Behavior\ReadHtmlCacheBehavior [ RunTime:0.002000s ]
INFO: [ app_begin ] --END-- [ RunTime:0.002000s ]
SQL: SHOW COLUMNS FROM `book_admin` [ RunTime:0.0020s ]
SQL: SELECT * FROM `book_admin` WHERE `login` = 'admin' LIMIT 1   [ RunTime:0.0000s ]
SQL: SHOW COLUMNS FROM `book_admin_classified` [ RunTime:0.0010s ]
SQL: SELECT * FROM `book_admin_classified` WHERE `admin` = 1 LIMIT 1   [ RunTime:0.0000s ]
NOTIC: [8] Undefined index: statusLock D:\XAMPP\htdocs\tushuguanli\Application\Login\Controller\IndexController.class.php 第 64 行.
NOTIC: [8] Undefined index: timeThisLogin D:\XAMPP\htdocs\tushuguanli\Application\Login\Controller\IndexController.class.php 第 77 行.
SQL: UPDATE `book_admin` SET `code`=NULL,`timeLastLogin`=NULL,`timeThisLogin`='2017-05-05 11:45:29' WHERE `id` = 1 [ RunTime:0.0340s ]
INFO: [ app_end ] --START--
INFO: Run Behavior\ShowPageTraceBehavior [ RunTime:0.001000s ]
INFO: [ app_end ] --END-- [ RunTime:0.001000s ]

[ 2017-05-05T15:29:02+08:00 ] ::1 /tushuguanli/login?url=http://localhost/tushuguanli/index/book/addMagazine
INFO: [ app_init ] --START--
INFO: Run Behavior\BuildLiteBehavior [ RunTime:0.000000s ]
INFO: [ app_init ] --END-- [ RunTime:0.001000s ]
INFO: [ app_begin ] --START--
INFO: Run Behavior\ReadHtmlCacheBehavior [ RunTime:0.001000s ]
INFO: [ app_begin ] --END-- [ RunTime:0.001000s ]
INFO: [ view_parse ] --START--
INFO: [ template_filter ] --START--
INFO: Run Behavior\ContentReplaceBehavior [ RunTime:0.000000s ]
INFO: [ template_filter ] --END-- [ RunTime:0.000000s ]
INFO: Run Behavior\ParseTemplateBehavior [ RunTime:0.004000s ]
INFO: [ view_parse ] --END-- [ RunTime:0.004000s ]
INFO: [ view_filter ] --START--
INFO: Run Behavior\WriteHtmlCacheBehavior [ RunTime:0.001000s ]
INFO: [ view_filter ] --END-- [ RunTime:0.001000s ]
INFO: [ app_end ] --START--
INFO: Run Behavior\ShowPageTraceBehavior [ RunTime:0.000000s ]
INFO: [ app_end ] --END-- [ RunTime:0.000000s ]

[ 2017-05-05T15:29:10+08:00 ] ::1 /tushuguanli/login?url=http://localhost/tushuguanli/index/book/addMagazine
INFO: [ app_init ] --START--
INFO: Run Behavior\BuildLiteBehavior [ RunTime:0.000000s ]
INFO: [ app_init ] --END-- [ RunTime:0.000000s ]
INFO: [ app_begin ] --START--
INFO: Run Behavior\ReadHtmlCacheBehavior [ RunTime:0.001000s ]
INFO: [ app_begin ] --END-- [ RunTime:0.001000s ]
SQL: SHOW COLUMNS FROM `book_admin` [ RunTime:0.0020s ]
SQL: SELECT * FROM `book_admin` WHERE `login` = 'admin' LIMIT 1   [ RunTime:0.0000s ]
SQL: SHOW COLUMNS FROM `book_admin_classified` [ RunTime:0.0010s ]
SQL: SELECT * FROM `book_admin_classified` WHERE `admin` = 1 LIMIT 1   [ RunTime:0.0000s ]
NOTIC: [8] Undefined index: statusLock D:\XAMPP\htdocs\tushuguanli\Application\Login\Controller\IndexController.class.php 第 64 行.
NOTIC: [8] Undefined index: timeThisLogin D:\XAMPP\htdocs\tushuguanli\Application\Login\Controller\IndexController.class.php 第 77 行.
SQL: UPDATE `book_admin` SET `code`=NULL,`timeLastLogin`=NULL,`timeThisLogin`='2017-05-05 15:29:10' WHERE `id` = 1 [ RunTime:0.0500s ]
INFO: [ app_end ] --START--
INFO: Run Behavior\ShowPageTraceBehavior [ RunTime:0.002000s ]
INFO: [ app_end ] --END-- [ RunTime:0.002000s ]

[ 2017-05-05T16:23:09+08:00 ] ::1 /tushuguanli/login?url=http://localhost/tushuguanli/index/book/addBook
INFO: [ app_init ] --START--
INFO: Run Behavior\BuildLiteBehavior [ RunTime:0.000000s ]
INFO: [ app_init ] --END-- [ RunTime:0.001000s ]
INFO: [ app_begin ] --START--
INFO: Run Behavior\ReadHtmlCacheBehavior [ RunTime:0.001000s ]
INFO: [ app_begin ] --END-- [ RunTime:0.001000s ]
INFO: [ view_parse ] --START--
INFO: [ template_filter ] --START--
INFO: Run Behavior\ContentReplaceBehavior [ RunTime:0.000000s ]
INFO: [ template_filter ] --END-- [ RunTime:0.000000s ]
INFO: Run Behavior\ParseTemplateBehavior [ RunTime:0.006000s ]
INFO: [ view_parse ] --END-- [ RunTime:0.006000s ]
INFO: [ view_filter ] --START--
INFO: Run Behavior\WriteHtmlCacheBehavior [ RunTime:0.001001s ]
INFO: [ view_filter ] --END-- [ RunTime:0.001001s ]
INFO: [ app_end ] --START--
INFO: Run Behavior\ShowPageTraceBehavior [ RunTime:0.001000s ]
INFO: [ app_end ] --END-- [ RunTime:0.001000s ]

[ 2017-05-05T16:26:15+08:00 ] ::1 /tushuguanli/login?url=http://localhost/tushuguanli/index/book/addBook
INFO: [ app_init ] --START--
INFO: Run Behavior\BuildLiteBehavior [ RunTime:0.000000s ]
INFO: [ app_init ] --END-- [ RunTime:0.000000s ]
INFO: [ app_begin ] --START--
INFO: Run Behavior\ReadHtmlCacheBehavior [ RunTime:0.000000s ]
INFO: [ app_begin ] --END-- [ RunTime:0.001000s ]
SQL: SHOW COLUMNS FROM `book_admin` [ RunTime:0.0020s ]
SQL: SELECT * FROM `book_admin` WHERE `login` = 'admin' LIMIT 1   [ RunTime:0.0010s ]
SQL: SHOW COLUMNS FROM `book_admin_classified` [ RunTime:0.0010s ]
SQL: SELECT * FROM `book_admin_classified` WHERE `admin` = 1 LIMIT 1   [ RunTime:0.0010s ]
NOTIC: [8] Undefined index: statusLock D:\XAMPP\htdocs\tushuguanli\Application\Login\Controller\IndexController.class.php 第 64 行.
NOTIC: [8] Undefined index: timeThisLogin D:\XAMPP\htdocs\tushuguanli\Application\Login\Controller\IndexController.class.php 第 77 行.
SQL: UPDATE `book_admin` SET `code`=NULL,`timeLastLogin`=NULL,`timeThisLogin`='2017-05-05 16:26:15' WHERE `id` = 1 [ RunTime:0.0780s ]
INFO: [ app_end ] --START--
INFO: Run Behavior\ShowPageTraceBehavior [ RunTime:0.003000s ]
INFO: [ app_end ] --END-- [ RunTime:0.003000s ]

