[ 2017-05-12T09:39:22+08:00 ] ::1 /tushuguanli/login?url=http://localhost/tushuguanli/index/book/detailBook/id/1
INFO: [ app_init ] --START--
INFO: Run Behavior\BuildLiteBehavior [ RunTime:0.000000s ]
INFO: [ app_init ] --END-- [ RunTime:0.000000s ]
INFO: [ app_begin ] --START--
INFO: Run Behavior\ReadHtmlCacheBehavior [ RunTime:0.001000s ]
INFO: [ app_begin ] --END-- [ RunTime:0.001000s ]
INFO: [ view_parse ] --START--
INFO: [ template_filter ] --START--
INFO: Run Behavior\ContentReplaceBehavior [ RunTime:0.000000s ]
INFO: [ template_filter ] --END-- [ RunTime:0.000000s ]
INFO: Run Behavior\ParseTemplateBehavior [ RunTime:0.016001s ]
INFO: [ view_parse ] --END-- [ RunTime:0.016001s ]
INFO: [ view_filter ] --START--
INFO: Run Behavior\WriteHtmlCacheBehavior [ RunTime:0.001000s ]
INFO: [ view_filter ] --END-- [ RunTime:0.001000s ]
INFO: [ app_end ] --START--
INFO: Run Behavior\ShowPageTraceBehavior [ RunTime:0.001000s ]
INFO: [ app_end ] --END-- [ RunTime:0.001000s ]

[ 2017-05-12T09:39:29+08:00 ] ::1 /tushuguanli/login?url=http://localhost/tushuguanli/index/book/detailBook/id/1
INFO: [ app_init ] --START--
INFO: Run Behavior\BuildLiteBehavior [ RunTime:0.000000s ]
INFO: [ app_init ] --END-- [ RunTime:0.001000s ]
INFO: [ app_begin ] --START--
INFO: Run Behavior\ReadHtmlCacheBehavior [ RunTime:0.002000s ]
INFO: [ app_begin ] --END-- [ RunTime:0.002000s ]
SQL: SHOW COLUMNS FROM `book_admin` [ RunTime:0.0020s ]
SQL: SELECT * FROM `book_admin` WHERE `login` = 'admin' LIMIT 1   [ RunTime:0.0000s ]
SQL: SHOW COLUMNS FROM `book_admin_classified` [ RunTime:0.0010s ]
SQL: SELECT * FROM `book_admin_classified` WHERE `admin` = 1 LIMIT 1   [ RunTime:0.0000s ]
NOTIC: [8] Undefined index: statusLock D:\XAMPP\htdocs\tushuguanli\Application\Login\Controller\IndexController.class.php 第 64 行.
NOTIC: [8] Undefined index: timeThisLogin D:\XAMPP\htdocs\tushuguanli\Application\Login\Controller\IndexController.class.php 第 77 行.
SQL: UPDATE `book_admin` SET `code`=NULL,`timeLastLogin`=NULL,`timeThisLogin`='2017-05-12 09:39:29' WHERE `id` = 1 [ RunTime:0.0810s ]
INFO: [ app_end ] --START--
INFO: Run Behavior\ShowPageTraceBehavior [ RunTime:0.004001s ]
INFO: [ app_end ] --END-- [ RunTime:0.004001s ]

[ 2017-05-12T10:21:10+08:00 ] ::1 /tushuguanli/login?url=http://localhost/tushuguanli/index/book/detailBook/id/1
INFO: [ app_init ] --START--
INFO: Run Behavior\BuildLiteBehavior [ RunTime:0.000000s ]
INFO: [ app_init ] --END-- [ RunTime:0.000000s ]
INFO: [ app_begin ] --START--
INFO: Run Behavior\ReadHtmlCacheBehavior [ RunTime:0.001000s ]
INFO: [ app_begin ] --END-- [ RunTime:0.001000s ]
INFO: [ view_parse ] --START--
INFO: [ template_filter ] --START--
INFO: Run Behavior\ContentReplaceBehavior [ RunTime:0.000000s ]
INFO: [ template_filter ] --END-- [ RunTime:0.000000s ]
INFO: Run Behavior\ParseTemplateBehavior [ RunTime:0.004001s ]
INFO: [ view_parse ] --END-- [ RunTime:0.004001s ]
INFO: [ view_filter ] --START--
INFO: Run Behavior\WriteHtmlCacheBehavior [ RunTime:0.000000s ]
INFO: [ view_filter ] --END-- [ RunTime:0.000000s ]
INFO: [ app_end ] --START--
INFO: Run Behavior\ShowPageTraceBehavior [ RunTime:0.001000s ]
INFO: [ app_end ] --END-- [ RunTime:0.001000s ]

[ 2017-05-12T10:21:16+08:00 ] ::1 /tushuguanli/login?url=http://localhost/tushuguanli/index/book/detailBook/id/1
INFO: [ app_init ] --START--
INFO: Run Behavior\BuildLiteBehavior [ RunTime:0.000000s ]
INFO: [ app_init ] --END-- [ RunTime:0.000000s ]
INFO: [ app_begin ] --START--
INFO: Run Behavior\ReadHtmlCacheBehavior [ RunTime:0.001000s ]
INFO: [ app_begin ] --END-- [ RunTime:0.001000s ]
SQL: SHOW COLUMNS FROM `book_admin` [ RunTime:0.0020s ]
SQL: SELECT * FROM `book_admin` WHERE `login` = 'admin' LIMIT 1   [ RunTime:0.0000s ]
SQL: SHOW COLUMNS FROM `book_admin_classified` [ RunTime:0.0010s ]
SQL: SELECT * FROM `book_admin_classified` WHERE `admin` = 1 LIMIT 1   [ RunTime:0.0000s ]
NOTIC: [8] Undefined index: statusLock D:\XAMPP\htdocs\tushuguanli\Application\Login\Controller\IndexController.class.php 第 64 行.
NOTIC: [8] Undefined index: timeThisLogin D:\XAMPP\htdocs\tushuguanli\Application\Login\Controller\IndexController.class.php 第 77 行.
SQL: UPDATE `book_admin` SET `code`=NULL,`timeLastLogin`=NULL,`timeThisLogin`='2017-05-12 10:21:15' WHERE `id` = 1 [ RunTime:0.0530s ]
INFO: [ app_end ] --START--
INFO: Run Behavior\ShowPageTraceBehavior [ RunTime:0.002001s ]
INFO: [ app_end ] --END-- [ RunTime:0.002001s ]

[ 2017-05-12T11:00:04+08:00 ] ::1 /tushuguanli/login?url=http://localhost/tushuguanli/
INFO: [ app_init ] --START--
INFO: Run Behavior\BuildLiteBehavior [ RunTime:0.000000s ]
INFO: [ app_init ] --END-- [ RunTime:0.000000s ]
INFO: [ app_begin ] --START--
INFO: Run Behavior\ReadHtmlCacheBehavior [ RunTime:0.001000s ]
INFO: [ app_begin ] --END-- [ RunTime:0.001000s ]
INFO: [ view_parse ] --START--
INFO: [ template_filter ] --START--
INFO: Run Behavior\ContentReplaceBehavior [ RunTime:0.000000s ]
INFO: [ template_filter ] --END-- [ RunTime:0.000000s ]
INFO: Run Behavior\ParseTemplateBehavior [ RunTime:0.004000s ]
INFO: [ view_parse ] --END-- [ RunTime:0.004000s ]
INFO: [ view_filter ] --START--
INFO: Run Behavior\WriteHtmlCacheBehavior [ RunTime:0.001000s ]
INFO: [ view_filter ] --END-- [ RunTime:0.001000s ]
INFO: [ app_end ] --START--
INFO: Run Behavior\ShowPageTraceBehavior [ RunTime:0.000000s ]
INFO: [ app_end ] --END-- [ RunTime:0.000000s ]

[ 2017-05-12T11:00:10+08:00 ] ::1 /tushuguanli/login?url=http://localhost/tushuguanli/
INFO: [ app_init ] --START--
INFO: Run Behavior\BuildLiteBehavior [ RunTime:0.000000s ]
INFO: [ app_init ] --END-- [ RunTime:0.000000s ]
INFO: [ app_begin ] --START--
INFO: Run Behavior\ReadHtmlCacheBehavior [ RunTime:0.000000s ]
INFO: [ app_begin ] --END-- [ RunTime:0.000000s ]
SQL: SHOW COLUMNS FROM `book_admin` [ RunTime:0.0020s ]
SQL: SELECT * FROM `book_admin` WHERE `login` = 'admin' LIMIT 1   [ RunTime:0.0000s ]
SQL: SHOW COLUMNS FROM `book_admin_classified` [ RunTime:0.0020s ]
SQL: SELECT * FROM `book_admin_classified` WHERE `admin` = 1 LIMIT 1   [ RunTime:0.0000s ]
NOTIC: [8] Undefined index: statusLock D:\XAMPP\htdocs\tushuguanli\Application\Login\Controller\IndexController.class.php 第 64 行.
NOTIC: [8] Undefined index: timeThisLogin D:\XAMPP\htdocs\tushuguanli\Application\Login\Controller\IndexController.class.php 第 77 行.
SQL: UPDATE `book_admin` SET `code`=NULL,`timeLastLogin`=NULL,`timeThisLogin`='2017-05-12 11:00:09' WHERE `id` = 1 [ RunTime:0.0540s ]
INFO: [ app_end ] --START--
INFO: Run Behavior\ShowPageTraceBehavior [ RunTime:0.002000s ]
INFO: [ app_end ] --END-- [ RunTime:0.002000s ]

[ 2017-05-12T15:52:15+08:00 ] ::1 /tushuguanli/login?url=http://localhost/tushuguanli/
INFO: [ app_init ] --START--
INFO: Run Behavior\BuildLiteBehavior [ RunTime:0.000000s ]
INFO: [ app_init ] --END-- [ RunTime:0.000000s ]
INFO: [ app_begin ] --START--
INFO: Run Behavior\ReadHtmlCacheBehavior [ RunTime:0.000000s ]
INFO: [ app_begin ] --END-- [ RunTime:0.000000s ]
INFO: [ view_parse ] --START--
INFO: [ template_filter ] --START--
INFO: Run Behavior\ContentReplaceBehavior [ RunTime:0.000000s ]
INFO: [ template_filter ] --END-- [ RunTime:0.000000s ]
INFO: Run Behavior\ParseTemplateBehavior [ RunTime:0.004000s ]
INFO: [ view_parse ] --END-- [ RunTime:0.004000s ]
INFO: [ view_filter ] --START--
INFO: Run Behavior\WriteHtmlCacheBehavior [ RunTime:0.000000s ]
INFO: [ view_filter ] --END-- [ RunTime:0.000000s ]
INFO: [ app_end ] --START--
INFO: Run Behavior\ShowPageTraceBehavior [ RunTime:0.000000s ]
INFO: [ app_end ] --END-- [ RunTime:0.000000s ]

[ 2017-05-12T15:52:23+08:00 ] ::1 /tushuguanli/login?url=http://localhost/tushuguanli/
INFO: [ app_init ] --START--
INFO: Run Behavior\BuildLiteBehavior [ RunTime:0.000000s ]
INFO: [ app_init ] --END-- [ RunTime:0.000000s ]
INFO: [ app_begin ] --START--
INFO: Run Behavior\ReadHtmlCacheBehavior [ RunTime:0.000000s ]
INFO: [ app_begin ] --END-- [ RunTime:0.000000s ]
SQL: SHOW COLUMNS FROM `book_admin` [ RunTime:0.0020s ]
NOTIC: [8] Undefined index: statusLock D:\XAMPP\htdocs\tushuguanli\Application\Login\Controller\IndexController.class.php 第 64 行.
NOTIC: [8] Undefined variable: null D:\XAMPP\htdocs\tushuguanli\Application\Login\Controller\IndexController.class.php 第 69 行.
SQL: UPDATE `book_admin` SET `code`=NULL,`statusLock`='1' WHERE `id` = 1 [ RunTime:0.0440s ]
INFO: [ view_parse ] --START--
INFO: [ template_filter ] --START--
INFO: Run Behavior\ContentReplaceBehavior [ RunTime:0.000000s ]
INFO: [ template_filter ] --END-- [ RunTime:0.000000s ]
NOTIC: [8] Undefined index: pwd D:\XAMPP\htdocs\tushuguanli\Application\Runtime\Cache\Login\183a47c971f3712f1ada3148a3c40740.php 第 67 行.
INFO: Run Behavior\ParseTemplateBehavior [ RunTime:0.024001s ]
INFO: [ view_parse ] --END-- [ RunTime:0.024001s ]
INFO: [ view_filter ] --START--
INFO: Run Behavior\WriteHtmlCacheBehavior [ RunTime:0.001000s ]
INFO: [ view_filter ] --END-- [ RunTime:0.001000s ]
INFO: [ app_end ] --START--
INFO: Run Behavior\ShowPageTraceBehavior [ RunTime:0.000000s ]
INFO: [ app_end ] --END-- [ RunTime:0.000000s ]

[ 2017-05-12T15:52:32+08:00 ] ::1 /tushuguanli/login?url=http://localhost/tushuguanli/
INFO: [ app_init ] --START--
INFO: Run Behavior\BuildLiteBehavior [ RunTime:0.000000s ]
INFO: [ app_init ] --END-- [ RunTime:0.001000s ]
INFO: [ app_begin ] --START--
INFO: Run Behavior\ReadHtmlCacheBehavior [ RunTime:0.001000s ]
INFO: [ app_begin ] --END-- [ RunTime:0.001000s ]
SQL: SHOW COLUMNS FROM `book_admin` [ RunTime:0.0020s ]
NOTIC: [8] Undefined index: statusLock D:\XAMPP\htdocs\tushuguanli\Application\Login\Controller\IndexController.class.php 第 64 行.
NOTIC: [8] Undefined variable: null D:\XAMPP\htdocs\tushuguanli\Application\Login\Controller\IndexController.class.php 第 69 行.
SQL: UPDATE `book_admin` SET `code`=NULL,`statusLock`='1' WHERE `id` = 1 [ RunTime:0.0730s ]
INFO: [ view_parse ] --START--
INFO: [ template_filter ] --START--
INFO: Run Behavior\ContentReplaceBehavior [ RunTime:0.000000s ]
INFO: [ template_filter ] --END-- [ RunTime:0.000000s ]
NOTIC: [8] Undefined index: pwd D:\XAMPP\htdocs\tushuguanli\Application\Runtime\Cache\Login\183a47c971f3712f1ada3148a3c40740.php 第 67 行.
INFO: Run Behavior\ParseTemplateBehavior [ RunTime:0.004000s ]
INFO: [ view_parse ] --END-- [ RunTime:0.004000s ]
INFO: [ view_filter ] --START--
INFO: Run Behavior\WriteHtmlCacheBehavior [ RunTime:0.000000s ]
INFO: [ view_filter ] --END-- [ RunTime:0.000000s ]
INFO: [ app_end ] --START--
INFO: Run Behavior\ShowPageTraceBehavior [ RunTime:0.001000s ]
INFO: [ app_end ] --END-- [ RunTime:0.001000s ]

[ 2017-05-12T15:52:51+08:00 ] ::1 /tushuguanli/login?url=http://localhost/tushuguanli/
INFO: [ app_init ] --START--
INFO: Run Behavior\BuildLiteBehavior [ RunTime:0.000000s ]
INFO: [ app_init ] --END-- [ RunTime:0.000000s ]
INFO: [ app_begin ] --START--
INFO: Run Behavior\ReadHtmlCacheBehavior [ RunTime:0.000000s ]
INFO: [ app_begin ] --END-- [ RunTime:0.000000s ]
SQL: SHOW COLUMNS FROM `book_admin` [ RunTime:0.0020s ]
NOTIC: [8] Undefined index: statusLock D:\XAMPP\htdocs\tushuguanli\Application\Login\Controller\IndexController.class.php 第 64 行.
NOTIC: [8] Undefined variable: null D:\XAMPP\htdocs\tushuguanli\Application\Login\Controller\IndexController.class.php 第 69 行.
SQL: UPDATE `book_admin` SET `code`=NULL,`statusLock`='1' WHERE `id` = 1 [ RunTime:0.0530s ]
INFO: [ view_parse ] --START--
INFO: [ template_filter ] --START--
INFO: Run Behavior\ContentReplaceBehavior [ RunTime:0.000000s ]
INFO: [ template_filter ] --END-- [ RunTime:0.000000s ]
NOTIC: [8] Undefined index: pwd D:\XAMPP\htdocs\tushuguanli\Application\Runtime\Cache\Login\183a47c971f3712f1ada3148a3c40740.php 第 67 行.
INFO: Run Behavior\ParseTemplateBehavior [ RunTime:0.004000s ]
INFO: [ view_parse ] --END-- [ RunTime:0.004000s ]
INFO: [ view_filter ] --START--
INFO: Run Behavior\WriteHtmlCacheBehavior [ RunTime:0.000000s ]
INFO: [ view_filter ] --END-- [ RunTime:0.000000s ]
INFO: [ app_end ] --START--
INFO: Run Behavior\ShowPageTraceBehavior [ RunTime:0.001000s ]
INFO: [ app_end ] --END-- [ RunTime:0.001000s ]

[ 2017-05-12T15:53:01+08:00 ] ::1 /tushuguanli/login?url=http://localhost/tushuguanli/
INFO: [ app_init ] --START--
INFO: Run Behavior\BuildLiteBehavior [ RunTime:0.000000s ]
INFO: [ app_init ] --END-- [ RunTime:0.000000s ]
INFO: [ app_begin ] --START--
INFO: Run Behavior\ReadHtmlCacheBehavior [ RunTime:0.000000s ]
INFO: [ app_begin ] --END-- [ RunTime:0.001000s ]
SQL: SHOW COLUMNS FROM `book_admin` [ RunTime:0.0030s ]
NOTIC: [8] Undefined index: statusLock D:\XAMPP\htdocs\tushuguanli\Application\Login\Controller\IndexController.class.php 第 64 行.
NOTIC: [8] Undefined variable: null D:\XAMPP\htdocs\tushuguanli\Application\Login\Controller\IndexController.class.php 第 69 行.
SQL: UPDATE `book_admin` SET `code`=NULL,`statusLock`='1' WHERE `id` = 1 [ RunTime:0.0410s ]
INFO: [ view_parse ] --START--
INFO: [ template_filter ] --START--
INFO: Run Behavior\ContentReplaceBehavior [ RunTime:0.000000s ]
INFO: [ template_filter ] --END-- [ RunTime:0.000000s ]
NOTIC: [8] Undefined index: pwd D:\XAMPP\htdocs\tushuguanli\Application\Runtime\Cache\Login\183a47c971f3712f1ada3148a3c40740.php 第 67 行.
INFO: Run Behavior\ParseTemplateBehavior [ RunTime:0.005000s ]
INFO: [ view_parse ] --END-- [ RunTime:0.005000s ]
INFO: [ view_filter ] --START--
INFO: Run Behavior\WriteHtmlCacheBehavior [ RunTime:0.000000s ]
INFO: [ view_filter ] --END-- [ RunTime:0.000000s ]
INFO: [ app_end ] --START--
INFO: Run Behavior\ShowPageTraceBehavior [ RunTime:0.000000s ]
INFO: [ app_end ] --END-- [ RunTime:0.000000s ]

[ 2017-05-12T15:53:04+08:00 ] ::1 /tushuguanli/login?url=http://localhost/tushuguanli/
INFO: [ app_init ] --START--
INFO: Run Behavior\BuildLiteBehavior [ RunTime:0.000000s ]
INFO: [ app_init ] --END-- [ RunTime:0.001000s ]
INFO: [ app_begin ] --START--
INFO: Run Behavior\ReadHtmlCacheBehavior [ RunTime:0.000000s ]
INFO: [ app_begin ] --END-- [ RunTime:0.000000s ]
INFO: [ view_parse ] --START--
INFO: [ template_filter ] --START--
INFO: Run Behavior\ContentReplaceBehavior [ RunTime:0.001000s ]
INFO: [ template_filter ] --END-- [ RunTime:0.001000s ]
INFO: Run Behavior\ParseTemplateBehavior [ RunTime:0.007000s ]
INFO: [ view_parse ] --END-- [ RunTime:0.007000s ]
INFO: [ view_filter ] --START--
INFO: Run Behavior\WriteHtmlCacheBehavior [ RunTime:0.000000s ]
INFO: [ view_filter ] --END-- [ RunTime:0.000000s ]
INFO: [ app_end ] --START--
INFO: Run Behavior\ShowPageTraceBehavior [ RunTime:0.000000s ]
INFO: [ app_end ] --END-- [ RunTime:0.000000s ]

[ 2017-05-12T15:53:30+08:00 ] ::1 /tushuguanli/login?url=http://localhost/tushuguanli/
INFO: [ app_init ] --START--
INFO: Run Behavior\BuildLiteBehavior [ RunTime:0.000000s ]
INFO: [ app_init ] --END-- [ RunTime:0.000000s ]
INFO: [ app_begin ] --START--
INFO: Run Behavior\ReadHtmlCacheBehavior [ RunTime:0.000000s ]
INFO: [ app_begin ] --END-- [ RunTime:0.000000s ]
SQL: SHOW COLUMNS FROM `book_admin` [ RunTime:0.0020s ]
NOTIC: [8] Undefined index: statusLock D:\XAMPP\htdocs\tushuguanli\Application\Login\Controller\IndexController.class.php 第 64 行.
NOTIC: [8] Undefined variable: null D:\XAMPP\htdocs\tushuguanli\Application\Login\Controller\IndexController.class.php 第 69 行.
SQL: UPDATE `book_admin` SET `code`=NULL,`statusLock`='1' WHERE `id` = 1 [ RunTime:0.0640s ]
INFO: [ view_parse ] --START--
INFO: [ template_filter ] --START--
INFO: Run Behavior\ContentReplaceBehavior [ RunTime:0.000000s ]
INFO: [ template_filter ] --END-- [ RunTime:0.000000s ]
NOTIC: [8] Undefined index: pwd D:\XAMPP\htdocs\tushuguanli\Application\Runtime\Cache\Login\183a47c971f3712f1ada3148a3c40740.php 第 67 行.
INFO: Run Behavior\ParseTemplateBehavior [ RunTime:0.004000s ]
INFO: [ view_parse ] --END-- [ RunTime:0.004000s ]
INFO: [ view_filter ] --START--
INFO: Run Behavior\WriteHtmlCacheBehavior [ RunTime:0.001000s ]
INFO: [ view_filter ] --END-- [ RunTime:0.001000s ]
INFO: [ app_end ] --START--
INFO: Run Behavior\ShowPageTraceBehavior [ RunTime:0.000000s ]
INFO: [ app_end ] --END-- [ RunTime:0.000000s ]

[ 2017-05-12T15:56:30+08:00 ] ::1 /tushuguanli/login?url=http://localhost/tushuguanli/
INFO: [ app_init ] --START--
INFO: Run Behavior\BuildLiteBehavior [ RunTime:0.000000s ]
INFO: [ app_init ] --END-- [ RunTime:0.001000s ]
INFO: [ app_begin ] --START--
INFO: Run Behavior\ReadHtmlCacheBehavior [ RunTime:0.000000s ]
INFO: [ app_begin ] --END-- [ RunTime:0.000000s ]
INFO: [ view_parse ] --START--
INFO: [ template_filter ] --START--
INFO: Run Behavior\ContentReplaceBehavior [ RunTime:0.001000s ]
INFO: [ template_filter ] --END-- [ RunTime:0.001000s ]
INFO: Run Behavior\ParseTemplateBehavior [ RunTime:0.004001s ]
INFO: [ view_parse ] --END-- [ RunTime:0.004001s ]
INFO: [ view_filter ] --START--
INFO: Run Behavior\WriteHtmlCacheBehavior [ RunTime:0.001000s ]
INFO: [ view_filter ] --END-- [ RunTime:0.001000s ]
INFO: [ app_end ] --START--
INFO: Run Behavior\ShowPageTraceBehavior [ RunTime:0.000000s ]
INFO: [ app_end ] --END-- [ RunTime:0.000000s ]

[ 2017-05-12T15:56:43+08:00 ] ::1 /tushuguanli/login?url=http://localhost/tushuguanli/
INFO: [ app_init ] --START--
INFO: Run Behavior\BuildLiteBehavior [ RunTime:0.000000s ]
INFO: [ app_init ] --END-- [ RunTime:0.000000s ]
INFO: [ app_begin ] --START--
INFO: Run Behavior\ReadHtmlCacheBehavior [ RunTime:0.000000s ]
INFO: [ app_begin ] --END-- [ RunTime:0.000000s ]
SQL: SHOW COLUMNS FROM `book_admin` [ RunTime:0.0020s ]
NOTIC: [8] Undefined index: statusLock D:\XAMPP\htdocs\tushuguanli\Application\Login\Controller\IndexController.class.php 第 64 行.

[ 2017-05-12T15:58:12+08:00 ] ::1 /tushuguanli/login?url=http://localhost/tushuguanli/
INFO: [ app_init ] --START--
INFO: Run Behavior\BuildLiteBehavior [ RunTime:0.000000s ]
INFO: [ app_init ] --END-- [ RunTime:0.000000s ]
INFO: [ app_begin ] --START--
INFO: Run Behavior\ReadHtmlCacheBehavior [ RunTime:0.000000s ]
INFO: [ app_begin ] --END-- [ RunTime:0.000000s ]
INFO: [ view_parse ] --START--
INFO: [ template_filter ] --START--
INFO: Run Behavior\ContentReplaceBehavior [ RunTime:0.000000s ]
INFO: [ template_filter ] --END-- [ RunTime:0.000000s ]
INFO: Run Behavior\ParseTemplateBehavior [ RunTime:0.005000s ]
INFO: [ view_parse ] --END-- [ RunTime:0.005000s ]
INFO: [ view_filter ] --START--
INFO: Run Behavior\WriteHtmlCacheBehavior [ RunTime:0.001001s ]
INFO: [ view_filter ] --END-- [ RunTime:0.001001s ]
INFO: [ app_end ] --START--
INFO: Run Behavior\ShowPageTraceBehavior [ RunTime:0.000000s ]
INFO: [ app_end ] --END-- [ RunTime:0.000000s ]

[ 2017-05-12T15:58:25+08:00 ] ::1 /tushuguanli/login?url=http://localhost/tushuguanli/
INFO: [ app_init ] --START--
INFO: Run Behavior\BuildLiteBehavior [ RunTime:0.000000s ]
INFO: [ app_init ] --END-- [ RunTime:0.000000s ]
INFO: [ app_begin ] --START--
INFO: Run Behavior\ReadHtmlCacheBehavior [ RunTime:0.001000s ]
INFO: [ app_begin ] --END-- [ RunTime:0.001000s ]
SQL: SHOW COLUMNS FROM `book_admin` [ RunTime:0.0020s ]
NOTIC: [8] Undefined index: statusLock D:\XAMPP\htdocs\tushuguanli\Application\Login\Controller\IndexController.class.php 第 64 行.
NOTIC: [8] Undefined variable: null D:\XAMPP\htdocs\tushuguanli\Application\Login\Controller\IndexController.class.php 第 69 行.
SQL: UPDATE `book_admin` SET `code`=NULL,`statusLock`='1' WHERE `id` = 1 [ RunTime:0.0360s ]
INFO: [ view_parse ] --START--
INFO: [ template_filter ] --START--
INFO: Run Behavior\ContentReplaceBehavior [ RunTime:0.000000s ]
INFO: [ template_filter ] --END-- [ RunTime:0.000000s ]
NOTIC: [8] Undefined index: pwd D:\XAMPP\htdocs\tushuguanli\Application\Runtime\Cache\Login\183a47c971f3712f1ada3148a3c40740.php 第 67 行.
INFO: Run Behavior\ParseTemplateBehavior [ RunTime:0.005001s ]
INFO: [ view_parse ] --END-- [ RunTime:0.005001s ]
INFO: [ view_filter ] --START--
INFO: Run Behavior\WriteHtmlCacheBehavior [ RunTime:0.000000s ]
INFO: [ view_filter ] --END-- [ RunTime:0.000000s ]
INFO: [ app_end ] --START--
INFO: Run Behavior\ShowPageTraceBehavior [ RunTime:0.001000s ]
INFO: [ app_end ] --END-- [ RunTime:0.001000s ]

[ 2017-05-12T15:59:49+08:00 ] ::1 /tushuguanli/login?url=http://localhost/tushuguanli/
INFO: [ app_init ] --START--
INFO: Run Behavior\BuildLiteBehavior [ RunTime:0.000000s ]
INFO: [ app_init ] --END-- [ RunTime:0.001000s ]
INFO: [ app_begin ] --START--
INFO: Run Behavior\ReadHtmlCacheBehavior [ RunTime:0.001000s ]
INFO: [ app_begin ] --END-- [ RunTime:0.001000s ]
SQL: SHOW COLUMNS FROM `book_admin` [ RunTime:0.0020s ]
SQL: SELECT * FROM `book_admin` WHERE `login` = 'admin' LIMIT 1   [ RunTime:0.0000s ]
SQL: SHOW COLUMNS FROM `book_admin_classified` [ RunTime:0.0020s ]
SQL: SELECT * FROM `book_admin_classified` WHERE `admin` = 1 LIMIT 1   [ RunTime:0.0000s ]
NOTIC: [8] Undefined index: statusLock D:\XAMPP\htdocs\tushuguanli\Application\Login\Controller\IndexController.class.php 第 64 行.
NOTIC: [8] Undefined index: timeThisLogin D:\XAMPP\htdocs\tushuguanli\Application\Login\Controller\IndexController.class.php 第 77 行.
SQL: UPDATE `book_admin` SET `code`=NULL,`timeLastLogin`=NULL,`timeThisLogin`='2017-05-12 15:59:49' WHERE `id` = 1 [ RunTime:0.0470s ]
INFO: [ app_end ] --START--
INFO: Run Behavior\ShowPageTraceBehavior [ RunTime:0.002000s ]
INFO: [ app_end ] --END-- [ RunTime:0.002000s ]

