[ 2017-05-08T10:09:33+08:00 ] ::1 /tushuguanli/login?url=http://localhost/tushuguanli/index/book/addMagazinePeriod
INFO: [ app_init ] --START--
INFO: Run Behavior\BuildLiteBehavior [ RunTime:0.000000s ]
INFO: [ app_init ] --END-- [ RunTime:0.000000s ]
INFO: [ app_begin ] --START--
INFO: Run Behavior\ReadHtmlCacheBehavior [ RunTime:0.000000s ]
INFO: [ app_begin ] --END-- [ RunTime:0.001000s ]
INFO: [ view_parse ] --START--
INFO: [ template_filter ] --START--
INFO: Run Behavior\ContentReplaceBehavior [ RunTime:0.000000s ]
INFO: [ template_filter ] --END-- [ RunTime:0.000000s ]
INFO: Run Behavior\ParseTemplateBehavior [ RunTime:0.016001s ]
INFO: [ view_parse ] --END-- [ RunTime:0.016001s ]
INFO: [ view_filter ] --START--
INFO: Run Behavior\WriteHtmlCacheBehavior [ RunTime:0.000000s ]
INFO: [ view_filter ] --END-- [ RunTime:0.000000s ]
INFO: [ app_end ] --START--
INFO: Run Behavior\ShowPageTraceBehavior [ RunTime:0.000000s ]
INFO: [ app_end ] --END-- [ RunTime:0.001000s ]

[ 2017-05-08T10:09:39+08:00 ] ::1 /tushuguanli/login?url=http://localhost/tushuguanli/index/book/addMagazinePeriod
INFO: [ app_init ] --START--
INFO: Run Behavior\BuildLiteBehavior [ RunTime:0.000000s ]
INFO: [ app_init ] --END-- [ RunTime:0.001000s ]
INFO: [ app_begin ] --START--
INFO: Run Behavior\ReadHtmlCacheBehavior [ RunTime:0.001000s ]
INFO: [ app_begin ] --END-- [ RunTime:0.001000s ]
SQL: SHOW COLUMNS FROM `book_admin` [ RunTime:0.0020s ]
SQL: SELECT * FROM `book_admin` WHERE `login` = 'admin' LIMIT 1   [ RunTime:0.0000s ]
SQL: SHOW COLUMNS FROM `book_admin_classified` [ RunTime:0.0020s ]
SQL: SELECT * FROM `book_admin_classified` WHERE `admin` = 1 LIMIT 1   [ RunTime:0.0000s ]
NOTIC: [8] Undefined index: statusLock D:\XAMPP\htdocs\tushuguanli\Application\Login\Controller\IndexController.class.php 第 64 行.
NOTIC: [8] Undefined index: timeThisLogin D:\XAMPP\htdocs\tushuguanli\Application\Login\Controller\IndexController.class.php 第 77 行.
SQL: UPDATE `book_admin` SET `code`=NULL,`timeLastLogin`=NULL,`timeThisLogin`='2017-05-08 10:09:39' WHERE `id` = 1 [ RunTime:0.0380s ]
INFO: [ app_end ] --START--
INFO: Run Behavior\ShowPageTraceBehavior [ RunTime:0.002000s ]
INFO: [ app_end ] --END-- [ RunTime:0.002000s ]

[ 2017-05-08T10:49:38+08:00 ] ::1 /tushuguanli/login?url=http://localhost/tushuguanli/index/book/addMagazinePeriod
INFO: [ app_init ] --START--
INFO: Run Behavior\BuildLiteBehavior [ RunTime:0.000000s ]
INFO: [ app_init ] --END-- [ RunTime:0.001000s ]
INFO: [ app_begin ] --START--
INFO: Run Behavior\ReadHtmlCacheBehavior [ RunTime:0.001000s ]
INFO: [ app_begin ] --END-- [ RunTime:0.001000s ]
INFO: [ view_parse ] --START--
INFO: [ template_filter ] --START--
INFO: Run Behavior\ContentReplaceBehavior [ RunTime:0.000000s ]
INFO: [ template_filter ] --END-- [ RunTime:0.000000s ]
INFO: Run Behavior\ParseTemplateBehavior [ RunTime:0.006001s ]
INFO: [ view_parse ] --END-- [ RunTime:0.006001s ]
INFO: [ view_filter ] --START--
INFO: Run Behavior\WriteHtmlCacheBehavior [ RunTime:0.000000s ]
INFO: [ view_filter ] --END-- [ RunTime:0.000000s ]
INFO: [ app_end ] --START--
INFO: Run Behavior\ShowPageTraceBehavior [ RunTime:0.001000s ]
INFO: [ app_end ] --END-- [ RunTime:0.001000s ]

[ 2017-05-08T11:24:49+08:00 ] ::1 /tushuguanli/login?url=http://localhost/tushuguanli/index/book/addMagazinePeriod
INFO: [ app_init ] --START--
INFO: Run Behavior\BuildLiteBehavior [ RunTime:0.000000s ]
INFO: [ app_init ] --END-- [ RunTime:0.000000s ]
INFO: [ app_begin ] --START--
INFO: Run Behavior\ReadHtmlCacheBehavior [ RunTime:0.001000s ]
INFO: [ app_begin ] --END-- [ RunTime:0.001000s ]
SQL: SHOW COLUMNS FROM `book_admin` [ RunTime:0.0020s ]
SQL: SELECT * FROM `book_admin` WHERE `login` = 'admin' LIMIT 1   [ RunTime:0.0000s ]
SQL: SHOW COLUMNS FROM `book_admin_classified` [ RunTime:0.0020s ]
SQL: SELECT * FROM `book_admin_classified` WHERE `admin` = 1 LIMIT 1   [ RunTime:0.0000s ]
NOTIC: [8] Undefined index: statusLock D:\XAMPP\htdocs\tushuguanli\Application\Login\Controller\IndexController.class.php 第 64 行.
NOTIC: [8] Undefined index: timeThisLogin D:\XAMPP\htdocs\tushuguanli\Application\Login\Controller\IndexController.class.php 第 77 行.
SQL: UPDATE `book_admin` SET `code`=NULL,`timeLastLogin`=NULL,`timeThisLogin`='2017-05-08 11:24:49' WHERE `id` = 1 [ RunTime:0.0820s ]
INFO: [ app_end ] --START--
INFO: Run Behavior\ShowPageTraceBehavior [ RunTime:0.003000s ]
INFO: [ app_end ] --END-- [ RunTime:0.003000s ]

[ 2017-05-08T14:22:07+08:00 ] ::1 /tushuguanli/login?url=http://localhost/tushuguanli/index/book/addMagazinePeriod
INFO: [ app_init ] --START--
INFO: Run Behavior\BuildLiteBehavior [ RunTime:0.000000s ]
INFO: [ app_init ] --END-- [ RunTime:0.000000s ]
INFO: [ app_begin ] --START--
INFO: Run Behavior\ReadHtmlCacheBehavior [ RunTime:0.000000s ]
INFO: [ app_begin ] --END-- [ RunTime:0.000000s ]
INFO: [ view_parse ] --START--
INFO: [ template_filter ] --START--
INFO: Run Behavior\ContentReplaceBehavior [ RunTime:0.000000s ]
INFO: [ template_filter ] --END-- [ RunTime:0.000000s ]
INFO: Run Behavior\ParseTemplateBehavior [ RunTime:0.005000s ]
INFO: [ view_parse ] --END-- [ RunTime:0.005000s ]
INFO: [ view_filter ] --START--
INFO: Run Behavior\WriteHtmlCacheBehavior [ RunTime:0.000000s ]
INFO: [ view_filter ] --END-- [ RunTime:0.000000s ]
INFO: [ app_end ] --START--
INFO: Run Behavior\ShowPageTraceBehavior [ RunTime:0.000000s ]
INFO: [ app_end ] --END-- [ RunTime:0.001000s ]

[ 2017-05-08T14:22:15+08:00 ] ::1 /tushuguanli/login?url=http://localhost/tushuguanli/index/book/addMagazinePeriod
INFO: [ app_init ] --START--
INFO: Run Behavior\BuildLiteBehavior [ RunTime:0.000000s ]
INFO: [ app_init ] --END-- [ RunTime:0.000000s ]
INFO: [ app_begin ] --START--
INFO: Run Behavior\ReadHtmlCacheBehavior [ RunTime:0.001000s ]
INFO: [ app_begin ] --END-- [ RunTime:0.001000s ]
SQL: SHOW COLUMNS FROM `book_admin` [ RunTime:0.0020s ]
SQL: SELECT * FROM `book_admin` WHERE `login` = 'admin' LIMIT 1   [ RunTime:0.0010s ]
SQL: SHOW COLUMNS FROM `book_admin_classified` [ RunTime:0.0020s ]
SQL: SELECT * FROM `book_admin_classified` WHERE `admin` = 1 LIMIT 1   [ RunTime:0.0000s ]
NOTIC: [8] Undefined index: statusLock D:\XAMPP\htdocs\tushuguanli\Application\Login\Controller\IndexController.class.php 第 64 行.
NOTIC: [8] Undefined index: timeThisLogin D:\XAMPP\htdocs\tushuguanli\Application\Login\Controller\IndexController.class.php 第 77 行.
SQL: UPDATE `book_admin` SET `code`=NULL,`timeLastLogin`=NULL,`timeThisLogin`='2017-05-08 14:22:15' WHERE `id` = 1 [ RunTime:0.0420s ]
INFO: [ app_end ] --START--
INFO: Run Behavior\ShowPageTraceBehavior [ RunTime:0.003001s ]
INFO: [ app_end ] --END-- [ RunTime:0.003001s ]

[ 2017-05-08T15:15:07+08:00 ] ::1 /tushuguanli/login?url=http://localhost/tushuguanli/index/book/addMagazinePeriod
INFO: [ app_init ] --START--
INFO: Run Behavior\BuildLiteBehavior [ RunTime:0.001000s ]
INFO: [ app_init ] --END-- [ RunTime:0.001000s ]
INFO: [ app_begin ] --START--
INFO: Run Behavior\ReadHtmlCacheBehavior [ RunTime:0.001000s ]
INFO: [ app_begin ] --END-- [ RunTime:0.001000s ]
INFO: [ view_parse ] --START--
INFO: [ template_filter ] --START--
INFO: Run Behavior\ContentReplaceBehavior [ RunTime:0.000000s ]
INFO: [ template_filter ] --END-- [ RunTime:0.000000s ]
INFO: Run Behavior\ParseTemplateBehavior [ RunTime:0.006000s ]
INFO: [ view_parse ] --END-- [ RunTime:0.006000s ]
INFO: [ view_filter ] --START--
INFO: Run Behavior\WriteHtmlCacheBehavior [ RunTime:0.000000s ]
INFO: [ view_filter ] --END-- [ RunTime:0.000000s ]
INFO: [ app_end ] --START--
INFO: Run Behavior\ShowPageTraceBehavior [ RunTime:0.001000s ]
INFO: [ app_end ] --END-- [ RunTime:0.001000s ]

[ 2017-05-08T15:15:17+08:00 ] ::1 /tushuguanli/login?url=http://localhost/tushuguanli/index/book/addMagazinePeriod
INFO: [ app_init ] --START--
INFO: Run Behavior\BuildLiteBehavior [ RunTime:0.000000s ]
INFO: [ app_init ] --END-- [ RunTime:0.000000s ]
INFO: [ app_begin ] --START--
INFO: Run Behavior\ReadHtmlCacheBehavior [ RunTime:0.001000s ]
INFO: [ app_begin ] --END-- [ RunTime:0.001000s ]
SQL: SHOW COLUMNS FROM `book_admin` [ RunTime:0.0020s ]
SQL: SELECT * FROM `book_admin` WHERE `login` = 'admin' LIMIT 1   [ RunTime:0.0000s ]
SQL: SHOW COLUMNS FROM `book_admin_classified` [ RunTime:0.0010s ]
SQL: SELECT * FROM `book_admin_classified` WHERE `admin` = 1 LIMIT 1   [ RunTime:0.0000s ]
NOTIC: [8] Undefined index: statusLock D:\XAMPP\htdocs\tushuguanli\Application\Login\Controller\IndexController.class.php 第 64 行.
NOTIC: [8] Undefined index: timeThisLogin D:\XAMPP\htdocs\tushuguanli\Application\Login\Controller\IndexController.class.php 第 77 行.
SQL: UPDATE `book_admin` SET `code`=NULL,`timeLastLogin`=NULL,`timeThisLogin`='2017-05-08 15:15:16' WHERE `id` = 1 [ RunTime:0.0560s ]
INFO: [ app_end ] --START--
INFO: Run Behavior\ShowPageTraceBehavior [ RunTime:0.002000s ]
INFO: [ app_end ] --END-- [ RunTime:0.003000s ]

